[2.116s] Invoking command in '/home/reefranger/Desktop/ReefRanger/robot/robot/src/imagepub': PYTHONPATH=/home/reefranger/Desktop/ReefRanger/robot/robot/build/imagepub/prefix_override:/usr/lib/python3/dist-packages/colcon_core/task/python/colcon_distutils_commands:/home/reefranger/Desktop/ReefRanger/robot/robot/install/imagepub/lib/python3.10/site-packages:${PYTHONPATH} /usr/bin/python3 -W ignore:setup.py install is deprecated setup.py egg_info --egg-base ../../build/imagepub build --build-base /home/reefranger/Desktop/ReefRanger/robot/robot/build/imagepub/build install --record /home/reefranger/Desktop/ReefRanger/robot/robot/build/imagepub/install.log --single-version-externally-managed install_data
[2.483s] running egg_info
[2.513s] writing ../../build/imagepub/imagepub.egg-info/PKG-INFO
[2.515s] writing dependency_links to ../../build/imagepub/imagepub.egg-info/dependency_links.txt
[2.515s] writing entry points to ../../build/imagepub/imagepub.egg-info/entry_points.txt
[2.516s] writing requirements to ../../build/imagepub/imagepub.egg-info/requires.txt
[2.516s] writing top-level names to ../../build/imagepub/imagepub.egg-info/top_level.txt
[2.578s] reading manifest file '../../build/imagepub/imagepub.egg-info/SOURCES.txt'
[2.578s] adding license file 'LICENSE'
[2.579s] writing manifest file '../../build/imagepub/imagepub.egg-info/SOURCES.txt'
[2.580s] running build
[2.580s] running build_py
[2.580s] copying imagepub/imagepub.py -> /home/reefranger/Desktop/ReefRanger/robot/robot/build/imagepub/build/lib/imagepub
[2.580s] copying imagepub/imagepub_old.py -> /home/reefranger/Desktop/ReefRanger/robot/robot/build/imagepub/build/lib/imagepub
[2.581s] copying imagepub/__init__.py -> /home/reefranger/Desktop/ReefRanger/robot/robot/build/imagepub/build/lib/imagepub
[2.581s] running install
[2.587s] running install_lib
[2.624s] running install_data
[2.624s] copying resource/imagepub -> /home/reefranger/Desktop/ReefRanger/robot/robot/install/imagepub/share/ament_index/resource_index/packages
[2.624s] copying package.xml -> /home/reefranger/Desktop/ReefRanger/robot/robot/install/imagepub/share/imagepub
[2.625s] running install_egg_info
[2.653s] removing '/home/reefranger/Desktop/ReefRanger/robot/robot/install/imagepub/lib/python3.10/site-packages/imagepub-0.0.0-py3.10.egg-info' (and everything under it)
[2.653s] Copying ../../build/imagepub/imagepub.egg-info to /home/reefranger/Desktop/ReefRanger/robot/robot/install/imagepub/lib/python3.10/site-packages/imagepub-0.0.0-py3.10.egg-info
[2.653s] running install_scripts
[2.891s] Installing imagepub script to /home/reefranger/Desktop/ReefRanger/robot/robot/install/imagepub/lib/imagepub
[2.891s] writing list of installed files to '/home/reefranger/Desktop/ReefRanger/robot/robot/build/imagepub/install.log'
[2.983s] Invoked command in '/home/reefranger/Desktop/ReefRanger/robot/robot/src/imagepub' returned '0': PYTHONPATH=/home/reefranger/Desktop/ReefRanger/robot/robot/build/imagepub/prefix_override:/usr/lib/python3/dist-packages/colcon_core/task/python/colcon_distutils_commands:/home/reefranger/Desktop/ReefRanger/robot/robot/install/imagepub/lib/python3.10/site-packages:${PYTHONPATH} /usr/bin/python3 -W ignore:setup.py install is deprecated setup.py egg_info --egg-base ../../build/imagepub build --build-base /home/reefranger/Desktop/ReefRanger/robot/robot/build/imagepub/build install --record /home/reefranger/Desktop/ReefRanger/robot/robot/build/imagepub/install.log --single-version-externally-managed install_data
