[2.177s] Invoking command in '/home/reefranger/Desktop/ReefRanger/robot/robot/src/imu_publisher': PYTHONPATH=/home/reefranger/Desktop/ReefRanger/robot/robot/build/imu_publisher/prefix_override:/usr/lib/python3/dist-packages/colcon_core/task/python/colcon_distutils_commands:/home/reefranger/Desktop/ReefRanger/robot/robot/install/imu_publisher/lib/python3.10/site-packages:${PYTHONPATH} /usr/bin/python3 -W ignore:setup.py install is deprecated setup.py egg_info --egg-base ../../build/imu_publisher build --build-base /home/reefranger/Desktop/ReefRanger/robot/robot/build/imu_publisher/build install --record /home/reefranger/Desktop/ReefRanger/robot/robot/build/imu_publisher/install.log --single-version-externally-managed install_data
[2.478s] running egg_info
[2.501s] writing ../../build/imu_publisher/imu_publisher.egg-info/PKG-INFO
[2.502s] writing dependency_links to ../../build/imu_publisher/imu_publisher.egg-info/dependency_links.txt
[2.504s] writing entry points to ../../build/imu_publisher/imu_publisher.egg-info/entry_points.txt
[2.505s] writing requirements to ../../build/imu_publisher/imu_publisher.egg-info/requires.txt
[2.505s] writing top-level names to ../../build/imu_publisher/imu_publisher.egg-info/top_level.txt
[2.573s] reading manifest file '../../build/imu_publisher/imu_publisher.egg-info/SOURCES.txt'
[2.573s] writing manifest file '../../build/imu_publisher/imu_publisher.egg-info/SOURCES.txt'
[2.574s] running build
[2.574s] running build_py
[2.574s] copying imu_publisher/imu_publisher.py -> /home/reefranger/Desktop/ReefRanger/robot/robot/build/imu_publisher/build/lib/imu_publisher
[2.574s] copying imu_publisher/__init__.py -> /home/reefranger/Desktop/ReefRanger/robot/robot/build/imu_publisher/build/lib/imu_publisher
[2.574s] running install
[2.583s] running install_lib
[2.612s] running install_data
[2.614s] copying resource/imu_publisher -> /home/reefranger/Desktop/ReefRanger/robot/robot/install/imu_publisher/share/ament_index/resource_index/packages
[2.615s] copying package.xml -> /home/reefranger/Desktop/ReefRanger/robot/robot/install/imu_publisher/share/imu_publisher
[2.615s] running install_egg_info
[2.644s] removing '/home/reefranger/Desktop/ReefRanger/robot/robot/install/imu_publisher/lib/python3.10/site-packages/imu_publisher-0.0.0-py3.10.egg-info' (and everything under it)
[2.645s] Copying ../../build/imu_publisher/imu_publisher.egg-info to /home/reefranger/Desktop/ReefRanger/robot/robot/install/imu_publisher/lib/python3.10/site-packages/imu_publisher-0.0.0-py3.10.egg-info
[2.646s] running install_scripts
[2.886s] Installing imu_publisher script to /home/reefranger/Desktop/ReefRanger/robot/robot/install/imu_publisher/lib/imu_publisher
[2.887s] writing list of installed files to '/home/reefranger/Desktop/ReefRanger/robot/robot/build/imu_publisher/install.log'
[2.981s] Invoked command in '/home/reefranger/Desktop/ReefRanger/robot/robot/src/imu_publisher' returned '0': PYTHONPATH=/home/reefranger/Desktop/ReefRanger/robot/robot/build/imu_publisher/prefix_override:/usr/lib/python3/dist-packages/colcon_core/task/python/colcon_distutils_commands:/home/reefranger/Desktop/ReefRanger/robot/robot/install/imu_publisher/lib/python3.10/site-packages:${PYTHONPATH} /usr/bin/python3 -W ignore:setup.py install is deprecated setup.py egg_info --egg-base ../../build/imu_publisher build --build-base /home/reefranger/Desktop/ReefRanger/robot/robot/build/imu_publisher/build install --record /home/reefranger/Desktop/ReefRanger/robot/robot/build/imu_publisher/install.log --single-version-externally-managed install_data
