[0.485s] Invoking command in '/home/reefranger/Desktop/ReefRanger/robot/robot/build/gototable_interface': CMAKE_PREFIX_PATH=/opt/ros/humble /usr/bin/cmake --build /home/reefranger/Desktop/ReefRanger/robot/robot/build/gototable_interface -- -j12 -l12
[1.281s] [35m[1mConsolidate compiler generated dependencies of target gototable_interface__rosidl_generator_c[0m
[1.281s] [  3%] Built target gototable_interface__cpp
[1.281s] [ 12%] Built target gototable_interface__rosidl_generator_c
[1.281s] [35m[1mConsolidate compiler generated dependencies of target gototable_interface__rosidl_typesupport_cpp[0m
[1.281s] [35m[1mConsolidate compiler generated dependencies of target gototable_interface__rosidl_typesupport_fastrtps_cpp[0m
[1.281s] [35m[1mConsolidate compiler generated dependencies of target gototable_interface__rosidl_typesupport_introspection_cpp[0m
[1.282s] [35m[1mConsolidate compiler generated dependencies of target gototable_interface__rosidl_typesupport_introspection_c[0m
[1.282s] [35m[1mConsolidate compiler generated dependencies of target gototable_interface__rosidl_typesupport_c[0m
[1.282s] [ 12%] Built target ament_cmake_python_copy_gototable_interface
[1.282s] [35m[1mConsolidate compiler generated dependencies of target gototable_interface__rosidl_typesupport_fastrtps_c[0m
[1.282s] [ 41%] Built target gototable_interface__rosidl_typesupport_introspection_c
[1.282s] [ 41%] Built target gototable_interface__rosidl_typesupport_c
[1.282s] [ 41%] Built target gototable_interface__rosidl_typesupport_fastrtps_cpp
[1.282s] [ 51%] Built target gototable_interface__rosidl_typesupport_introspection_cpp
[1.282s] [ 61%] Built target gototable_interface__rosidl_typesupport_cpp
[1.282s] [ 70%] Built target gototable_interface__rosidl_typesupport_fastrtps_c
[1.282s] [ 70%] Built target gototable_interface
[1.282s] [ 74%] Built target gototable_interface__py
[1.282s] [35m[1mConsolidate compiler generated dependencies of target gototable_interface__rosidl_generator_py[0m
[1.282s] [ 80%] Built target gototable_interface__rosidl_generator_py
[1.282s] [35m[1mConsolidate compiler generated dependencies of target gototable_interface__rosidl_typesupport_introspection_c__pyext[0m
[1.282s] [35m[1mConsolidate compiler generated dependencies of target gototable_interface__rosidl_typesupport_fastrtps_c__pyext[0m
[1.282s] [35m[1mConsolidate compiler generated dependencies of target gototable_interface__rosidl_typesupport_c__pyext[0m
[1.282s] [ 87%] Built target gototable_interface__rosidl_typesupport_introspection_c__pyext
[1.282s] [ 93%] Built target gototable_interface__rosidl_typesupport_fastrtps_c__pyext
[1.282s] [100%] Built target gototable_interface__rosidl_typesupport_c__pyext
[1.282s] running egg_info
[1.282s] writing gototable_interface.egg-info/PKG-INFO
[1.283s] writing dependency_links to gototable_interface.egg-info/dependency_links.txt
[1.283s] writing top-level names to gototable_interface.egg-info/top_level.txt
[1.283s] reading manifest file 'gototable_interface.egg-info/SOURCES.txt'
[1.283s] writing manifest file 'gototable_interface.egg-info/SOURCES.txt'
[1.283s] [100%] Built target ament_cmake_python_build_gototable_interface_egg
[1.431s] Invoked command in '/home/reefranger/Desktop/ReefRanger/robot/robot/build/gototable_interface' returned '0': CMAKE_PREFIX_PATH=/opt/ros/humble /usr/bin/cmake --build /home/reefranger/Desktop/ReefRanger/robot/robot/build/gototable_interface -- -j12 -l12
[1.543s] Invoking command in '/home/reefranger/Desktop/ReefRanger/robot/robot/build/gototable_interface': CMAKE_PREFIX_PATH=/opt/ros/humble /usr/bin/cmake --install /home/reefranger/Desktop/ReefRanger/robot/robot/build/gototable_interface
[1.554s] -- Install configuration: ""
[1.554s] -- Up-to-date: /home/reefranger/Desktop/ReefRanger/robot/robot/install/gototable_interface/share/ament_index/resource_index/rosidl_interfaces/gototable_interface
[1.555s] -- Up-to-date: /home/reefranger/Desktop/ReefRanger/robot/robot/install/gototable_interface/include/gototable_interface/gototable_interface
[1.555s] -- Up-to-date: /home/reefranger/Desktop/ReefRanger/robot/robot/install/gototable_interface/include/gototable_interface/gototable_interface/msg
[1.555s] -- Up-to-date: /home/reefranger/Desktop/ReefRanger/robot/robot/install/gototable_interface/include/gototable_interface/gototable_interface/msg/rosidl_generator_c__visibility_control.h
[1.555s] -- Up-to-date: /home/reefranger/Desktop/ReefRanger/robot/robot/install/gototable_interface/include/gototable_interface/gototable_interface/action
[1.555s] -- Up-to-date: /home/reefranger/Desktop/ReefRanger/robot/robot/install/gototable_interface/include/gototable_interface/gototable_interface/action/detail
[1.555s] -- Up-to-date: /home/reefranger/Desktop/ReefRanger/robot/robot/install/gototable_interface/include/gototable_interface/gototable_interface/action/detail/go_table__type_support.h
[1.555s] -- Up-to-date: /home/reefranger/Desktop/ReefRanger/robot/robot/install/gototable_interface/include/gototable_interface/gototable_interface/action/detail/go_table__functions.h
[1.555s] -- Up-to-date: /home/reefranger/Desktop/ReefRanger/robot/robot/install/gototable_interface/include/gototable_interface/gototable_interface/action/detail/go_table__functions.c
[1.555s] -- Up-to-date: /home/reefranger/Desktop/ReefRanger/robot/robot/install/gototable_interface/include/gototable_interface/gototable_interface/action/detail/go_table__struct.h
[1.556s] -- Up-to-date: /home/reefranger/Desktop/ReefRanger/robot/robot/install/gototable_interface/include/gototable_interface/gototable_interface/action/go_table.h
[1.557s] -- Up-to-date: /home/reefranger/Desktop/ReefRanger/robot/robot/install/gototable_interface/share/gototable_interface/environment/library_path.sh
[1.557s] -- Up-to-date: /home/reefranger/Desktop/ReefRanger/robot/robot/install/gototable_interface/share/gototable_interface/environment/library_path.dsv
[1.557s] -- Up-to-date: /home/reefranger/Desktop/ReefRanger/robot/robot/install/gototable_interface/lib/libgototable_interface__rosidl_generator_c.so
[1.558s] -- Up-to-date: /home/reefranger/Desktop/ReefRanger/robot/robot/install/gototable_interface/include/gototable_interface/gototable_interface
[1.558s] -- Up-to-date: /home/reefranger/Desktop/ReefRanger/robot/robot/install/gototable_interface/include/gototable_interface/gototable_interface/msg
[1.559s] -- Up-to-date: /home/reefranger/Desktop/ReefRanger/robot/robot/install/gototable_interface/include/gototable_interface/gototable_interface/msg/rosidl_typesupport_fastrtps_c__visibility_control.h
[1.559s] -- Up-to-date: /home/reefranger/Desktop/ReefRanger/robot/robot/install/gototable_interface/include/gototable_interface/gototable_interface/action
[1.559s] -- Up-to-date: /home/reefranger/Desktop/ReefRanger/robot/robot/install/gototable_interface/include/gototable_interface/gototable_interface/action/detail
[1.559s] -- Up-to-date: /home/reefranger/Desktop/ReefRanger/robot/robot/install/gototable_interface/include/gototable_interface/gototable_interface/action/detail/go_table__rosidl_typesupport_fastrtps_c.h
[1.560s] -- Up-to-date: /home/reefranger/Desktop/ReefRanger/robot/robot/install/gototable_interface/lib/libgototable_interface__rosidl_typesupport_fastrtps_c.so
[1.560s] -- Up-to-date: /home/reefranger/Desktop/ReefRanger/robot/robot/install/gototable_interface/include/gototable_interface/gototable_interface
[1.560s] -- Up-to-date: /home/reefranger/Desktop/ReefRanger/robot/robot/install/gototable_interface/include/gototable_interface/gototable_interface/msg
[1.560s] -- Up-to-date: /home/reefranger/Desktop/ReefRanger/robot/robot/install/gototable_interface/include/gototable_interface/gototable_interface/msg/rosidl_typesupport_introspection_c__visibility_control.h
[1.562s] -- Up-to-date: /home/reefranger/Desktop/ReefRanger/robot/robot/install/gototable_interface/include/gototable_interface/gototable_interface/action
[1.562s] -- Up-to-date: /home/reefranger/Desktop/ReefRanger/robot/robot/install/gototable_interface/include/gototable_interface/gototable_interface/action/detail
[1.563s] -- Up-to-date: /home/reefranger/Desktop/ReefRanger/robot/robot/install/gototable_interface/include/gototable_interface/gototable_interface/action/detail/go_table__type_support.c
[1.563s] -- Up-to-date: /home/reefranger/Desktop/ReefRanger/robot/robot/install/gototable_interface/include/gototable_interface/gototable_interface/action/detail/go_table__rosidl_typesupport_introspection_c.h
[1.563s] -- Up-to-date: /home/reefranger/Desktop/ReefRanger/robot/robot/install/gototable_interface/lib/libgototable_interface__rosidl_typesupport_introspection_c.so
[1.563s] -- Up-to-date: /home/reefranger/Desktop/ReefRanger/robot/robot/install/gototable_interface/lib/libgototable_interface__rosidl_typesupport_c.so
[1.564s] -- Up-to-date: /home/reefranger/Desktop/ReefRanger/robot/robot/install/gototable_interface/include/gototable_interface/gototable_interface
[1.564s] -- Up-to-date: /home/reefranger/Desktop/ReefRanger/robot/robot/install/gototable_interface/include/gototable_interface/gototable_interface/action
[1.564s] -- Up-to-date: /home/reefranger/Desktop/ReefRanger/robot/robot/install/gototable_interface/include/gototable_interface/gototable_interface/action/detail
[1.564s] -- Up-to-date: /home/reefranger/Desktop/ReefRanger/robot/robot/install/gototable_interface/include/gototable_interface/gototable_interface/action/detail/go_table__builder.hpp
[1.564s] -- Up-to-date: /home/reefranger/Desktop/ReefRanger/robot/robot/install/gototable_interface/include/gototable_interface/gototable_interface/action/detail/go_table__struct.hpp
[1.564s] -- Up-to-date: /home/reefranger/Desktop/ReefRanger/robot/robot/install/gototable_interface/include/gototable_interface/gototable_interface/action/detail/go_table__traits.hpp
[1.565s] -- Up-to-date: /home/reefranger/Desktop/ReefRanger/robot/robot/install/gototable_interface/include/gototable_interface/gototable_interface/action/go_table.hpp
[1.565s] -- Up-to-date: /home/reefranger/Desktop/ReefRanger/robot/robot/install/gototable_interface/include/gototable_interface/gototable_interface
[1.565s] -- Up-to-date: /home/reefranger/Desktop/ReefRanger/robot/robot/install/gototable_interface/include/gototable_interface/gototable_interface/msg
[1.566s] -- Up-to-date: /home/reefranger/Desktop/ReefRanger/robot/robot/install/gototable_interface/include/gototable_interface/gototable_interface/msg/rosidl_typesupport_fastrtps_cpp__visibility_control.h
[1.566s] -- Up-to-date: /home/reefranger/Desktop/ReefRanger/robot/robot/install/gototable_interface/include/gototable_interface/gototable_interface/action
[1.568s] -- Up-to-date: /home/reefranger/Desktop/ReefRanger/robot/robot/install/gototable_interface/include/gototable_interface/gototable_interface/action/detail
[1.568s] -- Up-to-date: /home/reefranger/Desktop/ReefRanger/robot/robot/install/gototable_interface/include/gototable_interface/gototable_interface/action/detail/dds_fastrtps
[1.568s] -- Up-to-date: /home/reefranger/Desktop/ReefRanger/robot/robot/install/gototable_interface/include/gototable_interface/gototable_interface/action/detail/go_table__rosidl_typesupport_fastrtps_cpp.hpp
[1.569s] -- Up-to-date: /home/reefranger/Desktop/ReefRanger/robot/robot/install/gototable_interface/lib/libgototable_interface__rosidl_typesupport_fastrtps_cpp.so
[1.569s] -- Up-to-date: /home/reefranger/Desktop/ReefRanger/robot/robot/install/gototable_interface/include/gototable_interface/gototable_interface
[1.569s] -- Up-to-date: /home/reefranger/Desktop/ReefRanger/robot/robot/install/gototable_interface/include/gototable_interface/gototable_interface/action
[1.569s] -- Up-to-date: /home/reefranger/Desktop/ReefRanger/robot/robot/install/gototable_interface/include/gototable_interface/gototable_interface/action/detail
[1.570s] -- Up-to-date: /home/reefranger/Desktop/ReefRanger/robot/robot/install/gototable_interface/include/gototable_interface/gototable_interface/action/detail/go_table__rosidl_typesupport_introspection_cpp.hpp
[1.570s] -- Up-to-date: /home/reefranger/Desktop/ReefRanger/robot/robot/install/gototable_interface/include/gototable_interface/gototable_interface/action/detail/go_table__type_support.cpp
[1.570s] -- Up-to-date: /home/reefranger/Desktop/ReefRanger/robot/robot/install/gototable_interface/lib/libgototable_interface__rosidl_typesupport_introspection_cpp.so
[1.571s] -- Up-to-date: /home/reefranger/Desktop/ReefRanger/robot/robot/install/gototable_interface/lib/libgototable_interface__rosidl_typesupport_cpp.so
[1.571s] -- Up-to-date: /home/reefranger/Desktop/ReefRanger/robot/robot/install/gototable_interface/share/gototable_interface/environment/pythonpath.sh
[1.572s] -- Up-to-date: /home/reefranger/Desktop/ReefRanger/robot/robot/install/gototable_interface/share/gototable_interface/environment/pythonpath.dsv
[1.572s] -- Up-to-date: /home/reefranger/Desktop/ReefRanger/robot/robot/install/gototable_interface/local/lib/python3.10/dist-packages/gototable_interface-0.0.0-py3.10.egg-info
[1.572s] -- Installing: /home/reefranger/Desktop/ReefRanger/robot/robot/install/gototable_interface/local/lib/python3.10/dist-packages/gototable_interface-0.0.0-py3.10.egg-info/dependency_links.txt
[1.572s] -- Installing: /home/reefranger/Desktop/ReefRanger/robot/robot/install/gototable_interface/local/lib/python3.10/dist-packages/gototable_interface-0.0.0-py3.10.egg-info/SOURCES.txt
[1.572s] -- Installing: /home/reefranger/Desktop/ReefRanger/robot/robot/install/gototable_interface/local/lib/python3.10/dist-packages/gototable_interface-0.0.0-py3.10.egg-info/PKG-INFO
[1.572s] -- Installing: /home/reefranger/Desktop/ReefRanger/robot/robot/install/gototable_interface/local/lib/python3.10/dist-packages/gototable_interface-0.0.0-py3.10.egg-info/top_level.txt
[1.572s] -- Up-to-date: /home/reefranger/Desktop/ReefRanger/robot/robot/install/gototable_interface/local/lib/python3.10/dist-packages/gototable_interface
[1.573s] -- Up-to-date: /home/reefranger/Desktop/ReefRanger/robot/robot/install/gototable_interface/local/lib/python3.10/dist-packages/gototable_interface/gototable_interface_s__rosidl_typesupport_fastrtps_c.cpython-310-x86_64-linux-gnu.so
[1.573s] -- Up-to-date: /home/reefranger/Desktop/ReefRanger/robot/robot/install/gototable_interface/local/lib/python3.10/dist-packages/gototable_interface/gototable_interface_s__rosidl_typesupport_introspection_c.cpython-310-x86_64-linux-gnu.so
[1.573s] -- Up-to-date: /home/reefranger/Desktop/ReefRanger/robot/robot/install/gototable_interface/local/lib/python3.10/dist-packages/gototable_interface/libgototable_interface__rosidl_generator_py.so
[1.573s] -- Up-to-date: /home/reefranger/Desktop/ReefRanger/robot/robot/install/gototable_interface/local/lib/python3.10/dist-packages/gototable_interface/action
[1.573s] -- Up-to-date: /home/reefranger/Desktop/ReefRanger/robot/robot/install/gototable_interface/local/lib/python3.10/dist-packages/gototable_interface/action/_go_table_s.c
[1.573s] -- Up-to-date: /home/reefranger/Desktop/ReefRanger/robot/robot/install/gototable_interface/local/lib/python3.10/dist-packages/gototable_interface/action/_go_table.py
[1.574s] -- Up-to-date: /home/reefranger/Desktop/ReefRanger/robot/robot/install/gototable_interface/local/lib/python3.10/dist-packages/gototable_interface/action/__init__.py
[1.574s] -- Up-to-date: /home/reefranger/Desktop/ReefRanger/robot/robot/install/gototable_interface/local/lib/python3.10/dist-packages/gototable_interface/_gototable_interface_s.ep.rosidl_typesupport_fastrtps_c.c
[1.574s] -- Up-to-date: /home/reefranger/Desktop/ReefRanger/robot/robot/install/gototable_interface/local/lib/python3.10/dist-packages/gototable_interface/_gototable_interface_s.ep.rosidl_typesupport_c.c
[1.574s] -- Up-to-date: /home/reefranger/Desktop/ReefRanger/robot/robot/install/gototable_interface/local/lib/python3.10/dist-packages/gototable_interface/gototable_interface_s__rosidl_typesupport_c.cpython-310-x86_64-linux-gnu.so
[1.574s] -- Up-to-date: /home/reefranger/Desktop/ReefRanger/robot/robot/install/gototable_interface/local/lib/python3.10/dist-packages/gototable_interface/__init__.py
[1.574s] -- Up-to-date: /home/reefranger/Desktop/ReefRanger/robot/robot/install/gototable_interface/local/lib/python3.10/dist-packages/gototable_interface/_gototable_interface_s.ep.rosidl_typesupport_introspection_c.c
[1.623s] Listing '/home/reefranger/Desktop/ReefRanger/robot/robot/install/gototable_interface/local/lib/python3.10/dist-packages/gototable_interface'...
[1.623s] Listing '/home/reefranger/Desktop/ReefRanger/robot/robot/install/gototable_interface/local/lib/python3.10/dist-packages/gototable_interface/action'...
[1.636s] -- Up-to-date: /home/reefranger/Desktop/ReefRanger/robot/robot/install/gototable_interface/local/lib/python3.10/dist-packages/gototable_interface/gototable_interface_s__rosidl_typesupport_fastrtps_c.cpython-310-x86_64-linux-gnu.so
[1.637s] -- Up-to-date: /home/reefranger/Desktop/ReefRanger/robot/robot/install/gototable_interface/local/lib/python3.10/dist-packages/gototable_interface/gototable_interface_s__rosidl_typesupport_introspection_c.cpython-310-x86_64-linux-gnu.so
[1.638s] -- Up-to-date: /home/reefranger/Desktop/ReefRanger/robot/robot/install/gototable_interface/local/lib/python3.10/dist-packages/gototable_interface/gototable_interface_s__rosidl_typesupport_c.cpython-310-x86_64-linux-gnu.so
[1.641s] -- Up-to-date: /home/reefranger/Desktop/ReefRanger/robot/robot/install/gototable_interface/lib/libgototable_interface__rosidl_generator_py.so
[1.643s] -- Up-to-date: /home/reefranger/Desktop/ReefRanger/robot/robot/install/gototable_interface/share/gototable_interface/action/GoTable.idl
[1.643s] -- Up-to-date: /home/reefranger/Desktop/ReefRanger/robot/robot/install/gototable_interface/share/gototable_interface/action/GoTable.action
[1.644s] -- Up-to-date: /home/reefranger/Desktop/ReefRanger/robot/robot/install/gototable_interface/share/ament_index/resource_index/package_run_dependencies/gototable_interface
[1.644s] -- Up-to-date: /home/reefranger/Desktop/ReefRanger/robot/robot/install/gototable_interface/share/ament_index/resource_index/parent_prefix_path/gototable_interface
[1.646s] -- Up-to-date: /home/reefranger/Desktop/ReefRanger/robot/robot/install/gototable_interface/share/gototable_interface/environment/ament_prefix_path.sh
[1.646s] -- Up-to-date: /home/reefranger/Desktop/ReefRanger/robot/robot/install/gototable_interface/share/gototable_interface/environment/ament_prefix_path.dsv
[1.646s] -- Up-to-date: /home/reefranger/Desktop/ReefRanger/robot/robot/install/gototable_interface/share/gototable_interface/environment/path.sh
[1.646s] -- Up-to-date: /home/reefranger/Desktop/ReefRanger/robot/robot/install/gototable_interface/share/gototable_interface/environment/path.dsv
[1.646s] -- Up-to-date: /home/reefranger/Desktop/ReefRanger/robot/robot/install/gototable_interface/share/gototable_interface/local_setup.bash
[1.648s] -- Up-to-date: /home/reefranger/Desktop/ReefRanger/robot/robot/install/gototable_interface/share/gototable_interface/local_setup.sh
[1.649s] -- Up-to-date: /home/reefranger/Desktop/ReefRanger/robot/robot/install/gototable_interface/share/gototable_interface/local_setup.zsh
[1.649s] -- Up-to-date: /home/reefranger/Desktop/ReefRanger/robot/robot/install/gototable_interface/share/gototable_interface/local_setup.dsv
[1.649s] -- Installing: /home/reefranger/Desktop/ReefRanger/robot/robot/install/gototable_interface/share/gototable_interface/package.dsv
[1.649s] -- Up-to-date: /home/reefranger/Desktop/ReefRanger/robot/robot/install/gototable_interface/share/ament_index/resource_index/packages/gototable_interface
[1.651s] -- Up-to-date: /home/reefranger/Desktop/ReefRanger/robot/robot/install/gototable_interface/share/gototable_interface/cmake/export_gototable_interface__rosidl_generator_cExport.cmake
[1.652s] -- Up-to-date: /home/reefranger/Desktop/ReefRanger/robot/robot/install/gototable_interface/share/gototable_interface/cmake/export_gototable_interface__rosidl_generator_cExport-noconfig.cmake
[1.652s] -- Up-to-date: /home/reefranger/Desktop/ReefRanger/robot/robot/install/gototable_interface/share/gototable_interface/cmake/export_gototable_interface__rosidl_typesupport_fastrtps_cExport.cmake
[1.652s] -- Up-to-date: /home/reefranger/Desktop/ReefRanger/robot/robot/install/gototable_interface/share/gototable_interface/cmake/export_gototable_interface__rosidl_typesupport_fastrtps_cExport-noconfig.cmake
[1.654s] -- Up-to-date: /home/reefranger/Desktop/ReefRanger/robot/robot/install/gototable_interface/share/gototable_interface/cmake/gototable_interface__rosidl_typesupport_introspection_cExport.cmake
[1.655s] -- Up-to-date: /home/reefranger/Desktop/ReefRanger/robot/robot/install/gototable_interface/share/gototable_interface/cmake/gototable_interface__rosidl_typesupport_introspection_cExport-noconfig.cmake
[1.656s] -- Up-to-date: /home/reefranger/Desktop/ReefRanger/robot/robot/install/gototable_interface/share/gototable_interface/cmake/gototable_interface__rosidl_typesupport_cExport.cmake
[1.656s] -- Up-to-date: /home/reefranger/Desktop/ReefRanger/robot/robot/install/gototable_interface/share/gototable_interface/cmake/gototable_interface__rosidl_typesupport_cExport-noconfig.cmake
[1.657s] -- Up-to-date: /home/reefranger/Desktop/ReefRanger/robot/robot/install/gototable_interface/share/gototable_interface/cmake/export_gototable_interface__rosidl_generator_cppExport.cmake
[1.659s] -- Up-to-date: /home/reefranger/Desktop/ReefRanger/robot/robot/install/gototable_interface/share/gototable_interface/cmake/export_gototable_interface__rosidl_typesupport_fastrtps_cppExport.cmake
[1.660s] -- Up-to-date: /home/reefranger/Desktop/ReefRanger/robot/robot/install/gototable_interface/share/gototable_interface/cmake/export_gototable_interface__rosidl_typesupport_fastrtps_cppExport-noconfig.cmake
[1.661s] -- Up-to-date: /home/reefranger/Desktop/ReefRanger/robot/robot/install/gototable_interface/share/gototable_interface/cmake/gototable_interface__rosidl_typesupport_introspection_cppExport.cmake
[1.662s] -- Up-to-date: /home/reefranger/Desktop/ReefRanger/robot/robot/install/gototable_interface/share/gototable_interface/cmake/gototable_interface__rosidl_typesupport_introspection_cppExport-noconfig.cmake
[1.662s] -- Up-to-date: /home/reefranger/Desktop/ReefRanger/robot/robot/install/gototable_interface/share/gototable_interface/cmake/gototable_interface__rosidl_typesupport_cppExport.cmake
[1.662s] -- Up-to-date: /home/reefranger/Desktop/ReefRanger/robot/robot/install/gototable_interface/share/gototable_interface/cmake/gototable_interface__rosidl_typesupport_cppExport-noconfig.cmake
[1.663s] -- Up-to-date: /home/reefranger/Desktop/ReefRanger/robot/robot/install/gototable_interface/share/gototable_interface/cmake/export_gototable_interface__rosidl_generator_pyExport.cmake
[1.663s] -- Up-to-date: /home/reefranger/Desktop/ReefRanger/robot/robot/install/gototable_interface/share/gototable_interface/cmake/export_gototable_interface__rosidl_generator_pyExport-noconfig.cmake
[1.663s] -- Up-to-date: /home/reefranger/Desktop/ReefRanger/robot/robot/install/gototable_interface/share/gototable_interface/cmake/rosidl_cmake-extras.cmake
[1.664s] -- Up-to-date: /home/reefranger/Desktop/ReefRanger/robot/robot/install/gototable_interface/share/gototable_interface/cmake/ament_cmake_export_dependencies-extras.cmake
[1.664s] -- Up-to-date: /home/reefranger/Desktop/ReefRanger/robot/robot/install/gototable_interface/share/gototable_interface/cmake/ament_cmake_export_include_directories-extras.cmake
[1.665s] -- Up-to-date: /home/reefranger/Desktop/ReefRanger/robot/robot/install/gototable_interface/share/gototable_interface/cmake/ament_cmake_export_libraries-extras.cmake
[1.668s] -- Up-to-date: /home/reefranger/Desktop/ReefRanger/robot/robot/install/gototable_interface/share/gototable_interface/cmake/ament_cmake_export_targets-extras.cmake
[1.668s] -- Up-to-date: /home/reefranger/Desktop/ReefRanger/robot/robot/install/gototable_interface/share/gototable_interface/cmake/rosidl_cmake_export_typesupport_targets-extras.cmake
[1.669s] -- Up-to-date: /home/reefranger/Desktop/ReefRanger/robot/robot/install/gototable_interface/share/gototable_interface/cmake/rosidl_cmake_export_typesupport_libraries-extras.cmake
[1.669s] -- Up-to-date: /home/reefranger/Desktop/ReefRanger/robot/robot/install/gototable_interface/share/gototable_interface/cmake/gototable_interfaceConfig.cmake
[1.669s] -- Up-to-date: /home/reefranger/Desktop/ReefRanger/robot/robot/install/gototable_interface/share/gototable_interface/cmake/gototable_interfaceConfig-version.cmake
[1.669s] -- Up-to-date: /home/reefranger/Desktop/ReefRanger/robot/robot/install/gototable_interface/share/gototable_interface/package.xml
[1.692s] Invoked command in '/home/reefranger/Desktop/ReefRanger/robot/robot/build/gototable_interface' returned '0': CMAKE_PREFIX_PATH=/opt/ros/humble /usr/bin/cmake --install /home/reefranger/Desktop/ReefRanger/robot/robot/build/gototable_interface
