[2.380s] Invoking command in '/home/reefranger/Desktop/ReefRanger/robot/robot/src/moveovertable': PYTHONPATH=/home/reefranger/Desktop/ReefRanger/robot/robot/build/moveovertable/prefix_override:/usr/lib/python3/dist-packages/colcon_core/task/python/colcon_distutils_commands:/home/reefranger/Desktop/ReefRanger/robot/robot/install/moveovertable/lib/python3.10/site-packages:${PYTHONPATH} /usr/bin/python3 -W ignore:setup.py install is deprecated setup.py egg_info --egg-base ../../build/moveovertable build --build-base /home/reefranger/Desktop/ReefRanger/robot/robot/build/moveovertable/build install --record /home/reefranger/Desktop/ReefRanger/robot/robot/build/moveovertable/install.log --single-version-externally-managed install_data
[2.616s] /home/reefranger/.local/lib/python3.10/site-packages/setuptools/_distutils/dist.py:261: UserWarning: Unknown distribution option: 'tests_require'
[2.616s]   warnings.warn(msg)
[2.985s] running egg_info
[3.050s] creating ../../build/moveovertable/moveovertable.egg-info
[3.052s] writing ../../build/moveovertable/moveovertable.egg-info/PKG-INFO
[3.053s] writing dependency_links to ../../build/moveovertable/moveovertable.egg-info/dependency_links.txt
[3.053s] writing entry points to ../../build/moveovertable/moveovertable.egg-info/entry_points.txt
[3.054s] writing requirements to ../../build/moveovertable/moveovertable.egg-info/requires.txt
[3.054s] writing top-level names to ../../build/moveovertable/moveovertable.egg-info/top_level.txt
[3.054s] writing manifest file '../../build/moveovertable/moveovertable.egg-info/SOURCES.txt'
[3.179s] reading manifest file '../../build/moveovertable/moveovertable.egg-info/SOURCES.txt'
[3.183s] adding license file 'LICENSE'
[3.184s] writing manifest file '../../build/moveovertable/moveovertable.egg-info/SOURCES.txt'
[3.185s] running build
[3.185s] running build_py
[3.185s] creating /home/reefranger/Desktop/ReefRanger/robot/robot/build/moveovertable/build/lib/moveovertable
[3.191s] copying moveovertable/__init__.py -> /home/reefranger/Desktop/ReefRanger/robot/robot/build/moveovertable/build/lib/moveovertable
[3.191s] copying moveovertable/moveovertable.py -> /home/reefranger/Desktop/ReefRanger/robot/robot/build/moveovertable/build/lib/moveovertable
[3.191s] running install
[3.206s] running install_lib
[3.263s] creating /home/reefranger/Desktop/ReefRanger/robot/robot/install/moveovertable/lib/python3.10/site-packages/moveovertable
[3.270s] copying /home/reefranger/Desktop/ReefRanger/robot/robot/build/moveovertable/build/lib/moveovertable/__init__.py -> /home/reefranger/Desktop/ReefRanger/robot/robot/install/moveovertable/lib/python3.10/site-packages/moveovertable
[3.270s] copying /home/reefranger/Desktop/ReefRanger/robot/robot/build/moveovertable/build/lib/moveovertable/moveovertable.py -> /home/reefranger/Desktop/ReefRanger/robot/robot/install/moveovertable/lib/python3.10/site-packages/moveovertable
[3.270s] byte-compiling /home/reefranger/Desktop/ReefRanger/robot/robot/install/moveovertable/lib/python3.10/site-packages/moveovertable/__init__.py to __init__.cpython-310.pyc
[3.270s] byte-compiling /home/reefranger/Desktop/ReefRanger/robot/robot/install/moveovertable/lib/python3.10/site-packages/moveovertable/moveovertable.py to moveovertable.cpython-310.pyc
[3.274s] running install_data
[3.274s] creating /home/reefranger/Desktop/ReefRanger/robot/robot/install/moveovertable/share/ament_index/resource_index/packages
[3.274s] copying resource/moveovertable -> /home/reefranger/Desktop/ReefRanger/robot/robot/install/moveovertable/share/ament_index/resource_index/packages
[3.274s] copying package.xml -> /home/reefranger/Desktop/ReefRanger/robot/robot/install/moveovertable/share/moveovertable
[3.274s] running install_egg_info
[3.324s] Copying ../../build/moveovertable/moveovertable.egg-info to /home/reefranger/Desktop/ReefRanger/robot/robot/install/moveovertable/lib/python3.10/site-packages/moveovertable-0.0.0-py3.10.egg-info
[3.325s] running install_scripts
[3.659s] Installing moveovertable script to /home/reefranger/Desktop/ReefRanger/robot/robot/install/moveovertable/lib/moveovertable
[3.660s] writing list of installed files to '/home/reefranger/Desktop/ReefRanger/robot/robot/build/moveovertable/install.log'
[3.968s] Invoked command in '/home/reefranger/Desktop/ReefRanger/robot/robot/src/moveovertable' returned '0': PYTHONPATH=/home/reefranger/Desktop/ReefRanger/robot/robot/build/moveovertable/prefix_override:/usr/lib/python3/dist-packages/colcon_core/task/python/colcon_distutils_commands:/home/reefranger/Desktop/ReefRanger/robot/robot/install/moveovertable/lib/python3.10/site-packages:${PYTHONPATH} /usr/bin/python3 -W ignore:setup.py install is deprecated setup.py egg_info --egg-base ../../build/moveovertable build --build-base /home/reefranger/Desktop/ReefRanger/robot/robot/build/moveovertable/build install --record /home/reefranger/Desktop/ReefRanger/robot/robot/build/moveovertable/install.log --single-version-externally-managed install_data
