/home/reefranger/.local/lib/python3.10/site-packages/setuptools/_distutils/dist.py:261: UserWarning: Unknown distribution option: 'tests_require'
  warnings.warn(msg)
running egg_info
writing ../../build/pidtable/pidtable.egg-info/PKG-INFO
writing dependency_links to ../../build/pidtable/pidtable.egg-info/dependency_links.txt
writing requirements to ../../build/pidtable/pidtable.egg-info/requires.txt
writing top-level names to ../../build/pidtable/pidtable.egg-info/top_level.txt
reading manifest file '../../build/pidtable/pidtable.egg-info/SOURCES.txt'
adding license file 'LICENSE'
writing manifest file '../../build/pidtable/pidtable.egg-info/SOURCES.txt'
running build
running build_py
copying pidtable/pidtable.py -> /home/reefranger/Desktop/ReefRanger/robot/robot/build/pidtable/build/lib/pidtable
copying pidtable/__init__.py -> /home/reefranger/Desktop/ReefRanger/robot/robot/build/pidtable/build/lib/pidtable
running install
running install_lib
running install_data
copying resource/pidtable -> /home/reefranger/Desktop/ReefRanger/robot/robot/install/pidtable/share/ament_index/resource_index/packages
copying package.xml -> /home/reefranger/Desktop/ReefRanger/robot/robot/install/pidtable/share/pidtable
running install_egg_info
removing '/home/reefranger/Desktop/ReefRanger/robot/robot/install/pidtable/lib/python3.10/site-packages/pidtable-0.0.0-py3.10.egg-info' (and everything under it)
Copying ../../build/pidtable/pidtable.egg-info to /home/reefranger/Desktop/ReefRanger/robot/robot/install/pidtable/lib/python3.10/site-packages/pidtable-0.0.0-py3.10.egg-info
running install_scripts
writing list of installed files to '/home/reefranger/Desktop/ReefRanger/robot/robot/build/pidtable/install.log'
