[2.178s] Invoking command in '/home/reefranger/Desktop/ReefRanger/robot/robot/src/pidtable': PYTHONPATH=/home/reefranger/Desktop/ReefRanger/robot/robot/build/pidtable/prefix_override:/usr/lib/python3/dist-packages/colcon_core/task/python/colcon_distutils_commands:/home/reefranger/Desktop/ReefRanger/robot/robot/install/pidtable/lib/python3.10/site-packages:${PYTHONPATH} /usr/bin/python3 -W ignore:setup.py install is deprecated setup.py egg_info --egg-base ../../build/pidtable build --build-base /home/reefranger/Desktop/ReefRanger/robot/robot/build/pidtable/build install --record /home/reefranger/Desktop/ReefRanger/robot/robot/build/pidtable/install.log --single-version-externally-managed install_data
[2.423s] /home/reefranger/.local/lib/python3.10/site-packages/setuptools/_distutils/dist.py:261: UserWarning: Unknown distribution option: 'tests_require'
[2.424s]   warnings.warn(msg)
[2.640s] running egg_info
[2.671s] writing ../../build/pidtable/pidtable.egg-info/PKG-INFO
[2.672s] writing dependency_links to ../../build/pidtable/pidtable.egg-info/dependency_links.txt
[2.673s] writing requirements to ../../build/pidtable/pidtable.egg-info/requires.txt
[2.675s] writing top-level names to ../../build/pidtable/pidtable.egg-info/top_level.txt
[2.753s] reading manifest file '../../build/pidtable/pidtable.egg-info/SOURCES.txt'
[2.753s] adding license file 'LICENSE'
[2.753s] writing manifest file '../../build/pidtable/pidtable.egg-info/SOURCES.txt'
[2.753s] running build
[2.753s] running build_py
[2.753s] copying pidtable/pidtable.py -> /home/reefranger/Desktop/ReefRanger/robot/robot/build/pidtable/build/lib/pidtable
[2.754s] copying pidtable/__init__.py -> /home/reefranger/Desktop/ReefRanger/robot/robot/build/pidtable/build/lib/pidtable
[2.754s] running install
[2.764s] running install_lib
[2.803s] running install_data
[2.803s] copying resource/pidtable -> /home/reefranger/Desktop/ReefRanger/robot/robot/install/pidtable/share/ament_index/resource_index/packages
[2.803s] copying package.xml -> /home/reefranger/Desktop/ReefRanger/robot/robot/install/pidtable/share/pidtable
[2.804s] running install_egg_info
[2.833s] removing '/home/reefranger/Desktop/ReefRanger/robot/robot/install/pidtable/lib/python3.10/site-packages/pidtable-0.0.0-py3.10.egg-info' (and everything under it)
[2.834s] Copying ../../build/pidtable/pidtable.egg-info to /home/reefranger/Desktop/ReefRanger/robot/robot/install/pidtable/lib/python3.10/site-packages/pidtable-0.0.0-py3.10.egg-info
[2.838s] running install_scripts
[3.071s] writing list of installed files to '/home/reefranger/Desktop/ReefRanger/robot/robot/build/pidtable/install.log'
[3.108s] Invoked command in '/home/reefranger/Desktop/ReefRanger/robot/robot/src/pidtable' returned '0': PYTHONPATH=/home/reefranger/Desktop/ReefRanger/robot/robot/build/pidtable/prefix_override:/usr/lib/python3/dist-packages/colcon_core/task/python/colcon_distutils_commands:/home/reefranger/Desktop/ReefRanger/robot/robot/install/pidtable/lib/python3.10/site-packages:${PYTHONPATH} /usr/bin/python3 -W ignore:setup.py install is deprecated setup.py egg_info --egg-base ../../build/pidtable build --build-base /home/reefranger/Desktop/ReefRanger/robot/robot/build/pidtable/build install --record /home/reefranger/Desktop/ReefRanger/robot/robot/build/pidtable/install.log --single-version-externally-managed install_data
