[2.468s] Invoking command in '/home/reefranger/Desktop/ReefRanger/robot/robot/src/mccontroller': PYTHONPATH=/home/reefranger/Desktop/ReefRanger/robot/robot/build/mccontroller/prefix_override:/usr/lib/python3/dist-packages/colcon_core/task/python/colcon_distutils_commands:/home/reefranger/Desktop/ReefRanger/robot/robot/install/mccontroller/lib/python3.10/site-packages:${PYTHONPATH} /usr/bin/python3 -W ignore:setup.py install is deprecated setup.py egg_info --egg-base ../../build/mccontroller build --build-base /home/reefranger/Desktop/ReefRanger/robot/robot/build/mccontroller/build install --record /home/reefranger/Desktop/ReefRanger/robot/robot/build/mccontroller/install.log --single-version-externally-managed install_data
[2.965s] running egg_info
[3.007s] writing ../../build/mccontroller/mccontroller.egg-info/PKG-INFO
[3.007s] writing dependency_links to ../../build/mccontroller/mccontroller.egg-info/dependency_links.txt
[3.007s] writing entry points to ../../build/mccontroller/mccontroller.egg-info/entry_points.txt
[3.012s] writing requirements to ../../build/mccontroller/mccontroller.egg-info/requires.txt
[3.013s] writing top-level names to ../../build/mccontroller/mccontroller.egg-info/top_level.txt
[3.071s] reading manifest file '../../build/mccontroller/mccontroller.egg-info/SOURCES.txt'
[3.071s] adding license file 'LICENSE'
[3.073s] writing manifest file '../../build/mccontroller/mccontroller.egg-info/SOURCES.txt'
[3.077s] running build
[3.077s] running build_py
[3.077s] copying mccontroller/mccontroller copy.py -> /home/reefranger/Desktop/ReefRanger/robot/robot/build/mccontroller/build/lib/mccontroller
[3.077s] copying mccontroller/mccontroller.py -> /home/reefranger/Desktop/ReefRanger/robot/robot/build/mccontroller/build/lib/mccontroller
[3.077s] copying mccontroller/__init__.py -> /home/reefranger/Desktop/ReefRanger/robot/robot/build/mccontroller/build/lib/mccontroller
[3.077s] running install
[3.081s] running install_lib
[3.126s] running install_data
[3.128s] copying resource/mccontroller -> /home/reefranger/Desktop/ReefRanger/robot/robot/install/mccontroller/share/ament_index/resource_index/packages
[3.128s] copying package.xml -> /home/reefranger/Desktop/ReefRanger/robot/robot/install/mccontroller/share/mccontroller
[3.128s] running install_egg_info
[3.184s] removing '/home/reefranger/Desktop/ReefRanger/robot/robot/install/mccontroller/lib/python3.10/site-packages/mccontroller-0.0.0-py3.10.egg-info' (and everything under it)
[3.186s] Copying ../../build/mccontroller/mccontroller.egg-info to /home/reefranger/Desktop/ReefRanger/robot/robot/install/mccontroller/lib/python3.10/site-packages/mccontroller-0.0.0-py3.10.egg-info
[3.191s] running install_scripts
[3.463s] Installing mccontroller script to /home/reefranger/Desktop/ReefRanger/robot/robot/install/mccontroller/lib/mccontroller
[3.464s] writing list of installed files to '/home/reefranger/Desktop/ReefRanger/robot/robot/build/mccontroller/install.log'
[3.857s] Invoked command in '/home/reefranger/Desktop/ReefRanger/robot/robot/src/mccontroller' returned '0': PYTHONPATH=/home/reefranger/Desktop/ReefRanger/robot/robot/build/mccontroller/prefix_override:/usr/lib/python3/dist-packages/colcon_core/task/python/colcon_distutils_commands:/home/reefranger/Desktop/ReefRanger/robot/robot/install/mccontroller/lib/python3.10/site-packages:${PYTHONPATH} /usr/bin/python3 -W ignore:setup.py install is deprecated setup.py egg_info --egg-base ../../build/mccontroller build --build-base /home/reefranger/Desktop/ReefRanger/robot/robot/build/mccontroller/build install --record /home/reefranger/Desktop/ReefRanger/robot/robot/build/mccontroller/install.log --single-version-externally-managed install_data
