[1.547s] Invoking command in '/home/reefranger/Desktop/ReefRanger/robot/robot/src/save_detect': PYTHONPATH=/home/reefranger/Desktop/ReefRanger/robot/robot/build/save_detect/prefix_override:/usr/lib/python3/dist-packages/colcon_core/task/python/colcon_distutils_commands:/home/reefranger/Desktop/ReefRanger/robot/robot/install/save_detect/lib/python3.10/site-packages:${PYTHONPATH} /usr/bin/python3 -W ignore:setup.py install is deprecated setup.py egg_info --egg-base ../../build/save_detect build --build-base /home/reefranger/Desktop/ReefRanger/robot/robot/build/save_detect/build install --record /home/reefranger/Desktop/ReefRanger/robot/robot/build/save_detect/install.log --single-version-externally-managed install_data
[1.764s] running egg_info
[1.779s] writing ../../build/save_detect/save_detect.egg-info/PKG-INFO
[1.779s] writing dependency_links to ../../build/save_detect/save_detect.egg-info/dependency_links.txt
[1.780s] writing entry points to ../../build/save_detect/save_detect.egg-info/entry_points.txt
[1.780s] writing requirements to ../../build/save_detect/save_detect.egg-info/requires.txt
[1.780s] writing top-level names to ../../build/save_detect/save_detect.egg-info/top_level.txt
[1.812s] reading manifest file '../../build/save_detect/save_detect.egg-info/SOURCES.txt'
[1.812s] adding license file 'LICENSE'
[1.813s] writing manifest file '../../build/save_detect/save_detect.egg-info/SOURCES.txt'
[1.813s] running build
[1.813s] running build_py
[1.813s] copying save_detect/subscriber_detect.py -> /home/reefranger/Desktop/ReefRanger/robot/robot/build/save_detect/build/lib/save_detect
[1.814s] copying save_detect/save_detect (copy).py -> /home/reefranger/Desktop/ReefRanger/robot/robot/build/save_detect/build/lib/save_detect
[1.814s] copying save_detect/save_detect.py -> /home/reefranger/Desktop/ReefRanger/robot/robot/build/save_detect/build/lib/save_detect
[1.814s] copying save_detect/publisher_detect.py -> /home/reefranger/Desktop/ReefRanger/robot/robot/build/save_detect/build/lib/save_detect
[1.814s] copying save_detect/__init__.py -> /home/reefranger/Desktop/ReefRanger/robot/robot/build/save_detect/build/lib/save_detect
[1.814s] copying save_detect/save_detect_final.py -> /home/reefranger/Desktop/ReefRanger/robot/robot/build/save_detect/build/lib/save_detect
[1.815s] running install
[1.818s] running install_lib
[1.836s] byte-compiling /home/reefranger/Desktop/ReefRanger/robot/robot/install/save_detect/lib/python3.10/site-packages/save_detect/publisher_detect.py to publisher_detect.cpython-310.pyc
[1.836s] Sorry: TabError: inconsistent use of tabs and spaces in indentation (publisher_detect.py, line 35)
[1.836s] running install_data
[1.836s] copying resource/save_detect -> /home/reefranger/Desktop/ReefRanger/robot/robot/install/save_detect/share/ament_index/resource_index/packages
[1.836s] copying package.xml -> /home/reefranger/Desktop/ReefRanger/robot/robot/install/save_detect/share/save_detect
[1.837s] running install_egg_info
[1.853s] removing '/home/reefranger/Desktop/ReefRanger/robot/robot/install/save_detect/lib/python3.10/site-packages/save_detect-0.0.0-py3.10.egg-info' (and everything under it)
[1.854s] Copying ../../build/save_detect/save_detect.egg-info to /home/reefranger/Desktop/ReefRanger/robot/robot/install/save_detect/lib/python3.10/site-packages/save_detect-0.0.0-py3.10.egg-info
[1.854s] running install_scripts
[1.975s] Installing save_detect script to /home/reefranger/Desktop/ReefRanger/robot/robot/install/save_detect/lib/save_detect
[1.975s] writing list of installed files to '/home/reefranger/Desktop/ReefRanger/robot/robot/build/save_detect/install.log'
[2.000s] Invoked command in '/home/reefranger/Desktop/ReefRanger/robot/robot/src/save_detect' returned '0': PYTHONPATH=/home/reefranger/Desktop/ReefRanger/robot/robot/build/save_detect/prefix_override:/usr/lib/python3/dist-packages/colcon_core/task/python/colcon_distutils_commands:/home/reefranger/Desktop/ReefRanger/robot/robot/install/save_detect/lib/python3.10/site-packages:${PYTHONPATH} /usr/bin/python3 -W ignore:setup.py install is deprecated setup.py egg_info --egg-base ../../build/save_detect build --build-base /home/reefranger/Desktop/ReefRanger/robot/robot/build/save_detect/build install --record /home/reefranger/Desktop/ReefRanger/robot/robot/build/save_detect/install.log --single-version-externally-managed install_data
