[0.047s] Invoking command in '/home/reefranger/Desktop/ReefRanger/robot/robot/build/yolov8_msgs': CMAKE_PREFIX_PATH=/opt/ros/humble /usr/bin/cmake /home/reefranger/Desktop/ReefRanger/robot/robot/src/yolo/yolov8_ros/yolov8_msgs -DCMAKE_INSTALL_PREFIX=/home/reefranger/Desktop/ReefRanger/robot/robot/install/yolov8_msgs
[1.175s] -- The C compiler identification is GNU 11.4.0
[1.175s] -- The CXX compiler identification is GNU 11.4.0
[1.175s] -- Detecting C compiler ABI info
[1.175s] -- Detecting C compiler ABI info - done
[1.176s] -- Check for working C compiler: /usr/bin/cc - skipped
[1.176s] -- Detecting C compile features
[1.176s] -- Detecting C compile features - done
[1.176s] -- Detecting CXX compiler ABI info
[1.176s] -- Detecting CXX compiler ABI info - done
[1.176s] -- Check for working CXX compiler: /usr/bin/c++ - skipped
[1.176s] -- Detecting CXX compile features
[1.176s] -- Detecting CXX compile features - done
[1.176s] -- Found ament_cmake: 1.3.10 (/opt/ros/humble/share/ament_cmake/cmake)
[1.176s] -- Found Python3: /usr/bin/python3 (found version "3.10.12") found components: Interpreter 
[1.176s] -- Found rosidl_default_generators: 1.2.0 (/opt/ros/humble/share/rosidl_default_generators/cmake)
[1.176s] -- Using all available rosidl_typesupport_c: rosidl_typesupport_fastrtps_c;rosidl_typesupport_introspection_c
[1.176s] -- Found rosidl_adapter: 3.1.5 (/opt/ros/humble/share/rosidl_adapter/cmake)
[1.176s] -- Using all available rosidl_typesupport_cpp: rosidl_typesupport_fastrtps_cpp;rosidl_typesupport_introspection_cpp
[1.176s] -- Found std_msgs: 4.2.4 (/opt/ros/humble/share/std_msgs/cmake)
[1.176s] -- Found geometry_msgs: 4.2.4 (/opt/ros/humble/share/geometry_msgs/cmake)
[1.176s] -- Found ament_cmake_ros: 0.10.0 (/opt/ros/humble/share/ament_cmake_ros/cmake)
[1.270s] -- Using all available rosidl_typesupport_c: rosidl_typesupport_fastrtps_c;rosidl_typesupport_introspection_c
[1.680s] -- Using all available rosidl_typesupport_cpp: rosidl_typesupport_fastrtps_cpp;rosidl_typesupport_introspection_cpp
[1.709s] -- Found PythonInterp: /usr/bin/python3 (found suitable version "3.10.12", minimum required is "3.6") 
[1.712s] -- Found python_cmake_module: 0.10.0 (/opt/ros/humble/share/python_cmake_module/cmake)
[1.746s] -- Found PythonLibs: /usr/lib/x86_64-linux-gnu/libpython3.10.so (found suitable version "3.10.12", minimum required is "3.5") 
[1.746s] -- Using PYTHON_EXECUTABLE: /usr/bin/python3
[1.747s] -- Using PYTHON_INCLUDE_DIRS: /usr/include/python3.10
[1.747s] -- Using PYTHON_LIBRARIES: /usr/lib/x86_64-linux-gnu/libpython3.10.so
[1.773s] -- Found PythonExtra: .so  
[1.868s] -- Configuring done
[1.948s] -- Generating done
[1.952s] -- Build files have been written to: /home/reefranger/Desktop/ReefRanger/robot/robot/build/yolov8_msgs
[2.189s] Invoked command in '/home/reefranger/Desktop/ReefRanger/robot/robot/build/yolov8_msgs' returned '0': CMAKE_PREFIX_PATH=/opt/ros/humble /usr/bin/cmake /home/reefranger/Desktop/ReefRanger/robot/robot/src/yolo/yolov8_ros/yolov8_msgs -DCMAKE_INSTALL_PREFIX=/home/reefranger/Desktop/ReefRanger/robot/robot/install/yolov8_msgs
[2.190s] Invoking command in '/home/reefranger/Desktop/ReefRanger/robot/robot/build/yolov8_msgs': CMAKE_PREFIX_PATH=/opt/ros/humble /usr/bin/cmake --build /home/reefranger/Desktop/ReefRanger/robot/robot/build/yolov8_msgs -- -j12 -l12
[2.258s] [  1%] [34m[1mGenerating C code for ROS interfaces[0m
[2.270s] [  1%] [34m[1mGenerating C++ code for ROS interfaces[0m
[2.317s] [  1%] Built target ament_cmake_python_copy_yolov8_msgs
[2.687s] running egg_info
[2.719s] creating yolov8_msgs.egg-info
[2.722s] writing yolov8_msgs.egg-info/PKG-INFO
[2.722s] writing dependency_links to yolov8_msgs.egg-info/dependency_links.txt
[2.722s] writing top-level names to yolov8_msgs.egg-info/top_level.txt
[2.722s] writing manifest file 'yolov8_msgs.egg-info/SOURCES.txt'
[2.822s] reading manifest file 'yolov8_msgs.egg-info/SOURCES.txt'
[2.825s] writing manifest file 'yolov8_msgs.egg-info/SOURCES.txt'
[2.864s] [  1%] Built target ament_cmake_python_build_yolov8_msgs_egg
[3.453s] [  1%] Built target yolov8_msgs__cpp
[3.460s] [  2%] [34m[1mGenerating C++ type support for eProsima Fast-RTPS[0m
[3.460s] [  2%] [34m[1mGenerating C++ type support dispatch for ROS interfaces[0m
[3.462s] [  3%] [34m[1mGenerating C++ introspection for ROS interfaces[0m
[3.612s] [  4%] [32mBuilding C object CMakeFiles/yolov8_msgs__rosidl_generator_c.dir/rosidl_generator_c/yolov8_msgs/msg/detail/vector2__functions.c.o[0m
[3.612s] [  5%] [32mBuilding C object CMakeFiles/yolov8_msgs__rosidl_generator_c.dir/rosidl_generator_c/yolov8_msgs/msg/detail/pose2_d__functions.c.o[0m
[3.613s] [  6%] [32mBuilding C object CMakeFiles/yolov8_msgs__rosidl_generator_c.dir/rosidl_generator_c/yolov8_msgs/msg/detail/point2_d__functions.c.o[0m
[3.613s] [  7%] [32mBuilding C object CMakeFiles/yolov8_msgs__rosidl_generator_c.dir/rosidl_generator_c/yolov8_msgs/msg/detail/mask__functions.c.o[0m
[3.613s] [  7%] [32mBuilding C object CMakeFiles/yolov8_msgs__rosidl_generator_c.dir/rosidl_generator_c/yolov8_msgs/msg/detail/bounding_box2_d__functions.c.o[0m
[3.616s] [  9%] [32mBuilding C object CMakeFiles/yolov8_msgs__rosidl_generator_c.dir/rosidl_generator_c/yolov8_msgs/msg/detail/bounding_box3_d__functions.c.o[0m
[3.616s] [  9%] [32mBuilding C object CMakeFiles/yolov8_msgs__rosidl_generator_c.dir/rosidl_generator_c/yolov8_msgs/msg/detail/key_point2_d__functions.c.o[0m
[3.620s] [ 10%] [32mBuilding C object CMakeFiles/yolov8_msgs__rosidl_generator_c.dir/rosidl_generator_c/yolov8_msgs/msg/detail/key_point2_d_array__functions.c.o[0m
[3.623s] [ 11%] [32mBuilding C object CMakeFiles/yolov8_msgs__rosidl_generator_c.dir/rosidl_generator_c/yolov8_msgs/msg/detail/key_point3_d__functions.c.o[0m
[3.691s] [ 13%] [32mBuilding C object CMakeFiles/yolov8_msgs__rosidl_generator_c.dir/rosidl_generator_c/yolov8_msgs/msg/detail/key_point3_d_array__functions.c.o[0m
[3.691s] [ 13%] [32mBuilding C object CMakeFiles/yolov8_msgs__rosidl_generator_c.dir/rosidl_generator_c/yolov8_msgs/msg/detail/detection_array__functions.c.o[0m
[3.691s] [ 13%] [32mBuilding C object CMakeFiles/yolov8_msgs__rosidl_generator_c.dir/rosidl_generator_c/yolov8_msgs/msg/detail/detection__functions.c.o[0m
[3.746s] [ 14%] [32m[1mLinking C shared library libyolov8_msgs__rosidl_generator_c.so[0m
[3.788s] [ 14%] Built target yolov8_msgs__rosidl_generator_c
[3.801s] [ 15%] [34m[1mGenerating C type support for eProsima Fast-RTPS[0m
[3.804s] [ 16%] [34m[1mGenerating C introspection for ROS interfaces[0m
[3.809s] [ 17%] [34m[1mGenerating C type support dispatch for ROS interfaces[0m
[4.364s] [ 18%] [32mBuilding CXX object CMakeFiles/yolov8_msgs__rosidl_typesupport_cpp.dir/rosidl_typesupport_cpp/yolov8_msgs/msg/point2_d__type_support.cpp.o[0m
[4.381s] [ 19%] [32mBuilding CXX object CMakeFiles/yolov8_msgs__rosidl_typesupport_cpp.dir/rosidl_typesupport_cpp/yolov8_msgs/msg/vector2__type_support.cpp.o[0m
[4.381s] [ 20%] [32mBuilding CXX object CMakeFiles/yolov8_msgs__rosidl_typesupport_cpp.dir/rosidl_typesupport_cpp/yolov8_msgs/msg/bounding_box2_d__type_support.cpp.o[0m
[4.382s] [ 21%] [32mBuilding CXX object CMakeFiles/yolov8_msgs__rosidl_typesupport_cpp.dir/rosidl_typesupport_cpp/yolov8_msgs/msg/pose2_d__type_support.cpp.o[0m
[4.388s] [ 21%] [32mBuilding CXX object CMakeFiles/yolov8_msgs__rosidl_typesupport_cpp.dir/rosidl_typesupport_cpp/yolov8_msgs/msg/bounding_box3_d__type_support.cpp.o[0m
[4.388s] [ 22%] [32mBuilding CXX object CMakeFiles/yolov8_msgs__rosidl_typesupport_cpp.dir/rosidl_typesupport_cpp/yolov8_msgs/msg/mask__type_support.cpp.o[0m
[4.396s] [ 23%] [32mBuilding CXX object CMakeFiles/yolov8_msgs__rosidl_typesupport_cpp.dir/rosidl_typesupport_cpp/yolov8_msgs/msg/key_point2_d__type_support.cpp.o[0m
[4.837s] [ 24%] [32mBuilding CXX object CMakeFiles/yolov8_msgs__rosidl_typesupport_cpp.dir/rosidl_typesupport_cpp/yolov8_msgs/msg/key_point2_d_array__type_support.cpp.o[0m
[4.868s] [ 25%] [32mBuilding CXX object CMakeFiles/yolov8_msgs__rosidl_typesupport_cpp.dir/rosidl_typesupport_cpp/yolov8_msgs/msg/key_point3_d__type_support.cpp.o[0m
[4.931s] [ 26%] [32mBuilding CXX object CMakeFiles/yolov8_msgs__rosidl_typesupport_cpp.dir/rosidl_typesupport_cpp/yolov8_msgs/msg/key_point3_d_array__type_support.cpp.o[0m
[4.944s] [ 26%] [32mBuilding CXX object CMakeFiles/yolov8_msgs__rosidl_typesupport_cpp.dir/rosidl_typesupport_cpp/yolov8_msgs/msg/detection__type_support.cpp.o[0m
[4.969s] [ 27%] [32mBuilding CXX object CMakeFiles/yolov8_msgs__rosidl_typesupport_cpp.dir/rosidl_typesupport_cpp/yolov8_msgs/msg/detection_array__type_support.cpp.o[0m
[5.098s] [ 27%] [32mBuilding CXX object CMakeFiles/yolov8_msgs__rosidl_typesupport_introspection_cpp.dir/rosidl_typesupport_introspection_cpp/yolov8_msgs/msg/detail/point2_d__type_support.cpp.o[0m
[5.105s] [ 28%] [32mBuilding CXX object CMakeFiles/yolov8_msgs__rosidl_typesupport_introspection_cpp.dir/rosidl_typesupport_introspection_cpp/yolov8_msgs/msg/detail/vector2__type_support.cpp.o[0m
[5.111s] [ 29%] [32mBuilding CXX object CMakeFiles/yolov8_msgs__rosidl_typesupport_introspection_cpp.dir/rosidl_typesupport_introspection_cpp/yolov8_msgs/msg/detail/pose2_d__type_support.cpp.o[0m
[5.251s] [ 30%] [32mBuilding CXX object CMakeFiles/yolov8_msgs__rosidl_typesupport_fastrtps_cpp.dir/rosidl_typesupport_fastrtps_cpp/yolov8_msgs/msg/detail/dds_fastrtps/point2_d__type_support.cpp.o[0m
[5.285s] [ 31%] [32mBuilding CXX object CMakeFiles/yolov8_msgs__rosidl_typesupport_fastrtps_cpp.dir/rosidl_typesupport_fastrtps_cpp/yolov8_msgs/msg/detail/dds_fastrtps/vector2__type_support.cpp.o[0m
[5.288s] [ 32%] [32mBuilding CXX object CMakeFiles/yolov8_msgs__rosidl_typesupport_fastrtps_cpp.dir/rosidl_typesupport_fastrtps_cpp/yolov8_msgs/msg/detail/dds_fastrtps/pose2_d__type_support.cpp.o[0m
[5.374s] [ 33%] [32mBuilding CXX object CMakeFiles/yolov8_msgs__rosidl_typesupport_fastrtps_cpp.dir/rosidl_typesupport_fastrtps_cpp/yolov8_msgs/msg/detail/dds_fastrtps/bounding_box2_d__type_support.cpp.o[0m
[5.409s] [ 34%] [32mBuilding CXX object CMakeFiles/yolov8_msgs__rosidl_typesupport_introspection_cpp.dir/rosidl_typesupport_introspection_cpp/yolov8_msgs/msg/detail/bounding_box2_d__type_support.cpp.o[0m
[5.476s] [ 35%] [32m[1mLinking CXX shared library libyolov8_msgs__rosidl_typesupport_cpp.so[0m
[5.561s] [ 36%] [32mBuilding CXX object CMakeFiles/yolov8_msgs__rosidl_typesupport_c.dir/rosidl_typesupport_c/yolov8_msgs/msg/point2_d__type_support.cpp.o[0m
[5.592s] [ 36%] Built target yolov8_msgs__rosidl_typesupport_cpp
[5.637s] [ 37%] [32mBuilding CXX object CMakeFiles/yolov8_msgs__rosidl_typesupport_c.dir/rosidl_typesupport_c/yolov8_msgs/msg/pose2_d__type_support.cpp.o[0m
[5.637s] [ 37%] [32mBuilding CXX object CMakeFiles/yolov8_msgs__rosidl_typesupport_c.dir/rosidl_typesupport_c/yolov8_msgs/msg/vector2__type_support.cpp.o[0m
[5.658s] [ 38%] [32mBuilding CXX object CMakeFiles/yolov8_msgs__rosidl_typesupport_introspection_cpp.dir/rosidl_typesupport_introspection_cpp/yolov8_msgs/msg/detail/bounding_box3_d__type_support.cpp.o[0m
[5.696s] [ 39%] [32mBuilding CXX object CMakeFiles/yolov8_msgs__rosidl_typesupport_introspection_cpp.dir/rosidl_typesupport_introspection_cpp/yolov8_msgs/msg/detail/mask__type_support.cpp.o[0m
[5.723s] [ 40%] [32mBuilding CXX object CMakeFiles/yolov8_msgs__rosidl_typesupport_c.dir/rosidl_typesupport_c/yolov8_msgs/msg/bounding_box2_d__type_support.cpp.o[0m
[5.765s] [ 41%] [32mBuilding CXX object CMakeFiles/yolov8_msgs__rosidl_typesupport_fastrtps_cpp.dir/rosidl_typesupport_fastrtps_cpp/yolov8_msgs/msg/detail/dds_fastrtps/bounding_box3_d__type_support.cpp.o[0m
[5.799s] [ 42%] [32mBuilding CXX object CMakeFiles/yolov8_msgs__rosidl_typesupport_c.dir/rosidl_typesupport_c/yolov8_msgs/msg/bounding_box3_d__type_support.cpp.o[0m
[5.857s] [ 43%] [32mBuilding CXX object CMakeFiles/yolov8_msgs__rosidl_typesupport_c.dir/rosidl_typesupport_c/yolov8_msgs/msg/mask__type_support.cpp.o[0m
[5.876s] [ 43%] [32mBuilding CXX object CMakeFiles/yolov8_msgs__rosidl_typesupport_introspection_cpp.dir/rosidl_typesupport_introspection_cpp/yolov8_msgs/msg/detail/key_point2_d__type_support.cpp.o[0m
[5.898s] [ 43%] [32mBuilding CXX object CMakeFiles/yolov8_msgs__rosidl_typesupport_fastrtps_cpp.dir/rosidl_typesupport_fastrtps_cpp/yolov8_msgs/msg/detail/dds_fastrtps/mask__type_support.cpp.o[0m
[5.926s] [ 44%] [32mBuilding CXX object CMakeFiles/yolov8_msgs__rosidl_typesupport_c.dir/rosidl_typesupport_c/yolov8_msgs/msg/key_point2_d__type_support.cpp.o[0m
[5.927s] [ 45%] [32mBuilding CXX object CMakeFiles/yolov8_msgs__rosidl_typesupport_fastrtps_cpp.dir/rosidl_typesupport_fastrtps_cpp/yolov8_msgs/msg/detail/dds_fastrtps/key_point2_d__type_support.cpp.o[0m
[5.952s] [ 46%] [32mBuilding CXX object CMakeFiles/yolov8_msgs__rosidl_typesupport_fastrtps_c.dir/rosidl_typesupport_fastrtps_c/yolov8_msgs/msg/detail/point2_d__type_support_c.cpp.o[0m
[5.988s] [ 46%] [32mBuilding CXX object CMakeFiles/yolov8_msgs__rosidl_typesupport_c.dir/rosidl_typesupport_c/yolov8_msgs/msg/key_point2_d_array__type_support.cpp.o[0m
[6.016s] [ 47%] [32mBuilding CXX object CMakeFiles/yolov8_msgs__rosidl_typesupport_fastrtps_c.dir/rosidl_typesupport_fastrtps_c/yolov8_msgs/msg/detail/vector2__type_support_c.cpp.o[0m
[6.035s] [ 48%] [32mBuilding CXX object CMakeFiles/yolov8_msgs__rosidl_typesupport_fastrtps_cpp.dir/rosidl_typesupport_fastrtps_cpp/yolov8_msgs/msg/detail/dds_fastrtps/key_point2_d_array__type_support.cpp.o[0m
[6.077s] [ 49%] [32mBuilding CXX object CMakeFiles/yolov8_msgs__rosidl_typesupport_c.dir/rosidl_typesupport_c/yolov8_msgs/msg/key_point3_d__type_support.cpp.o[0m
[6.146s] [ 50%] [32mBuilding CXX object CMakeFiles/yolov8_msgs__rosidl_typesupport_c.dir/rosidl_typesupport_c/yolov8_msgs/msg/key_point3_d_array__type_support.cpp.o[0m
[6.172s] [ 51%] [32mBuilding C object CMakeFiles/yolov8_msgs__rosidl_typesupport_introspection_c.dir/rosidl_typesupport_introspection_c/yolov8_msgs/msg/detail/point2_d__type_support.c.o[0m
[6.182s] [ 51%] [32mBuilding CXX object CMakeFiles/yolov8_msgs__rosidl_typesupport_fastrtps_c.dir/rosidl_typesupport_fastrtps_c/yolov8_msgs/msg/detail/pose2_d__type_support_c.cpp.o[0m
[6.203s] [ 52%] [32mBuilding CXX object CMakeFiles/yolov8_msgs__rosidl_typesupport_c.dir/rosidl_typesupport_c/yolov8_msgs/msg/detection__type_support.cpp.o[0m
[6.212s] [ 53%] [32mBuilding CXX object CMakeFiles/yolov8_msgs__rosidl_typesupport_fastrtps_c.dir/rosidl_typesupport_fastrtps_c/yolov8_msgs/msg/detail/bounding_box2_d__type_support_c.cpp.o[0m
[6.264s] [ 54%] [32mBuilding C object CMakeFiles/yolov8_msgs__rosidl_typesupport_introspection_c.dir/rosidl_typesupport_introspection_c/yolov8_msgs/msg/detail/vector2__type_support.c.o[0m
[6.264s] [ 55%] [32mBuilding CXX object CMakeFiles/yolov8_msgs__rosidl_typesupport_c.dir/rosidl_typesupport_c/yolov8_msgs/msg/detection_array__type_support.cpp.o[0m
[6.338s] [ 56%] [32mBuilding CXX object CMakeFiles/yolov8_msgs__rosidl_typesupport_fastrtps_c.dir/rosidl_typesupport_fastrtps_c/yolov8_msgs/msg/detail/bounding_box3_d__type_support_c.cpp.o[0m
[6.339s] [ 57%] [32m[1mLinking CXX shared library libyolov8_msgs__rosidl_typesupport_c.so[0m
[6.358s] [ 58%] [32mBuilding C object CMakeFiles/yolov8_msgs__rosidl_typesupport_introspection_c.dir/rosidl_typesupport_introspection_c/yolov8_msgs/msg/detail/pose2_d__type_support.c.o[0m
[6.359s] [ 59%] [32mBuilding CXX object CMakeFiles/yolov8_msgs__rosidl_typesupport_introspection_cpp.dir/rosidl_typesupport_introspection_cpp/yolov8_msgs/msg/detail/key_point2_d_array__type_support.cpp.o[0m
[6.416s] [ 59%] Built target yolov8_msgs__rosidl_typesupport_c
[6.427s] [ 59%] [32mBuilding C object CMakeFiles/yolov8_msgs__rosidl_typesupport_introspection_c.dir/rosidl_typesupport_introspection_c/yolov8_msgs/msg/detail/bounding_box2_d__type_support.c.o[0m
[6.431s] [ 60%] [32mBuilding CXX object CMakeFiles/yolov8_msgs__rosidl_typesupport_fastrtps_cpp.dir/rosidl_typesupport_fastrtps_cpp/yolov8_msgs/msg/detail/dds_fastrtps/key_point3_d__type_support.cpp.o[0m
[6.438s] [ 61%] [32mBuilding C object CMakeFiles/yolov8_msgs__rosidl_typesupport_introspection_c.dir/rosidl_typesupport_introspection_c/yolov8_msgs/msg/detail/bounding_box3_d__type_support.c.o[0m
[6.486s] [ 62%] [32mBuilding CXX object CMakeFiles/yolov8_msgs__rosidl_typesupport_fastrtps_c.dir/rosidl_typesupport_fastrtps_c/yolov8_msgs/msg/detail/mask__type_support_c.cpp.o[0m
[6.503s] [ 63%] [32mBuilding CXX object CMakeFiles/yolov8_msgs__rosidl_typesupport_fastrtps_cpp.dir/rosidl_typesupport_fastrtps_cpp/yolov8_msgs/msg/detail/dds_fastrtps/key_point3_d_array__type_support.cpp.o[0m
[6.507s] [ 64%] [32mBuilding CXX object CMakeFiles/yolov8_msgs__rosidl_typesupport_introspection_cpp.dir/rosidl_typesupport_introspection_cpp/yolov8_msgs/msg/detail/key_point3_d__type_support.cpp.o[0m
[6.507s] [ 65%] [32mBuilding C object CMakeFiles/yolov8_msgs__rosidl_typesupport_introspection_c.dir/rosidl_typesupport_introspection_c/yolov8_msgs/msg/detail/mask__type_support.c.o[0m
[6.508s] [ 66%] [32mBuilding CXX object CMakeFiles/yolov8_msgs__rosidl_typesupport_fastrtps_c.dir/rosidl_typesupport_fastrtps_c/yolov8_msgs/msg/detail/key_point2_d__type_support_c.cpp.o[0m
[6.529s] [ 67%] [32mBuilding CXX object CMakeFiles/yolov8_msgs__rosidl_typesupport_fastrtps_cpp.dir/rosidl_typesupport_fastrtps_cpp/yolov8_msgs/msg/detail/dds_fastrtps/detection__type_support.cpp.o[0m
[6.600s] [ 68%] [32mBuilding CXX object CMakeFiles/yolov8_msgs__rosidl_typesupport_fastrtps_c.dir/rosidl_typesupport_fastrtps_c/yolov8_msgs/msg/detail/key_point2_d_array__type_support_c.cpp.o[0m
[6.601s] [ 69%] [32mBuilding C object CMakeFiles/yolov8_msgs__rosidl_typesupport_introspection_c.dir/rosidl_typesupport_introspection_c/yolov8_msgs/msg/detail/key_point2_d__type_support.c.o[0m
[6.672s] [ 70%] [32mBuilding CXX object CMakeFiles/yolov8_msgs__rosidl_typesupport_introspection_cpp.dir/rosidl_typesupport_introspection_cpp/yolov8_msgs/msg/detail/key_point3_d_array__type_support.cpp.o[0m
[6.676s] [ 71%] [32mBuilding C object CMakeFiles/yolov8_msgs__rosidl_typesupport_introspection_c.dir/rosidl_typesupport_introspection_c/yolov8_msgs/msg/detail/key_point2_d_array__type_support.c.o[0m
[6.753s] [ 72%] [32mBuilding C object CMakeFiles/yolov8_msgs__rosidl_typesupport_introspection_c.dir/rosidl_typesupport_introspection_c/yolov8_msgs/msg/detail/key_point3_d__type_support.c.o[0m
[6.770s] [ 72%] [32mBuilding CXX object CMakeFiles/yolov8_msgs__rosidl_typesupport_fastrtps_cpp.dir/rosidl_typesupport_fastrtps_cpp/yolov8_msgs/msg/detail/dds_fastrtps/detection_array__type_support.cpp.o[0m
[6.782s] [ 72%] [32mBuilding CXX object CMakeFiles/yolov8_msgs__rosidl_typesupport_fastrtps_c.dir/rosidl_typesupport_fastrtps_c/yolov8_msgs/msg/detail/key_point3_d__type_support_c.cpp.o[0m
[6.812s] [ 73%] [32mBuilding C object CMakeFiles/yolov8_msgs__rosidl_typesupport_introspection_c.dir/rosidl_typesupport_introspection_c/yolov8_msgs/msg/detail/key_point3_d_array__type_support.c.o[0m
[6.860s] [ 73%] [32mBuilding C object CMakeFiles/yolov8_msgs__rosidl_typesupport_introspection_c.dir/rosidl_typesupport_introspection_c/yolov8_msgs/msg/detail/detection__type_support.c.o[0m
[6.896s] [ 74%] [32mBuilding CXX object CMakeFiles/yolov8_msgs__rosidl_typesupport_introspection_cpp.dir/rosidl_typesupport_introspection_cpp/yolov8_msgs/msg/detail/detection__type_support.cpp.o[0m
[6.909s] [ 76%] [32mBuilding CXX object CMakeFiles/yolov8_msgs__rosidl_typesupport_fastrtps_c.dir/rosidl_typesupport_fastrtps_c/yolov8_msgs/msg/detail/key_point3_d_array__type_support_c.cpp.o[0m
[6.909s] [ 76%] [32mBuilding CXX object CMakeFiles/yolov8_msgs__rosidl_typesupport_introspection_cpp.dir/rosidl_typesupport_introspection_cpp/yolov8_msgs/msg/detail/detection_array__type_support.cpp.o[0m
[6.910s] [ 77%] [32mBuilding C object CMakeFiles/yolov8_msgs__rosidl_typesupport_introspection_c.dir/rosidl_typesupport_introspection_c/yolov8_msgs/msg/detail/detection_array__type_support.c.o[0m
[6.966s] [ 78%] [32m[1mLinking C shared library libyolov8_msgs__rosidl_typesupport_introspection_c.so[0m
[6.988s] [ 79%] [32mBuilding CXX object CMakeFiles/yolov8_msgs__rosidl_typesupport_fastrtps_c.dir/rosidl_typesupport_fastrtps_c/yolov8_msgs/msg/detail/detection__type_support_c.cpp.o[0m
[7.017s] [ 79%] Built target yolov8_msgs__rosidl_typesupport_introspection_c
[7.030s] [ 80%] [32mBuilding CXX object CMakeFiles/yolov8_msgs__rosidl_typesupport_fastrtps_c.dir/rosidl_typesupport_fastrtps_c/yolov8_msgs/msg/detail/detection_array__type_support_c.cpp.o[0m
[7.289s] [ 81%] [32m[1mLinking CXX shared library libyolov8_msgs__rosidl_typesupport_fastrtps_cpp.so[0m
[7.291s] [ 82%] [32m[1mLinking CXX shared library libyolov8_msgs__rosidl_typesupport_fastrtps_c.so[0m
[7.346s] [ 82%] Built target yolov8_msgs__rosidl_typesupport_fastrtps_c
[7.347s] [ 82%] Built target yolov8_msgs__rosidl_typesupport_fastrtps_cpp
[7.403s] [ 83%] [32m[1mLinking CXX shared library libyolov8_msgs__rosidl_typesupport_introspection_cpp.so[0m
[7.460s] [ 83%] Built target yolov8_msgs__rosidl_typesupport_introspection_cpp
[7.475s] [ 83%] Built target yolov8_msgs
[7.489s] [ 84%] [34m[1mGenerating Python code for ROS interfaces[0m
[8.527s] [ 84%] Built target yolov8_msgs__py
[8.545s] [ 86%] [32mBuilding C object CMakeFiles/yolov8_msgs__rosidl_generator_py.dir/rosidl_generator_py/yolov8_msgs/msg/_bounding_box2_d_s.c.o[0m
[8.546s] [ 86%] [32mBuilding C object CMakeFiles/yolov8_msgs__rosidl_generator_py.dir/rosidl_generator_py/yolov8_msgs/msg/_pose2_d_s.c.o[0m
[8.546s] [ 86%] [32mBuilding C object CMakeFiles/yolov8_msgs__rosidl_generator_py.dir/rosidl_generator_py/yolov8_msgs/msg/_vector2_s.c.o[0m
[8.546s] [ 90%] [32mBuilding C object CMakeFiles/yolov8_msgs__rosidl_generator_py.dir/rosidl_generator_py/yolov8_msgs/msg/_point2_d_s.c.o[0m
[8.546s] [ 90%] [32mBuilding C object CMakeFiles/yolov8_msgs__rosidl_generator_py.dir/rosidl_generator_py/yolov8_msgs/msg/_bounding_box3_d_s.c.o[0m
[8.546s] [ 91%] [32mBuilding C object CMakeFiles/yolov8_msgs__rosidl_generator_py.dir/rosidl_generator_py/yolov8_msgs/msg/_mask_s.c.o[0m
[8.546s] [ 91%] [32mBuilding C object CMakeFiles/yolov8_msgs__rosidl_generator_py.dir/rosidl_generator_py/yolov8_msgs/msg/_key_point2_d_s.c.o[0m
[8.546s] [ 91%] [32mBuilding C object CMakeFiles/yolov8_msgs__rosidl_generator_py.dir/rosidl_generator_py/yolov8_msgs/msg/_key_point3_d_array_s.c.o[0m
[8.546s] [ 90%] [32mBuilding C object CMakeFiles/yolov8_msgs__rosidl_generator_py.dir/rosidl_generator_py/yolov8_msgs/msg/_key_point2_d_array_s.c.o[0m
[8.546s] [ 92%] [32mBuilding C object CMakeFiles/yolov8_msgs__rosidl_generator_py.dir/rosidl_generator_py/yolov8_msgs/msg/_detection_array_s.c.o[0m
[8.546s] [ 94%] [32mBuilding C object CMakeFiles/yolov8_msgs__rosidl_generator_py.dir/rosidl_generator_py/yolov8_msgs/msg/_key_point3_d_s.c.o[0m
[8.546s] [ 94%] [32mBuilding C object CMakeFiles/yolov8_msgs__rosidl_generator_py.dir/rosidl_generator_py/yolov8_msgs/msg/_detection_s.c.o[0m
[8.681s] [ 95%] [32m[1mLinking C shared library rosidl_generator_py/yolov8_msgs/libyolov8_msgs__rosidl_generator_py.so[0m
[8.713s] [ 95%] Built target yolov8_msgs__rosidl_generator_py
[8.728s] [ 95%] [32mBuilding C object CMakeFiles/yolov8_msgs__rosidl_typesupport_c__pyext.dir/rosidl_generator_py/yolov8_msgs/_yolov8_msgs_s.ep.rosidl_typesupport_c.c.o[0m
[8.728s] [ 97%] [32mBuilding C object CMakeFiles/yolov8_msgs__rosidl_typesupport_introspection_c__pyext.dir/rosidl_generator_py/yolov8_msgs/_yolov8_msgs_s.ep.rosidl_typesupport_introspection_c.c.o[0m
[8.728s] [ 97%] [32mBuilding C object CMakeFiles/yolov8_msgs__rosidl_typesupport_fastrtps_c__pyext.dir/rosidl_generator_py/yolov8_msgs/_yolov8_msgs_s.ep.rosidl_typesupport_fastrtps_c.c.o[0m
[8.817s] [100%] [32m[1mLinking C shared library rosidl_generator_py/yolov8_msgs/yolov8_msgs_s__rosidl_typesupport_c.cpython-310-x86_64-linux-gnu.so[0m
[8.817s] [100%] [32m[1mLinking C shared library rosidl_generator_py/yolov8_msgs/yolov8_msgs_s__rosidl_typesupport_introspection_c.cpython-310-x86_64-linux-gnu.so[0m
[8.817s] [100%] [32m[1mLinking C shared library rosidl_generator_py/yolov8_msgs/yolov8_msgs_s__rosidl_typesupport_fastrtps_c.cpython-310-x86_64-linux-gnu.so[0m
[8.847s] [100%] Built target yolov8_msgs__rosidl_typesupport_c__pyext
[8.847s] [100%] Built target yolov8_msgs__rosidl_typesupport_introspection_c__pyext
[8.847s] [100%] Built target yolov8_msgs__rosidl_typesupport_fastrtps_c__pyext
[8.857s] Invoked command in '/home/reefranger/Desktop/ReefRanger/robot/robot/build/yolov8_msgs' returned '0': CMAKE_PREFIX_PATH=/opt/ros/humble /usr/bin/cmake --build /home/reefranger/Desktop/ReefRanger/robot/robot/build/yolov8_msgs -- -j12 -l12
[9.075s] Invoking command in '/home/reefranger/Desktop/ReefRanger/robot/robot/build/yolov8_msgs': CMAKE_PREFIX_PATH=/opt/ros/humble /usr/bin/cmake --install /home/reefranger/Desktop/ReefRanger/robot/robot/build/yolov8_msgs
[9.081s] -- Install configuration: ""
[9.081s] -- Installing: /home/reefranger/Desktop/ReefRanger/robot/robot/install/yolov8_msgs/share/ament_index/resource_index/rosidl_interfaces/yolov8_msgs
[9.081s] -- Installing: /home/reefranger/Desktop/ReefRanger/robot/robot/install/yolov8_msgs/include/yolov8_msgs/yolov8_msgs
[9.081s] -- Installing: /home/reefranger/Desktop/ReefRanger/robot/robot/install/yolov8_msgs/include/yolov8_msgs/yolov8_msgs/msg
[9.081s] -- Installing: /home/reefranger/Desktop/ReefRanger/robot/robot/install/yolov8_msgs/include/yolov8_msgs/yolov8_msgs/msg/mask.h
[9.081s] -- Installing: /home/reefranger/Desktop/ReefRanger/robot/robot/install/yolov8_msgs/include/yolov8_msgs/yolov8_msgs/msg/detection.h
[9.082s] -- Installing: /home/reefranger/Desktop/ReefRanger/robot/robot/install/yolov8_msgs/include/yolov8_msgs/yolov8_msgs/msg/detail
[9.082s] -- Installing: /home/reefranger/Desktop/ReefRanger/robot/robot/install/yolov8_msgs/include/yolov8_msgs/yolov8_msgs/msg/detail/point2_d__struct.h
[9.082s] -- Installing: /home/reefranger/Desktop/ReefRanger/robot/robot/install/yolov8_msgs/include/yolov8_msgs/yolov8_msgs/msg/detail/vector2__type_support.h
[9.082s] -- Installing: /home/reefranger/Desktop/ReefRanger/robot/robot/install/yolov8_msgs/include/yolov8_msgs/yolov8_msgs/msg/detail/point2_d__type_support.h
[9.082s] -- Installing: /home/reefranger/Desktop/ReefRanger/robot/robot/install/yolov8_msgs/include/yolov8_msgs/yolov8_msgs/msg/detail/detection__functions.c
[9.082s] -- Installing: /home/reefranger/Desktop/ReefRanger/robot/robot/install/yolov8_msgs/include/yolov8_msgs/yolov8_msgs/msg/detail/detection__type_support.h
[9.082s] -- Installing: /home/reefranger/Desktop/ReefRanger/robot/robot/install/yolov8_msgs/include/yolov8_msgs/yolov8_msgs/msg/detail/bounding_box2_d__type_support.h
[9.082s] -- Installing: /home/reefranger/Desktop/ReefRanger/robot/robot/install/yolov8_msgs/include/yolov8_msgs/yolov8_msgs/msg/detail/key_point3_d__type_support.h
[9.082s] -- Installing: /home/reefranger/Desktop/ReefRanger/robot/robot/install/yolov8_msgs/include/yolov8_msgs/yolov8_msgs/msg/detail/bounding_box2_d__functions.c
[9.082s] -- Installing: /home/reefranger/Desktop/ReefRanger/robot/robot/install/yolov8_msgs/include/yolov8_msgs/yolov8_msgs/msg/detail/key_point3_d_array__functions.h
[9.082s] -- Installing: /home/reefranger/Desktop/ReefRanger/robot/robot/install/yolov8_msgs/include/yolov8_msgs/yolov8_msgs/msg/detail/point2_d__functions.c
[9.083s] -- Installing: /home/reefranger/Desktop/ReefRanger/robot/robot/install/yolov8_msgs/include/yolov8_msgs/yolov8_msgs/msg/detail/pose2_d__type_support.h
[9.083s] -- Installing: /home/reefranger/Desktop/ReefRanger/robot/robot/install/yolov8_msgs/include/yolov8_msgs/yolov8_msgs/msg/detail/vector2__functions.h
[9.083s] -- Installing: /home/reefranger/Desktop/ReefRanger/robot/robot/install/yolov8_msgs/include/yolov8_msgs/yolov8_msgs/msg/detail/mask__functions.h
[9.083s] -- Installing: /home/reefranger/Desktop/ReefRanger/robot/robot/install/yolov8_msgs/include/yolov8_msgs/yolov8_msgs/msg/detail/bounding_box2_d__struct.h
[9.083s] -- Installing: /home/reefranger/Desktop/ReefRanger/robot/robot/install/yolov8_msgs/include/yolov8_msgs/yolov8_msgs/msg/detail/key_point3_d__functions.h
[9.083s] -- Installing: /home/reefranger/Desktop/ReefRanger/robot/robot/install/yolov8_msgs/include/yolov8_msgs/yolov8_msgs/msg/detail/bounding_box3_d__functions.h
[9.083s] -- Installing: /home/reefranger/Desktop/ReefRanger/robot/robot/install/yolov8_msgs/include/yolov8_msgs/yolov8_msgs/msg/detail/detection__functions.h
[9.083s] -- Installing: /home/reefranger/Desktop/ReefRanger/robot/robot/install/yolov8_msgs/include/yolov8_msgs/yolov8_msgs/msg/detail/vector2__functions.c
[9.083s] -- Installing: /home/reefranger/Desktop/ReefRanger/robot/robot/install/yolov8_msgs/include/yolov8_msgs/yolov8_msgs/msg/detail/key_point3_d_array__struct.h
[9.083s] -- Installing: /home/reefranger/Desktop/ReefRanger/robot/robot/install/yolov8_msgs/include/yolov8_msgs/yolov8_msgs/msg/detail/mask__struct.h
[9.084s] -- Installing: /home/reefranger/Desktop/ReefRanger/robot/robot/install/yolov8_msgs/include/yolov8_msgs/yolov8_msgs/msg/detail/bounding_box2_d__functions.h
[9.084s] -- Installing: /home/reefranger/Desktop/ReefRanger/robot/robot/install/yolov8_msgs/include/yolov8_msgs/yolov8_msgs/msg/detail/bounding_box3_d__struct.h
[9.084s] -- Installing: /home/reefranger/Desktop/ReefRanger/robot/robot/install/yolov8_msgs/include/yolov8_msgs/yolov8_msgs/msg/detail/pose2_d__functions.c
[9.084s] -- Installing: /home/reefranger/Desktop/ReefRanger/robot/robot/install/yolov8_msgs/include/yolov8_msgs/yolov8_msgs/msg/detail/detection_array__functions.h
[9.084s] -- Installing: /home/reefranger/Desktop/ReefRanger/robot/robot/install/yolov8_msgs/include/yolov8_msgs/yolov8_msgs/msg/detail/key_point2_d__struct.h
[9.084s] -- Installing: /home/reefranger/Desktop/ReefRanger/robot/robot/install/yolov8_msgs/include/yolov8_msgs/yolov8_msgs/msg/detail/detection_array__struct.h
[9.084s] -- Installing: /home/reefranger/Desktop/ReefRanger/robot/robot/install/yolov8_msgs/include/yolov8_msgs/yolov8_msgs/msg/detail/bounding_box3_d__functions.c
[9.084s] -- Installing: /home/reefranger/Desktop/ReefRanger/robot/robot/install/yolov8_msgs/include/yolov8_msgs/yolov8_msgs/msg/detail/key_point3_d_array__type_support.h
[9.084s] -- Installing: /home/reefranger/Desktop/ReefRanger/robot/robot/install/yolov8_msgs/include/yolov8_msgs/yolov8_msgs/msg/detail/key_point2_d__functions.h
[9.084s] -- Installing: /home/reefranger/Desktop/ReefRanger/robot/robot/install/yolov8_msgs/include/yolov8_msgs/yolov8_msgs/msg/detail/key_point2_d__functions.c
[9.085s] -- Installing: /home/reefranger/Desktop/ReefRanger/robot/robot/install/yolov8_msgs/include/yolov8_msgs/yolov8_msgs/msg/detail/key_point3_d_array__functions.c
[9.085s] -- Installing: /home/reefranger/Desktop/ReefRanger/robot/robot/install/yolov8_msgs/include/yolov8_msgs/yolov8_msgs/msg/detail/key_point2_d_array__struct.h
[9.085s] -- Installing: /home/reefranger/Desktop/ReefRanger/robot/robot/install/yolov8_msgs/include/yolov8_msgs/yolov8_msgs/msg/detail/key_point3_d__struct.h
[9.085s] -- Installing: /home/reefranger/Desktop/ReefRanger/robot/robot/install/yolov8_msgs/include/yolov8_msgs/yolov8_msgs/msg/detail/bounding_box3_d__type_support.h
[9.085s] -- Installing: /home/reefranger/Desktop/ReefRanger/robot/robot/install/yolov8_msgs/include/yolov8_msgs/yolov8_msgs/msg/detail/key_point3_d__functions.c
[9.085s] -- Installing: /home/reefranger/Desktop/ReefRanger/robot/robot/install/yolov8_msgs/include/yolov8_msgs/yolov8_msgs/msg/detail/mask__type_support.h
[9.085s] -- Installing: /home/reefranger/Desktop/ReefRanger/robot/robot/install/yolov8_msgs/include/yolov8_msgs/yolov8_msgs/msg/detail/detection__struct.h
[9.085s] -- Installing: /home/reefranger/Desktop/ReefRanger/robot/robot/install/yolov8_msgs/include/yolov8_msgs/yolov8_msgs/msg/detail/key_point2_d_array__type_support.h
[9.085s] -- Installing: /home/reefranger/Desktop/ReefRanger/robot/robot/install/yolov8_msgs/include/yolov8_msgs/yolov8_msgs/msg/detail/key_point2_d_array__functions.h
[9.085s] -- Installing: /home/reefranger/Desktop/ReefRanger/robot/robot/install/yolov8_msgs/include/yolov8_msgs/yolov8_msgs/msg/detail/point2_d__functions.h
[9.086s] -- Installing: /home/reefranger/Desktop/ReefRanger/robot/robot/install/yolov8_msgs/include/yolov8_msgs/yolov8_msgs/msg/detail/pose2_d__struct.h
[9.086s] -- Installing: /home/reefranger/Desktop/ReefRanger/robot/robot/install/yolov8_msgs/include/yolov8_msgs/yolov8_msgs/msg/detail/pose2_d__functions.h
[9.086s] -- Installing: /home/reefranger/Desktop/ReefRanger/robot/robot/install/yolov8_msgs/include/yolov8_msgs/yolov8_msgs/msg/detail/mask__functions.c
[9.086s] -- Installing: /home/reefranger/Desktop/ReefRanger/robot/robot/install/yolov8_msgs/include/yolov8_msgs/yolov8_msgs/msg/detail/key_point2_d_array__functions.c
[9.086s] -- Installing: /home/reefranger/Desktop/ReefRanger/robot/robot/install/yolov8_msgs/include/yolov8_msgs/yolov8_msgs/msg/detail/key_point2_d__type_support.h
[9.086s] -- Installing: /home/reefranger/Desktop/ReefRanger/robot/robot/install/yolov8_msgs/include/yolov8_msgs/yolov8_msgs/msg/detail/detection_array__type_support.h
[9.086s] -- Installing: /home/reefranger/Desktop/ReefRanger/robot/robot/install/yolov8_msgs/include/yolov8_msgs/yolov8_msgs/msg/detail/detection_array__functions.c
[9.086s] -- Installing: /home/reefranger/Desktop/ReefRanger/robot/robot/install/yolov8_msgs/include/yolov8_msgs/yolov8_msgs/msg/detail/vector2__struct.h
[9.086s] -- Installing: /home/reefranger/Desktop/ReefRanger/robot/robot/install/yolov8_msgs/include/yolov8_msgs/yolov8_msgs/msg/vector2.h
[9.087s] -- Installing: /home/reefranger/Desktop/ReefRanger/robot/robot/install/yolov8_msgs/include/yolov8_msgs/yolov8_msgs/msg/key_point2_d.h
[9.087s] -- Installing: /home/reefranger/Desktop/ReefRanger/robot/robot/install/yolov8_msgs/include/yolov8_msgs/yolov8_msgs/msg/key_point3_d_array.h
[9.087s] -- Installing: /home/reefranger/Desktop/ReefRanger/robot/robot/install/yolov8_msgs/include/yolov8_msgs/yolov8_msgs/msg/bounding_box2_d.h
[9.087s] -- Installing: /home/reefranger/Desktop/ReefRanger/robot/robot/install/yolov8_msgs/include/yolov8_msgs/yolov8_msgs/msg/pose2_d.h
[9.087s] -- Installing: /home/reefranger/Desktop/ReefRanger/robot/robot/install/yolov8_msgs/include/yolov8_msgs/yolov8_msgs/msg/point2_d.h
[9.087s] -- Installing: /home/reefranger/Desktop/ReefRanger/robot/robot/install/yolov8_msgs/include/yolov8_msgs/yolov8_msgs/msg/key_point2_d_array.h
[9.087s] -- Installing: /home/reefranger/Desktop/ReefRanger/robot/robot/install/yolov8_msgs/include/yolov8_msgs/yolov8_msgs/msg/rosidl_generator_c__visibility_control.h
[9.087s] -- Installing: /home/reefranger/Desktop/ReefRanger/robot/robot/install/yolov8_msgs/include/yolov8_msgs/yolov8_msgs/msg/bounding_box3_d.h
[9.087s] -- Installing: /home/reefranger/Desktop/ReefRanger/robot/robot/install/yolov8_msgs/include/yolov8_msgs/yolov8_msgs/msg/detection_array.h
[9.087s] -- Installing: /home/reefranger/Desktop/ReefRanger/robot/robot/install/yolov8_msgs/include/yolov8_msgs/yolov8_msgs/msg/key_point3_d.h
[9.088s] -- Installing: /home/reefranger/Desktop/ReefRanger/robot/robot/install/yolov8_msgs/share/yolov8_msgs/environment/library_path.sh
[9.088s] -- Installing: /home/reefranger/Desktop/ReefRanger/robot/robot/install/yolov8_msgs/share/yolov8_msgs/environment/library_path.dsv
[9.088s] -- Installing: /home/reefranger/Desktop/ReefRanger/robot/robot/install/yolov8_msgs/lib/libyolov8_msgs__rosidl_generator_c.so
[9.088s] -- Set runtime path of "/home/reefranger/Desktop/ReefRanger/robot/robot/install/yolov8_msgs/lib/libyolov8_msgs__rosidl_generator_c.so" to ""
[9.088s] -- Up-to-date: /home/reefranger/Desktop/ReefRanger/robot/robot/install/yolov8_msgs/include/yolov8_msgs/yolov8_msgs
[9.088s] -- Up-to-date: /home/reefranger/Desktop/ReefRanger/robot/robot/install/yolov8_msgs/include/yolov8_msgs/yolov8_msgs/msg
[9.088s] -- Up-to-date: /home/reefranger/Desktop/ReefRanger/robot/robot/install/yolov8_msgs/include/yolov8_msgs/yolov8_msgs/msg/detail
[9.088s] -- Installing: /home/reefranger/Desktop/ReefRanger/robot/robot/install/yolov8_msgs/include/yolov8_msgs/yolov8_msgs/msg/detail/key_point2_d__rosidl_typesupport_fastrtps_c.h
[9.088s] -- Installing: /home/reefranger/Desktop/ReefRanger/robot/robot/install/yolov8_msgs/include/yolov8_msgs/yolov8_msgs/msg/detail/mask__rosidl_typesupport_fastrtps_c.h
[9.088s] -- Installing: /home/reefranger/Desktop/ReefRanger/robot/robot/install/yolov8_msgs/include/yolov8_msgs/yolov8_msgs/msg/detail/point2_d__rosidl_typesupport_fastrtps_c.h
[9.089s] -- Installing: /home/reefranger/Desktop/ReefRanger/robot/robot/install/yolov8_msgs/include/yolov8_msgs/yolov8_msgs/msg/detail/detection_array__rosidl_typesupport_fastrtps_c.h
[9.089s] -- Installing: /home/reefranger/Desktop/ReefRanger/robot/robot/install/yolov8_msgs/include/yolov8_msgs/yolov8_msgs/msg/detail/bounding_box3_d__rosidl_typesupport_fastrtps_c.h
[9.089s] -- Installing: /home/reefranger/Desktop/ReefRanger/robot/robot/install/yolov8_msgs/include/yolov8_msgs/yolov8_msgs/msg/detail/pose2_d__rosidl_typesupport_fastrtps_c.h
[9.089s] -- Installing: /home/reefranger/Desktop/ReefRanger/robot/robot/install/yolov8_msgs/include/yolov8_msgs/yolov8_msgs/msg/detail/key_point2_d_array__rosidl_typesupport_fastrtps_c.h
[9.089s] -- Installing: /home/reefranger/Desktop/ReefRanger/robot/robot/install/yolov8_msgs/include/yolov8_msgs/yolov8_msgs/msg/detail/key_point3_d__rosidl_typesupport_fastrtps_c.h
[9.089s] -- Installing: /home/reefranger/Desktop/ReefRanger/robot/robot/install/yolov8_msgs/include/yolov8_msgs/yolov8_msgs/msg/detail/vector2__rosidl_typesupport_fastrtps_c.h
[9.089s] -- Installing: /home/reefranger/Desktop/ReefRanger/robot/robot/install/yolov8_msgs/include/yolov8_msgs/yolov8_msgs/msg/detail/bounding_box2_d__rosidl_typesupport_fastrtps_c.h
[9.089s] -- Installing: /home/reefranger/Desktop/ReefRanger/robot/robot/install/yolov8_msgs/include/yolov8_msgs/yolov8_msgs/msg/detail/detection__rosidl_typesupport_fastrtps_c.h
[9.089s] -- Installing: /home/reefranger/Desktop/ReefRanger/robot/robot/install/yolov8_msgs/include/yolov8_msgs/yolov8_msgs/msg/detail/key_point3_d_array__rosidl_typesupport_fastrtps_c.h
[9.090s] -- Installing: /home/reefranger/Desktop/ReefRanger/robot/robot/install/yolov8_msgs/include/yolov8_msgs/yolov8_msgs/msg/rosidl_typesupport_fastrtps_c__visibility_control.h
[9.090s] -- Installing: /home/reefranger/Desktop/ReefRanger/robot/robot/install/yolov8_msgs/lib/libyolov8_msgs__rosidl_typesupport_fastrtps_c.so
[9.090s] -- Set runtime path of "/home/reefranger/Desktop/ReefRanger/robot/robot/install/yolov8_msgs/lib/libyolov8_msgs__rosidl_typesupport_fastrtps_c.so" to ""
[9.090s] -- Up-to-date: /home/reefranger/Desktop/ReefRanger/robot/robot/install/yolov8_msgs/include/yolov8_msgs/yolov8_msgs
[9.090s] -- Up-to-date: /home/reefranger/Desktop/ReefRanger/robot/robot/install/yolov8_msgs/include/yolov8_msgs/yolov8_msgs/msg
[9.090s] -- Up-to-date: /home/reefranger/Desktop/ReefRanger/robot/robot/install/yolov8_msgs/include/yolov8_msgs/yolov8_msgs/msg/detail
[9.090s] -- Installing: /home/reefranger/Desktop/ReefRanger/robot/robot/install/yolov8_msgs/include/yolov8_msgs/yolov8_msgs/msg/detail/mask__type_support.c
[9.090s] -- Installing: /home/reefranger/Desktop/ReefRanger/robot/robot/install/yolov8_msgs/include/yolov8_msgs/yolov8_msgs/msg/detail/key_point3_d_array__type_support.c
[9.090s] -- Installing: /home/reefranger/Desktop/ReefRanger/robot/robot/install/yolov8_msgs/include/yolov8_msgs/yolov8_msgs/msg/detail/key_point2_d_array__type_support.c
[9.090s] -- Installing: /home/reefranger/Desktop/ReefRanger/robot/robot/install/yolov8_msgs/include/yolov8_msgs/yolov8_msgs/msg/detail/detection__type_support.c
[9.091s] -- Installing: /home/reefranger/Desktop/ReefRanger/robot/robot/install/yolov8_msgs/include/yolov8_msgs/yolov8_msgs/msg/detail/pose2_d__rosidl_typesupport_introspection_c.h
[9.091s] -- Installing: /home/reefranger/Desktop/ReefRanger/robot/robot/install/yolov8_msgs/include/yolov8_msgs/yolov8_msgs/msg/detail/key_point3_d__rosidl_typesupport_introspection_c.h
[9.091s] -- Installing: /home/reefranger/Desktop/ReefRanger/robot/robot/install/yolov8_msgs/include/yolov8_msgs/yolov8_msgs/msg/detail/detection_array__type_support.c
[9.091s] -- Installing: /home/reefranger/Desktop/ReefRanger/robot/robot/install/yolov8_msgs/include/yolov8_msgs/yolov8_msgs/msg/detail/bounding_box2_d__rosidl_typesupport_introspection_c.h
[9.091s] -- Installing: /home/reefranger/Desktop/ReefRanger/robot/robot/install/yolov8_msgs/include/yolov8_msgs/yolov8_msgs/msg/detail/key_point2_d_array__rosidl_typesupport_introspection_c.h
[9.091s] -- Installing: /home/reefranger/Desktop/ReefRanger/robot/robot/install/yolov8_msgs/include/yolov8_msgs/yolov8_msgs/msg/detail/point2_d__rosidl_typesupport_introspection_c.h
[9.091s] -- Installing: /home/reefranger/Desktop/ReefRanger/robot/robot/install/yolov8_msgs/include/yolov8_msgs/yolov8_msgs/msg/detail/key_point2_d__rosidl_typesupport_introspection_c.h
[9.091s] -- Installing: /home/reefranger/Desktop/ReefRanger/robot/robot/install/yolov8_msgs/include/yolov8_msgs/yolov8_msgs/msg/detail/point2_d__type_support.c
[9.091s] -- Installing: /home/reefranger/Desktop/ReefRanger/robot/robot/install/yolov8_msgs/include/yolov8_msgs/yolov8_msgs/msg/detail/key_point2_d__type_support.c
[9.091s] -- Installing: /home/reefranger/Desktop/ReefRanger/robot/robot/install/yolov8_msgs/include/yolov8_msgs/yolov8_msgs/msg/detail/mask__rosidl_typesupport_introspection_c.h
[9.092s] -- Installing: /home/reefranger/Desktop/ReefRanger/robot/robot/install/yolov8_msgs/include/yolov8_msgs/yolov8_msgs/msg/detail/detection__rosidl_typesupport_introspection_c.h
[9.092s] -- Installing: /home/reefranger/Desktop/ReefRanger/robot/robot/install/yolov8_msgs/include/yolov8_msgs/yolov8_msgs/msg/detail/key_point3_d__type_support.c
[9.092s] -- Installing: /home/reefranger/Desktop/ReefRanger/robot/robot/install/yolov8_msgs/include/yolov8_msgs/yolov8_msgs/msg/detail/detection_array__rosidl_typesupport_introspection_c.h
[9.092s] -- Installing: /home/reefranger/Desktop/ReefRanger/robot/robot/install/yolov8_msgs/include/yolov8_msgs/yolov8_msgs/msg/detail/key_point3_d_array__rosidl_typesupport_introspection_c.h
[9.092s] -- Installing: /home/reefranger/Desktop/ReefRanger/robot/robot/install/yolov8_msgs/include/yolov8_msgs/yolov8_msgs/msg/detail/bounding_box3_d__type_support.c
[9.092s] -- Installing: /home/reefranger/Desktop/ReefRanger/robot/robot/install/yolov8_msgs/include/yolov8_msgs/yolov8_msgs/msg/detail/bounding_box2_d__type_support.c
[9.092s] -- Installing: /home/reefranger/Desktop/ReefRanger/robot/robot/install/yolov8_msgs/include/yolov8_msgs/yolov8_msgs/msg/detail/bounding_box3_d__rosidl_typesupport_introspection_c.h
[9.092s] -- Installing: /home/reefranger/Desktop/ReefRanger/robot/robot/install/yolov8_msgs/include/yolov8_msgs/yolov8_msgs/msg/detail/pose2_d__type_support.c
[9.092s] -- Installing: /home/reefranger/Desktop/ReefRanger/robot/robot/install/yolov8_msgs/include/yolov8_msgs/yolov8_msgs/msg/detail/vector2__type_support.c
[9.093s] -- Installing: /home/reefranger/Desktop/ReefRanger/robot/robot/install/yolov8_msgs/include/yolov8_msgs/yolov8_msgs/msg/detail/vector2__rosidl_typesupport_introspection_c.h
[9.093s] -- Installing: /home/reefranger/Desktop/ReefRanger/robot/robot/install/yolov8_msgs/include/yolov8_msgs/yolov8_msgs/msg/rosidl_typesupport_introspection_c__visibility_control.h
[9.093s] -- Installing: /home/reefranger/Desktop/ReefRanger/robot/robot/install/yolov8_msgs/lib/libyolov8_msgs__rosidl_typesupport_introspection_c.so
[9.093s] -- Set runtime path of "/home/reefranger/Desktop/ReefRanger/robot/robot/install/yolov8_msgs/lib/libyolov8_msgs__rosidl_typesupport_introspection_c.so" to ""
[9.093s] -- Installing: /home/reefranger/Desktop/ReefRanger/robot/robot/install/yolov8_msgs/lib/libyolov8_msgs__rosidl_typesupport_c.so
[9.094s] -- Set runtime path of "/home/reefranger/Desktop/ReefRanger/robot/robot/install/yolov8_msgs/lib/libyolov8_msgs__rosidl_typesupport_c.so" to ""
[9.094s] -- Up-to-date: /home/reefranger/Desktop/ReefRanger/robot/robot/install/yolov8_msgs/include/yolov8_msgs/yolov8_msgs
[9.094s] -- Up-to-date: /home/reefranger/Desktop/ReefRanger/robot/robot/install/yolov8_msgs/include/yolov8_msgs/yolov8_msgs/msg
[9.094s] -- Installing: /home/reefranger/Desktop/ReefRanger/robot/robot/install/yolov8_msgs/include/yolov8_msgs/yolov8_msgs/msg/key_point3_d.hpp
[9.094s] -- Installing: /home/reefranger/Desktop/ReefRanger/robot/robot/install/yolov8_msgs/include/yolov8_msgs/yolov8_msgs/msg/key_point2_d.hpp
[9.094s] -- Installing: /home/reefranger/Desktop/ReefRanger/robot/robot/install/yolov8_msgs/include/yolov8_msgs/yolov8_msgs/msg/point2_d.hpp
[9.094s] -- Up-to-date: /home/reefranger/Desktop/ReefRanger/robot/robot/install/yolov8_msgs/include/yolov8_msgs/yolov8_msgs/msg/detail
[9.094s] -- Installing: /home/reefranger/Desktop/ReefRanger/robot/robot/install/yolov8_msgs/include/yolov8_msgs/yolov8_msgs/msg/detail/detection_array__struct.hpp
[9.094s] -- Installing: /home/reefranger/Desktop/ReefRanger/robot/robot/install/yolov8_msgs/include/yolov8_msgs/yolov8_msgs/msg/detail/mask__traits.hpp
[9.094s] -- Installing: /home/reefranger/Desktop/ReefRanger/robot/robot/install/yolov8_msgs/include/yolov8_msgs/yolov8_msgs/msg/detail/key_point3_d_array__builder.hpp
[9.094s] -- Installing: /home/reefranger/Desktop/ReefRanger/robot/robot/install/yolov8_msgs/include/yolov8_msgs/yolov8_msgs/msg/detail/vector2__traits.hpp
[9.094s] -- Installing: /home/reefranger/Desktop/ReefRanger/robot/robot/install/yolov8_msgs/include/yolov8_msgs/yolov8_msgs/msg/detail/mask__struct.hpp
[9.095s] -- Installing: /home/reefranger/Desktop/ReefRanger/robot/robot/install/yolov8_msgs/include/yolov8_msgs/yolov8_msgs/msg/detail/detection__struct.hpp
[9.095s] -- Installing: /home/reefranger/Desktop/ReefRanger/robot/robot/install/yolov8_msgs/include/yolov8_msgs/yolov8_msgs/msg/detail/bounding_box3_d__struct.hpp
[9.095s] -- Installing: /home/reefranger/Desktop/ReefRanger/robot/robot/install/yolov8_msgs/include/yolov8_msgs/yolov8_msgs/msg/detail/bounding_box2_d__struct.hpp
[9.095s] -- Installing: /home/reefranger/Desktop/ReefRanger/robot/robot/install/yolov8_msgs/include/yolov8_msgs/yolov8_msgs/msg/detail/key_point3_d__traits.hpp
[9.095s] -- Installing: /home/reefranger/Desktop/ReefRanger/robot/robot/install/yolov8_msgs/include/yolov8_msgs/yolov8_msgs/msg/detail/vector2__builder.hpp
[9.095s] -- Installing: /home/reefranger/Desktop/ReefRanger/robot/robot/install/yolov8_msgs/include/yolov8_msgs/yolov8_msgs/msg/detail/point2_d__builder.hpp
[9.095s] -- Installing: /home/reefranger/Desktop/ReefRanger/robot/robot/install/yolov8_msgs/include/yolov8_msgs/yolov8_msgs/msg/detail/detection__builder.hpp
[9.095s] -- Installing: /home/reefranger/Desktop/ReefRanger/robot/robot/install/yolov8_msgs/include/yolov8_msgs/yolov8_msgs/msg/detail/key_point3_d__struct.hpp
[9.095s] -- Installing: /home/reefranger/Desktop/ReefRanger/robot/robot/install/yolov8_msgs/include/yolov8_msgs/yolov8_msgs/msg/detail/bounding_box2_d__traits.hpp
[9.096s] -- Installing: /home/reefranger/Desktop/ReefRanger/robot/robot/install/yolov8_msgs/include/yolov8_msgs/yolov8_msgs/msg/detail/bounding_box3_d__builder.hpp
[9.096s] -- Installing: /home/reefranger/Desktop/ReefRanger/robot/robot/install/yolov8_msgs/include/yolov8_msgs/yolov8_msgs/msg/detail/bounding_box2_d__builder.hpp
[9.096s] -- Installing: /home/reefranger/Desktop/ReefRanger/robot/robot/install/yolov8_msgs/include/yolov8_msgs/yolov8_msgs/msg/detail/pose2_d__struct.hpp
[9.096s] -- Installing: /home/reefranger/Desktop/ReefRanger/robot/robot/install/yolov8_msgs/include/yolov8_msgs/yolov8_msgs/msg/detail/key_point2_d__builder.hpp
[9.096s] -- Installing: /home/reefranger/Desktop/ReefRanger/robot/robot/install/yolov8_msgs/include/yolov8_msgs/yolov8_msgs/msg/detail/key_point2_d_array__traits.hpp
[9.096s] -- Installing: /home/reefranger/Desktop/ReefRanger/robot/robot/install/yolov8_msgs/include/yolov8_msgs/yolov8_msgs/msg/detail/point2_d__traits.hpp
[9.096s] -- Installing: /home/reefranger/Desktop/ReefRanger/robot/robot/install/yolov8_msgs/include/yolov8_msgs/yolov8_msgs/msg/detail/key_point3_d__builder.hpp
[9.096s] -- Installing: /home/reefranger/Desktop/ReefRanger/robot/robot/install/yolov8_msgs/include/yolov8_msgs/yolov8_msgs/msg/detail/key_point3_d_array__traits.hpp
[9.096s] -- Installing: /home/reefranger/Desktop/ReefRanger/robot/robot/install/yolov8_msgs/include/yolov8_msgs/yolov8_msgs/msg/detail/pose2_d__traits.hpp
[9.097s] -- Installing: /home/reefranger/Desktop/ReefRanger/robot/robot/install/yolov8_msgs/include/yolov8_msgs/yolov8_msgs/msg/detail/detection__traits.hpp
[9.097s] -- Installing: /home/reefranger/Desktop/ReefRanger/robot/robot/install/yolov8_msgs/include/yolov8_msgs/yolov8_msgs/msg/detail/key_point2_d__struct.hpp
[9.097s] -- Installing: /home/reefranger/Desktop/ReefRanger/robot/robot/install/yolov8_msgs/include/yolov8_msgs/yolov8_msgs/msg/detail/key_point3_d_array__struct.hpp
[9.097s] -- Installing: /home/reefranger/Desktop/ReefRanger/robot/robot/install/yolov8_msgs/include/yolov8_msgs/yolov8_msgs/msg/detail/bounding_box3_d__traits.hpp
[9.097s] -- Installing: /home/reefranger/Desktop/ReefRanger/robot/robot/install/yolov8_msgs/include/yolov8_msgs/yolov8_msgs/msg/detail/mask__builder.hpp
[9.097s] -- Installing: /home/reefranger/Desktop/ReefRanger/robot/robot/install/yolov8_msgs/include/yolov8_msgs/yolov8_msgs/msg/detail/point2_d__struct.hpp
[9.097s] -- Installing: /home/reefranger/Desktop/ReefRanger/robot/robot/install/yolov8_msgs/include/yolov8_msgs/yolov8_msgs/msg/detail/key_point2_d_array__struct.hpp
[9.097s] -- Installing: /home/reefranger/Desktop/ReefRanger/robot/robot/install/yolov8_msgs/include/yolov8_msgs/yolov8_msgs/msg/detail/detection_array__traits.hpp
[9.097s] -- Installing: /home/reefranger/Desktop/ReefRanger/robot/robot/install/yolov8_msgs/include/yolov8_msgs/yolov8_msgs/msg/detail/key_point2_d_array__builder.hpp
[9.097s] -- Installing: /home/reefranger/Desktop/ReefRanger/robot/robot/install/yolov8_msgs/include/yolov8_msgs/yolov8_msgs/msg/detail/detection_array__builder.hpp
[9.098s] -- Installing: /home/reefranger/Desktop/ReefRanger/robot/robot/install/yolov8_msgs/include/yolov8_msgs/yolov8_msgs/msg/detail/key_point2_d__traits.hpp
[9.098s] -- Installing: /home/reefranger/Desktop/ReefRanger/robot/robot/install/yolov8_msgs/include/yolov8_msgs/yolov8_msgs/msg/detail/vector2__struct.hpp
[9.098s] -- Installing: /home/reefranger/Desktop/ReefRanger/robot/robot/install/yolov8_msgs/include/yolov8_msgs/yolov8_msgs/msg/detail/pose2_d__builder.hpp
[9.098s] -- Installing: /home/reefranger/Desktop/ReefRanger/robot/robot/install/yolov8_msgs/include/yolov8_msgs/yolov8_msgs/msg/bounding_box3_d.hpp
[9.098s] -- Installing: /home/reefranger/Desktop/ReefRanger/robot/robot/install/yolov8_msgs/include/yolov8_msgs/yolov8_msgs/msg/bounding_box2_d.hpp
[9.098s] -- Installing: /home/reefranger/Desktop/ReefRanger/robot/robot/install/yolov8_msgs/include/yolov8_msgs/yolov8_msgs/msg/key_point2_d_array.hpp
[9.098s] -- Installing: /home/reefranger/Desktop/ReefRanger/robot/robot/install/yolov8_msgs/include/yolov8_msgs/yolov8_msgs/msg/mask.hpp
[9.098s] -- Installing: /home/reefranger/Desktop/ReefRanger/robot/robot/install/yolov8_msgs/include/yolov8_msgs/yolov8_msgs/msg/detection.hpp
[9.098s] -- Installing: /home/reefranger/Desktop/ReefRanger/robot/robot/install/yolov8_msgs/include/yolov8_msgs/yolov8_msgs/msg/pose2_d.hpp
[9.098s] -- Installing: /home/reefranger/Desktop/ReefRanger/robot/robot/install/yolov8_msgs/include/yolov8_msgs/yolov8_msgs/msg/vector2.hpp
[9.099s] -- Installing: /home/reefranger/Desktop/ReefRanger/robot/robot/install/yolov8_msgs/include/yolov8_msgs/yolov8_msgs/msg/detection_array.hpp
[9.099s] -- Installing: /home/reefranger/Desktop/ReefRanger/robot/robot/install/yolov8_msgs/include/yolov8_msgs/yolov8_msgs/msg/key_point3_d_array.hpp
[9.099s] -- Up-to-date: /home/reefranger/Desktop/ReefRanger/robot/robot/install/yolov8_msgs/include/yolov8_msgs/yolov8_msgs
[9.099s] -- Up-to-date: /home/reefranger/Desktop/ReefRanger/robot/robot/install/yolov8_msgs/include/yolov8_msgs/yolov8_msgs/msg
[9.099s] -- Up-to-date: /home/reefranger/Desktop/ReefRanger/robot/robot/install/yolov8_msgs/include/yolov8_msgs/yolov8_msgs/msg/detail
[9.099s] -- Installing: /home/reefranger/Desktop/ReefRanger/robot/robot/install/yolov8_msgs/include/yolov8_msgs/yolov8_msgs/msg/detail/dds_fastrtps
[9.099s] -- Installing: /home/reefranger/Desktop/ReefRanger/robot/robot/install/yolov8_msgs/include/yolov8_msgs/yolov8_msgs/msg/detail/bounding_box2_d__rosidl_typesupport_fastrtps_cpp.hpp
[9.099s] -- Installing: /home/reefranger/Desktop/ReefRanger/robot/robot/install/yolov8_msgs/include/yolov8_msgs/yolov8_msgs/msg/detail/pose2_d__rosidl_typesupport_fastrtps_cpp.hpp
[9.099s] -- Installing: /home/reefranger/Desktop/ReefRanger/robot/robot/install/yolov8_msgs/include/yolov8_msgs/yolov8_msgs/msg/detail/point2_d__rosidl_typesupport_fastrtps_cpp.hpp
[9.099s] -- Installing: /home/reefranger/Desktop/ReefRanger/robot/robot/install/yolov8_msgs/include/yolov8_msgs/yolov8_msgs/msg/detail/key_point2_d_array__rosidl_typesupport_fastrtps_cpp.hpp
[9.099s] -- Installing: /home/reefranger/Desktop/ReefRanger/robot/robot/install/yolov8_msgs/include/yolov8_msgs/yolov8_msgs/msg/detail/key_point2_d__rosidl_typesupport_fastrtps_cpp.hpp
[9.100s] -- Installing: /home/reefranger/Desktop/ReefRanger/robot/robot/install/yolov8_msgs/include/yolov8_msgs/yolov8_msgs/msg/detail/mask__rosidl_typesupport_fastrtps_cpp.hpp
[9.100s] -- Installing: /home/reefranger/Desktop/ReefRanger/robot/robot/install/yolov8_msgs/include/yolov8_msgs/yolov8_msgs/msg/detail/bounding_box3_d__rosidl_typesupport_fastrtps_cpp.hpp
[9.100s] -- Installing: /home/reefranger/Desktop/ReefRanger/robot/robot/install/yolov8_msgs/include/yolov8_msgs/yolov8_msgs/msg/detail/detection__rosidl_typesupport_fastrtps_cpp.hpp
[9.100s] -- Installing: /home/reefranger/Desktop/ReefRanger/robot/robot/install/yolov8_msgs/include/yolov8_msgs/yolov8_msgs/msg/detail/key_point3_d__rosidl_typesupport_fastrtps_cpp.hpp
[9.100s] -- Installing: /home/reefranger/Desktop/ReefRanger/robot/robot/install/yolov8_msgs/include/yolov8_msgs/yolov8_msgs/msg/detail/detection_array__rosidl_typesupport_fastrtps_cpp.hpp
[9.100s] -- Installing: /home/reefranger/Desktop/ReefRanger/robot/robot/install/yolov8_msgs/include/yolov8_msgs/yolov8_msgs/msg/detail/key_point3_d_array__rosidl_typesupport_fastrtps_cpp.hpp
[9.100s] -- Installing: /home/reefranger/Desktop/ReefRanger/robot/robot/install/yolov8_msgs/include/yolov8_msgs/yolov8_msgs/msg/detail/vector2__rosidl_typesupport_fastrtps_cpp.hpp
[9.100s] -- Installing: /home/reefranger/Desktop/ReefRanger/robot/robot/install/yolov8_msgs/include/yolov8_msgs/yolov8_msgs/msg/rosidl_typesupport_fastrtps_cpp__visibility_control.h
[9.100s] -- Installing: /home/reefranger/Desktop/ReefRanger/robot/robot/install/yolov8_msgs/lib/libyolov8_msgs__rosidl_typesupport_fastrtps_cpp.so
[9.101s] -- Set runtime path of "/home/reefranger/Desktop/ReefRanger/robot/robot/install/yolov8_msgs/lib/libyolov8_msgs__rosidl_typesupport_fastrtps_cpp.so" to ""
[9.101s] -- Up-to-date: /home/reefranger/Desktop/ReefRanger/robot/robot/install/yolov8_msgs/include/yolov8_msgs/yolov8_msgs
[9.101s] -- Up-to-date: /home/reefranger/Desktop/ReefRanger/robot/robot/install/yolov8_msgs/include/yolov8_msgs/yolov8_msgs/msg
[9.101s] -- Up-to-date: /home/reefranger/Desktop/ReefRanger/robot/robot/install/yolov8_msgs/include/yolov8_msgs/yolov8_msgs/msg/detail
[9.101s] -- Installing: /home/reefranger/Desktop/ReefRanger/robot/robot/install/yolov8_msgs/include/yolov8_msgs/yolov8_msgs/msg/detail/key_point2_d_array__rosidl_typesupport_introspection_cpp.hpp
[9.101s] -- Installing: /home/reefranger/Desktop/ReefRanger/robot/robot/install/yolov8_msgs/include/yolov8_msgs/yolov8_msgs/msg/detail/detection_array__type_support.cpp
[9.101s] -- Installing: /home/reefranger/Desktop/ReefRanger/robot/robot/install/yolov8_msgs/include/yolov8_msgs/yolov8_msgs/msg/detail/key_point3_d_array__rosidl_typesupport_introspection_cpp.hpp
[9.101s] -- Installing: /home/reefranger/Desktop/ReefRanger/robot/robot/install/yolov8_msgs/include/yolov8_msgs/yolov8_msgs/msg/detail/key_point2_d__rosidl_typesupport_introspection_cpp.hpp
[9.102s] -- Installing: /home/reefranger/Desktop/ReefRanger/robot/robot/install/yolov8_msgs/include/yolov8_msgs/yolov8_msgs/msg/detail/point2_d__rosidl_typesupport_introspection_cpp.hpp
[9.102s] -- Installing: /home/reefranger/Desktop/ReefRanger/robot/robot/install/yolov8_msgs/include/yolov8_msgs/yolov8_msgs/msg/detail/detection__rosidl_typesupport_introspection_cpp.hpp
[9.102s] -- Installing: /home/reefranger/Desktop/ReefRanger/robot/robot/install/yolov8_msgs/include/yolov8_msgs/yolov8_msgs/msg/detail/bounding_box3_d__type_support.cpp
[9.102s] -- Installing: /home/reefranger/Desktop/ReefRanger/robot/robot/install/yolov8_msgs/include/yolov8_msgs/yolov8_msgs/msg/detail/key_point3_d__type_support.cpp
[9.102s] -- Installing: /home/reefranger/Desktop/ReefRanger/robot/robot/install/yolov8_msgs/include/yolov8_msgs/yolov8_msgs/msg/detail/pose2_d__type_support.cpp
[9.102s] -- Installing: /home/reefranger/Desktop/ReefRanger/robot/robot/install/yolov8_msgs/include/yolov8_msgs/yolov8_msgs/msg/detail/point2_d__type_support.cpp
[9.102s] -- Installing: /home/reefranger/Desktop/ReefRanger/robot/robot/install/yolov8_msgs/include/yolov8_msgs/yolov8_msgs/msg/detail/mask__type_support.cpp
[9.102s] -- Installing: /home/reefranger/Desktop/ReefRanger/robot/robot/install/yolov8_msgs/include/yolov8_msgs/yolov8_msgs/msg/detail/pose2_d__rosidl_typesupport_introspection_cpp.hpp
[9.102s] -- Installing: /home/reefranger/Desktop/ReefRanger/robot/robot/install/yolov8_msgs/include/yolov8_msgs/yolov8_msgs/msg/detail/bounding_box2_d__rosidl_typesupport_introspection_cpp.hpp
[9.103s] -- Installing: /home/reefranger/Desktop/ReefRanger/robot/robot/install/yolov8_msgs/include/yolov8_msgs/yolov8_msgs/msg/detail/bounding_box2_d__type_support.cpp
[9.103s] -- Installing: /home/reefranger/Desktop/ReefRanger/robot/robot/install/yolov8_msgs/include/yolov8_msgs/yolov8_msgs/msg/detail/key_point3_d_array__type_support.cpp
[9.103s] -- Installing: /home/reefranger/Desktop/ReefRanger/robot/robot/install/yolov8_msgs/include/yolov8_msgs/yolov8_msgs/msg/detail/key_point3_d__rosidl_typesupport_introspection_cpp.hpp
[9.103s] -- Installing: /home/reefranger/Desktop/ReefRanger/robot/robot/install/yolov8_msgs/include/yolov8_msgs/yolov8_msgs/msg/detail/detection_array__rosidl_typesupport_introspection_cpp.hpp
[9.103s] -- Installing: /home/reefranger/Desktop/ReefRanger/robot/robot/install/yolov8_msgs/include/yolov8_msgs/yolov8_msgs/msg/detail/mask__rosidl_typesupport_introspection_cpp.hpp
[9.103s] -- Installing: /home/reefranger/Desktop/ReefRanger/robot/robot/install/yolov8_msgs/include/yolov8_msgs/yolov8_msgs/msg/detail/bounding_box3_d__rosidl_typesupport_introspection_cpp.hpp
[9.103s] -- Installing: /home/reefranger/Desktop/ReefRanger/robot/robot/install/yolov8_msgs/include/yolov8_msgs/yolov8_msgs/msg/detail/detection__type_support.cpp
[9.103s] -- Installing: /home/reefranger/Desktop/ReefRanger/robot/robot/install/yolov8_msgs/include/yolov8_msgs/yolov8_msgs/msg/detail/key_point2_d_array__type_support.cpp
[9.103s] -- Installing: /home/reefranger/Desktop/ReefRanger/robot/robot/install/yolov8_msgs/include/yolov8_msgs/yolov8_msgs/msg/detail/key_point2_d__type_support.cpp
[9.104s] -- Installing: /home/reefranger/Desktop/ReefRanger/robot/robot/install/yolov8_msgs/include/yolov8_msgs/yolov8_msgs/msg/detail/vector2__rosidl_typesupport_introspection_cpp.hpp
[9.104s] -- Installing: /home/reefranger/Desktop/ReefRanger/robot/robot/install/yolov8_msgs/include/yolov8_msgs/yolov8_msgs/msg/detail/vector2__type_support.cpp
[9.104s] -- Installing: /home/reefranger/Desktop/ReefRanger/robot/robot/install/yolov8_msgs/lib/libyolov8_msgs__rosidl_typesupport_introspection_cpp.so
[9.104s] -- Set runtime path of "/home/reefranger/Desktop/ReefRanger/robot/robot/install/yolov8_msgs/lib/libyolov8_msgs__rosidl_typesupport_introspection_cpp.so" to ""
[9.104s] -- Installing: /home/reefranger/Desktop/ReefRanger/robot/robot/install/yolov8_msgs/lib/libyolov8_msgs__rosidl_typesupport_cpp.so
[9.105s] -- Set runtime path of "/home/reefranger/Desktop/ReefRanger/robot/robot/install/yolov8_msgs/lib/libyolov8_msgs__rosidl_typesupport_cpp.so" to ""
[9.105s] -- Installing: /home/reefranger/Desktop/ReefRanger/robot/robot/install/yolov8_msgs/share/yolov8_msgs/environment/pythonpath.sh
[9.105s] -- Installing: /home/reefranger/Desktop/ReefRanger/robot/robot/install/yolov8_msgs/share/yolov8_msgs/environment/pythonpath.dsv
[9.105s] -- Installing: /home/reefranger/Desktop/ReefRanger/robot/robot/install/yolov8_msgs/local/lib/python3.10/dist-packages/yolov8_msgs-3.4.0-py3.10.egg-info
[9.105s] -- Installing: /home/reefranger/Desktop/ReefRanger/robot/robot/install/yolov8_msgs/local/lib/python3.10/dist-packages/yolov8_msgs-3.4.0-py3.10.egg-info/dependency_links.txt
[9.105s] -- Installing: /home/reefranger/Desktop/ReefRanger/robot/robot/install/yolov8_msgs/local/lib/python3.10/dist-packages/yolov8_msgs-3.4.0-py3.10.egg-info/SOURCES.txt
[9.105s] -- Installing: /home/reefranger/Desktop/ReefRanger/robot/robot/install/yolov8_msgs/local/lib/python3.10/dist-packages/yolov8_msgs-3.4.0-py3.10.egg-info/PKG-INFO
[9.106s] -- Installing: /home/reefranger/Desktop/ReefRanger/robot/robot/install/yolov8_msgs/local/lib/python3.10/dist-packages/yolov8_msgs-3.4.0-py3.10.egg-info/top_level.txt
[9.106s] -- Installing: /home/reefranger/Desktop/ReefRanger/robot/robot/install/yolov8_msgs/local/lib/python3.10/dist-packages/yolov8_msgs
[9.106s] -- Installing: /home/reefranger/Desktop/ReefRanger/robot/robot/install/yolov8_msgs/local/lib/python3.10/dist-packages/yolov8_msgs/msg
[9.106s] -- Installing: /home/reefranger/Desktop/ReefRanger/robot/robot/install/yolov8_msgs/local/lib/python3.10/dist-packages/yolov8_msgs/msg/_bounding_box3_d_s.c
[9.106s] -- Installing: /home/reefranger/Desktop/ReefRanger/robot/robot/install/yolov8_msgs/local/lib/python3.10/dist-packages/yolov8_msgs/msg/_pose2_d_s.c
[9.106s] -- Installing: /home/reefranger/Desktop/ReefRanger/robot/robot/install/yolov8_msgs/local/lib/python3.10/dist-packages/yolov8_msgs/msg/_key_point3_d.py
[9.106s] -- Installing: /home/reefranger/Desktop/ReefRanger/robot/robot/install/yolov8_msgs/local/lib/python3.10/dist-packages/yolov8_msgs/msg/_key_point2_d.py
[9.106s] -- Installing: /home/reefranger/Desktop/ReefRanger/robot/robot/install/yolov8_msgs/local/lib/python3.10/dist-packages/yolov8_msgs/msg/_vector2_s.c
[9.106s] -- Installing: /home/reefranger/Desktop/ReefRanger/robot/robot/install/yolov8_msgs/local/lib/python3.10/dist-packages/yolov8_msgs/msg/_detection_s.c
[9.106s] -- Installing: /home/reefranger/Desktop/ReefRanger/robot/robot/install/yolov8_msgs/local/lib/python3.10/dist-packages/yolov8_msgs/msg/_mask.py
[9.106s] -- Installing: /home/reefranger/Desktop/ReefRanger/robot/robot/install/yolov8_msgs/local/lib/python3.10/dist-packages/yolov8_msgs/msg/_key_point2_d_s.c
[9.107s] -- Installing: /home/reefranger/Desktop/ReefRanger/robot/robot/install/yolov8_msgs/local/lib/python3.10/dist-packages/yolov8_msgs/msg/_point2_d_s.c
[9.107s] -- Installing: /home/reefranger/Desktop/ReefRanger/robot/robot/install/yolov8_msgs/local/lib/python3.10/dist-packages/yolov8_msgs/msg/_pose2_d.py
[9.107s] -- Installing: /home/reefranger/Desktop/ReefRanger/robot/robot/install/yolov8_msgs/local/lib/python3.10/dist-packages/yolov8_msgs/msg/_key_point3_d_s.c
[9.107s] -- Installing: /home/reefranger/Desktop/ReefRanger/robot/robot/install/yolov8_msgs/local/lib/python3.10/dist-packages/yolov8_msgs/msg/_key_point3_d_array.py
[9.107s] -- Installing: /home/reefranger/Desktop/ReefRanger/robot/robot/install/yolov8_msgs/local/lib/python3.10/dist-packages/yolov8_msgs/msg/_bounding_box3_d.py
[9.107s] -- Installing: /home/reefranger/Desktop/ReefRanger/robot/robot/install/yolov8_msgs/local/lib/python3.10/dist-packages/yolov8_msgs/msg/_bounding_box2_d_s.c
[9.107s] -- Installing: /home/reefranger/Desktop/ReefRanger/robot/robot/install/yolov8_msgs/local/lib/python3.10/dist-packages/yolov8_msgs/msg/_detection.py
[9.107s] -- Installing: /home/reefranger/Desktop/ReefRanger/robot/robot/install/yolov8_msgs/local/lib/python3.10/dist-packages/yolov8_msgs/msg/_bounding_box2_d.py
[9.107s] -- Installing: /home/reefranger/Desktop/ReefRanger/robot/robot/install/yolov8_msgs/local/lib/python3.10/dist-packages/yolov8_msgs/msg/_vector2.py
[9.107s] -- Installing: /home/reefranger/Desktop/ReefRanger/robot/robot/install/yolov8_msgs/local/lib/python3.10/dist-packages/yolov8_msgs/msg/_detection_array.py
[9.108s] -- Installing: /home/reefranger/Desktop/ReefRanger/robot/robot/install/yolov8_msgs/local/lib/python3.10/dist-packages/yolov8_msgs/msg/_key_point2_d_array_s.c
[9.108s] -- Installing: /home/reefranger/Desktop/ReefRanger/robot/robot/install/yolov8_msgs/local/lib/python3.10/dist-packages/yolov8_msgs/msg/__init__.py
[9.108s] -- Installing: /home/reefranger/Desktop/ReefRanger/robot/robot/install/yolov8_msgs/local/lib/python3.10/dist-packages/yolov8_msgs/msg/_point2_d.py
[9.108s] -- Installing: /home/reefranger/Desktop/ReefRanger/robot/robot/install/yolov8_msgs/local/lib/python3.10/dist-packages/yolov8_msgs/msg/_key_point3_d_array_s.c
[9.108s] -- Installing: /home/reefranger/Desktop/ReefRanger/robot/robot/install/yolov8_msgs/local/lib/python3.10/dist-packages/yolov8_msgs/msg/_key_point2_d_array.py
[9.108s] -- Installing: /home/reefranger/Desktop/ReefRanger/robot/robot/install/yolov8_msgs/local/lib/python3.10/dist-packages/yolov8_msgs/msg/_detection_array_s.c
[9.108s] -- Installing: /home/reefranger/Desktop/ReefRanger/robot/robot/install/yolov8_msgs/local/lib/python3.10/dist-packages/yolov8_msgs/msg/_mask_s.c
[9.108s] -- Installing: /home/reefranger/Desktop/ReefRanger/robot/robot/install/yolov8_msgs/local/lib/python3.10/dist-packages/yolov8_msgs/_yolov8_msgs_s.ep.rosidl_typesupport_introspection_c.c
[9.108s] -- Installing: /home/reefranger/Desktop/ReefRanger/robot/robot/install/yolov8_msgs/local/lib/python3.10/dist-packages/yolov8_msgs/yolov8_msgs_s__rosidl_typesupport_c.cpython-310-x86_64-linux-gnu.so
[9.109s] -- Installing: /home/reefranger/Desktop/ReefRanger/robot/robot/install/yolov8_msgs/local/lib/python3.10/dist-packages/yolov8_msgs/yolov8_msgs_s__rosidl_typesupport_fastrtps_c.cpython-310-x86_64-linux-gnu.so
[9.109s] -- Installing: /home/reefranger/Desktop/ReefRanger/robot/robot/install/yolov8_msgs/local/lib/python3.10/dist-packages/yolov8_msgs/yolov8_msgs_s__rosidl_typesupport_introspection_c.cpython-310-x86_64-linux-gnu.so
[9.109s] -- Installing: /home/reefranger/Desktop/ReefRanger/robot/robot/install/yolov8_msgs/local/lib/python3.10/dist-packages/yolov8_msgs/libyolov8_msgs__rosidl_generator_py.so
[9.109s] -- Installing: /home/reefranger/Desktop/ReefRanger/robot/robot/install/yolov8_msgs/local/lib/python3.10/dist-packages/yolov8_msgs/_yolov8_msgs_s.ep.rosidl_typesupport_fastrtps_c.c
[9.109s] -- Installing: /home/reefranger/Desktop/ReefRanger/robot/robot/install/yolov8_msgs/local/lib/python3.10/dist-packages/yolov8_msgs/_yolov8_msgs_s.ep.rosidl_typesupport_c.c
[9.109s] -- Installing: /home/reefranger/Desktop/ReefRanger/robot/robot/install/yolov8_msgs/local/lib/python3.10/dist-packages/yolov8_msgs/__init__.py
[9.138s] Listing '/home/reefranger/Desktop/ReefRanger/robot/robot/install/yolov8_msgs/local/lib/python3.10/dist-packages/yolov8_msgs'...
[9.138s] Compiling '/home/reefranger/Desktop/ReefRanger/robot/robot/install/yolov8_msgs/local/lib/python3.10/dist-packages/yolov8_msgs/__init__.py'...
[9.139s] Listing '/home/reefranger/Desktop/ReefRanger/robot/robot/install/yolov8_msgs/local/lib/python3.10/dist-packages/yolov8_msgs/msg'...
[9.139s] Compiling '/home/reefranger/Desktop/ReefRanger/robot/robot/install/yolov8_msgs/local/lib/python3.10/dist-packages/yolov8_msgs/msg/__init__.py'...
[9.139s] Compiling '/home/reefranger/Desktop/ReefRanger/robot/robot/install/yolov8_msgs/local/lib/python3.10/dist-packages/yolov8_msgs/msg/_bounding_box2_d.py'...
[9.139s] Compiling '/home/reefranger/Desktop/ReefRanger/robot/robot/install/yolov8_msgs/local/lib/python3.10/dist-packages/yolov8_msgs/msg/_bounding_box3_d.py'...
[9.139s] Compiling '/home/reefranger/Desktop/ReefRanger/robot/robot/install/yolov8_msgs/local/lib/python3.10/dist-packages/yolov8_msgs/msg/_detection.py'...
[9.139s] Compiling '/home/reefranger/Desktop/ReefRanger/robot/robot/install/yolov8_msgs/local/lib/python3.10/dist-packages/yolov8_msgs/msg/_detection_array.py'...
[9.139s] Compiling '/home/reefranger/Desktop/ReefRanger/robot/robot/install/yolov8_msgs/local/lib/python3.10/dist-packages/yolov8_msgs/msg/_key_point2_d.py'...
[9.139s] Compiling '/home/reefranger/Desktop/ReefRanger/robot/robot/install/yolov8_msgs/local/lib/python3.10/dist-packages/yolov8_msgs/msg/_key_point2_d_array.py'...
[9.139s] Compiling '/home/reefranger/Desktop/ReefRanger/robot/robot/install/yolov8_msgs/local/lib/python3.10/dist-packages/yolov8_msgs/msg/_key_point3_d.py'...
[9.139s] Compiling '/home/reefranger/Desktop/ReefRanger/robot/robot/install/yolov8_msgs/local/lib/python3.10/dist-packages/yolov8_msgs/msg/_key_point3_d_array.py'...
[9.139s] Compiling '/home/reefranger/Desktop/ReefRanger/robot/robot/install/yolov8_msgs/local/lib/python3.10/dist-packages/yolov8_msgs/msg/_mask.py'...
[9.139s] Compiling '/home/reefranger/Desktop/ReefRanger/robot/robot/install/yolov8_msgs/local/lib/python3.10/dist-packages/yolov8_msgs/msg/_point2_d.py'...
[9.139s] Compiling '/home/reefranger/Desktop/ReefRanger/robot/robot/install/yolov8_msgs/local/lib/python3.10/dist-packages/yolov8_msgs/msg/_pose2_d.py'...
[9.139s] Compiling '/home/reefranger/Desktop/ReefRanger/robot/robot/install/yolov8_msgs/local/lib/python3.10/dist-packages/yolov8_msgs/msg/_vector2.py'...
[9.141s] -- Installing: /home/reefranger/Desktop/ReefRanger/robot/robot/install/yolov8_msgs/local/lib/python3.10/dist-packages/yolov8_msgs/yolov8_msgs_s__rosidl_typesupport_fastrtps_c.cpython-310-x86_64-linux-gnu.so
[9.142s] -- Set runtime path of "/home/reefranger/Desktop/ReefRanger/robot/robot/install/yolov8_msgs/local/lib/python3.10/dist-packages/yolov8_msgs/yolov8_msgs_s__rosidl_typesupport_fastrtps_c.cpython-310-x86_64-linux-gnu.so" to ""
[9.142s] -- Installing: /home/reefranger/Desktop/ReefRanger/robot/robot/install/yolov8_msgs/local/lib/python3.10/dist-packages/yolov8_msgs/yolov8_msgs_s__rosidl_typesupport_introspection_c.cpython-310-x86_64-linux-gnu.so
[9.142s] -- Set runtime path of "/home/reefranger/Desktop/ReefRanger/robot/robot/install/yolov8_msgs/local/lib/python3.10/dist-packages/yolov8_msgs/yolov8_msgs_s__rosidl_typesupport_introspection_c.cpython-310-x86_64-linux-gnu.so" to ""
[9.142s] -- Installing: /home/reefranger/Desktop/ReefRanger/robot/robot/install/yolov8_msgs/local/lib/python3.10/dist-packages/yolov8_msgs/yolov8_msgs_s__rosidl_typesupport_c.cpython-310-x86_64-linux-gnu.so
[9.142s] -- Set runtime path of "/home/reefranger/Desktop/ReefRanger/robot/robot/install/yolov8_msgs/local/lib/python3.10/dist-packages/yolov8_msgs/yolov8_msgs_s__rosidl_typesupport_c.cpython-310-x86_64-linux-gnu.so" to ""
[9.142s] -- Installing: /home/reefranger/Desktop/ReefRanger/robot/robot/install/yolov8_msgs/lib/libyolov8_msgs__rosidl_generator_py.so
[9.143s] -- Set runtime path of "/home/reefranger/Desktop/ReefRanger/robot/robot/install/yolov8_msgs/lib/libyolov8_msgs__rosidl_generator_py.so" to ""
[9.143s] -- Installing: /home/reefranger/Desktop/ReefRanger/robot/robot/install/yolov8_msgs/share/yolov8_msgs/msg/Point2D.idl
[9.143s] -- Installing: /home/reefranger/Desktop/ReefRanger/robot/robot/install/yolov8_msgs/share/yolov8_msgs/msg/Vector2.idl
[9.143s] -- Installing: /home/reefranger/Desktop/ReefRanger/robot/robot/install/yolov8_msgs/share/yolov8_msgs/msg/Pose2D.idl
[9.143s] -- Installing: /home/reefranger/Desktop/ReefRanger/robot/robot/install/yolov8_msgs/share/yolov8_msgs/msg/BoundingBox2D.idl
[9.143s] -- Installing: /home/reefranger/Desktop/ReefRanger/robot/robot/install/yolov8_msgs/share/yolov8_msgs/msg/BoundingBox3D.idl
[9.144s] -- Installing: /home/reefranger/Desktop/ReefRanger/robot/robot/install/yolov8_msgs/share/yolov8_msgs/msg/Mask.idl
[9.144s] -- Installing: /home/reefranger/Desktop/ReefRanger/robot/robot/install/yolov8_msgs/share/yolov8_msgs/msg/KeyPoint2D.idl
[9.144s] -- Installing: /home/reefranger/Desktop/ReefRanger/robot/robot/install/yolov8_msgs/share/yolov8_msgs/msg/KeyPoint2DArray.idl
[9.144s] -- Installing: /home/reefranger/Desktop/ReefRanger/robot/robot/install/yolov8_msgs/share/yolov8_msgs/msg/KeyPoint3D.idl
[9.144s] -- Installing: /home/reefranger/Desktop/ReefRanger/robot/robot/install/yolov8_msgs/share/yolov8_msgs/msg/KeyPoint3DArray.idl
[9.144s] -- Installing: /home/reefranger/Desktop/ReefRanger/robot/robot/install/yolov8_msgs/share/yolov8_msgs/msg/Detection.idl
[9.144s] -- Installing: /home/reefranger/Desktop/ReefRanger/robot/robot/install/yolov8_msgs/share/yolov8_msgs/msg/DetectionArray.idl
[9.144s] -- Installing: /home/reefranger/Desktop/ReefRanger/robot/robot/install/yolov8_msgs/share/yolov8_msgs/msg/Point2D.msg
[9.145s] -- Installing: /home/reefranger/Desktop/ReefRanger/robot/robot/install/yolov8_msgs/share/yolov8_msgs/msg/Vector2.msg
[9.145s] -- Installing: /home/reefranger/Desktop/ReefRanger/robot/robot/install/yolov8_msgs/share/yolov8_msgs/msg/Pose2D.msg
[9.145s] -- Installing: /home/reefranger/Desktop/ReefRanger/robot/robot/install/yolov8_msgs/share/yolov8_msgs/msg/BoundingBox2D.msg
[9.145s] -- Installing: /home/reefranger/Desktop/ReefRanger/robot/robot/install/yolov8_msgs/share/yolov8_msgs/msg/BoundingBox3D.msg
[9.145s] -- Installing: /home/reefranger/Desktop/ReefRanger/robot/robot/install/yolov8_msgs/share/yolov8_msgs/msg/Mask.msg
[9.145s] -- Installing: /home/reefranger/Desktop/ReefRanger/robot/robot/install/yolov8_msgs/share/yolov8_msgs/msg/KeyPoint2D.msg
[9.145s] -- Installing: /home/reefranger/Desktop/ReefRanger/robot/robot/install/yolov8_msgs/share/yolov8_msgs/msg/KeyPoint2DArray.msg
[9.145s] -- Installing: /home/reefranger/Desktop/ReefRanger/robot/robot/install/yolov8_msgs/share/yolov8_msgs/msg/KeyPoint3D.msg
[9.146s] -- Installing: /home/reefranger/Desktop/ReefRanger/robot/robot/install/yolov8_msgs/share/yolov8_msgs/msg/KeyPoint3DArray.msg
[9.146s] -- Installing: /home/reefranger/Desktop/ReefRanger/robot/robot/install/yolov8_msgs/share/yolov8_msgs/msg/Detection.msg
[9.146s] -- Installing: /home/reefranger/Desktop/ReefRanger/robot/robot/install/yolov8_msgs/share/yolov8_msgs/msg/DetectionArray.msg
[9.146s] -- Installing: /home/reefranger/Desktop/ReefRanger/robot/robot/install/yolov8_msgs/share/ament_index/resource_index/package_run_dependencies/yolov8_msgs
[9.146s] -- Installing: /home/reefranger/Desktop/ReefRanger/robot/robot/install/yolov8_msgs/share/ament_index/resource_index/parent_prefix_path/yolov8_msgs
[9.146s] -- Installing: /home/reefranger/Desktop/ReefRanger/robot/robot/install/yolov8_msgs/share/yolov8_msgs/environment/ament_prefix_path.sh
[9.146s] -- Installing: /home/reefranger/Desktop/ReefRanger/robot/robot/install/yolov8_msgs/share/yolov8_msgs/environment/ament_prefix_path.dsv
[9.147s] -- Installing: /home/reefranger/Desktop/ReefRanger/robot/robot/install/yolov8_msgs/share/yolov8_msgs/environment/path.sh
[9.147s] -- Installing: /home/reefranger/Desktop/ReefRanger/robot/robot/install/yolov8_msgs/share/yolov8_msgs/environment/path.dsv
[9.147s] -- Installing: /home/reefranger/Desktop/ReefRanger/robot/robot/install/yolov8_msgs/share/yolov8_msgs/local_setup.bash
[9.147s] -- Installing: /home/reefranger/Desktop/ReefRanger/robot/robot/install/yolov8_msgs/share/yolov8_msgs/local_setup.sh
[9.147s] -- Installing: /home/reefranger/Desktop/ReefRanger/robot/robot/install/yolov8_msgs/share/yolov8_msgs/local_setup.zsh
[9.147s] -- Installing: /home/reefranger/Desktop/ReefRanger/robot/robot/install/yolov8_msgs/share/yolov8_msgs/local_setup.dsv
[9.147s] -- Installing: /home/reefranger/Desktop/ReefRanger/robot/robot/install/yolov8_msgs/share/yolov8_msgs/package.dsv
[9.147s] -- Installing: /home/reefranger/Desktop/ReefRanger/robot/robot/install/yolov8_msgs/share/ament_index/resource_index/packages/yolov8_msgs
[9.148s] -- Installing: /home/reefranger/Desktop/ReefRanger/robot/robot/install/yolov8_msgs/share/yolov8_msgs/cmake/export_yolov8_msgs__rosidl_generator_cExport.cmake
[9.148s] -- Installing: /home/reefranger/Desktop/ReefRanger/robot/robot/install/yolov8_msgs/share/yolov8_msgs/cmake/export_yolov8_msgs__rosidl_generator_cExport-noconfig.cmake
[9.148s] -- Installing: /home/reefranger/Desktop/ReefRanger/robot/robot/install/yolov8_msgs/share/yolov8_msgs/cmake/export_yolov8_msgs__rosidl_typesupport_fastrtps_cExport.cmake
[9.148s] -- Installing: /home/reefranger/Desktop/ReefRanger/robot/robot/install/yolov8_msgs/share/yolov8_msgs/cmake/export_yolov8_msgs__rosidl_typesupport_fastrtps_cExport-noconfig.cmake
[9.148s] -- Installing: /home/reefranger/Desktop/ReefRanger/robot/robot/install/yolov8_msgs/share/yolov8_msgs/cmake/yolov8_msgs__rosidl_typesupport_introspection_cExport.cmake
[9.148s] -- Installing: /home/reefranger/Desktop/ReefRanger/robot/robot/install/yolov8_msgs/share/yolov8_msgs/cmake/yolov8_msgs__rosidl_typesupport_introspection_cExport-noconfig.cmake
[9.148s] -- Installing: /home/reefranger/Desktop/ReefRanger/robot/robot/install/yolov8_msgs/share/yolov8_msgs/cmake/yolov8_msgs__rosidl_typesupport_cExport.cmake
[9.149s] -- Installing: /home/reefranger/Desktop/ReefRanger/robot/robot/install/yolov8_msgs/share/yolov8_msgs/cmake/yolov8_msgs__rosidl_typesupport_cExport-noconfig.cmake
[9.149s] -- Installing: /home/reefranger/Desktop/ReefRanger/robot/robot/install/yolov8_msgs/share/yolov8_msgs/cmake/export_yolov8_msgs__rosidl_generator_cppExport.cmake
[9.149s] -- Installing: /home/reefranger/Desktop/ReefRanger/robot/robot/install/yolov8_msgs/share/yolov8_msgs/cmake/export_yolov8_msgs__rosidl_typesupport_fastrtps_cppExport.cmake
[9.149s] -- Installing: /home/reefranger/Desktop/ReefRanger/robot/robot/install/yolov8_msgs/share/yolov8_msgs/cmake/export_yolov8_msgs__rosidl_typesupport_fastrtps_cppExport-noconfig.cmake
[9.149s] -- Installing: /home/reefranger/Desktop/ReefRanger/robot/robot/install/yolov8_msgs/share/yolov8_msgs/cmake/yolov8_msgs__rosidl_typesupport_introspection_cppExport.cmake
[9.149s] -- Installing: /home/reefranger/Desktop/ReefRanger/robot/robot/install/yolov8_msgs/share/yolov8_msgs/cmake/yolov8_msgs__rosidl_typesupport_introspection_cppExport-noconfig.cmake
[9.149s] -- Installing: /home/reefranger/Desktop/ReefRanger/robot/robot/install/yolov8_msgs/share/yolov8_msgs/cmake/yolov8_msgs__rosidl_typesupport_cppExport.cmake
[9.150s] -- Installing: /home/reefranger/Desktop/ReefRanger/robot/robot/install/yolov8_msgs/share/yolov8_msgs/cmake/yolov8_msgs__rosidl_typesupport_cppExport-noconfig.cmake
[9.150s] -- Installing: /home/reefranger/Desktop/ReefRanger/robot/robot/install/yolov8_msgs/share/yolov8_msgs/cmake/export_yolov8_msgs__rosidl_generator_pyExport.cmake
[9.150s] -- Installing: /home/reefranger/Desktop/ReefRanger/robot/robot/install/yolov8_msgs/share/yolov8_msgs/cmake/export_yolov8_msgs__rosidl_generator_pyExport-noconfig.cmake
[9.150s] -- Installing: /home/reefranger/Desktop/ReefRanger/robot/robot/install/yolov8_msgs/share/yolov8_msgs/cmake/rosidl_cmake-extras.cmake
[9.150s] -- Installing: /home/reefranger/Desktop/ReefRanger/robot/robot/install/yolov8_msgs/share/yolov8_msgs/cmake/ament_cmake_export_dependencies-extras.cmake
[9.150s] -- Installing: /home/reefranger/Desktop/ReefRanger/robot/robot/install/yolov8_msgs/share/yolov8_msgs/cmake/ament_cmake_export_include_directories-extras.cmake
[9.150s] -- Installing: /home/reefranger/Desktop/ReefRanger/robot/robot/install/yolov8_msgs/share/yolov8_msgs/cmake/ament_cmake_export_libraries-extras.cmake
[9.150s] -- Installing: /home/reefranger/Desktop/ReefRanger/robot/robot/install/yolov8_msgs/share/yolov8_msgs/cmake/ament_cmake_export_targets-extras.cmake
[9.151s] -- Installing: /home/reefranger/Desktop/ReefRanger/robot/robot/install/yolov8_msgs/share/yolov8_msgs/cmake/rosidl_cmake_export_typesupport_targets-extras.cmake
[9.151s] -- Installing: /home/reefranger/Desktop/ReefRanger/robot/robot/install/yolov8_msgs/share/yolov8_msgs/cmake/rosidl_cmake_export_typesupport_libraries-extras.cmake
[9.151s] -- Installing: /home/reefranger/Desktop/ReefRanger/robot/robot/install/yolov8_msgs/share/yolov8_msgs/cmake/yolov8_msgsConfig.cmake
[9.151s] -- Installing: /home/reefranger/Desktop/ReefRanger/robot/robot/install/yolov8_msgs/share/yolov8_msgs/cmake/yolov8_msgsConfig-version.cmake
[9.151s] -- Installing: /home/reefranger/Desktop/ReefRanger/robot/robot/install/yolov8_msgs/share/yolov8_msgs/package.xml
[9.153s] Invoked command in '/home/reefranger/Desktop/ReefRanger/robot/robot/build/yolov8_msgs' returned '0': CMAKE_PREFIX_PATH=/opt/ros/humble /usr/bin/cmake --install /home/reefranger/Desktop/ReefRanger/robot/robot/build/yolov8_msgs
