[1.389s] Invoking command in '/home/reefranger/Desktop/ReefRanger/robot/robot/src/pathctrl': PYTHONPATH=/home/reefranger/Desktop/ReefRanger/robot/robot/build/pathctrl/prefix_override:/usr/lib/python3/dist-packages/colcon_core/task/python/colcon_distutils_commands:/home/reefranger/Desktop/ReefRanger/robot/robot/install/pathctrl/lib/python3.10/site-packages:${PYTHONPATH} /usr/bin/python3 -W ignore:setup.py install is deprecated setup.py egg_info --egg-base ../../build/pathctrl build --build-base /home/reefranger/Desktop/ReefRanger/robot/robot/build/pathctrl/build install --record /home/reefranger/Desktop/ReefRanger/robot/robot/build/pathctrl/install.log --single-version-externally-managed install_data
[1.519s] /home/reefranger/.local/lib/python3.10/site-packages/setuptools/_distutils/dist.py:261: UserWarning: Unknown distribution option: 'tests_require'
[1.519s]   warnings.warn(msg)
[1.620s] running egg_info
[1.636s] writing ../../build/pathctrl/pathctrl.egg-info/PKG-INFO
[1.637s] writing dependency_links to ../../build/pathctrl/pathctrl.egg-info/dependency_links.txt
[1.637s] writing entry points to ../../build/pathctrl/pathctrl.egg-info/entry_points.txt
[1.637s] writing requirements to ../../build/pathctrl/pathctrl.egg-info/requires.txt
[1.637s] writing top-level names to ../../build/pathctrl/pathctrl.egg-info/top_level.txt
[1.672s] reading manifest file '../../build/pathctrl/pathctrl.egg-info/SOURCES.txt'
[1.672s] adding license file 'LICENSE'
[1.673s] writing manifest file '../../build/pathctrl/pathctrl.egg-info/SOURCES.txt'
[1.673s] running build
[1.673s] running build_py
[1.674s] copying pathctrl/pathctrl_subscriper.py -> /home/reefranger/Desktop/ReefRanger/robot/robot/build/pathctrl/build/lib/pathctrl
[1.674s] copying pathctrl/pathctrl_1.py -> /home/reefranger/Desktop/ReefRanger/robot/robot/build/pathctrl/build/lib/pathctrl
[1.674s] copying pathctrl/pathctrl.py -> /home/reefranger/Desktop/ReefRanger/robot/robot/build/pathctrl/build/lib/pathctrl
[1.674s] copying pathctrl/__init__.py -> /home/reefranger/Desktop/ReefRanger/robot/robot/build/pathctrl/build/lib/pathctrl
[1.675s] copying pathctrl/pathctrl_2.py -> /home/reefranger/Desktop/ReefRanger/robot/robot/build/pathctrl/build/lib/pathctrl
[1.675s] copying pathctrl/pathctrl3.py -> /home/reefranger/Desktop/ReefRanger/robot/robot/build/pathctrl/build/lib/pathctrl
[1.675s] running install
[1.679s] running install_lib
[1.695s] running install_data
[1.696s] copying resource/pathctrl -> /home/reefranger/Desktop/ReefRanger/robot/robot/install/pathctrl/share/ament_index/resource_index/packages
[1.696s] copying package.xml -> /home/reefranger/Desktop/ReefRanger/robot/robot/install/pathctrl/share/pathctrl
[1.696s] running install_egg_info
[1.714s] removing '/home/reefranger/Desktop/ReefRanger/robot/robot/install/pathctrl/lib/python3.10/site-packages/pathctrl-0.0.0-py3.10.egg-info' (and everything under it)
[1.714s] Copying ../../build/pathctrl/pathctrl.egg-info to /home/reefranger/Desktop/ReefRanger/robot/robot/install/pathctrl/lib/python3.10/site-packages/pathctrl-0.0.0-py3.10.egg-info
[1.715s] running install_scripts
[1.846s] Installing pathctrl script to /home/reefranger/Desktop/ReefRanger/robot/robot/install/pathctrl/lib/pathctrl
[1.846s] writing list of installed files to '/home/reefranger/Desktop/ReefRanger/robot/robot/build/pathctrl/install.log'
[1.872s] Invoked command in '/home/reefranger/Desktop/ReefRanger/robot/robot/src/pathctrl' returned '0': PYTHONPATH=/home/reefranger/Desktop/ReefRanger/robot/robot/build/pathctrl/prefix_override:/usr/lib/python3/dist-packages/colcon_core/task/python/colcon_distutils_commands:/home/reefranger/Desktop/ReefRanger/robot/robot/install/pathctrl/lib/python3.10/site-packages:${PYTHONPATH} /usr/bin/python3 -W ignore:setup.py install is deprecated setup.py egg_info --egg-base ../../build/pathctrl build --build-base /home/reefranger/Desktop/ReefRanger/robot/robot/build/pathctrl/build install --record /home/reefranger/Desktop/ReefRanger/robot/robot/build/pathctrl/install.log --single-version-externally-managed install_data
