running egg_info
writing ../../build/imu_publisher/imu_publisher.egg-info/PKG-INFO
writing dependency_links to ../../build/imu_publisher/imu_publisher.egg-info/dependency_links.txt
writing entry points to ../../build/imu_publisher/imu_publisher.egg-info/entry_points.txt
writing requirements to ../../build/imu_publisher/imu_publisher.egg-info/requires.txt
writing top-level names to ../../build/imu_publisher/imu_publisher.egg-info/top_level.txt
reading manifest file '../../build/imu_publisher/imu_publisher.egg-info/SOURCES.txt'
writing manifest file '../../build/imu_publisher/imu_publisher.egg-info/SOURCES.txt'
running build
running build_py
copying imu_publisher/imu_publisher.py -> /home/reefranger/Desktop/ReefRanger/robot/robot/build/imu_publisher/build/lib/imu_publisher
copying imu_publisher/__init__.py -> /home/reefranger/Desktop/ReefRanger/robot/robot/build/imu_publisher/build/lib/imu_publisher
running install
running install_lib
running install_data
copying resource/imu_publisher -> /home/reefranger/Desktop/ReefRanger/robot/robot/install/imu_publisher/share/ament_index/resource_index/packages
copying package.xml -> /home/reefranger/Desktop/ReefRanger/robot/robot/install/imu_publisher/share/imu_publisher
running install_egg_info
removing '/home/reefranger/Desktop/ReefRanger/robot/robot/install/imu_publisher/lib/python3.10/site-packages/imu_publisher-0.0.0-py3.10.egg-info' (and everything under it)
Copying ../../build/imu_publisher/imu_publisher.egg-info to /home/reefranger/Desktop/ReefRanger/robot/robot/install/imu_publisher/lib/python3.10/site-packages/imu_publisher-0.0.0-py3.10.egg-info
running install_scripts
Installing imu_publisher script to /home/reefranger/Desktop/ReefRanger/robot/robot/install/imu_publisher/lib/imu_publisher
writing list of installed files to '/home/reefranger/Desktop/ReefRanger/robot/robot/build/imu_publisher/install.log'
