[2.124s] Invoking command in '/home/reefranger/Desktop/ReefRanger/robot/robot/src/ins': PYTHONPATH=/home/reefranger/Desktop/ReefRanger/robot/robot/build/ins/prefix_override:/usr/lib/python3/dist-packages/colcon_core/task/python/colcon_distutils_commands:/home/reefranger/Desktop/ReefRanger/robot/robot/install/ins/lib/python3.10/site-packages:${PYTHONPATH} /usr/bin/python3 -W ignore:setup.py install is deprecated setup.py egg_info --egg-base ../../build/ins build --build-base /home/reefranger/Desktop/ReefRanger/robot/robot/build/ins/build install --record /home/reefranger/Desktop/ReefRanger/robot/robot/build/ins/install.log --single-version-externally-managed install_data
[2.528s] running egg_info
[2.554s] writing ../../build/ins/ins.egg-info/PKG-INFO
[2.554s] writing dependency_links to ../../build/ins/ins.egg-info/dependency_links.txt
[2.555s] writing entry points to ../../build/ins/ins.egg-info/entry_points.txt
[2.555s] writing requirements to ../../build/ins/ins.egg-info/requires.txt
[2.555s] writing top-level names to ../../build/ins/ins.egg-info/top_level.txt
[2.647s] reading manifest file '../../build/ins/ins.egg-info/SOURCES.txt'
[2.648s] adding license file 'LICENSE'
[2.649s] writing manifest file '../../build/ins/ins.egg-info/SOURCES.txt'
[2.649s] running build
[2.649s] running build_py
[2.650s] copying ins/ins.py -> /home/reefranger/Desktop/ReefRanger/robot/robot/build/ins/build/lib/ins
[2.656s] copying ins/__init__.py -> /home/reefranger/Desktop/ReefRanger/robot/robot/build/ins/build/lib/ins
[2.656s] running install
[2.657s] running install_lib
[2.687s] running install_data
[2.687s] copying resource/ins -> /home/reefranger/Desktop/ReefRanger/robot/robot/install/ins/share/ament_index/resource_index/packages
[2.688s] copying package.xml -> /home/reefranger/Desktop/ReefRanger/robot/robot/install/ins/share/ins
[2.688s] running install_egg_info
[2.719s] removing '/home/reefranger/Desktop/ReefRanger/robot/robot/install/ins/lib/python3.10/site-packages/ins-0.0.0-py3.10.egg-info' (and everything under it)
[2.719s] Copying ../../build/ins/ins.egg-info to /home/reefranger/Desktop/ReefRanger/robot/robot/install/ins/lib/python3.10/site-packages/ins-0.0.0-py3.10.egg-info
[2.725s] running install_scripts
[2.954s] Installing ins script to /home/reefranger/Desktop/ReefRanger/robot/robot/install/ins/lib/ins
[2.954s] writing list of installed files to '/home/reefranger/Desktop/ReefRanger/robot/robot/build/ins/install.log'
[3.365s] Invoked command in '/home/reefranger/Desktop/ReefRanger/robot/robot/src/ins' returned '0': PYTHONPATH=/home/reefranger/Desktop/ReefRanger/robot/robot/build/ins/prefix_override:/usr/lib/python3/dist-packages/colcon_core/task/python/colcon_distutils_commands:/home/reefranger/Desktop/ReefRanger/robot/robot/install/ins/lib/python3.10/site-packages:${PYTHONPATH} /usr/bin/python3 -W ignore:setup.py install is deprecated setup.py egg_info --egg-base ../../build/ins build --build-base /home/reefranger/Desktop/ReefRanger/robot/robot/build/ins/build install --record /home/reefranger/Desktop/ReefRanger/robot/robot/build/ins/install.log --single-version-externally-managed install_data
