[1.774s] Invoking command in '/home/reefranger/Desktop/ReefRanger/robot/robot/src/movetable': PYTHONPATH=/home/reefranger/Desktop/ReefRanger/robot/robot/build/movetable/prefix_override:/usr/lib/python3/dist-packages/colcon_core/task/python/colcon_distutils_commands:/home/reefranger/Desktop/ReefRanger/robot/robot/install/movetable/lib/python3.10/site-packages:${PYTHONPATH} /usr/bin/python3 -W ignore:setup.py install is deprecated setup.py egg_info --egg-base ../../build/movetable build --build-base /home/reefranger/Desktop/ReefRanger/robot/robot/build/movetable/build install --record /home/reefranger/Desktop/ReefRanger/robot/robot/build/movetable/install.log --single-version-externally-managed install_data
[2.039s] /home/reefranger/.local/lib/python3.10/site-packages/setuptools/_distutils/dist.py:261: UserWarning: Unknown distribution option: 'tests_require'
[2.039s]   warnings.warn(msg)
[2.083s] running egg_info
[2.109s] writing ../../build/movetable/movetable.egg-info/PKG-INFO
[2.110s] writing dependency_links to ../../build/movetable/movetable.egg-info/dependency_links.txt
[2.110s] writing entry points to ../../build/movetable/movetable.egg-info/entry_points.txt
[2.110s] writing requirements to ../../build/movetable/movetable.egg-info/requires.txt
[2.111s] writing top-level names to ../../build/movetable/movetable.egg-info/top_level.txt
[2.172s] reading manifest file '../../build/movetable/movetable.egg-info/SOURCES.txt'
[2.173s] writing manifest file '../../build/movetable/movetable.egg-info/SOURCES.txt'
[2.173s] running build
[2.177s] running build_py
[2.178s] copying movetable/movetable.py -> /home/reefranger/Desktop/ReefRanger/robot/robot/build/movetable/build/lib/movetable
[2.178s] copying movetable/__init__.py -> /home/reefranger/Desktop/ReefRanger/robot/robot/build/movetable/build/lib/movetable
[2.178s] running install
[2.181s] running install_lib
[2.211s] running install_data
[2.212s] copying resource/movetable -> /home/reefranger/Desktop/ReefRanger/robot/robot/install/movetable/share/ament_index/resource_index/packages
[2.212s] copying package.xml -> /home/reefranger/Desktop/ReefRanger/robot/robot/install/movetable/share/movetable
[2.212s] running install_egg_info
[2.244s] removing '/home/reefranger/Desktop/ReefRanger/robot/robot/install/movetable/lib/python3.10/site-packages/movetable-0.0.0-py3.10.egg-info' (and everything under it)
[2.244s] Copying ../../build/movetable/movetable.egg-info to /home/reefranger/Desktop/ReefRanger/robot/robot/install/movetable/lib/python3.10/site-packages/movetable-0.0.0-py3.10.egg-info
[2.250s] running install_scripts
[2.495s] Installing movetable script to /home/reefranger/Desktop/ReefRanger/robot/robot/install/movetable/lib/movetable
[2.498s] writing list of installed files to '/home/reefranger/Desktop/ReefRanger/robot/robot/build/movetable/install.log'
[2.745s] Invoked command in '/home/reefranger/Desktop/ReefRanger/robot/robot/src/movetable' returned '0': PYTHONPATH=/home/reefranger/Desktop/ReefRanger/robot/robot/build/movetable/prefix_override:/usr/lib/python3/dist-packages/colcon_core/task/python/colcon_distutils_commands:/home/reefranger/Desktop/ReefRanger/robot/robot/install/movetable/lib/python3.10/site-packages:${PYTHONPATH} /usr/bin/python3 -W ignore:setup.py install is deprecated setup.py egg_info --egg-base ../../build/movetable build --build-base /home/reefranger/Desktop/ReefRanger/robot/robot/build/movetable/build install --record /home/reefranger/Desktop/ReefRanger/robot/robot/build/movetable/install.log --single-version-externally-managed install_data
