[0.496s] Invoking command in '/home/reefranger/Desktop/ReefRanger/robot/robot/build/gototable_interface': CMAKE_PREFIX_PATH=/opt/ros/humble /usr/bin/cmake --build /home/reefranger/Desktop/ReefRanger/robot/robot/build/gototable_interface -- -j12 -l12
[1.131s] [  3%] Built target gototable_interface__cpp
[1.131s] [ 12%] Built target gototable_interface__rosidl_generator_c
[1.131s] [ 12%] Built target ament_cmake_python_copy_gototable_interface
[1.131s] [ 22%] Built target gototable_interface__rosidl_typesupport_cpp
[1.131s] [ 32%] Built target gototable_interface__rosidl_typesupport_introspection_cpp
[1.131s] [ 41%] Built target gototable_interface__rosidl_typesupport_fastrtps_cpp
[1.131s] [ 51%] Built target gototable_interface__rosidl_typesupport_fastrtps_c
[1.131s] [ 61%] Built target gototable_interface__rosidl_typesupport_c
[1.131s] [ 70%] Built target gototable_interface__rosidl_typesupport_introspection_c
[1.131s] [ 70%] Built target gototable_interface
[1.131s] [ 74%] Built target gototable_interface__py
[1.132s] [ 80%] Built target gototable_interface__rosidl_generator_py
[1.132s] [100%] Built target gototable_interface__rosidl_typesupport_c__pyext
[1.132s] [100%] Built target gototable_interface__rosidl_typesupport_fastrtps_c__pyext
[1.132s] [100%] Built target gototable_interface__rosidl_typesupport_introspection_c__pyext
[1.132s] running egg_info
[1.132s] writing gototable_interface.egg-info/PKG-INFO
[1.132s] writing dependency_links to gototable_interface.egg-info/dependency_links.txt
[1.132s] writing top-level names to gototable_interface.egg-info/top_level.txt
[1.132s] reading manifest file 'gototable_interface.egg-info/SOURCES.txt'
[1.132s] writing manifest file 'gototable_interface.egg-info/SOURCES.txt'
[1.132s] [100%] Built target ament_cmake_python_build_gototable_interface_egg
[1.300s] Invoked command in '/home/reefranger/Desktop/ReefRanger/robot/robot/build/gototable_interface' returned '0': CMAKE_PREFIX_PATH=/opt/ros/humble /usr/bin/cmake --build /home/reefranger/Desktop/ReefRanger/robot/robot/build/gototable_interface -- -j12 -l12
[1.412s] Invoking command in '/home/reefranger/Desktop/ReefRanger/robot/robot/build/gototable_interface': CMAKE_PREFIX_PATH=/opt/ros/humble /usr/bin/cmake --install /home/reefranger/Desktop/ReefRanger/robot/robot/build/gototable_interface
[1.421s] -- Install configuration: ""
[1.421s] -- Up-to-date: /home/reefranger/Desktop/ReefRanger/robot/robot/install/gototable_interface/share/ament_index/resource_index/rosidl_interfaces/gototable_interface
[1.425s] -- Up-to-date: /home/reefranger/Desktop/ReefRanger/robot/robot/install/gototable_interface/include/gototable_interface/gototable_interface
[1.425s] -- Up-to-date: /home/reefranger/Desktop/ReefRanger/robot/robot/install/gototable_interface/include/gototable_interface/gototable_interface/msg
[1.426s] -- Up-to-date: /home/reefranger/Desktop/ReefRanger/robot/robot/install/gototable_interface/include/gototable_interface/gototable_interface/msg/rosidl_generator_c__visibility_control.h
[1.426s] -- Up-to-date: /home/reefranger/Desktop/ReefRanger/robot/robot/install/gototable_interface/include/gototable_interface/gototable_interface/action
[1.426s] -- Up-to-date: /home/reefranger/Desktop/ReefRanger/robot/robot/install/gototable_interface/include/gototable_interface/gototable_interface/action/detail
[1.426s] -- Up-to-date: /home/reefranger/Desktop/ReefRanger/robot/robot/install/gototable_interface/include/gototable_interface/gototable_interface/action/detail/go_table__type_support.h
[1.426s] -- Up-to-date: /home/reefranger/Desktop/ReefRanger/robot/robot/install/gototable_interface/include/gototable_interface/gototable_interface/action/detail/go_table__functions.h
[1.426s] -- Up-to-date: /home/reefranger/Desktop/ReefRanger/robot/robot/install/gototable_interface/include/gototable_interface/gototable_interface/action/detail/go_table__functions.c
[1.426s] -- Up-to-date: /home/reefranger/Desktop/ReefRanger/robot/robot/install/gototable_interface/include/gototable_interface/gototable_interface/action/detail/go_table__struct.h
[1.426s] -- Up-to-date: /home/reefranger/Desktop/ReefRanger/robot/robot/install/gototable_interface/include/gototable_interface/gototable_interface/action/go_table.h
[1.427s] -- Up-to-date: /home/reefranger/Desktop/ReefRanger/robot/robot/install/gototable_interface/share/gototable_interface/environment/library_path.sh
[1.427s] -- Up-to-date: /home/reefranger/Desktop/ReefRanger/robot/robot/install/gototable_interface/share/gototable_interface/environment/library_path.dsv
[1.427s] -- Up-to-date: /home/reefranger/Desktop/ReefRanger/robot/robot/install/gototable_interface/lib/libgototable_interface__rosidl_generator_c.so
[1.427s] -- Up-to-date: /home/reefranger/Desktop/ReefRanger/robot/robot/install/gototable_interface/include/gototable_interface/gototable_interface
[1.427s] -- Up-to-date: /home/reefranger/Desktop/ReefRanger/robot/robot/install/gototable_interface/include/gototable_interface/gototable_interface/msg
[1.427s] -- Up-to-date: /home/reefranger/Desktop/ReefRanger/robot/robot/install/gototable_interface/include/gototable_interface/gototable_interface/msg/rosidl_typesupport_fastrtps_c__visibility_control.h
[1.427s] -- Up-to-date: /home/reefranger/Desktop/ReefRanger/robot/robot/install/gototable_interface/include/gototable_interface/gototable_interface/action
[1.427s] -- Up-to-date: /home/reefranger/Desktop/ReefRanger/robot/robot/install/gototable_interface/include/gototable_interface/gototable_interface/action/detail
[1.428s] -- Up-to-date: /home/reefranger/Desktop/ReefRanger/robot/robot/install/gototable_interface/include/gototable_interface/gototable_interface/action/detail/go_table__rosidl_typesupport_fastrtps_c.h
[1.428s] -- Up-to-date: /home/reefranger/Desktop/ReefRanger/robot/robot/install/gototable_interface/lib/libgototable_interface__rosidl_typesupport_fastrtps_c.so
[1.428s] -- Up-to-date: /home/reefranger/Desktop/ReefRanger/robot/robot/install/gototable_interface/include/gototable_interface/gototable_interface
[1.428s] -- Up-to-date: /home/reefranger/Desktop/ReefRanger/robot/robot/install/gototable_interface/include/gototable_interface/gototable_interface/msg
[1.428s] -- Up-to-date: /home/reefranger/Desktop/ReefRanger/robot/robot/install/gototable_interface/include/gototable_interface/gototable_interface/msg/rosidl_typesupport_introspection_c__visibility_control.h
[1.428s] -- Up-to-date: /home/reefranger/Desktop/ReefRanger/robot/robot/install/gototable_interface/include/gototable_interface/gototable_interface/action
[1.428s] -- Up-to-date: /home/reefranger/Desktop/ReefRanger/robot/robot/install/gototable_interface/include/gototable_interface/gototable_interface/action/detail
[1.428s] -- Up-to-date: /home/reefranger/Desktop/ReefRanger/robot/robot/install/gototable_interface/include/gototable_interface/gototable_interface/action/detail/go_table__type_support.c
[1.428s] -- Up-to-date: /home/reefranger/Desktop/ReefRanger/robot/robot/install/gototable_interface/include/gototable_interface/gototable_interface/action/detail/go_table__rosidl_typesupport_introspection_c.h
[1.429s] -- Up-to-date: /home/reefranger/Desktop/ReefRanger/robot/robot/install/gototable_interface/lib/libgototable_interface__rosidl_typesupport_introspection_c.so
[1.429s] -- Up-to-date: /home/reefranger/Desktop/ReefRanger/robot/robot/install/gototable_interface/lib/libgototable_interface__rosidl_typesupport_c.so
[1.429s] -- Up-to-date: /home/reefranger/Desktop/ReefRanger/robot/robot/install/gototable_interface/include/gototable_interface/gototable_interface
[1.429s] -- Up-to-date: /home/reefranger/Desktop/ReefRanger/robot/robot/install/gototable_interface/include/gototable_interface/gototable_interface/action
[1.429s] -- Up-to-date: /home/reefranger/Desktop/ReefRanger/robot/robot/install/gototable_interface/include/gototable_interface/gototable_interface/action/detail
[1.429s] -- Up-to-date: /home/reefranger/Desktop/ReefRanger/robot/robot/install/gototable_interface/include/gototable_interface/gototable_interface/action/detail/go_table__builder.hpp
[1.429s] -- Up-to-date: /home/reefranger/Desktop/ReefRanger/robot/robot/install/gototable_interface/include/gototable_interface/gototable_interface/action/detail/go_table__struct.hpp
[1.429s] -- Up-to-date: /home/reefranger/Desktop/ReefRanger/robot/robot/install/gototable_interface/include/gototable_interface/gototable_interface/action/detail/go_table__traits.hpp
[1.430s] -- Up-to-date: /home/reefranger/Desktop/ReefRanger/robot/robot/install/gototable_interface/include/gototable_interface/gototable_interface/action/go_table.hpp
[1.430s] -- Up-to-date: /home/reefranger/Desktop/ReefRanger/robot/robot/install/gototable_interface/include/gototable_interface/gototable_interface
[1.430s] -- Up-to-date: /home/reefranger/Desktop/ReefRanger/robot/robot/install/gototable_interface/include/gototable_interface/gototable_interface/msg
[1.431s] -- Up-to-date: /home/reefranger/Desktop/ReefRanger/robot/robot/install/gototable_interface/include/gototable_interface/gototable_interface/msg/rosidl_typesupport_fastrtps_cpp__visibility_control.h
[1.431s] -- Up-to-date: /home/reefranger/Desktop/ReefRanger/robot/robot/install/gototable_interface/include/gototable_interface/gototable_interface/action
[1.431s] -- Up-to-date: /home/reefranger/Desktop/ReefRanger/robot/robot/install/gototable_interface/include/gototable_interface/gototable_interface/action/detail
[1.431s] -- Up-to-date: /home/reefranger/Desktop/ReefRanger/robot/robot/install/gototable_interface/include/gototable_interface/gototable_interface/action/detail/dds_fastrtps
[1.431s] -- Up-to-date: /home/reefranger/Desktop/ReefRanger/robot/robot/install/gototable_interface/include/gototable_interface/gototable_interface/action/detail/go_table__rosidl_typesupport_fastrtps_cpp.hpp
[1.431s] -- Up-to-date: /home/reefranger/Desktop/ReefRanger/robot/robot/install/gototable_interface/lib/libgototable_interface__rosidl_typesupport_fastrtps_cpp.so
[1.433s] -- Up-to-date: /home/reefranger/Desktop/ReefRanger/robot/robot/install/gototable_interface/include/gototable_interface/gototable_interface
[1.434s] -- Up-to-date: /home/reefranger/Desktop/ReefRanger/robot/robot/install/gototable_interface/include/gototable_interface/gototable_interface/action
[1.434s] -- Up-to-date: /home/reefranger/Desktop/ReefRanger/robot/robot/install/gototable_interface/include/gototable_interface/gototable_interface/action/detail
[1.434s] -- Up-to-date: /home/reefranger/Desktop/ReefRanger/robot/robot/install/gototable_interface/include/gototable_interface/gototable_interface/action/detail/go_table__rosidl_typesupport_introspection_cpp.hpp
[1.434s] -- Up-to-date: /home/reefranger/Desktop/ReefRanger/robot/robot/install/gototable_interface/include/gototable_interface/gototable_interface/action/detail/go_table__type_support.cpp
[1.434s] -- Up-to-date: /home/reefranger/Desktop/ReefRanger/robot/robot/install/gototable_interface/lib/libgototable_interface__rosidl_typesupport_introspection_cpp.so
[1.434s] -- Up-to-date: /home/reefranger/Desktop/ReefRanger/robot/robot/install/gototable_interface/lib/libgototable_interface__rosidl_typesupport_cpp.so
[1.434s] -- Up-to-date: /home/reefranger/Desktop/ReefRanger/robot/robot/install/gototable_interface/share/gototable_interface/environment/pythonpath.sh
[1.434s] -- Up-to-date: /home/reefranger/Desktop/ReefRanger/robot/robot/install/gototable_interface/share/gototable_interface/environment/pythonpath.dsv
[1.434s] -- Up-to-date: /home/reefranger/Desktop/ReefRanger/robot/robot/install/gototable_interface/local/lib/python3.10/dist-packages/gototable_interface-0.0.0-py3.10.egg-info
[1.435s] -- Installing: /home/reefranger/Desktop/ReefRanger/robot/robot/install/gototable_interface/local/lib/python3.10/dist-packages/gototable_interface-0.0.0-py3.10.egg-info/dependency_links.txt
[1.435s] -- Installing: /home/reefranger/Desktop/ReefRanger/robot/robot/install/gototable_interface/local/lib/python3.10/dist-packages/gototable_interface-0.0.0-py3.10.egg-info/SOURCES.txt
[1.435s] -- Installing: /home/reefranger/Desktop/ReefRanger/robot/robot/install/gototable_interface/local/lib/python3.10/dist-packages/gototable_interface-0.0.0-py3.10.egg-info/PKG-INFO
[1.435s] -- Installing: /home/reefranger/Desktop/ReefRanger/robot/robot/install/gototable_interface/local/lib/python3.10/dist-packages/gototable_interface-0.0.0-py3.10.egg-info/top_level.txt
[1.435s] -- Up-to-date: /home/reefranger/Desktop/ReefRanger/robot/robot/install/gototable_interface/local/lib/python3.10/dist-packages/gototable_interface
[1.435s] -- Up-to-date: /home/reefranger/Desktop/ReefRanger/robot/robot/install/gototable_interface/local/lib/python3.10/dist-packages/gototable_interface/gototable_interface_s__rosidl_typesupport_fastrtps_c.cpython-310-x86_64-linux-gnu.so
[1.435s] -- Up-to-date: /home/reefranger/Desktop/ReefRanger/robot/robot/install/gototable_interface/local/lib/python3.10/dist-packages/gototable_interface/gototable_interface_s__rosidl_typesupport_introspection_c.cpython-310-x86_64-linux-gnu.so
[1.435s] -- Up-to-date: /home/reefranger/Desktop/ReefRanger/robot/robot/install/gototable_interface/local/lib/python3.10/dist-packages/gototable_interface/libgototable_interface__rosidl_generator_py.so
[1.437s] -- Up-to-date: /home/reefranger/Desktop/ReefRanger/robot/robot/install/gototable_interface/local/lib/python3.10/dist-packages/gototable_interface/action
[1.437s] -- Up-to-date: /home/reefranger/Desktop/ReefRanger/robot/robot/install/gototable_interface/local/lib/python3.10/dist-packages/gototable_interface/action/_go_table_s.c
[1.438s] -- Up-to-date: /home/reefranger/Desktop/ReefRanger/robot/robot/install/gototable_interface/local/lib/python3.10/dist-packages/gototable_interface/action/_go_table.py
[1.438s] -- Up-to-date: /home/reefranger/Desktop/ReefRanger/robot/robot/install/gototable_interface/local/lib/python3.10/dist-packages/gototable_interface/action/__init__.py
[1.438s] -- Up-to-date: /home/reefranger/Desktop/ReefRanger/robot/robot/install/gototable_interface/local/lib/python3.10/dist-packages/gototable_interface/_gototable_interface_s.ep.rosidl_typesupport_fastrtps_c.c
[1.438s] -- Up-to-date: /home/reefranger/Desktop/ReefRanger/robot/robot/install/gototable_interface/local/lib/python3.10/dist-packages/gototable_interface/_gototable_interface_s.ep.rosidl_typesupport_c.c
[1.438s] -- Up-to-date: /home/reefranger/Desktop/ReefRanger/robot/robot/install/gototable_interface/local/lib/python3.10/dist-packages/gototable_interface/gototable_interface_s__rosidl_typesupport_c.cpython-310-x86_64-linux-gnu.so
[1.438s] -- Up-to-date: /home/reefranger/Desktop/ReefRanger/robot/robot/install/gototable_interface/local/lib/python3.10/dist-packages/gototable_interface/__init__.py
[1.438s] -- Up-to-date: /home/reefranger/Desktop/ReefRanger/robot/robot/install/gototable_interface/local/lib/python3.10/dist-packages/gototable_interface/_gototable_interface_s.ep.rosidl_typesupport_introspection_c.c
[1.470s] Listing '/home/reefranger/Desktop/ReefRanger/robot/robot/install/gototable_interface/local/lib/python3.10/dist-packages/gototable_interface'...
[1.470s] Listing '/home/reefranger/Desktop/ReefRanger/robot/robot/install/gototable_interface/local/lib/python3.10/dist-packages/gototable_interface/action'...
[1.477s] -- Up-to-date: /home/reefranger/Desktop/ReefRanger/robot/robot/install/gototable_interface/local/lib/python3.10/dist-packages/gototable_interface/gototable_interface_s__rosidl_typesupport_fastrtps_c.cpython-310-x86_64-linux-gnu.so
[1.477s] -- Up-to-date: /home/reefranger/Desktop/ReefRanger/robot/robot/install/gototable_interface/local/lib/python3.10/dist-packages/gototable_interface/gototable_interface_s__rosidl_typesupport_introspection_c.cpython-310-x86_64-linux-gnu.so
[1.478s] -- Up-to-date: /home/reefranger/Desktop/ReefRanger/robot/robot/install/gototable_interface/local/lib/python3.10/dist-packages/gototable_interface/gototable_interface_s__rosidl_typesupport_c.cpython-310-x86_64-linux-gnu.so
[1.478s] -- Up-to-date: /home/reefranger/Desktop/ReefRanger/robot/robot/install/gototable_interface/lib/libgototable_interface__rosidl_generator_py.so
[1.478s] -- Up-to-date: /home/reefranger/Desktop/ReefRanger/robot/robot/install/gototable_interface/share/gototable_interface/action/GoTable.idl
[1.479s] -- Up-to-date: /home/reefranger/Desktop/ReefRanger/robot/robot/install/gototable_interface/share/gototable_interface/action/GoTable.action
[1.479s] -- Up-to-date: /home/reefranger/Desktop/ReefRanger/robot/robot/install/gototable_interface/share/ament_index/resource_index/package_run_dependencies/gototable_interface
[1.479s] -- Up-to-date: /home/reefranger/Desktop/ReefRanger/robot/robot/install/gototable_interface/share/ament_index/resource_index/parent_prefix_path/gototable_interface
[1.479s] -- Up-to-date: /home/reefranger/Desktop/ReefRanger/robot/robot/install/gototable_interface/share/gototable_interface/environment/ament_prefix_path.sh
[1.479s] -- Up-to-date: /home/reefranger/Desktop/ReefRanger/robot/robot/install/gototable_interface/share/gototable_interface/environment/ament_prefix_path.dsv
[1.479s] -- Up-to-date: /home/reefranger/Desktop/ReefRanger/robot/robot/install/gototable_interface/share/gototable_interface/environment/path.sh
[1.480s] -- Up-to-date: /home/reefranger/Desktop/ReefRanger/robot/robot/install/gototable_interface/share/gototable_interface/environment/path.dsv
[1.480s] -- Up-to-date: /home/reefranger/Desktop/ReefRanger/robot/robot/install/gototable_interface/share/gototable_interface/local_setup.bash
[1.482s] -- Up-to-date: /home/reefranger/Desktop/ReefRanger/robot/robot/install/gototable_interface/share/gototable_interface/local_setup.sh
[1.483s] -- Up-to-date: /home/reefranger/Desktop/ReefRanger/robot/robot/install/gototable_interface/share/gototable_interface/local_setup.zsh
[1.484s] -- Up-to-date: /home/reefranger/Desktop/ReefRanger/robot/robot/install/gototable_interface/share/gototable_interface/local_setup.dsv
[1.485s] -- Installing: /home/reefranger/Desktop/ReefRanger/robot/robot/install/gototable_interface/share/gototable_interface/package.dsv
[1.486s] -- Up-to-date: /home/reefranger/Desktop/ReefRanger/robot/robot/install/gototable_interface/share/ament_index/resource_index/packages/gototable_interface
[1.487s] -- Up-to-date: /home/reefranger/Desktop/ReefRanger/robot/robot/install/gototable_interface/share/gototable_interface/cmake/export_gototable_interface__rosidl_generator_cExport.cmake
[1.490s] -- Up-to-date: /home/reefranger/Desktop/ReefRanger/robot/robot/install/gototable_interface/share/gototable_interface/cmake/export_gototable_interface__rosidl_generator_cExport-noconfig.cmake
[1.491s] -- Up-to-date: /home/reefranger/Desktop/ReefRanger/robot/robot/install/gototable_interface/share/gototable_interface/cmake/export_gototable_interface__rosidl_typesupport_fastrtps_cExport.cmake
[1.492s] -- Up-to-date: /home/reefranger/Desktop/ReefRanger/robot/robot/install/gototable_interface/share/gototable_interface/cmake/export_gototable_interface__rosidl_typesupport_fastrtps_cExport-noconfig.cmake
[1.492s] -- Up-to-date: /home/reefranger/Desktop/ReefRanger/robot/robot/install/gototable_interface/share/gototable_interface/cmake/gototable_interface__rosidl_typesupport_introspection_cExport.cmake
[1.492s] -- Up-to-date: /home/reefranger/Desktop/ReefRanger/robot/robot/install/gototable_interface/share/gototable_interface/cmake/gototable_interface__rosidl_typesupport_introspection_cExport-noconfig.cmake
[1.492s] -- Up-to-date: /home/reefranger/Desktop/ReefRanger/robot/robot/install/gototable_interface/share/gototable_interface/cmake/gototable_interface__rosidl_typesupport_cExport.cmake
[1.493s] -- Up-to-date: /home/reefranger/Desktop/ReefRanger/robot/robot/install/gototable_interface/share/gototable_interface/cmake/gototable_interface__rosidl_typesupport_cExport-noconfig.cmake
[1.493s] -- Up-to-date: /home/reefranger/Desktop/ReefRanger/robot/robot/install/gototable_interface/share/gototable_interface/cmake/export_gototable_interface__rosidl_generator_cppExport.cmake
[1.497s] -- Up-to-date: /home/reefranger/Desktop/ReefRanger/robot/robot/install/gototable_interface/share/gototable_interface/cmake/export_gototable_interface__rosidl_typesupport_fastrtps_cppExport.cmake
[1.497s] -- Up-to-date: /home/reefranger/Desktop/ReefRanger/robot/robot/install/gototable_interface/share/gototable_interface/cmake/export_gototable_interface__rosidl_typesupport_fastrtps_cppExport-noconfig.cmake
[1.497s] -- Up-to-date: /home/reefranger/Desktop/ReefRanger/robot/robot/install/gototable_interface/share/gototable_interface/cmake/gototable_interface__rosidl_typesupport_introspection_cppExport.cmake
[1.497s] -- Up-to-date: /home/reefranger/Desktop/ReefRanger/robot/robot/install/gototable_interface/share/gototable_interface/cmake/gototable_interface__rosidl_typesupport_introspection_cppExport-noconfig.cmake
[1.497s] -- Up-to-date: /home/reefranger/Desktop/ReefRanger/robot/robot/install/gototable_interface/share/gototable_interface/cmake/gototable_interface__rosidl_typesupport_cppExport.cmake
[1.497s] -- Up-to-date: /home/reefranger/Desktop/ReefRanger/robot/robot/install/gototable_interface/share/gototable_interface/cmake/gototable_interface__rosidl_typesupport_cppExport-noconfig.cmake
[1.498s] -- Up-to-date: /home/reefranger/Desktop/ReefRanger/robot/robot/install/gototable_interface/share/gototable_interface/cmake/export_gototable_interface__rosidl_generator_pyExport.cmake
[1.498s] -- Up-to-date: /home/reefranger/Desktop/ReefRanger/robot/robot/install/gototable_interface/share/gototable_interface/cmake/export_gototable_interface__rosidl_generator_pyExport-noconfig.cmake
[1.498s] -- Up-to-date: /home/reefranger/Desktop/ReefRanger/robot/robot/install/gototable_interface/share/gototable_interface/cmake/rosidl_cmake-extras.cmake
[1.498s] -- Up-to-date: /home/reefranger/Desktop/ReefRanger/robot/robot/install/gototable_interface/share/gototable_interface/cmake/ament_cmake_export_dependencies-extras.cmake
[1.498s] -- Up-to-date: /home/reefranger/Desktop/ReefRanger/robot/robot/install/gototable_interface/share/gototable_interface/cmake/ament_cmake_export_include_directories-extras.cmake
[1.498s] -- Up-to-date: /home/reefranger/Desktop/ReefRanger/robot/robot/install/gototable_interface/share/gototable_interface/cmake/ament_cmake_export_libraries-extras.cmake
[1.498s] -- Up-to-date: /home/reefranger/Desktop/ReefRanger/robot/robot/install/gototable_interface/share/gototable_interface/cmake/ament_cmake_export_targets-extras.cmake
[1.498s] -- Up-to-date: /home/reefranger/Desktop/ReefRanger/robot/robot/install/gototable_interface/share/gototable_interface/cmake/rosidl_cmake_export_typesupport_targets-extras.cmake
[1.498s] -- Up-to-date: /home/reefranger/Desktop/ReefRanger/robot/robot/install/gototable_interface/share/gototable_interface/cmake/rosidl_cmake_export_typesupport_libraries-extras.cmake
[1.498s] -- Up-to-date: /home/reefranger/Desktop/ReefRanger/robot/robot/install/gototable_interface/share/gototable_interface/cmake/gototable_interfaceConfig.cmake
[1.498s] -- Up-to-date: /home/reefranger/Desktop/ReefRanger/robot/robot/install/gototable_interface/share/gototable_interface/cmake/gototable_interfaceConfig-version.cmake
[1.499s] -- Up-to-date: /home/reefranger/Desktop/ReefRanger/robot/robot/install/gototable_interface/share/gototable_interface/package.xml
[1.502s] Invoked command in '/home/reefranger/Desktop/ReefRanger/robot/robot/build/gototable_interface' returned '0': CMAKE_PREFIX_PATH=/opt/ros/humble /usr/bin/cmake --install /home/reefranger/Desktop/ReefRanger/robot/robot/build/gototable_interface
