[1.382s] Invoking command in '/home/reefranger/Desktop/ReefRanger/robot/robot/src/movetable': PYTHONPATH=/home/reefranger/Desktop/ReefRanger/robot/robot/build/movetable/prefix_override:/usr/lib/python3/dist-packages/colcon_core/task/python/colcon_distutils_commands:/home/reefranger/Desktop/ReefRanger/robot/robot/install/movetable/lib/python3.10/site-packages:${PYTHONPATH} /usr/bin/python3 -W ignore:setup.py install is deprecated setup.py egg_info --egg-base ../../build/movetable build --build-base /home/reefranger/Desktop/ReefRanger/robot/robot/build/movetable/build install --record /home/reefranger/Desktop/ReefRanger/robot/robot/build/movetable/install.log --single-version-externally-managed install_data
[1.497s] /home/reefranger/.local/lib/python3.10/site-packages/setuptools/_distutils/dist.py:261: UserWarning: Unknown distribution option: 'tests_require'
[1.497s]   warnings.warn(msg)
[1.593s] running egg_info
[1.608s] writing ../../build/movetable/movetable.egg-info/PKG-INFO
[1.608s] writing dependency_links to ../../build/movetable/movetable.egg-info/dependency_links.txt
[1.608s] writing entry points to ../../build/movetable/movetable.egg-info/entry_points.txt
[1.608s] writing requirements to ../../build/movetable/movetable.egg-info/requires.txt
[1.608s] writing top-level names to ../../build/movetable/movetable.egg-info/top_level.txt
[1.640s] reading manifest file '../../build/movetable/movetable.egg-info/SOURCES.txt'
[1.641s] writing manifest file '../../build/movetable/movetable.egg-info/SOURCES.txt'
[1.641s] running build
[1.641s] running build_py
[1.641s] copying movetable/movetable.py -> /home/reefranger/Desktop/ReefRanger/robot/robot/build/movetable/build/lib/movetable
[1.641s] copying movetable/__init__.py -> /home/reefranger/Desktop/ReefRanger/robot/robot/build/movetable/build/lib/movetable
[1.642s] running install
[1.645s] running install_lib
[1.661s] running install_data
[1.661s] copying resource/movetable -> /home/reefranger/Desktop/ReefRanger/robot/robot/install/movetable/share/ament_index/resource_index/packages
[1.662s] copying package.xml -> /home/reefranger/Desktop/ReefRanger/robot/robot/install/movetable/share/movetable
[1.662s] running install_egg_info
[1.678s] removing '/home/reefranger/Desktop/ReefRanger/robot/robot/install/movetable/lib/python3.10/site-packages/movetable-0.0.0-py3.10.egg-info' (and everything under it)
[1.678s] Copying ../../build/movetable/movetable.egg-info to /home/reefranger/Desktop/ReefRanger/robot/robot/install/movetable/lib/python3.10/site-packages/movetable-0.0.0-py3.10.egg-info
[1.679s] running install_scripts
[1.804s] Installing movetable script to /home/reefranger/Desktop/ReefRanger/robot/robot/install/movetable/lib/movetable
[1.805s] writing list of installed files to '/home/reefranger/Desktop/ReefRanger/robot/robot/build/movetable/install.log'
[2.217s] Invoked command in '/home/reefranger/Desktop/ReefRanger/robot/robot/src/movetable' returned '0': PYTHONPATH=/home/reefranger/Desktop/ReefRanger/robot/robot/build/movetable/prefix_override:/usr/lib/python3/dist-packages/colcon_core/task/python/colcon_distutils_commands:/home/reefranger/Desktop/ReefRanger/robot/robot/install/movetable/lib/python3.10/site-packages:${PYTHONPATH} /usr/bin/python3 -W ignore:setup.py install is deprecated setup.py egg_info --egg-base ../../build/movetable build --build-base /home/reefranger/Desktop/ReefRanger/robot/robot/build/movetable/build install --record /home/reefranger/Desktop/ReefRanger/robot/robot/build/movetable/install.log --single-version-externally-managed install_data
