[2.440s] Invoking command in '/home/reefranger/Desktop/ReefRanger/robot/robot/src/bcudriver': PYTHONPATH=/home/reefranger/Desktop/ReefRanger/robot/robot/build/bcudriver/prefix_override:/usr/lib/python3/dist-packages/colcon_core/task/python/colcon_distutils_commands:/home/reefranger/Desktop/ReefRanger/robot/robot/install/bcudriver/lib/python3.10/site-packages:${PYTHONPATH} /usr/bin/python3 -W ignore:setup.py install is deprecated setup.py egg_info --egg-base ../../build/bcudriver build --build-base /home/reefranger/Desktop/ReefRanger/robot/robot/build/bcudriver/build install --record /home/reefranger/Desktop/ReefRanger/robot/robot/build/bcudriver/install.log --single-version-externally-managed install_data
[3.891s] running egg_info
[3.891s] creating ../../build/bcudriver/bcudriver.egg-info
[3.891s] writing ../../build/bcudriver/bcudriver.egg-info/PKG-INFO
[3.891s] writing dependency_links to ../../build/bcudriver/bcudriver.egg-info/dependency_links.txt
[3.891s] writing entry points to ../../build/bcudriver/bcudriver.egg-info/entry_points.txt
[3.891s] writing requirements to ../../build/bcudriver/bcudriver.egg-info/requires.txt
[3.892s] writing top-level names to ../../build/bcudriver/bcudriver.egg-info/top_level.txt
[3.892s] writing manifest file '../../build/bcudriver/bcudriver.egg-info/SOURCES.txt'
[3.892s] reading manifest file '../../build/bcudriver/bcudriver.egg-info/SOURCES.txt'
[3.892s] adding license file 'LICENSE'
[3.892s] writing manifest file '../../build/bcudriver/bcudriver.egg-info/SOURCES.txt'
[3.892s] running build
[3.892s] running build_py
[3.892s] creating /home/reefranger/Desktop/ReefRanger/robot/robot/build/bcudriver/build/lib/bcudriver
[3.892s] copying bcudriver/bcudriver.py -> /home/reefranger/Desktop/ReefRanger/robot/robot/build/bcudriver/build/lib/bcudriver
[3.892s] copying bcudriver/__init__.py -> /home/reefranger/Desktop/ReefRanger/robot/robot/build/bcudriver/build/lib/bcudriver
[3.892s] running install
[3.892s] running install_lib
[3.892s] creating /home/reefranger/Desktop/ReefRanger/robot/robot/install/bcudriver/lib/python3.10/site-packages/bcudriver
[3.892s] copying /home/reefranger/Desktop/ReefRanger/robot/robot/build/bcudriver/build/lib/bcudriver/bcudriver.py -> /home/reefranger/Desktop/ReefRanger/robot/robot/install/bcudriver/lib/python3.10/site-packages/bcudriver
[3.893s] copying /home/reefranger/Desktop/ReefRanger/robot/robot/build/bcudriver/build/lib/bcudriver/__init__.py -> /home/reefranger/Desktop/ReefRanger/robot/robot/install/bcudriver/lib/python3.10/site-packages/bcudriver
[3.893s] byte-compiling /home/reefranger/Desktop/ReefRanger/robot/robot/install/bcudriver/lib/python3.10/site-packages/bcudriver/bcudriver.py to bcudriver.cpython-310.pyc
[3.893s] byte-compiling /home/reefranger/Desktop/ReefRanger/robot/robot/install/bcudriver/lib/python3.10/site-packages/bcudriver/__init__.py to __init__.cpython-310.pyc
[3.893s] running install_data
[3.893s] creating /home/reefranger/Desktop/ReefRanger/robot/robot/install/bcudriver/share/ament_index/resource_index/packages
[3.893s] copying resource/bcudriver -> /home/reefranger/Desktop/ReefRanger/robot/robot/install/bcudriver/share/ament_index/resource_index/packages
[3.893s] copying package.xml -> /home/reefranger/Desktop/ReefRanger/robot/robot/install/bcudriver/share/bcudriver
[3.893s] running install_egg_info
[3.893s] Copying ../../build/bcudriver/bcudriver.egg-info to /home/reefranger/Desktop/ReefRanger/robot/robot/install/bcudriver/lib/python3.10/site-packages/bcudriver-0.0.0-py3.10.egg-info
[3.893s] running install_scripts
[3.893s] Installing bcudriver script to /home/reefranger/Desktop/ReefRanger/robot/robot/install/bcudriver/lib/bcudriver
[3.893s] writing list of installed files to '/home/reefranger/Desktop/ReefRanger/robot/robot/build/bcudriver/install.log'
[3.898s] /home/reefranger/.local/lib/python3.10/site-packages/setuptools/_distutils/dist.py:261: UserWarning: Unknown distribution option: 'tests_require'
[3.898s]   warnings.warn(msg)
[3.919s] Invoked command in '/home/reefranger/Desktop/ReefRanger/robot/robot/src/bcudriver' returned '0': PYTHONPATH=/home/reefranger/Desktop/ReefRanger/robot/robot/build/bcudriver/prefix_override:/usr/lib/python3/dist-packages/colcon_core/task/python/colcon_distutils_commands:/home/reefranger/Desktop/ReefRanger/robot/robot/install/bcudriver/lib/python3.10/site-packages:${PYTHONPATH} /usr/bin/python3 -W ignore:setup.py install is deprecated setup.py egg_info --egg-base ../../build/bcudriver build --build-base /home/reefranger/Desktop/ReefRanger/robot/robot/build/bcudriver/build install --record /home/reefranger/Desktop/ReefRanger/robot/robot/build/bcudriver/install.log --single-version-externally-managed install_data
