[1.877s] Invoking command in '/home/reefranger/Desktop/ReefRanger/robot/robot/src/navigate_path': PYTHONPATH=/home/reefranger/Desktop/ReefRanger/robot/robot/build/navigate_path/prefix_override:/usr/lib/python3/dist-packages/colcon_core/task/python/colcon_distutils_commands:/home/reefranger/Desktop/ReefRanger/robot/robot/install/navigate_path/lib/python3.10/site-packages:${PYTHONPATH} /usr/bin/python3 -W ignore:setup.py install is deprecated setup.py egg_info --egg-base ../../build/navigate_path build --build-base /home/reefranger/Desktop/ReefRanger/robot/robot/build/navigate_path/build install --record /home/reefranger/Desktop/ReefRanger/robot/robot/build/navigate_path/install.log --single-version-externally-managed install_data
[2.124s] /home/reefranger/.local/lib/python3.10/site-packages/setuptools/_distutils/dist.py:261: UserWarning: Unknown distribution option: 'tests_require'
[2.124s]   warnings.warn(msg)
[2.395s] running egg_info
[2.452s] creating ../../build/navigate_path/navigate_path.egg-info
[2.452s] writing ../../build/navigate_path/navigate_path.egg-info/PKG-INFO
[2.452s] writing dependency_links to ../../build/navigate_path/navigate_path.egg-info/dependency_links.txt
[2.453s] writing entry points to ../../build/navigate_path/navigate_path.egg-info/entry_points.txt
[2.453s] writing requirements to ../../build/navigate_path/navigate_path.egg-info/requires.txt
[2.453s] writing top-level names to ../../build/navigate_path/navigate_path.egg-info/top_level.txt
[2.453s] writing manifest file '../../build/navigate_path/navigate_path.egg-info/SOURCES.txt'
[2.511s] reading manifest file '../../build/navigate_path/navigate_path.egg-info/SOURCES.txt'
[2.514s] adding license file 'LICENSE'
[2.514s] writing manifest file '../../build/navigate_path/navigate_path.egg-info/SOURCES.txt'
[2.514s] running build
[2.514s] running build_py
[2.514s] creating /home/reefranger/Desktop/ReefRanger/robot/robot/build/navigate_path/build/lib/navigate_path
[2.514s] copying navigate_path/navigate_path_old.py -> /home/reefranger/Desktop/ReefRanger/robot/robot/build/navigate_path/build/lib/navigate_path
[2.514s] copying navigate_path/navigate_path.py -> /home/reefranger/Desktop/ReefRanger/robot/robot/build/navigate_path/build/lib/navigate_path
[2.518s] copying navigate_path/__init__.py -> /home/reefranger/Desktop/ReefRanger/robot/robot/build/navigate_path/build/lib/navigate_path
[2.518s] running install
[2.521s] running install_lib
[2.557s] creating /home/reefranger/Desktop/ReefRanger/robot/robot/install/navigate_path/lib/python3.10/site-packages/navigate_path
[2.558s] copying /home/reefranger/Desktop/ReefRanger/robot/robot/build/navigate_path/build/lib/navigate_path/navigate_path_old.py -> /home/reefranger/Desktop/ReefRanger/robot/robot/install/navigate_path/lib/python3.10/site-packages/navigate_path
[2.558s] copying /home/reefranger/Desktop/ReefRanger/robot/robot/build/navigate_path/build/lib/navigate_path/navigate_path.py -> /home/reefranger/Desktop/ReefRanger/robot/robot/install/navigate_path/lib/python3.10/site-packages/navigate_path
[2.558s] copying /home/reefranger/Desktop/ReefRanger/robot/robot/build/navigate_path/build/lib/navigate_path/__init__.py -> /home/reefranger/Desktop/ReefRanger/robot/robot/install/navigate_path/lib/python3.10/site-packages/navigate_path
[2.559s] byte-compiling /home/reefranger/Desktop/ReefRanger/robot/robot/install/navigate_path/lib/python3.10/site-packages/navigate_path/navigate_path_old.py to navigate_path_old.cpython-310.pyc
[2.561s] byte-compiling /home/reefranger/Desktop/ReefRanger/robot/robot/install/navigate_path/lib/python3.10/site-packages/navigate_path/navigate_path.py to navigate_path.cpython-310.pyc
[2.562s] byte-compiling /home/reefranger/Desktop/ReefRanger/robot/robot/install/navigate_path/lib/python3.10/site-packages/navigate_path/__init__.py to __init__.cpython-310.pyc
[2.562s] running install_data
[2.563s] creating /home/reefranger/Desktop/ReefRanger/robot/robot/install/navigate_path/share/ament_index/resource_index/packages
[2.563s] copying resource/navigate_path -> /home/reefranger/Desktop/ReefRanger/robot/robot/install/navigate_path/share/ament_index/resource_index/packages
[2.564s] copying package.xml -> /home/reefranger/Desktop/ReefRanger/robot/robot/install/navigate_path/share/navigate_path
[2.564s] running install_egg_info
[2.597s] Copying ../../build/navigate_path/navigate_path.egg-info to /home/reefranger/Desktop/ReefRanger/robot/robot/install/navigate_path/lib/python3.10/site-packages/navigate_path-0.0.0-py3.10.egg-info
[2.598s] running install_scripts
[2.850s] Installing navigate_path script to /home/reefranger/Desktop/ReefRanger/robot/robot/install/navigate_path/lib/navigate_path
[2.850s] writing list of installed files to '/home/reefranger/Desktop/ReefRanger/robot/robot/build/navigate_path/install.log'
[2.906s] Invoked command in '/home/reefranger/Desktop/ReefRanger/robot/robot/src/navigate_path' returned '0': PYTHONPATH=/home/reefranger/Desktop/ReefRanger/robot/robot/build/navigate_path/prefix_override:/usr/lib/python3/dist-packages/colcon_core/task/python/colcon_distutils_commands:/home/reefranger/Desktop/ReefRanger/robot/robot/install/navigate_path/lib/python3.10/site-packages:${PYTHONPATH} /usr/bin/python3 -W ignore:setup.py install is deprecated setup.py egg_info --egg-base ../../build/navigate_path build --build-base /home/reefranger/Desktop/ReefRanger/robot/robot/build/navigate_path/build install --record /home/reefranger/Desktop/ReefRanger/robot/robot/build/navigate_path/install.log --single-version-externally-managed install_data
