[1.203s] Invoking command in '/home/reefranger/Desktop/ReefRanger/robot/robot/src/yolo/yolov8_ros/yolov8_ros': AMENT_PREFIX_PATH=/home/reefranger/Desktop/ReefRanger/robot/robot/install/yolov8_msgs:${AMENT_PREFIX_PATH} CMAKE_PREFIX_PATH=/home/reefranger/Desktop/ReefRanger/robot/robot/install/yolov8_msgs LD_LIBRARY_PATH=/home/reefranger/Desktop/ReefRanger/robot/robot/install/yolov8_msgs/lib:${LD_LIBRARY_PATH} PYTHONPATH=/home/reefranger/Desktop/ReefRanger/robot/robot/build/yolov8_ros/prefix_override:/usr/lib/python3/dist-packages/colcon_core/task/python/colcon_distutils_commands:/home/reefranger/Desktop/ReefRanger/robot/robot/install/yolov8_ros/lib/python3.10/site-packages:/home/reefranger/Desktop/ReefRanger/robot/robot/install/yolov8_msgs/local/lib/python3.10/dist-packages:${PYTHONPATH} /usr/bin/python3 -W ignore:setup.py install is deprecated setup.py egg_info --egg-base ../../../../build/yolov8_ros build --build-base /home/reefranger/Desktop/ReefRanger/robot/robot/build/yolov8_ros/build install --record /home/reefranger/Desktop/ReefRanger/robot/robot/build/yolov8_ros/install.log --single-version-externally-managed install_data
[1.577s] running egg_info
[1.596s] writing ../../../../build/yolov8_ros/yolov8_ros.egg-info/PKG-INFO
[1.596s] writing dependency_links to ../../../../build/yolov8_ros/yolov8_ros.egg-info/dependency_links.txt
[1.596s] writing entry points to ../../../../build/yolov8_ros/yolov8_ros.egg-info/entry_points.txt
[1.596s] writing requirements to ../../../../build/yolov8_ros/yolov8_ros.egg-info/requires.txt
[1.597s] writing top-level names to ../../../../build/yolov8_ros/yolov8_ros.egg-info/top_level.txt
[1.630s] reading manifest file '../../../../build/yolov8_ros/yolov8_ros.egg-info/SOURCES.txt'
[1.631s] writing manifest file '../../../../build/yolov8_ros/yolov8_ros.egg-info/SOURCES.txt'
[1.631s] running build
[1.631s] running build_py
[1.631s] copying yolov8_ros/tracking_node.py -> /home/reefranger/Desktop/ReefRanger/robot/robot/build/yolov8_ros/build/lib/yolov8_ros
[1.631s] copying yolov8_ros/yolov8_node.py -> /home/reefranger/Desktop/ReefRanger/robot/robot/build/yolov8_ros/build/lib/yolov8_ros
[1.632s] copying yolov8_ros/debug_node.py -> /home/reefranger/Desktop/ReefRanger/robot/robot/build/yolov8_ros/build/lib/yolov8_ros
[1.632s] copying yolov8_ros/detect_3d_node.py -> /home/reefranger/Desktop/ReefRanger/robot/robot/build/yolov8_ros/build/lib/yolov8_ros
[1.632s] copying yolov8_ros/__init__.py -> /home/reefranger/Desktop/ReefRanger/robot/robot/build/yolov8_ros/build/lib/yolov8_ros
[1.632s] running install
[1.636s] running install_lib
[1.653s] running install_data
[1.653s] copying resource/yolov8_ros -> /home/reefranger/Desktop/ReefRanger/robot/robot/install/yolov8_ros/share/ament_index/resource_index/packages
[1.653s] copying package.xml -> /home/reefranger/Desktop/ReefRanger/robot/robot/install/yolov8_ros/share/yolov8_ros
[1.653s] running install_egg_info
[1.670s] removing '/home/reefranger/Desktop/ReefRanger/robot/robot/install/yolov8_ros/lib/python3.10/site-packages/yolov8_ros-0.0.0-py3.10.egg-info' (and everything under it)
[1.671s] Copying ../../../../build/yolov8_ros/yolov8_ros.egg-info to /home/reefranger/Desktop/ReefRanger/robot/robot/install/yolov8_ros/lib/python3.10/site-packages/yolov8_ros-0.0.0-py3.10.egg-info
[1.671s] running install_scripts
[1.812s] Installing debug_node script to /home/reefranger/Desktop/ReefRanger/robot/robot/install/yolov8_ros/lib/yolov8_ros
[1.812s] Installing detect_3d_node script to /home/reefranger/Desktop/ReefRanger/robot/robot/install/yolov8_ros/lib/yolov8_ros
[1.812s] Installing tracking_node script to /home/reefranger/Desktop/ReefRanger/robot/robot/install/yolov8_ros/lib/yolov8_ros
[1.812s] Installing yolov8_node script to /home/reefranger/Desktop/ReefRanger/robot/robot/install/yolov8_ros/lib/yolov8_ros
[1.812s] writing list of installed files to '/home/reefranger/Desktop/ReefRanger/robot/robot/build/yolov8_ros/install.log'
[1.839s] Invoked command in '/home/reefranger/Desktop/ReefRanger/robot/robot/src/yolo/yolov8_ros/yolov8_ros' returned '0': AMENT_PREFIX_PATH=/home/reefranger/Desktop/ReefRanger/robot/robot/install/yolov8_msgs:${AMENT_PREFIX_PATH} CMAKE_PREFIX_PATH=/home/reefranger/Desktop/ReefRanger/robot/robot/install/yolov8_msgs LD_LIBRARY_PATH=/home/reefranger/Desktop/ReefRanger/robot/robot/install/yolov8_msgs/lib:${LD_LIBRARY_PATH} PYTHONPATH=/home/reefranger/Desktop/ReefRanger/robot/robot/build/yolov8_ros/prefix_override:/usr/lib/python3/dist-packages/colcon_core/task/python/colcon_distutils_commands:/home/reefranger/Desktop/ReefRanger/robot/robot/install/yolov8_ros/lib/python3.10/site-packages:/home/reefranger/Desktop/ReefRanger/robot/robot/install/yolov8_msgs/local/lib/python3.10/dist-packages:${PYTHONPATH} /usr/bin/python3 -W ignore:setup.py install is deprecated setup.py egg_info --egg-base ../../../../build/yolov8_ros build --build-base /home/reefranger/Desktop/ReefRanger/robot/robot/build/yolov8_ros/build install --record /home/reefranger/Desktop/ReefRanger/robot/robot/build/yolov8_ros/install.log --single-version-externally-managed install_data
