[2.423s] Invoking command in '/home/reefranger/Desktop/ReefRanger/robot/robot/src/mccontroller': PYTHONPATH=/home/reefranger/Desktop/ReefRanger/robot/robot/build/mccontroller/prefix_override:/usr/lib/python3/dist-packages/colcon_core/task/python/colcon_distutils_commands:/home/reefranger/Desktop/ReefRanger/robot/robot/install/mccontroller/lib/python3.10/site-packages:${PYTHONPATH} /usr/bin/python3 -W ignore:setup.py install is deprecated setup.py egg_info --egg-base ../../build/mccontroller build --build-base /home/reefranger/Desktop/ReefRanger/robot/robot/build/mccontroller/build install --record /home/reefranger/Desktop/ReefRanger/robot/robot/build/mccontroller/install.log --single-version-externally-managed install_data
[2.813s] running egg_info
[2.847s] writing ../../build/mccontroller/mccontroller.egg-info/PKG-INFO
[2.847s] writing dependency_links to ../../build/mccontroller/mccontroller.egg-info/dependency_links.txt
[2.847s] writing entry points to ../../build/mccontroller/mccontroller.egg-info/entry_points.txt
[2.847s] writing requirements to ../../build/mccontroller/mccontroller.egg-info/requires.txt
[2.847s] writing top-level names to ../../build/mccontroller/mccontroller.egg-info/top_level.txt
[2.911s] reading manifest file '../../build/mccontroller/mccontroller.egg-info/SOURCES.txt'
[2.912s] adding license file 'LICENSE'
[2.915s] writing manifest file '../../build/mccontroller/mccontroller.egg-info/SOURCES.txt'
[2.916s] running build
[2.916s] running build_py
[2.916s] copying mccontroller/mccontroller copy.py -> /home/reefranger/Desktop/ReefRanger/robot/robot/build/mccontroller/build/lib/mccontroller
[2.916s] copying mccontroller/mccontroller.py -> /home/reefranger/Desktop/ReefRanger/robot/robot/build/mccontroller/build/lib/mccontroller
[2.916s] copying mccontroller/__init__.py -> /home/reefranger/Desktop/ReefRanger/robot/robot/build/mccontroller/build/lib/mccontroller
[2.916s] running install
[2.925s] running install_lib
[2.955s] byte-compiling /home/reefranger/Desktop/ReefRanger/robot/robot/install/mccontroller/lib/python3.10/site-packages/mccontroller/__init__.py to __init__.cpython-310.pyc
[2.955s] running install_data
[2.955s] copying resource/mccontroller -> /home/reefranger/Desktop/ReefRanger/robot/robot/install/mccontroller/share/ament_index/resource_index/packages
[2.956s] copying package.xml -> /home/reefranger/Desktop/ReefRanger/robot/robot/install/mccontroller/share/mccontroller
[2.956s] running install_egg_info
[2.991s] removing '/home/reefranger/Desktop/ReefRanger/robot/robot/install/mccontroller/lib/python3.10/site-packages/mccontroller-0.0.0-py3.10.egg-info' (and everything under it)
[2.991s] Copying ../../build/mccontroller/mccontroller.egg-info to /home/reefranger/Desktop/ReefRanger/robot/robot/install/mccontroller/lib/python3.10/site-packages/mccontroller-0.0.0-py3.10.egg-info
[2.991s] running install_scripts
[3.248s] Installing mccontroller script to /home/reefranger/Desktop/ReefRanger/robot/robot/install/mccontroller/lib/mccontroller
[3.249s] writing list of installed files to '/home/reefranger/Desktop/ReefRanger/robot/robot/build/mccontroller/install.log'
[3.375s] Invoked command in '/home/reefranger/Desktop/ReefRanger/robot/robot/src/mccontroller' returned '0': PYTHONPATH=/home/reefranger/Desktop/ReefRanger/robot/robot/build/mccontroller/prefix_override:/usr/lib/python3/dist-packages/colcon_core/task/python/colcon_distutils_commands:/home/reefranger/Desktop/ReefRanger/robot/robot/install/mccontroller/lib/python3.10/site-packages:${PYTHONPATH} /usr/bin/python3 -W ignore:setup.py install is deprecated setup.py egg_info --egg-base ../../build/mccontroller build --build-base /home/reefranger/Desktop/ReefRanger/robot/robot/build/mccontroller/build install --record /home/reefranger/Desktop/ReefRanger/robot/robot/build/mccontroller/install.log --single-version-externally-managed install_data
