[2.042s] Invoking command in '/home/reefranger/Desktop/ReefRanger/robot/robot/src/state_machine': PYTHONPATH=/home/reefranger/Desktop/ReefRanger/robot/robot/build/state_machine/prefix_override:/usr/lib/python3/dist-packages/colcon_core/task/python/colcon_distutils_commands:/home/reefranger/Desktop/ReefRanger/robot/robot/install/state_machine/lib/python3.10/site-packages:${PYTHONPATH} /usr/bin/python3 -W ignore:setup.py install is deprecated setup.py egg_info --egg-base ../../build/state_machine build --build-base /home/reefranger/Desktop/ReefRanger/robot/robot/build/state_machine/build install --record /home/reefranger/Desktop/ReefRanger/robot/robot/build/state_machine/install.log --single-version-externally-managed install_data
[2.398s] /home/reefranger/.local/lib/python3.10/site-packages/setuptools/_distutils/dist.py:261: UserWarning: Unknown distribution option: 'tests_require'
[2.399s]   warnings.warn(msg)
[2.596s] running egg_info
[2.629s] writing ../../build/state_machine/state_machine.egg-info/PKG-INFO
[2.630s] writing dependency_links to ../../build/state_machine/state_machine.egg-info/dependency_links.txt
[2.632s] writing entry points to ../../build/state_machine/state_machine.egg-info/entry_points.txt
[2.632s] writing requirements to ../../build/state_machine/state_machine.egg-info/requires.txt
[2.632s] writing top-level names to ../../build/state_machine/state_machine.egg-info/top_level.txt
[2.690s] reading manifest file '../../build/state_machine/state_machine.egg-info/SOURCES.txt'
[2.691s] adding license file 'LICENSE'
[2.692s] writing manifest file '../../build/state_machine/state_machine.egg-info/SOURCES.txt'
[2.693s] running build
[2.693s] running build_py
[2.693s] copying state_machine/state_machine.py -> /home/reefranger/Desktop/ReefRanger/robot/robot/build/state_machine/build/lib/state_machine
[2.697s] copying state_machine/__init__.py -> /home/reefranger/Desktop/ReefRanger/robot/robot/build/state_machine/build/lib/state_machine
[2.697s] running install
[2.701s] running install_lib
[2.732s] running install_data
[2.733s] copying resource/state_machine -> /home/reefranger/Desktop/ReefRanger/robot/robot/install/state_machine/share/ament_index/resource_index/packages
[2.733s] copying package.xml -> /home/reefranger/Desktop/ReefRanger/robot/robot/install/state_machine/share/state_machine
[2.733s] running install_egg_info
[2.766s] removing '/home/reefranger/Desktop/ReefRanger/robot/robot/install/state_machine/lib/python3.10/site-packages/state_machine-0.0.0-py3.10.egg-info' (and everything under it)
[2.767s] Copying ../../build/state_machine/state_machine.egg-info to /home/reefranger/Desktop/ReefRanger/robot/robot/install/state_machine/lib/python3.10/site-packages/state_machine-0.0.0-py3.10.egg-info
[2.768s] running install_scripts
[3.048s] Installing state_machine script to /home/reefranger/Desktop/ReefRanger/robot/robot/install/state_machine/lib/state_machine
[3.049s] writing list of installed files to '/home/reefranger/Desktop/ReefRanger/robot/robot/build/state_machine/install.log'
[3.089s] Invoked command in '/home/reefranger/Desktop/ReefRanger/robot/robot/src/state_machine' returned '0': PYTHONPATH=/home/reefranger/Desktop/ReefRanger/robot/robot/build/state_machine/prefix_override:/usr/lib/python3/dist-packages/colcon_core/task/python/colcon_distutils_commands:/home/reefranger/Desktop/ReefRanger/robot/robot/install/state_machine/lib/python3.10/site-packages:${PYTHONPATH} /usr/bin/python3 -W ignore:setup.py install is deprecated setup.py egg_info --egg-base ../../build/state_machine build --build-base /home/reefranger/Desktop/ReefRanger/robot/robot/build/state_machine/build install --record /home/reefranger/Desktop/ReefRanger/robot/robot/build/state_machine/install.log --single-version-externally-managed install_data
