[2.443s] Invoking command in '/home/reefranger/Desktop/ReefRanger/robot/robot/src/gototable': PYTHONPATH=/home/reefranger/Desktop/ReefRanger/robot/robot/build/gototable/prefix_override:/usr/lib/python3/dist-packages/colcon_core/task/python/colcon_distutils_commands:/home/reefranger/Desktop/ReefRanger/robot/robot/install/gototable/lib/python3.10/site-packages:${PYTHONPATH} /usr/bin/python3 -W ignore:setup.py install is deprecated setup.py egg_info --egg-base ../../build/gototable build --build-base /home/reefranger/Desktop/ReefRanger/robot/robot/build/gototable/build install --record /home/reefranger/Desktop/ReefRanger/robot/robot/build/gototable/install.log --single-version-externally-managed install_data
[2.809s] running egg_info
[2.840s] writing ../../build/gototable/gototable.egg-info/PKG-INFO
[2.841s] writing dependency_links to ../../build/gototable/gototable.egg-info/dependency_links.txt
[2.841s] writing entry points to ../../build/gototable/gototable.egg-info/entry_points.txt
[2.841s] writing requirements to ../../build/gototable/gototable.egg-info/requires.txt
[2.841s] writing top-level names to ../../build/gototable/gototable.egg-info/top_level.txt
[2.906s] reading manifest file '../../build/gototable/gototable.egg-info/SOURCES.txt'
[2.906s] adding license file 'LICENSE'
[2.908s] writing manifest file '../../build/gototable/gototable.egg-info/SOURCES.txt'
[2.908s] running build
[2.909s] running build_py
[2.911s] copying gototable/gototable.py -> /home/reefranger/Desktop/ReefRanger/robot/robot/build/gototable/build/lib/gototable
[2.911s] copying gototable/__init__.py -> /home/reefranger/Desktop/ReefRanger/robot/robot/build/gototable/build/lib/gototable
[2.911s] running install
[2.918s] running install_lib
[2.949s] byte-compiling /home/reefranger/Desktop/ReefRanger/robot/robot/install/gototable/lib/python3.10/site-packages/gototable/__init__.py to __init__.cpython-310.pyc
[2.951s] running install_data
[2.951s] copying resource/gototable -> /home/reefranger/Desktop/ReefRanger/robot/robot/install/gototable/share/ament_index/resource_index/packages
[2.951s] copying package.xml -> /home/reefranger/Desktop/ReefRanger/robot/robot/install/gototable/share/gototable
[2.951s] running install_egg_info
[2.984s] removing '/home/reefranger/Desktop/ReefRanger/robot/robot/install/gototable/lib/python3.10/site-packages/gototable-0.0.0-py3.10.egg-info' (and everything under it)
[2.984s] Copying ../../build/gototable/gototable.egg-info to /home/reefranger/Desktop/ReefRanger/robot/robot/install/gototable/lib/python3.10/site-packages/gototable-0.0.0-py3.10.egg-info
[2.991s] running install_scripts
[3.240s] Installing gototable script to /home/reefranger/Desktop/ReefRanger/robot/robot/install/gototable/lib/gototable
[3.241s] writing list of installed files to '/home/reefranger/Desktop/ReefRanger/robot/robot/build/gototable/install.log'
[3.381s] Invoked command in '/home/reefranger/Desktop/ReefRanger/robot/robot/src/gototable' returned '0': PYTHONPATH=/home/reefranger/Desktop/ReefRanger/robot/robot/build/gototable/prefix_override:/usr/lib/python3/dist-packages/colcon_core/task/python/colcon_distutils_commands:/home/reefranger/Desktop/ReefRanger/robot/robot/install/gototable/lib/python3.10/site-packages:${PYTHONPATH} /usr/bin/python3 -W ignore:setup.py install is deprecated setup.py egg_info --egg-base ../../build/gototable build --build-base /home/reefranger/Desktop/ReefRanger/robot/robot/build/gototable/build install --record /home/reefranger/Desktop/ReefRanger/robot/robot/build/gototable/install.log --single-version-externally-managed install_data
