[2.072s] Invoking command in '/home/reefranger/Desktop/ReefRanger/robot/robot/src/moveovertable': PYTHONPATH=/home/reefranger/Desktop/ReefRanger/robot/robot/build/moveovertable/prefix_override:/usr/lib/python3/dist-packages/colcon_core/task/python/colcon_distutils_commands:/home/reefranger/Desktop/ReefRanger/robot/robot/install/moveovertable/lib/python3.10/site-packages:${PYTHONPATH} /usr/bin/python3 -W ignore:setup.py install is deprecated setup.py egg_info --egg-base ../../build/moveovertable build --build-base /home/reefranger/Desktop/ReefRanger/robot/robot/build/moveovertable/build install --record /home/reefranger/Desktop/ReefRanger/robot/robot/build/moveovertable/install.log --single-version-externally-managed install_data
[2.466s] running egg_info
[2.494s] writing ../../build/moveovertable/moveovertable.egg-info/PKG-INFO
[2.495s] writing dependency_links to ../../build/moveovertable/moveovertable.egg-info/dependency_links.txt
[2.496s] writing entry points to ../../build/moveovertable/moveovertable.egg-info/entry_points.txt
[2.496s] writing requirements to ../../build/moveovertable/moveovertable.egg-info/requires.txt
[2.497s] writing top-level names to ../../build/moveovertable/moveovertable.egg-info/top_level.txt
[2.562s] reading manifest file '../../build/moveovertable/moveovertable.egg-info/SOURCES.txt'
[2.565s] adding license file 'LICENSE'
[2.565s] writing manifest file '../../build/moveovertable/moveovertable.egg-info/SOURCES.txt'
[2.565s] running build
[2.565s] running build_py
[2.566s] copying moveovertable/__init__.py -> /home/reefranger/Desktop/ReefRanger/robot/robot/build/moveovertable/build/lib/moveovertable
[2.566s] copying moveovertable/moveovertable.py -> /home/reefranger/Desktop/ReefRanger/robot/robot/build/moveovertable/build/lib/moveovertable
[2.566s] running install
[2.572s] running install_lib
[2.602s] running install_data
[2.603s] copying resource/moveovertable -> /home/reefranger/Desktop/ReefRanger/robot/robot/install/moveovertable/share/ament_index/resource_index/packages
[2.603s] copying package.xml -> /home/reefranger/Desktop/ReefRanger/robot/robot/install/moveovertable/share/moveovertable
[2.603s] running install_egg_info
[2.636s] removing '/home/reefranger/Desktop/ReefRanger/robot/robot/install/moveovertable/lib/python3.10/site-packages/moveovertable-0.0.0-py3.10.egg-info' (and everything under it)
[2.637s] Copying ../../build/moveovertable/moveovertable.egg-info to /home/reefranger/Desktop/ReefRanger/robot/robot/install/moveovertable/lib/python3.10/site-packages/moveovertable-0.0.0-py3.10.egg-info
[2.640s] running install_scripts
[2.885s] Installing moveovertable script to /home/reefranger/Desktop/ReefRanger/robot/robot/install/moveovertable/lib/moveovertable
[2.885s] writing list of installed files to '/home/reefranger/Desktop/ReefRanger/robot/robot/build/moveovertable/install.log'
[3.011s] Invoked command in '/home/reefranger/Desktop/ReefRanger/robot/robot/src/moveovertable' returned '0': PYTHONPATH=/home/reefranger/Desktop/ReefRanger/robot/robot/build/moveovertable/prefix_override:/usr/lib/python3/dist-packages/colcon_core/task/python/colcon_distutils_commands:/home/reefranger/Desktop/ReefRanger/robot/robot/install/moveovertable/lib/python3.10/site-packages:${PYTHONPATH} /usr/bin/python3 -W ignore:setup.py install is deprecated setup.py egg_info --egg-base ../../build/moveovertable build --build-base /home/reefranger/Desktop/ReefRanger/robot/robot/build/moveovertable/build install --record /home/reefranger/Desktop/ReefRanger/robot/robot/build/moveovertable/install.log --single-version-externally-managed install_data
