/home/reefranger/.local/lib/python3.10/site-packages/setuptools/_distutils/dist.py:261: UserWarning: Unknown distribution option: 'tests_require'
  warnings.warn(msg)
running egg_info
writing ../../build/state_machine/state_machine.egg-info/PKG-INFO
writing dependency_links to ../../build/state_machine/state_machine.egg-info/dependency_links.txt
writing entry points to ../../build/state_machine/state_machine.egg-info/entry_points.txt
writing requirements to ../../build/state_machine/state_machine.egg-info/requires.txt
writing top-level names to ../../build/state_machine/state_machine.egg-info/top_level.txt
reading manifest file '../../build/state_machine/state_machine.egg-info/SOURCES.txt'
adding license file 'LICENSE'
writing manifest file '../../build/state_machine/state_machine.egg-info/SOURCES.txt'
running build
running build_py
copying state_machine/state_machine.py -> /home/reefranger/Desktop/ReefRanger/robot/robot/build/state_machine/build/lib/state_machine
copying state_machine/__init__.py -> /home/reefranger/Desktop/ReefRanger/robot/robot/build/state_machine/build/lib/state_machine
running install
running install_lib
running install_data
copying resource/state_machine -> /home/reefranger/Desktop/ReefRanger/robot/robot/install/state_machine/share/ament_index/resource_index/packages
copying package.xml -> /home/reefranger/Desktop/ReefRanger/robot/robot/install/state_machine/share/state_machine
running install_egg_info
removing '/home/reefranger/Desktop/ReefRanger/robot/robot/install/state_machine/lib/python3.10/site-packages/state_machine-0.0.0-py3.10.egg-info' (and everything under it)
Copying ../../build/state_machine/state_machine.egg-info to /home/reefranger/Desktop/ReefRanger/robot/robot/install/state_machine/lib/python3.10/site-packages/state_machine-0.0.0-py3.10.egg-info
running install_scripts
Installing state_machine script to /home/reefranger/Desktop/ReefRanger/robot/robot/install/state_machine/lib/state_machine
writing list of installed files to '/home/reefranger/Desktop/ReefRanger/robot/robot/build/state_machine/install.log'
