[2.277s] Invoking command in '/home/reefranger/Desktop/ReefRanger/robot/robot/src/pathctrl': PYTHONPATH=/home/reefranger/Desktop/ReefRanger/robot/robot/build/pathctrl/prefix_override:/usr/lib/python3/dist-packages/colcon_core/task/python/colcon_distutils_commands:/home/reefranger/Desktop/ReefRanger/robot/robot/install/pathctrl/lib/python3.10/site-packages:${PYTHONPATH} /usr/bin/python3 -W ignore:setup.py install is deprecated setup.py egg_info --egg-base ../../build/pathctrl build --build-base /home/reefranger/Desktop/ReefRanger/robot/robot/build/pathctrl/build install --record /home/reefranger/Desktop/ReefRanger/robot/robot/build/pathctrl/install.log --single-version-externally-managed install_data
[2.510s] /home/reefranger/.local/lib/python3.10/site-packages/setuptools/_distutils/dist.py:261: UserWarning: Unknown distribution option: 'tests_require'
[2.510s]   warnings.warn(msg)
[2.702s] running egg_info
[2.729s] creating ../../build/pathctrl/pathctrl.egg-info
[2.729s] writing ../../build/pathctrl/pathctrl.egg-info/PKG-INFO
[2.730s] writing dependency_links to ../../build/pathctrl/pathctrl.egg-info/dependency_links.txt
[2.733s] writing entry points to ../../build/pathctrl/pathctrl.egg-info/entry_points.txt
[2.733s] writing requirements to ../../build/pathctrl/pathctrl.egg-info/requires.txt
[2.733s] writing top-level names to ../../build/pathctrl/pathctrl.egg-info/top_level.txt
[2.733s] writing manifest file '../../build/pathctrl/pathctrl.egg-info/SOURCES.txt'
[2.785s] reading manifest file '../../build/pathctrl/pathctrl.egg-info/SOURCES.txt'
[2.785s] adding license file 'LICENSE'
[2.786s] writing manifest file '../../build/pathctrl/pathctrl.egg-info/SOURCES.txt'
[2.787s] running build
[2.787s] running build_py
[2.787s] creating /home/reefranger/Desktop/ReefRanger/robot/robot/build/pathctrl/build/lib/pathctrl
[2.787s] copying pathctrl/pathctrl_subscriper.py -> /home/reefranger/Desktop/ReefRanger/robot/robot/build/pathctrl/build/lib/pathctrl
[2.787s] copying pathctrl/pathctrl_1.py -> /home/reefranger/Desktop/ReefRanger/robot/robot/build/pathctrl/build/lib/pathctrl
[2.788s] copying pathctrl/pathctrl.py -> /home/reefranger/Desktop/ReefRanger/robot/robot/build/pathctrl/build/lib/pathctrl
[2.788s] copying pathctrl/__init__.py -> /home/reefranger/Desktop/ReefRanger/robot/robot/build/pathctrl/build/lib/pathctrl
[2.788s] copying pathctrl/pathctrl_2.py -> /home/reefranger/Desktop/ReefRanger/robot/robot/build/pathctrl/build/lib/pathctrl
[2.788s] copying pathctrl/pathctrl3.py -> /home/reefranger/Desktop/ReefRanger/robot/robot/build/pathctrl/build/lib/pathctrl
[2.789s] running install
[2.796s] running install_lib
[2.826s] creating /home/reefranger/Desktop/ReefRanger/robot/robot/install/pathctrl/lib/python3.10/site-packages/pathctrl
[2.827s] copying /home/reefranger/Desktop/ReefRanger/robot/robot/build/pathctrl/build/lib/pathctrl/pathctrl_subscriper.py -> /home/reefranger/Desktop/ReefRanger/robot/robot/install/pathctrl/lib/python3.10/site-packages/pathctrl
[2.827s] copying /home/reefranger/Desktop/ReefRanger/robot/robot/build/pathctrl/build/lib/pathctrl/pathctrl_1.py -> /home/reefranger/Desktop/ReefRanger/robot/robot/install/pathctrl/lib/python3.10/site-packages/pathctrl
[2.827s] copying /home/reefranger/Desktop/ReefRanger/robot/robot/build/pathctrl/build/lib/pathctrl/pathctrl.py -> /home/reefranger/Desktop/ReefRanger/robot/robot/install/pathctrl/lib/python3.10/site-packages/pathctrl
[2.828s] copying /home/reefranger/Desktop/ReefRanger/robot/robot/build/pathctrl/build/lib/pathctrl/__init__.py -> /home/reefranger/Desktop/ReefRanger/robot/robot/install/pathctrl/lib/python3.10/site-packages/pathctrl
[2.828s] copying /home/reefranger/Desktop/ReefRanger/robot/robot/build/pathctrl/build/lib/pathctrl/pathctrl_2.py -> /home/reefranger/Desktop/ReefRanger/robot/robot/install/pathctrl/lib/python3.10/site-packages/pathctrl
[2.829s] copying /home/reefranger/Desktop/ReefRanger/robot/robot/build/pathctrl/build/lib/pathctrl/pathctrl3.py -> /home/reefranger/Desktop/ReefRanger/robot/robot/install/pathctrl/lib/python3.10/site-packages/pathctrl
[2.829s] byte-compiling /home/reefranger/Desktop/ReefRanger/robot/robot/install/pathctrl/lib/python3.10/site-packages/pathctrl/pathctrl_subscriper.py to pathctrl_subscriper.cpython-310.pyc
[2.831s] byte-compiling /home/reefranger/Desktop/ReefRanger/robot/robot/install/pathctrl/lib/python3.10/site-packages/pathctrl/pathctrl_1.py to pathctrl_1.cpython-310.pyc
[2.832s] byte-compiling /home/reefranger/Desktop/ReefRanger/robot/robot/install/pathctrl/lib/python3.10/site-packages/pathctrl/pathctrl.py to pathctrl.cpython-310.pyc
[2.833s] byte-compiling /home/reefranger/Desktop/ReefRanger/robot/robot/install/pathctrl/lib/python3.10/site-packages/pathctrl/__init__.py to __init__.cpython-310.pyc
[2.833s] byte-compiling /home/reefranger/Desktop/ReefRanger/robot/robot/install/pathctrl/lib/python3.10/site-packages/pathctrl/pathctrl_2.py to pathctrl_2.cpython-310.pyc
[2.834s] byte-compiling /home/reefranger/Desktop/ReefRanger/robot/robot/install/pathctrl/lib/python3.10/site-packages/pathctrl/pathctrl3.py to pathctrl3.cpython-310.pyc
[2.835s] running install_data
[2.836s] creating /home/reefranger/Desktop/ReefRanger/robot/robot/install/pathctrl/share/ament_index/resource_index/packages
[2.836s] copying resource/pathctrl -> /home/reefranger/Desktop/ReefRanger/robot/robot/install/pathctrl/share/ament_index/resource_index/packages
[2.837s] copying package.xml -> /home/reefranger/Desktop/ReefRanger/robot/robot/install/pathctrl/share/pathctrl
[2.838s] running install_egg_info
[2.870s] Copying ../../build/pathctrl/pathctrl.egg-info to /home/reefranger/Desktop/ReefRanger/robot/robot/install/pathctrl/lib/python3.10/site-packages/pathctrl-0.0.0-py3.10.egg-info
[2.873s] running install_scripts
[3.133s] Installing pathctrl script to /home/reefranger/Desktop/ReefRanger/robot/robot/install/pathctrl/lib/pathctrl
[3.133s] writing list of installed files to '/home/reefranger/Desktop/ReefRanger/robot/robot/build/pathctrl/install.log'
[3.164s] Invoked command in '/home/reefranger/Desktop/ReefRanger/robot/robot/src/pathctrl' returned '0': PYTHONPATH=/home/reefranger/Desktop/ReefRanger/robot/robot/build/pathctrl/prefix_override:/usr/lib/python3/dist-packages/colcon_core/task/python/colcon_distutils_commands:/home/reefranger/Desktop/ReefRanger/robot/robot/install/pathctrl/lib/python3.10/site-packages:${PYTHONPATH} /usr/bin/python3 -W ignore:setup.py install is deprecated setup.py egg_info --egg-base ../../build/pathctrl build --build-base /home/reefranger/Desktop/ReefRanger/robot/robot/build/pathctrl/build install --record /home/reefranger/Desktop/ReefRanger/robot/robot/build/pathctrl/install.log --single-version-externally-managed install_data
