[1.873s] Invoking command in '/home/reefranger/Desktop/ReefRanger/robot/robot/src/occupancy_grid': PYTHONPATH=/home/reefranger/Desktop/ReefRanger/robot/robot/build/occupancy_grid/prefix_override:/usr/lib/python3/dist-packages/colcon_core/task/python/colcon_distutils_commands:/home/reefranger/Desktop/ReefRanger/robot/robot/install/occupancy_grid/lib/python3.10/site-packages:${PYTHONPATH} /usr/bin/python3 -W ignore:setup.py install is deprecated setup.py egg_info --egg-base ../../build/occupancy_grid build --build-base /home/reefranger/Desktop/ReefRanger/robot/robot/build/occupancy_grid/build install --record /home/reefranger/Desktop/ReefRanger/robot/robot/build/occupancy_grid/install.log --single-version-externally-managed install_data
[2.296s] running egg_info
[2.326s] writing ../../build/occupancy_grid/occupancy_grid.egg-info/PKG-INFO
[2.326s] writing dependency_links to ../../build/occupancy_grid/occupancy_grid.egg-info/dependency_links.txt
[2.327s] writing entry points to ../../build/occupancy_grid/occupancy_grid.egg-info/entry_points.txt
[2.327s] writing requirements to ../../build/occupancy_grid/occupancy_grid.egg-info/requires.txt
[2.327s] writing top-level names to ../../build/occupancy_grid/occupancy_grid.egg-info/top_level.txt
[2.389s] reading manifest file '../../build/occupancy_grid/occupancy_grid.egg-info/SOURCES.txt'
[2.391s] writing manifest file '../../build/occupancy_grid/occupancy_grid.egg-info/SOURCES.txt'
[2.391s] running build
[2.391s] running build_py
[2.392s] copying occupancy_grid/occupancy_grid12.py -> /home/reefranger/Desktop/ReefRanger/robot/robot/build/occupancy_grid/build/lib/occupancy_grid
[2.392s] copying occupancy_grid/own_grid.py -> /home/reefranger/Desktop/ReefRanger/robot/robot/build/occupancy_grid/build/lib/occupancy_grid
[2.392s] copying occupancy_grid/reset_cloudpoints.py -> /home/reefranger/Desktop/ReefRanger/robot/robot/build/occupancy_grid/build/lib/occupancy_grid
[2.392s] copying occupancy_grid/occupancy_grid.py -> /home/reefranger/Desktop/ReefRanger/robot/robot/build/occupancy_grid/build/lib/occupancy_grid
[2.392s] copying occupancy_grid/occupancy_grid_old.py -> /home/reefranger/Desktop/ReefRanger/robot/robot/build/occupancy_grid/build/lib/occupancy_grid
[2.393s] copying occupancy_grid/occupancy_grid_no.py -> /home/reefranger/Desktop/ReefRanger/robot/robot/build/occupancy_grid/build/lib/occupancy_grid
[2.393s] copying occupancy_grid/__init__.py -> /home/reefranger/Desktop/ReefRanger/robot/robot/build/occupancy_grid/build/lib/occupancy_grid
[2.393s] running install
[2.400s] running install_lib
[2.432s] running install_data
[2.432s] copying resource/occupancy_grid -> /home/reefranger/Desktop/ReefRanger/robot/robot/install/occupancy_grid/share/ament_index/resource_index/packages
[2.432s] copying package.xml -> /home/reefranger/Desktop/ReefRanger/robot/robot/install/occupancy_grid/share/occupancy_grid
[2.433s] copying launch/slam.launch.py -> /home/reefranger/Desktop/ReefRanger/robot/robot/install/occupancy_grid/share/occupancy_grid/launch
[2.433s] running install_egg_info
[2.466s] removing '/home/reefranger/Desktop/ReefRanger/robot/robot/install/occupancy_grid/lib/python3.10/site-packages/occupancy_grid-0.0.0-py3.10.egg-info' (and everything under it)
[2.466s] Copying ../../build/occupancy_grid/occupancy_grid.egg-info to /home/reefranger/Desktop/ReefRanger/robot/robot/install/occupancy_grid/lib/python3.10/site-packages/occupancy_grid-0.0.0-py3.10.egg-info
[2.467s] running install_scripts
[2.709s] Installing occupancy_grid script to /home/reefranger/Desktop/ReefRanger/robot/robot/install/occupancy_grid/lib/occupancy_grid
[2.709s] Installing own_grid script to /home/reefranger/Desktop/ReefRanger/robot/robot/install/occupancy_grid/lib/occupancy_grid
[2.709s] Installing reset_cloudpoints script to /home/reefranger/Desktop/ReefRanger/robot/robot/install/occupancy_grid/lib/occupancy_grid
[2.710s] writing list of installed files to '/home/reefranger/Desktop/ReefRanger/robot/robot/build/occupancy_grid/install.log'
[2.739s] Invoked command in '/home/reefranger/Desktop/ReefRanger/robot/robot/src/occupancy_grid' returned '0': PYTHONPATH=/home/reefranger/Desktop/ReefRanger/robot/robot/build/occupancy_grid/prefix_override:/usr/lib/python3/dist-packages/colcon_core/task/python/colcon_distutils_commands:/home/reefranger/Desktop/ReefRanger/robot/robot/install/occupancy_grid/lib/python3.10/site-packages:${PYTHONPATH} /usr/bin/python3 -W ignore:setup.py install is deprecated setup.py egg_info --egg-base ../../build/occupancy_grid build --build-base /home/reefranger/Desktop/ReefRanger/robot/robot/build/occupancy_grid/build install --record /home/reefranger/Desktop/ReefRanger/robot/robot/build/occupancy_grid/install.log --single-version-externally-managed install_data
