running egg_info
creating ../../build/mccontroller/mccontroller.egg-info
writing ../../build/mccontroller/mccontroller.egg-info/PKG-INFO
writing dependency_links to ../../build/mccontroller/mccontroller.egg-info/dependency_links.txt
writing entry points to ../../build/mccontroller/mccontroller.egg-info/entry_points.txt
writing requirements to ../../build/mccontroller/mccontroller.egg-info/requires.txt
writing top-level names to ../../build/mccontroller/mccontroller.egg-info/top_level.txt
writing manifest file '../../build/mccontroller/mccontroller.egg-info/SOURCES.txt'
reading manifest file '../../build/mccontroller/mccontroller.egg-info/SOURCES.txt'
adding license file 'LICENSE'
writing manifest file '../../build/mccontroller/mccontroller.egg-info/SOURCES.txt'
running build
running build_py
creating /home/reefranger/Desktop/ReefRanger/robot/robot/build/mccontroller/build/lib/mccontroller
copying mccontroller/mccontroller copy.py -> /home/reefranger/Desktop/ReefRanger/robot/robot/build/mccontroller/build/lib/mccontroller
copying mccontroller/mccontroller.py -> /home/reefranger/Desktop/ReefRanger/robot/robot/build/mccontroller/build/lib/mccontroller
copying mccontroller/__init__.py -> /home/reefranger/Desktop/ReefRanger/robot/robot/build/mccontroller/build/lib/mccontroller
running install
running install_lib
creating /home/reefranger/Desktop/ReefRanger/robot/robot/install/mccontroller/lib/python3.10/site-packages/mccontroller
copying /home/reefranger/Desktop/ReefRanger/robot/robot/build/mccontroller/build/lib/mccontroller/mccontroller copy.py -> /home/reefranger/Desktop/ReefRanger/robot/robot/install/mccontroller/lib/python3.10/site-packages/mccontroller
copying /home/reefranger/Desktop/ReefRanger/robot/robot/build/mccontroller/build/lib/mccontroller/mccontroller.py -> /home/reefranger/Desktop/ReefRanger/robot/robot/install/mccontroller/lib/python3.10/site-packages/mccontroller
copying /home/reefranger/Desktop/ReefRanger/robot/robot/build/mccontroller/build/lib/mccontroller/__init__.py -> /home/reefranger/Desktop/ReefRanger/robot/robot/install/mccontroller/lib/python3.10/site-packages/mccontroller
byte-compiling /home/reefranger/Desktop/ReefRanger/robot/robot/install/mccontroller/lib/python3.10/site-packages/mccontroller/mccontroller copy.py to mccontroller copy.cpython-310.pyc
byte-compiling /home/reefranger/Desktop/ReefRanger/robot/robot/install/mccontroller/lib/python3.10/site-packages/mccontroller/mccontroller.py to mccontroller.cpython-310.pyc
byte-compiling /home/reefranger/Desktop/ReefRanger/robot/robot/install/mccontroller/lib/python3.10/site-packages/mccontroller/__init__.py to __init__.cpython-310.pyc
running install_data
creating /home/reefranger/Desktop/ReefRanger/robot/robot/install/mccontroller/share/ament_index/resource_index/packages
copying resource/mccontroller -> /home/reefranger/Desktop/ReefRanger/robot/robot/install/mccontroller/share/ament_index/resource_index/packages
copying package.xml -> /home/reefranger/Desktop/ReefRanger/robot/robot/install/mccontroller/share/mccontroller
running install_egg_info
Copying ../../build/mccontroller/mccontroller.egg-info to /home/reefranger/Desktop/ReefRanger/robot/robot/install/mccontroller/lib/python3.10/site-packages/mccontroller-0.0.0-py3.10.egg-info
running install_scripts
Installing mccontroller script to /home/reefranger/Desktop/ReefRanger/robot/robot/install/mccontroller/lib/mccontroller
writing list of installed files to '/home/reefranger/Desktop/ReefRanger/robot/robot/build/mccontroller/install.log'
