[2.332s] Invoking command in '/home/reefranger/Desktop/ReefRanger/robot/robot/src/mccontroller': PYTHONPATH=/home/reefranger/Desktop/ReefRanger/robot/robot/build/mccontroller/prefix_override:/usr/lib/python3/dist-packages/colcon_core/task/python/colcon_distutils_commands:/home/reefranger/Desktop/ReefRanger/robot/robot/install/mccontroller/lib/python3.10/site-packages:${PYTHONPATH} /usr/bin/python3 -W ignore:setup.py install is deprecated setup.py egg_info --egg-base ../../build/mccontroller build --build-base /home/reefranger/Desktop/ReefRanger/robot/robot/build/mccontroller/build install --record /home/reefranger/Desktop/ReefRanger/robot/robot/build/mccontroller/install.log --single-version-externally-managed install_data
[2.635s] /home/reefranger/.local/lib/python3.10/site-packages/setuptools/_distutils/dist.py:261: UserWarning: Unknown distribution option: 'tests_require'
[2.635s]   warnings.warn(msg)
[2.868s] running egg_info
[2.923s] creating ../../build/mccontroller/mccontroller.egg-info
[2.923s] writing ../../build/mccontroller/mccontroller.egg-info/PKG-INFO
[2.924s] writing dependency_links to ../../build/mccontroller/mccontroller.egg-info/dependency_links.txt
[2.924s] writing entry points to ../../build/mccontroller/mccontroller.egg-info/entry_points.txt
[2.924s] writing requirements to ../../build/mccontroller/mccontroller.egg-info/requires.txt
[2.924s] writing top-level names to ../../build/mccontroller/mccontroller.egg-info/top_level.txt
[2.924s] writing manifest file '../../build/mccontroller/mccontroller.egg-info/SOURCES.txt'
[2.992s] reading manifest file '../../build/mccontroller/mccontroller.egg-info/SOURCES.txt'
[2.993s] adding license file 'LICENSE'
[2.995s] writing manifest file '../../build/mccontroller/mccontroller.egg-info/SOURCES.txt'
[2.995s] running build
[2.995s] running build_py
[2.996s] creating /home/reefranger/Desktop/ReefRanger/robot/robot/build/mccontroller/build/lib/mccontroller
[2.997s] copying mccontroller/mccontroller copy.py -> /home/reefranger/Desktop/ReefRanger/robot/robot/build/mccontroller/build/lib/mccontroller
[2.998s] copying mccontroller/mccontroller.py -> /home/reefranger/Desktop/ReefRanger/robot/robot/build/mccontroller/build/lib/mccontroller
[2.998s] copying mccontroller/__init__.py -> /home/reefranger/Desktop/ReefRanger/robot/robot/build/mccontroller/build/lib/mccontroller
[2.999s] running install
[3.012s] running install_lib
[3.051s] creating /home/reefranger/Desktop/ReefRanger/robot/robot/install/mccontroller/lib/python3.10/site-packages/mccontroller
[3.051s] copying /home/reefranger/Desktop/ReefRanger/robot/robot/build/mccontroller/build/lib/mccontroller/mccontroller copy.py -> /home/reefranger/Desktop/ReefRanger/robot/robot/install/mccontroller/lib/python3.10/site-packages/mccontroller
[3.051s] copying /home/reefranger/Desktop/ReefRanger/robot/robot/build/mccontroller/build/lib/mccontroller/mccontroller.py -> /home/reefranger/Desktop/ReefRanger/robot/robot/install/mccontroller/lib/python3.10/site-packages/mccontroller
[3.051s] copying /home/reefranger/Desktop/ReefRanger/robot/robot/build/mccontroller/build/lib/mccontroller/__init__.py -> /home/reefranger/Desktop/ReefRanger/robot/robot/install/mccontroller/lib/python3.10/site-packages/mccontroller
[3.053s] byte-compiling /home/reefranger/Desktop/ReefRanger/robot/robot/install/mccontroller/lib/python3.10/site-packages/mccontroller/mccontroller copy.py to mccontroller copy.cpython-310.pyc
[3.053s] byte-compiling /home/reefranger/Desktop/ReefRanger/robot/robot/install/mccontroller/lib/python3.10/site-packages/mccontroller/mccontroller.py to mccontroller.cpython-310.pyc
[3.053s] byte-compiling /home/reefranger/Desktop/ReefRanger/robot/robot/install/mccontroller/lib/python3.10/site-packages/mccontroller/__init__.py to __init__.cpython-310.pyc
[3.054s] running install_data
[3.054s] creating /home/reefranger/Desktop/ReefRanger/robot/robot/install/mccontroller/share/ament_index/resource_index/packages
[3.054s] copying resource/mccontroller -> /home/reefranger/Desktop/ReefRanger/robot/robot/install/mccontroller/share/ament_index/resource_index/packages
[3.054s] copying package.xml -> /home/reefranger/Desktop/ReefRanger/robot/robot/install/mccontroller/share/mccontroller
[3.054s] running install_egg_info
[3.089s] Copying ../../build/mccontroller/mccontroller.egg-info to /home/reefranger/Desktop/ReefRanger/robot/robot/install/mccontroller/lib/python3.10/site-packages/mccontroller-0.0.0-py3.10.egg-info
[3.093s] running install_scripts
[3.519s] Installing mccontroller script to /home/reefranger/Desktop/ReefRanger/robot/robot/install/mccontroller/lib/mccontroller
[3.521s] writing list of installed files to '/home/reefranger/Desktop/ReefRanger/robot/robot/build/mccontroller/install.log'
[3.899s] Invoked command in '/home/reefranger/Desktop/ReefRanger/robot/robot/src/mccontroller' returned '0': PYTHONPATH=/home/reefranger/Desktop/ReefRanger/robot/robot/build/mccontroller/prefix_override:/usr/lib/python3/dist-packages/colcon_core/task/python/colcon_distutils_commands:/home/reefranger/Desktop/ReefRanger/robot/robot/install/mccontroller/lib/python3.10/site-packages:${PYTHONPATH} /usr/bin/python3 -W ignore:setup.py install is deprecated setup.py egg_info --egg-base ../../build/mccontroller build --build-base /home/reefranger/Desktop/ReefRanger/robot/robot/build/mccontroller/build install --record /home/reefranger/Desktop/ReefRanger/robot/robot/build/mccontroller/install.log --single-version-externally-managed install_data
