[0.323s] Invoking command in '/home/reefranger/Desktop/ReefRanger/robot/robot/build/godown_interface': CMAKE_PREFIX_PATH=/opt/ros/humble /usr/bin/cmake /home/reefranger/Desktop/ReefRanger/robot/robot/src/godown_interface -DCMAKE_INSTALL_PREFIX=/home/reefranger/Desktop/ReefRanger/robot/robot/install/godown_interface
[1.283s] -- The C compiler identification is GNU 11.4.0
[1.284s] -- The CXX compiler identification is GNU 11.4.0
[1.284s] -- Detecting C compiler ABI info
[1.284s] -- Detecting C compiler ABI info - done
[1.284s] -- Check for working C compiler: /usr/bin/cc - skipped
[1.284s] -- Detecting C compile features
[1.284s] -- Detecting C compile features - done
[1.284s] -- Detecting CXX compiler ABI info
[1.284s] -- Detecting CXX compiler ABI info - done
[1.284s] -- Check for working CXX compiler: /usr/bin/c++ - skipped
[1.284s] -- Detecting CXX compile features
[1.284s] -- Detecting CXX compile features - done
[1.284s] -- Found ament_cmake: 1.3.10 (/opt/ros/humble/share/ament_cmake/cmake)
[1.285s] -- Found Python3: /usr/bin/python3 (found version "3.10.12") found components: Interpreter 
[1.285s] -- Found ament_lint_auto: 0.12.11 (/opt/ros/humble/share/ament_lint_auto/cmake)
[1.285s] -- Found rosidl_default_generators: 1.2.0 (/opt/ros/humble/share/rosidl_default_generators/cmake)
[1.285s] -- Using all available rosidl_typesupport_c: rosidl_typesupport_fastrtps_c;rosidl_typesupport_introspection_c
[1.285s] -- Found rosidl_adapter: 3.1.5 (/opt/ros/humble/share/rosidl_adapter/cmake)
[1.285s] -- Using all available rosidl_typesupport_cpp: rosidl_typesupport_fastrtps_cpp;rosidl_typesupport_introspection_cpp
[1.285s] -- Found ament_cmake_ros: 0.10.0 (/opt/ros/humble/share/ament_cmake_ros/cmake)
[1.329s] -- Using all available rosidl_typesupport_c: rosidl_typesupport_fastrtps_c;rosidl_typesupport_introspection_c
[1.571s] -- Using all available rosidl_typesupport_cpp: rosidl_typesupport_fastrtps_cpp;rosidl_typesupport_introspection_cpp
[1.608s] -- Found PythonInterp: /usr/bin/python3 (found suitable version "3.10.12", minimum required is "3.6") 
[1.613s] -- Found python_cmake_module: 0.10.0 (/opt/ros/humble/share/python_cmake_module/cmake)
[1.653s] -- Found PythonLibs: /usr/lib/x86_64-linux-gnu/libpython3.10.so (found suitable version "3.10.12", minimum required is "3.5") 
[1.654s] -- Using PYTHON_EXECUTABLE: /usr/bin/python3
[1.654s] -- Using PYTHON_INCLUDE_DIRS: /usr/include/python3.10
[1.655s] -- Using PYTHON_LIBRARIES: /usr/lib/x86_64-linux-gnu/libpython3.10.so
[1.686s] -- Found PythonExtra: .so  
[1.765s] -- Added test 'lint_cmake' to check CMake code style
[1.766s] -- Added test 'xmllint' to check XML markup files
[1.783s] -- Configuring done
[1.854s] -- Generating done
[1.859s] -- Build files have been written to: /home/reefranger/Desktop/ReefRanger/robot/robot/build/godown_interface
[1.871s] Invoked command in '/home/reefranger/Desktop/ReefRanger/robot/robot/build/godown_interface' returned '0': CMAKE_PREFIX_PATH=/opt/ros/humble /usr/bin/cmake /home/reefranger/Desktop/ReefRanger/robot/robot/src/godown_interface -DCMAKE_INSTALL_PREFIX=/home/reefranger/Desktop/ReefRanger/robot/robot/install/godown_interface
[1.875s] Invoking command in '/home/reefranger/Desktop/ReefRanger/robot/robot/build/godown_interface': CMAKE_PREFIX_PATH=/opt/ros/humble /usr/bin/cmake --build /home/reefranger/Desktop/ReefRanger/robot/robot/build/godown_interface -- -j12 -l12
[1.946s] [  3%] [34m[1mGenerating C code for ROS interfaces[0m
[1.979s] [  6%] Built target ament_cmake_python_copy_godown_interface
[1.979s] [  6%] [34m[1mGenerating C++ code for ROS interfaces[0m
[2.332s] running egg_info
[2.370s] creating godown_interface.egg-info
[2.371s] writing godown_interface.egg-info/PKG-INFO
[2.371s] writing dependency_links to godown_interface.egg-info/dependency_links.txt
[2.378s] writing top-level names to godown_interface.egg-info/top_level.txt
[2.378s] writing manifest file 'godown_interface.egg-info/SOURCES.txt'
[2.473s] reading manifest file 'godown_interface.egg-info/SOURCES.txt'
[2.475s] writing manifest file 'godown_interface.egg-info/SOURCES.txt'
[2.517s] [  6%] Built target ament_cmake_python_build_godown_interface_egg
[2.584s] [  9%] [32mBuilding C object CMakeFiles/godown_interface__rosidl_generator_c.dir/rosidl_generator_c/godown_interface/action/detail/godownint__functions.c.o[0m
[2.795s] [  9%] Built target godown_interface__cpp
[2.832s] [ 16%] [34m[1mGenerating C++ type support for eProsima Fast-RTPS[0m
[2.832s] [ 16%] [34m[1mGenerating C++ type support dispatch for ROS interfaces[0m
[2.832s] [ 19%] [34m[1mGenerating C++ introspection for ROS interfaces[0m
[2.911s] [ 22%] [32m[1mLinking C shared library libgodown_interface__rosidl_generator_c.so[0m
[3.010s] [ 22%] Built target godown_interface__rosidl_generator_c
[3.036s] [ 25%] [34m[1mGenerating C introspection for ROS interfaces[0m
[3.036s] [ 29%] [34m[1mGenerating C type support for eProsima Fast-RTPS[0m
[3.043s] [ 32%] [34m[1mGenerating C type support dispatch for ROS interfaces[0m
[3.368s] [ 35%] [32mBuilding CXX object CMakeFiles/godown_interface__rosidl_typesupport_cpp.dir/rosidl_typesupport_cpp/godown_interface/action/godownint__type_support.cpp.o[0m
[3.387s] [ 38%] [32mBuilding CXX object CMakeFiles/godown_interface__rosidl_typesupport_introspection_cpp.dir/rosidl_typesupport_introspection_cpp/godown_interface/action/detail/godownint__type_support.cpp.o[0m
[3.644s] [ 41%] [32mBuilding CXX object CMakeFiles/godown_interface__rosidl_typesupport_c.dir/rosidl_typesupport_c/godown_interface/action/godownint__type_support.cpp.o[0m
[3.729s] [ 45%] [32mBuilding CXX object CMakeFiles/godown_interface__rosidl_typesupport_fastrtps_cpp.dir/rosidl_typesupport_fastrtps_cpp/godown_interface/action/detail/dds_fastrtps/godownint__type_support.cpp.o[0m
[3.729s] [ 48%] [32m[1mLinking CXX shared library libgodown_interface__rosidl_typesupport_c.so[0m
[3.820s] [ 48%] Built target godown_interface__rosidl_typesupport_c
[3.913s] [ 51%] [32mBuilding C object CMakeFiles/godown_interface__rosidl_typesupport_introspection_c.dir/rosidl_typesupport_introspection_c/godown_interface/action/detail/godownint__type_support.c.o[0m
[3.941s] [ 54%] [32mBuilding CXX object CMakeFiles/godown_interface__rosidl_typesupport_fastrtps_c.dir/rosidl_typesupport_fastrtps_c/godown_interface/action/detail/godownint__type_support_c.cpp.o[0m
[3.990s] [ 58%] [32m[1mLinking C shared library libgodown_interface__rosidl_typesupport_introspection_c.so[0m
[4.039s] [ 58%] Built target godown_interface__rosidl_typesupport_introspection_c
[4.085s] [ 61%] [32m[1mLinking CXX shared library libgodown_interface__rosidl_typesupport_cpp.so[0m
[4.143s] [ 61%] Built target godown_interface__rosidl_typesupport_cpp
[4.255s] [ 64%] [32m[1mLinking CXX shared library libgodown_interface__rosidl_typesupport_introspection_cpp.so[0m
[4.355s] [ 64%] Built target godown_interface__rosidl_typesupport_introspection_cpp
[4.410s] [ 67%] [32m[1mLinking CXX shared library libgodown_interface__rosidl_typesupport_fastrtps_c.so[0m
[4.457s] [ 70%] [32m[1mLinking CXX shared library libgodown_interface__rosidl_typesupport_fastrtps_cpp.so[0m
[4.469s] [ 70%] Built target godown_interface__rosidl_typesupport_fastrtps_c
[4.515s] [ 70%] Built target godown_interface__rosidl_typesupport_fastrtps_cpp
[4.530s] [ 70%] Built target godown_interface
[4.547s] [ 74%] [34m[1mGenerating Python code for ROS interfaces[0m
[5.002s] [ 74%] Built target godown_interface__py
[5.017s] [ 77%] [32mBuilding C object CMakeFiles/godown_interface__rosidl_generator_py.dir/rosidl_generator_py/godown_interface/action/_godownint_s.c.o[0m
[5.114s] [ 80%] [32m[1mLinking C shared library rosidl_generator_py/godown_interface/libgodown_interface__rosidl_generator_py.so[0m
[5.148s] [ 80%] Built target godown_interface__rosidl_generator_py
[5.164s] [ 87%] [32mBuilding C object CMakeFiles/godown_interface__rosidl_typesupport_fastrtps_c__pyext.dir/rosidl_generator_py/godown_interface/_godown_interface_s.ep.rosidl_typesupport_fastrtps_c.c.o[0m
[5.164s] [ 87%] [32mBuilding C object CMakeFiles/godown_interface__rosidl_typesupport_introspection_c__pyext.dir/rosidl_generator_py/godown_interface/_godown_interface_s.ep.rosidl_typesupport_introspection_c.c.o[0m
[5.164s] [ 90%] [32mBuilding C object CMakeFiles/godown_interface__rosidl_typesupport_c__pyext.dir/rosidl_generator_py/godown_interface/_godown_interface_s.ep.rosidl_typesupport_c.c.o[0m
[5.262s] [100%] [32m[1mLinking C shared library rosidl_generator_py/godown_interface/godown_interface_s__rosidl_typesupport_introspection_c.cpython-310-x86_64-linux-gnu.so[0m
[5.262s] [100%] [32m[1mLinking C shared library rosidl_generator_py/godown_interface/godown_interface_s__rosidl_typesupport_fastrtps_c.cpython-310-x86_64-linux-gnu.so[0m
[5.262s] [100%] [32m[1mLinking C shared library rosidl_generator_py/godown_interface/godown_interface_s__rosidl_typesupport_c.cpython-310-x86_64-linux-gnu.so[0m
[5.298s] [100%] Built target godown_interface__rosidl_typesupport_c__pyext
[5.299s] [100%] Built target godown_interface__rosidl_typesupport_fastrtps_c__pyext
[5.299s] [100%] Built target godown_interface__rosidl_typesupport_introspection_c__pyext
[5.320s] Invoked command in '/home/reefranger/Desktop/ReefRanger/robot/robot/build/godown_interface' returned '0': CMAKE_PREFIX_PATH=/opt/ros/humble /usr/bin/cmake --build /home/reefranger/Desktop/ReefRanger/robot/robot/build/godown_interface -- -j12 -l12
[5.475s] Invoking command in '/home/reefranger/Desktop/ReefRanger/robot/robot/build/godown_interface': CMAKE_PREFIX_PATH=/opt/ros/humble /usr/bin/cmake --install /home/reefranger/Desktop/ReefRanger/robot/robot/build/godown_interface
[5.506s] -- Install configuration: ""
[5.506s] -- Installing: /home/reefranger/Desktop/ReefRanger/robot/robot/install/godown_interface/share/ament_index/resource_index/rosidl_interfaces/godown_interface
[5.507s] -- Installing: /home/reefranger/Desktop/ReefRanger/robot/robot/install/godown_interface/include/godown_interface/godown_interface
[5.511s] -- Installing: /home/reefranger/Desktop/ReefRanger/robot/robot/install/godown_interface/include/godown_interface/godown_interface/msg
[5.511s] -- Installing: /home/reefranger/Desktop/ReefRanger/robot/robot/install/godown_interface/include/godown_interface/godown_interface/msg/rosidl_generator_c__visibility_control.h
[5.511s] -- Installing: /home/reefranger/Desktop/ReefRanger/robot/robot/install/godown_interface/include/godown_interface/godown_interface/action
[5.511s] -- Installing: /home/reefranger/Desktop/ReefRanger/robot/robot/install/godown_interface/include/godown_interface/godown_interface/action/detail
[5.511s] -- Installing: /home/reefranger/Desktop/ReefRanger/robot/robot/install/godown_interface/include/godown_interface/godown_interface/action/detail/godownint__struct.h
[5.512s] -- Installing: /home/reefranger/Desktop/ReefRanger/robot/robot/install/godown_interface/include/godown_interface/godown_interface/action/detail/godownint__functions.c
[5.512s] -- Installing: /home/reefranger/Desktop/ReefRanger/robot/robot/install/godown_interface/include/godown_interface/godown_interface/action/detail/godownint__functions.h
[5.512s] -- Installing: /home/reefranger/Desktop/ReefRanger/robot/robot/install/godown_interface/include/godown_interface/godown_interface/action/detail/godownint__type_support.h
[5.513s] -- Installing: /home/reefranger/Desktop/ReefRanger/robot/robot/install/godown_interface/include/godown_interface/godown_interface/action/godownint.h
[5.515s] -- Installing: /home/reefranger/Desktop/ReefRanger/robot/robot/install/godown_interface/share/godown_interface/environment/library_path.sh
[5.515s] -- Installing: /home/reefranger/Desktop/ReefRanger/robot/robot/install/godown_interface/share/godown_interface/environment/library_path.dsv
[5.515s] -- Installing: /home/reefranger/Desktop/ReefRanger/robot/robot/install/godown_interface/lib/libgodown_interface__rosidl_generator_c.so
[5.516s] -- Set runtime path of "/home/reefranger/Desktop/ReefRanger/robot/robot/install/godown_interface/lib/libgodown_interface__rosidl_generator_c.so" to ""
[5.520s] -- Up-to-date: /home/reefranger/Desktop/ReefRanger/robot/robot/install/godown_interface/include/godown_interface/godown_interface
[5.520s] -- Up-to-date: /home/reefranger/Desktop/ReefRanger/robot/robot/install/godown_interface/include/godown_interface/godown_interface/msg
[5.520s] -- Installing: /home/reefranger/Desktop/ReefRanger/robot/robot/install/godown_interface/include/godown_interface/godown_interface/msg/rosidl_typesupport_fastrtps_c__visibility_control.h
[5.524s] -- Up-to-date: /home/reefranger/Desktop/ReefRanger/robot/robot/install/godown_interface/include/godown_interface/godown_interface/action
[5.524s] -- Up-to-date: /home/reefranger/Desktop/ReefRanger/robot/robot/install/godown_interface/include/godown_interface/godown_interface/action/detail
[5.524s] -- Installing: /home/reefranger/Desktop/ReefRanger/robot/robot/install/godown_interface/include/godown_interface/godown_interface/action/detail/godownint__rosidl_typesupport_fastrtps_c.h
[5.524s] -- Installing: /home/reefranger/Desktop/ReefRanger/robot/robot/install/godown_interface/lib/libgodown_interface__rosidl_typesupport_fastrtps_c.so
[5.524s] -- Set runtime path of "/home/reefranger/Desktop/ReefRanger/robot/robot/install/godown_interface/lib/libgodown_interface__rosidl_typesupport_fastrtps_c.so" to ""
[5.524s] -- Up-to-date: /home/reefranger/Desktop/ReefRanger/robot/robot/install/godown_interface/include/godown_interface/godown_interface
[5.525s] -- Up-to-date: /home/reefranger/Desktop/ReefRanger/robot/robot/install/godown_interface/include/godown_interface/godown_interface/msg
[5.525s] -- Installing: /home/reefranger/Desktop/ReefRanger/robot/robot/install/godown_interface/include/godown_interface/godown_interface/msg/rosidl_typesupport_introspection_c__visibility_control.h
[5.525s] -- Up-to-date: /home/reefranger/Desktop/ReefRanger/robot/robot/install/godown_interface/include/godown_interface/godown_interface/action
[5.525s] -- Up-to-date: /home/reefranger/Desktop/ReefRanger/robot/robot/install/godown_interface/include/godown_interface/godown_interface/action/detail
[5.525s] -- Installing: /home/reefranger/Desktop/ReefRanger/robot/robot/install/godown_interface/include/godown_interface/godown_interface/action/detail/godownint__rosidl_typesupport_introspection_c.h
[5.525s] -- Installing: /home/reefranger/Desktop/ReefRanger/robot/robot/install/godown_interface/include/godown_interface/godown_interface/action/detail/godownint__type_support.c
[5.525s] -- Installing: /home/reefranger/Desktop/ReefRanger/robot/robot/install/godown_interface/lib/libgodown_interface__rosidl_typesupport_introspection_c.so
[5.525s] -- Set runtime path of "/home/reefranger/Desktop/ReefRanger/robot/robot/install/godown_interface/lib/libgodown_interface__rosidl_typesupport_introspection_c.so" to ""
[5.525s] -- Installing: /home/reefranger/Desktop/ReefRanger/robot/robot/install/godown_interface/lib/libgodown_interface__rosidl_typesupport_c.so
[5.525s] -- Set runtime path of "/home/reefranger/Desktop/ReefRanger/robot/robot/install/godown_interface/lib/libgodown_interface__rosidl_typesupport_c.so" to ""
[5.525s] -- Up-to-date: /home/reefranger/Desktop/ReefRanger/robot/robot/install/godown_interface/include/godown_interface/godown_interface
[5.525s] -- Up-to-date: /home/reefranger/Desktop/ReefRanger/robot/robot/install/godown_interface/include/godown_interface/godown_interface/action
[5.525s] -- Up-to-date: /home/reefranger/Desktop/ReefRanger/robot/robot/install/godown_interface/include/godown_interface/godown_interface/action/detail
[5.525s] -- Installing: /home/reefranger/Desktop/ReefRanger/robot/robot/install/godown_interface/include/godown_interface/godown_interface/action/detail/godownint__struct.hpp
[5.526s] -- Installing: /home/reefranger/Desktop/ReefRanger/robot/robot/install/godown_interface/include/godown_interface/godown_interface/action/detail/godownint__traits.hpp
[5.526s] -- Installing: /home/reefranger/Desktop/ReefRanger/robot/robot/install/godown_interface/include/godown_interface/godown_interface/action/detail/godownint__builder.hpp
[5.526s] -- Installing: /home/reefranger/Desktop/ReefRanger/robot/robot/install/godown_interface/include/godown_interface/godown_interface/action/godownint.hpp
[5.528s] -- Up-to-date: /home/reefranger/Desktop/ReefRanger/robot/robot/install/godown_interface/include/godown_interface/godown_interface
[5.528s] -- Up-to-date: /home/reefranger/Desktop/ReefRanger/robot/robot/install/godown_interface/include/godown_interface/godown_interface/msg
[5.528s] -- Installing: /home/reefranger/Desktop/ReefRanger/robot/robot/install/godown_interface/include/godown_interface/godown_interface/msg/rosidl_typesupport_fastrtps_cpp__visibility_control.h
[5.528s] -- Up-to-date: /home/reefranger/Desktop/ReefRanger/robot/robot/install/godown_interface/include/godown_interface/godown_interface/action
[5.528s] -- Up-to-date: /home/reefranger/Desktop/ReefRanger/robot/robot/install/godown_interface/include/godown_interface/godown_interface/action/detail
[5.528s] -- Installing: /home/reefranger/Desktop/ReefRanger/robot/robot/install/godown_interface/include/godown_interface/godown_interface/action/detail/dds_fastrtps
[5.528s] -- Installing: /home/reefranger/Desktop/ReefRanger/robot/robot/install/godown_interface/include/godown_interface/godown_interface/action/detail/godownint__rosidl_typesupport_fastrtps_cpp.hpp
[5.529s] -- Installing: /home/reefranger/Desktop/ReefRanger/robot/robot/install/godown_interface/lib/libgodown_interface__rosidl_typesupport_fastrtps_cpp.so
[5.529s] -- Set runtime path of "/home/reefranger/Desktop/ReefRanger/robot/robot/install/godown_interface/lib/libgodown_interface__rosidl_typesupport_fastrtps_cpp.so" to ""
[5.530s] -- Up-to-date: /home/reefranger/Desktop/ReefRanger/robot/robot/install/godown_interface/include/godown_interface/godown_interface
[5.530s] -- Up-to-date: /home/reefranger/Desktop/ReefRanger/robot/robot/install/godown_interface/include/godown_interface/godown_interface/action
[5.530s] -- Up-to-date: /home/reefranger/Desktop/ReefRanger/robot/robot/install/godown_interface/include/godown_interface/godown_interface/action/detail
[5.530s] -- Installing: /home/reefranger/Desktop/ReefRanger/robot/robot/install/godown_interface/include/godown_interface/godown_interface/action/detail/godownint__rosidl_typesupport_introspection_cpp.hpp
[5.530s] -- Installing: /home/reefranger/Desktop/ReefRanger/robot/robot/install/godown_interface/include/godown_interface/godown_interface/action/detail/godownint__type_support.cpp
[5.530s] -- Installing: /home/reefranger/Desktop/ReefRanger/robot/robot/install/godown_interface/lib/libgodown_interface__rosidl_typesupport_introspection_cpp.so
[5.531s] -- Set runtime path of "/home/reefranger/Desktop/ReefRanger/robot/robot/install/godown_interface/lib/libgodown_interface__rosidl_typesupport_introspection_cpp.so" to ""
[5.531s] -- Installing: /home/reefranger/Desktop/ReefRanger/robot/robot/install/godown_interface/lib/libgodown_interface__rosidl_typesupport_cpp.so
[5.532s] -- Set runtime path of "/home/reefranger/Desktop/ReefRanger/robot/robot/install/godown_interface/lib/libgodown_interface__rosidl_typesupport_cpp.so" to ""
[5.535s] -- Installing: /home/reefranger/Desktop/ReefRanger/robot/robot/install/godown_interface/share/godown_interface/environment/pythonpath.sh
[5.535s] -- Installing: /home/reefranger/Desktop/ReefRanger/robot/robot/install/godown_interface/share/godown_interface/environment/pythonpath.dsv
[5.535s] -- Installing: /home/reefranger/Desktop/ReefRanger/robot/robot/install/godown_interface/local/lib/python3.10/dist-packages/godown_interface-0.0.0-py3.10.egg-info
[5.535s] -- Installing: /home/reefranger/Desktop/ReefRanger/robot/robot/install/godown_interface/local/lib/python3.10/dist-packages/godown_interface-0.0.0-py3.10.egg-info/dependency_links.txt
[5.536s] -- Installing: /home/reefranger/Desktop/ReefRanger/robot/robot/install/godown_interface/local/lib/python3.10/dist-packages/godown_interface-0.0.0-py3.10.egg-info/SOURCES.txt
[5.536s] -- Installing: /home/reefranger/Desktop/ReefRanger/robot/robot/install/godown_interface/local/lib/python3.10/dist-packages/godown_interface-0.0.0-py3.10.egg-info/PKG-INFO
[5.536s] -- Installing: /home/reefranger/Desktop/ReefRanger/robot/robot/install/godown_interface/local/lib/python3.10/dist-packages/godown_interface-0.0.0-py3.10.egg-info/top_level.txt
[5.536s] -- Installing: /home/reefranger/Desktop/ReefRanger/robot/robot/install/godown_interface/local/lib/python3.10/dist-packages/godown_interface
[5.536s] -- Installing: /home/reefranger/Desktop/ReefRanger/robot/robot/install/godown_interface/local/lib/python3.10/dist-packages/godown_interface/godown_interface_s__rosidl_typesupport_c.cpython-310-x86_64-linux-gnu.so
[5.537s] -- Installing: /home/reefranger/Desktop/ReefRanger/robot/robot/install/godown_interface/local/lib/python3.10/dist-packages/godown_interface/_godown_interface_s.ep.rosidl_typesupport_c.c
[5.537s] -- Installing: /home/reefranger/Desktop/ReefRanger/robot/robot/install/godown_interface/local/lib/python3.10/dist-packages/godown_interface/godown_interface_s__rosidl_typesupport_fastrtps_c.cpython-310-x86_64-linux-gnu.so
[5.537s] -- Installing: /home/reefranger/Desktop/ReefRanger/robot/robot/install/godown_interface/local/lib/python3.10/dist-packages/godown_interface/_godown_interface_s.ep.rosidl_typesupport_introspection_c.c
[5.538s] -- Installing: /home/reefranger/Desktop/ReefRanger/robot/robot/install/godown_interface/local/lib/python3.10/dist-packages/godown_interface/action
[5.538s] -- Installing: /home/reefranger/Desktop/ReefRanger/robot/robot/install/godown_interface/local/lib/python3.10/dist-packages/godown_interface/action/_godownint_s.c
[5.538s] -- Installing: /home/reefranger/Desktop/ReefRanger/robot/robot/install/godown_interface/local/lib/python3.10/dist-packages/godown_interface/action/_godownint.py
[5.538s] -- Installing: /home/reefranger/Desktop/ReefRanger/robot/robot/install/godown_interface/local/lib/python3.10/dist-packages/godown_interface/action/__init__.py
[5.538s] -- Installing: /home/reefranger/Desktop/ReefRanger/robot/robot/install/godown_interface/local/lib/python3.10/dist-packages/godown_interface/libgodown_interface__rosidl_generator_py.so
[5.539s] -- Installing: /home/reefranger/Desktop/ReefRanger/robot/robot/install/godown_interface/local/lib/python3.10/dist-packages/godown_interface/godown_interface_s__rosidl_typesupport_introspection_c.cpython-310-x86_64-linux-gnu.so
[5.545s] -- Installing: /home/reefranger/Desktop/ReefRanger/robot/robot/install/godown_interface/local/lib/python3.10/dist-packages/godown_interface/__init__.py
[5.545s] -- Installing: /home/reefranger/Desktop/ReefRanger/robot/robot/install/godown_interface/local/lib/python3.10/dist-packages/godown_interface/_godown_interface_s.ep.rosidl_typesupport_fastrtps_c.c
[5.651s] Listing '/home/reefranger/Desktop/ReefRanger/robot/robot/install/godown_interface/local/lib/python3.10/dist-packages/godown_interface'...
[5.652s] Compiling '/home/reefranger/Desktop/ReefRanger/robot/robot/install/godown_interface/local/lib/python3.10/dist-packages/godown_interface/__init__.py'...
[5.652s] Listing '/home/reefranger/Desktop/ReefRanger/robot/robot/install/godown_interface/local/lib/python3.10/dist-packages/godown_interface/action'...
[5.652s] Compiling '/home/reefranger/Desktop/ReefRanger/robot/robot/install/godown_interface/local/lib/python3.10/dist-packages/godown_interface/action/__init__.py'...
[5.652s] Compiling '/home/reefranger/Desktop/ReefRanger/robot/robot/install/godown_interface/local/lib/python3.10/dist-packages/godown_interface/action/_godownint.py'...
[5.661s] -- Installing: /home/reefranger/Desktop/ReefRanger/robot/robot/install/godown_interface/local/lib/python3.10/dist-packages/godown_interface/godown_interface_s__rosidl_typesupport_fastrtps_c.cpython-310-x86_64-linux-gnu.so
[5.661s] -- Set runtime path of "/home/reefranger/Desktop/ReefRanger/robot/robot/install/godown_interface/local/lib/python3.10/dist-packages/godown_interface/godown_interface_s__rosidl_typesupport_fastrtps_c.cpython-310-x86_64-linux-gnu.so" to ""
[5.662s] -- Installing: /home/reefranger/Desktop/ReefRanger/robot/robot/install/godown_interface/local/lib/python3.10/dist-packages/godown_interface/godown_interface_s__rosidl_typesupport_introspection_c.cpython-310-x86_64-linux-gnu.so
[5.662s] -- Set runtime path of "/home/reefranger/Desktop/ReefRanger/robot/robot/install/godown_interface/local/lib/python3.10/dist-packages/godown_interface/godown_interface_s__rosidl_typesupport_introspection_c.cpython-310-x86_64-linux-gnu.so" to ""
[5.663s] -- Installing: /home/reefranger/Desktop/ReefRanger/robot/robot/install/godown_interface/local/lib/python3.10/dist-packages/godown_interface/godown_interface_s__rosidl_typesupport_c.cpython-310-x86_64-linux-gnu.so
[5.663s] -- Set runtime path of "/home/reefranger/Desktop/ReefRanger/robot/robot/install/godown_interface/local/lib/python3.10/dist-packages/godown_interface/godown_interface_s__rosidl_typesupport_c.cpython-310-x86_64-linux-gnu.so" to ""
[5.669s] -- Installing: /home/reefranger/Desktop/ReefRanger/robot/robot/install/godown_interface/lib/libgodown_interface__rosidl_generator_py.so
[5.673s] -- Set runtime path of "/home/reefranger/Desktop/ReefRanger/robot/robot/install/godown_interface/lib/libgodown_interface__rosidl_generator_py.so" to ""
[5.673s] -- Installing: /home/reefranger/Desktop/ReefRanger/robot/robot/install/godown_interface/share/godown_interface/action/Godownint.idl
[5.673s] -- Installing: /home/reefranger/Desktop/ReefRanger/robot/robot/install/godown_interface/share/godown_interface/action/Godownint.action
[5.674s] -- Installing: /home/reefranger/Desktop/ReefRanger/robot/robot/install/godown_interface/share/ament_index/resource_index/package_run_dependencies/godown_interface
[5.674s] -- Installing: /home/reefranger/Desktop/ReefRanger/robot/robot/install/godown_interface/share/ament_index/resource_index/parent_prefix_path/godown_interface
[5.674s] -- Installing: /home/reefranger/Desktop/ReefRanger/robot/robot/install/godown_interface/share/godown_interface/environment/ament_prefix_path.sh
[5.679s] -- Installing: /home/reefranger/Desktop/ReefRanger/robot/robot/install/godown_interface/share/godown_interface/environment/ament_prefix_path.dsv
[5.683s] -- Installing: /home/reefranger/Desktop/ReefRanger/robot/robot/install/godown_interface/share/godown_interface/environment/path.sh
[5.683s] -- Installing: /home/reefranger/Desktop/ReefRanger/robot/robot/install/godown_interface/share/godown_interface/environment/path.dsv
[5.683s] -- Installing: /home/reefranger/Desktop/ReefRanger/robot/robot/install/godown_interface/share/godown_interface/local_setup.bash
[5.683s] -- Installing: /home/reefranger/Desktop/ReefRanger/robot/robot/install/godown_interface/share/godown_interface/local_setup.sh
[5.683s] -- Installing: /home/reefranger/Desktop/ReefRanger/robot/robot/install/godown_interface/share/godown_interface/local_setup.zsh
[5.683s] -- Installing: /home/reefranger/Desktop/ReefRanger/robot/robot/install/godown_interface/share/godown_interface/local_setup.dsv
[5.683s] -- Installing: /home/reefranger/Desktop/ReefRanger/robot/robot/install/godown_interface/share/godown_interface/package.dsv
[5.684s] -- Installing: /home/reefranger/Desktop/ReefRanger/robot/robot/install/godown_interface/share/ament_index/resource_index/packages/godown_interface
[5.686s] -- Installing: /home/reefranger/Desktop/ReefRanger/robot/robot/install/godown_interface/share/godown_interface/cmake/export_godown_interface__rosidl_generator_cExport.cmake
[5.686s] -- Installing: /home/reefranger/Desktop/ReefRanger/robot/robot/install/godown_interface/share/godown_interface/cmake/export_godown_interface__rosidl_generator_cExport-noconfig.cmake
[5.686s] -- Installing: /home/reefranger/Desktop/ReefRanger/robot/robot/install/godown_interface/share/godown_interface/cmake/export_godown_interface__rosidl_typesupport_fastrtps_cExport.cmake
[5.688s] -- Installing: /home/reefranger/Desktop/ReefRanger/robot/robot/install/godown_interface/share/godown_interface/cmake/export_godown_interface__rosidl_typesupport_fastrtps_cExport-noconfig.cmake
[5.688s] -- Installing: /home/reefranger/Desktop/ReefRanger/robot/robot/install/godown_interface/share/godown_interface/cmake/godown_interface__rosidl_typesupport_introspection_cExport.cmake
[5.688s] -- Installing: /home/reefranger/Desktop/ReefRanger/robot/robot/install/godown_interface/share/godown_interface/cmake/godown_interface__rosidl_typesupport_introspection_cExport-noconfig.cmake
[5.688s] -- Installing: /home/reefranger/Desktop/ReefRanger/robot/robot/install/godown_interface/share/godown_interface/cmake/godown_interface__rosidl_typesupport_cExport.cmake
[5.689s] -- Installing: /home/reefranger/Desktop/ReefRanger/robot/robot/install/godown_interface/share/godown_interface/cmake/godown_interface__rosidl_typesupport_cExport-noconfig.cmake
[5.689s] -- Installing: /home/reefranger/Desktop/ReefRanger/robot/robot/install/godown_interface/share/godown_interface/cmake/export_godown_interface__rosidl_generator_cppExport.cmake
[5.689s] -- Installing: /home/reefranger/Desktop/ReefRanger/robot/robot/install/godown_interface/share/godown_interface/cmake/export_godown_interface__rosidl_typesupport_fastrtps_cppExport.cmake
[5.689s] -- Installing: /home/reefranger/Desktop/ReefRanger/robot/robot/install/godown_interface/share/godown_interface/cmake/export_godown_interface__rosidl_typesupport_fastrtps_cppExport-noconfig.cmake
[5.690s] -- Installing: /home/reefranger/Desktop/ReefRanger/robot/robot/install/godown_interface/share/godown_interface/cmake/godown_interface__rosidl_typesupport_introspection_cppExport.cmake
[5.690s] -- Installing: /home/reefranger/Desktop/ReefRanger/robot/robot/install/godown_interface/share/godown_interface/cmake/godown_interface__rosidl_typesupport_introspection_cppExport-noconfig.cmake
[5.690s] -- Installing: /home/reefranger/Desktop/ReefRanger/robot/robot/install/godown_interface/share/godown_interface/cmake/godown_interface__rosidl_typesupport_cppExport.cmake
[5.691s] -- Installing: /home/reefranger/Desktop/ReefRanger/robot/robot/install/godown_interface/share/godown_interface/cmake/godown_interface__rosidl_typesupport_cppExport-noconfig.cmake
[5.695s] -- Installing: /home/reefranger/Desktop/ReefRanger/robot/robot/install/godown_interface/share/godown_interface/cmake/export_godown_interface__rosidl_generator_pyExport.cmake
[5.695s] -- Installing: /home/reefranger/Desktop/ReefRanger/robot/robot/install/godown_interface/share/godown_interface/cmake/export_godown_interface__rosidl_generator_pyExport-noconfig.cmake
[5.695s] -- Installing: /home/reefranger/Desktop/ReefRanger/robot/robot/install/godown_interface/share/godown_interface/cmake/rosidl_cmake-extras.cmake
[5.698s] -- Installing: /home/reefranger/Desktop/ReefRanger/robot/robot/install/godown_interface/share/godown_interface/cmake/ament_cmake_export_dependencies-extras.cmake
[5.698s] -- Installing: /home/reefranger/Desktop/ReefRanger/robot/robot/install/godown_interface/share/godown_interface/cmake/ament_cmake_export_include_directories-extras.cmake
[5.698s] -- Installing: /home/reefranger/Desktop/ReefRanger/robot/robot/install/godown_interface/share/godown_interface/cmake/ament_cmake_export_libraries-extras.cmake
[5.698s] -- Installing: /home/reefranger/Desktop/ReefRanger/robot/robot/install/godown_interface/share/godown_interface/cmake/ament_cmake_export_targets-extras.cmake
[5.698s] -- Installing: /home/reefranger/Desktop/ReefRanger/robot/robot/install/godown_interface/share/godown_interface/cmake/rosidl_cmake_export_typesupport_targets-extras.cmake
[5.698s] -- Installing: /home/reefranger/Desktop/ReefRanger/robot/robot/install/godown_interface/share/godown_interface/cmake/rosidl_cmake_export_typesupport_libraries-extras.cmake
[5.698s] -- Installing: /home/reefranger/Desktop/ReefRanger/robot/robot/install/godown_interface/share/godown_interface/cmake/godown_interfaceConfig.cmake
[5.698s] -- Installing: /home/reefranger/Desktop/ReefRanger/robot/robot/install/godown_interface/share/godown_interface/cmake/godown_interfaceConfig-version.cmake
[5.698s] -- Installing: /home/reefranger/Desktop/ReefRanger/robot/robot/install/godown_interface/share/godown_interface/package.xml
[5.708s] Invoked command in '/home/reefranger/Desktop/ReefRanger/robot/robot/build/godown_interface' returned '0': CMAKE_PREFIX_PATH=/opt/ros/humble /usr/bin/cmake --install /home/reefranger/Desktop/ReefRanger/robot/robot/build/godown_interface
