[0.394s] Invoking command in '/home/reefranger/Desktop/ReefRanger/robot/robot/build/godown_interface': CMAKE_PREFIX_PATH=${CMAKE_PREFIX_PATH}:/home/reefranger/Desktop/ReefRanger/robot/robot/install/yolov8_ros:/home/reefranger/Desktop/ReefRanger/robot/robot/install/state_machine:/home/reefranger/Desktop/ReefRanger/robot/robot/install/save_detect:/home/reefranger/Desktop/ReefRanger/robot/robot/install/robotpub:/home/reefranger/Desktop/ReefRanger/robot/robot/install/pidtable:/home/reefranger/Desktop/ReefRanger/robot/robot/install/pathctrl:/home/reefranger/Desktop/ReefRanger/robot/robot/install/occupancy_grid:/home/reefranger/Desktop/ReefRanger/robot/robot/install/navigate_path:/home/reefranger/Desktop/ReefRanger/robot/robot/install/movetable:/home/reefranger/Desktop/ReefRanger/robot/robot/install/moveovertable:/home/reefranger/Desktop/ReefRanger/robot/robot/install/mccontroller:/home/reefranger/Desktop/ReefRanger/robot/robot/install/ins:/home/reefranger/Desktop/ReefRanger/robot/robot/install/imu_publisher:/home/reefranger/Desktop/ReefRanger/robot/robot/install/imagepub:/home/reefranger/Desktop/ReefRanger/robot/robot/install/gototable:/home/reefranger/Desktop/ReefRanger/robot/robot/install/commander:/home/reefranger/Desktop/ReefRanger/robot/robot/install/bcudriver:/opt/ros/humble /usr/bin/cmake --build /home/reefranger/Desktop/ReefRanger/robot/robot/build/godown_interface -- -j12 -l12
[1.277s] [  3%] Built target godown_interface__cpp
[1.277s] [ 12%] Built target godown_interface__rosidl_generator_c
[1.277s] [ 12%] Built target ament_cmake_python_copy_godown_interface
[1.277s] [ 22%] Built target godown_interface__rosidl_typesupport_introspection_cpp
[1.277s] [ 32%] Built target godown_interface__rosidl_typesupport_introspection_c
[1.277s] [ 41%] Built target godown_interface__rosidl_typesupport_c
[1.277s] [ 51%] Built target godown_interface__rosidl_typesupport_fastrtps_cpp
[1.278s] [ 61%] Built target godown_interface__rosidl_typesupport_cpp
[1.278s] [ 70%] Built target godown_interface__rosidl_typesupport_fastrtps_c
[1.278s] [ 70%] Built target godown_interface
[1.278s] [ 74%] Built target godown_interface__py
[1.278s] [ 80%] Built target godown_interface__rosidl_generator_py
[1.278s] [ 93%] Built target godown_interface__rosidl_typesupport_introspection_c__pyext
[1.279s] [ 93%] Built target godown_interface__rosidl_typesupport_fastrtps_c__pyext
[1.279s] [100%] Built target godown_interface__rosidl_typesupport_c__pyext
[1.279s] running egg_info
[1.279s] writing godown_interface.egg-info/PKG-INFO
[1.279s] writing dependency_links to godown_interface.egg-info/dependency_links.txt
[1.279s] writing top-level names to godown_interface.egg-info/top_level.txt
[1.279s] reading manifest file 'godown_interface.egg-info/SOURCES.txt'
[1.279s] writing manifest file 'godown_interface.egg-info/SOURCES.txt'
[1.279s] [100%] Built target ament_cmake_python_build_godown_interface_egg
[1.470s] Invoked command in '/home/reefranger/Desktop/ReefRanger/robot/robot/build/godown_interface' returned '0': CMAKE_PREFIX_PATH=${CMAKE_PREFIX_PATH}:/home/reefranger/Desktop/ReefRanger/robot/robot/install/yolov8_ros:/home/reefranger/Desktop/ReefRanger/robot/robot/install/state_machine:/home/reefranger/Desktop/ReefRanger/robot/robot/install/save_detect:/home/reefranger/Desktop/ReefRanger/robot/robot/install/robotpub:/home/reefranger/Desktop/ReefRanger/robot/robot/install/pidtable:/home/reefranger/Desktop/ReefRanger/robot/robot/install/pathctrl:/home/reefranger/Desktop/ReefRanger/robot/robot/install/occupancy_grid:/home/reefranger/Desktop/ReefRanger/robot/robot/install/navigate_path:/home/reefranger/Desktop/ReefRanger/robot/robot/install/movetable:/home/reefranger/Desktop/ReefRanger/robot/robot/install/moveovertable:/home/reefranger/Desktop/ReefRanger/robot/robot/install/mccontroller:/home/reefranger/Desktop/ReefRanger/robot/robot/install/ins:/home/reefranger/Desktop/ReefRanger/robot/robot/install/imu_publisher:/home/reefranger/Desktop/ReefRanger/robot/robot/install/imagepub:/home/reefranger/Desktop/ReefRanger/robot/robot/install/gototable:/home/reefranger/Desktop/ReefRanger/robot/robot/install/commander:/home/reefranger/Desktop/ReefRanger/robot/robot/install/bcudriver:/opt/ros/humble /usr/bin/cmake --build /home/reefranger/Desktop/ReefRanger/robot/robot/build/godown_interface -- -j12 -l12
[1.587s] Invoking command in '/home/reefranger/Desktop/ReefRanger/robot/robot/build/godown_interface': CMAKE_PREFIX_PATH=${CMAKE_PREFIX_PATH}:/home/reefranger/Desktop/ReefRanger/robot/robot/install/yolov8_ros:/home/reefranger/Desktop/ReefRanger/robot/robot/install/state_machine:/home/reefranger/Desktop/ReefRanger/robot/robot/install/save_detect:/home/reefranger/Desktop/ReefRanger/robot/robot/install/robotpub:/home/reefranger/Desktop/ReefRanger/robot/robot/install/pidtable:/home/reefranger/Desktop/ReefRanger/robot/robot/install/pathctrl:/home/reefranger/Desktop/ReefRanger/robot/robot/install/occupancy_grid:/home/reefranger/Desktop/ReefRanger/robot/robot/install/navigate_path:/home/reefranger/Desktop/ReefRanger/robot/robot/install/movetable:/home/reefranger/Desktop/ReefRanger/robot/robot/install/moveovertable:/home/reefranger/Desktop/ReefRanger/robot/robot/install/mccontroller:/home/reefranger/Desktop/ReefRanger/robot/robot/install/ins:/home/reefranger/Desktop/ReefRanger/robot/robot/install/imu_publisher:/home/reefranger/Desktop/ReefRanger/robot/robot/install/imagepub:/home/reefranger/Desktop/ReefRanger/robot/robot/install/gototable:/home/reefranger/Desktop/ReefRanger/robot/robot/install/commander:/home/reefranger/Desktop/ReefRanger/robot/robot/install/bcudriver:/opt/ros/humble /usr/bin/cmake --install /home/reefranger/Desktop/ReefRanger/robot/robot/build/godown_interface
[1.600s] -- Install configuration: ""
[1.600s] -- Up-to-date: /home/reefranger/Desktop/ReefRanger/robot/robot/install/godown_interface/share/ament_index/resource_index/rosidl_interfaces/godown_interface
[1.600s] -- Up-to-date: /home/reefranger/Desktop/ReefRanger/robot/robot/install/godown_interface/include/godown_interface/godown_interface
[1.600s] -- Up-to-date: /home/reefranger/Desktop/ReefRanger/robot/robot/install/godown_interface/include/godown_interface/godown_interface/msg
[1.601s] -- Up-to-date: /home/reefranger/Desktop/ReefRanger/robot/robot/install/godown_interface/include/godown_interface/godown_interface/msg/rosidl_generator_c__visibility_control.h
[1.601s] -- Up-to-date: /home/reefranger/Desktop/ReefRanger/robot/robot/install/godown_interface/include/godown_interface/godown_interface/action
[1.601s] -- Up-to-date: /home/reefranger/Desktop/ReefRanger/robot/robot/install/godown_interface/include/godown_interface/godown_interface/action/detail
[1.601s] -- Up-to-date: /home/reefranger/Desktop/ReefRanger/robot/robot/install/godown_interface/include/godown_interface/godown_interface/action/detail/godownint__struct.h
[1.601s] -- Up-to-date: /home/reefranger/Desktop/ReefRanger/robot/robot/install/godown_interface/include/godown_interface/godown_interface/action/detail/godownint__functions.c
[1.601s] -- Up-to-date: /home/reefranger/Desktop/ReefRanger/robot/robot/install/godown_interface/include/godown_interface/godown_interface/action/detail/godownint__functions.h
[1.605s] -- Up-to-date: /home/reefranger/Desktop/ReefRanger/robot/robot/install/godown_interface/include/godown_interface/godown_interface/action/detail/godownint__type_support.h
[1.605s] -- Up-to-date: /home/reefranger/Desktop/ReefRanger/robot/robot/install/godown_interface/include/godown_interface/godown_interface/action/godownint.h
[1.605s] -- Up-to-date: /home/reefranger/Desktop/ReefRanger/robot/robot/install/godown_interface/share/godown_interface/environment/library_path.sh
[1.605s] -- Up-to-date: /home/reefranger/Desktop/ReefRanger/robot/robot/install/godown_interface/share/godown_interface/environment/library_path.dsv
[1.606s] -- Up-to-date: /home/reefranger/Desktop/ReefRanger/robot/robot/install/godown_interface/lib/libgodown_interface__rosidl_generator_c.so
[1.606s] -- Up-to-date: /home/reefranger/Desktop/ReefRanger/robot/robot/install/godown_interface/include/godown_interface/godown_interface
[1.606s] -- Up-to-date: /home/reefranger/Desktop/ReefRanger/robot/robot/install/godown_interface/include/godown_interface/godown_interface/msg
[1.606s] -- Up-to-date: /home/reefranger/Desktop/ReefRanger/robot/robot/install/godown_interface/include/godown_interface/godown_interface/msg/rosidl_typesupport_fastrtps_c__visibility_control.h
[1.606s] -- Up-to-date: /home/reefranger/Desktop/ReefRanger/robot/robot/install/godown_interface/include/godown_interface/godown_interface/action
[1.606s] -- Up-to-date: /home/reefranger/Desktop/ReefRanger/robot/robot/install/godown_interface/include/godown_interface/godown_interface/action/detail
[1.606s] -- Up-to-date: /home/reefranger/Desktop/ReefRanger/robot/robot/install/godown_interface/include/godown_interface/godown_interface/action/detail/godownint__rosidl_typesupport_fastrtps_c.h
[1.606s] -- Up-to-date: /home/reefranger/Desktop/ReefRanger/robot/robot/install/godown_interface/lib/libgodown_interface__rosidl_typesupport_fastrtps_c.so
[1.607s] -- Up-to-date: /home/reefranger/Desktop/ReefRanger/robot/robot/install/godown_interface/include/godown_interface/godown_interface
[1.607s] -- Up-to-date: /home/reefranger/Desktop/ReefRanger/robot/robot/install/godown_interface/include/godown_interface/godown_interface/msg
[1.607s] -- Up-to-date: /home/reefranger/Desktop/ReefRanger/robot/robot/install/godown_interface/include/godown_interface/godown_interface/msg/rosidl_typesupport_introspection_c__visibility_control.h
[1.607s] -- Up-to-date: /home/reefranger/Desktop/ReefRanger/robot/robot/install/godown_interface/include/godown_interface/godown_interface/action
[1.607s] -- Up-to-date: /home/reefranger/Desktop/ReefRanger/robot/robot/install/godown_interface/include/godown_interface/godown_interface/action/detail
[1.607s] -- Up-to-date: /home/reefranger/Desktop/ReefRanger/robot/robot/install/godown_interface/include/godown_interface/godown_interface/action/detail/godownint__rosidl_typesupport_introspection_c.h
[1.608s] -- Up-to-date: /home/reefranger/Desktop/ReefRanger/robot/robot/install/godown_interface/include/godown_interface/godown_interface/action/detail/godownint__type_support.c
[1.608s] -- Up-to-date: /home/reefranger/Desktop/ReefRanger/robot/robot/install/godown_interface/lib/libgodown_interface__rosidl_typesupport_introspection_c.so
[1.608s] -- Up-to-date: /home/reefranger/Desktop/ReefRanger/robot/robot/install/godown_interface/lib/libgodown_interface__rosidl_typesupport_c.so
[1.609s] -- Up-to-date: /home/reefranger/Desktop/ReefRanger/robot/robot/install/godown_interface/include/godown_interface/godown_interface
[1.610s] -- Up-to-date: /home/reefranger/Desktop/ReefRanger/robot/robot/install/godown_interface/include/godown_interface/godown_interface/action
[1.610s] -- Up-to-date: /home/reefranger/Desktop/ReefRanger/robot/robot/install/godown_interface/include/godown_interface/godown_interface/action/detail
[1.610s] -- Up-to-date: /home/reefranger/Desktop/ReefRanger/robot/robot/install/godown_interface/include/godown_interface/godown_interface/action/detail/godownint__struct.hpp
[1.610s] -- Up-to-date: /home/reefranger/Desktop/ReefRanger/robot/robot/install/godown_interface/include/godown_interface/godown_interface/action/detail/godownint__traits.hpp
[1.610s] -- Up-to-date: /home/reefranger/Desktop/ReefRanger/robot/robot/install/godown_interface/include/godown_interface/godown_interface/action/detail/godownint__builder.hpp
[1.610s] -- Up-to-date: /home/reefranger/Desktop/ReefRanger/robot/robot/install/godown_interface/include/godown_interface/godown_interface/action/godownint.hpp
[1.610s] -- Up-to-date: /home/reefranger/Desktop/ReefRanger/robot/robot/install/godown_interface/include/godown_interface/godown_interface
[1.611s] -- Up-to-date: /home/reefranger/Desktop/ReefRanger/robot/robot/install/godown_interface/include/godown_interface/godown_interface/msg
[1.611s] -- Up-to-date: /home/reefranger/Desktop/ReefRanger/robot/robot/install/godown_interface/include/godown_interface/godown_interface/msg/rosidl_typesupport_fastrtps_cpp__visibility_control.h
[1.611s] -- Up-to-date: /home/reefranger/Desktop/ReefRanger/robot/robot/install/godown_interface/include/godown_interface/godown_interface/action
[1.611s] -- Up-to-date: /home/reefranger/Desktop/ReefRanger/robot/robot/install/godown_interface/include/godown_interface/godown_interface/action/detail
[1.611s] -- Up-to-date: /home/reefranger/Desktop/ReefRanger/robot/robot/install/godown_interface/include/godown_interface/godown_interface/action/detail/dds_fastrtps
[1.611s] -- Up-to-date: /home/reefranger/Desktop/ReefRanger/robot/robot/install/godown_interface/include/godown_interface/godown_interface/action/detail/godownint__rosidl_typesupport_fastrtps_cpp.hpp
[1.612s] -- Up-to-date: /home/reefranger/Desktop/ReefRanger/robot/robot/install/godown_interface/lib/libgodown_interface__rosidl_typesupport_fastrtps_cpp.so
[1.612s] -- Up-to-date: /home/reefranger/Desktop/ReefRanger/robot/robot/install/godown_interface/include/godown_interface/godown_interface
[1.612s] -- Up-to-date: /home/reefranger/Desktop/ReefRanger/robot/robot/install/godown_interface/include/godown_interface/godown_interface/action
[1.612s] -- Up-to-date: /home/reefranger/Desktop/ReefRanger/robot/robot/install/godown_interface/include/godown_interface/godown_interface/action/detail
[1.614s] -- Up-to-date: /home/reefranger/Desktop/ReefRanger/robot/robot/install/godown_interface/include/godown_interface/godown_interface/action/detail/godownint__rosidl_typesupport_introspection_cpp.hpp
[1.614s] -- Up-to-date: /home/reefranger/Desktop/ReefRanger/robot/robot/install/godown_interface/include/godown_interface/godown_interface/action/detail/godownint__type_support.cpp
[1.614s] -- Up-to-date: /home/reefranger/Desktop/ReefRanger/robot/robot/install/godown_interface/lib/libgodown_interface__rosidl_typesupport_introspection_cpp.so
[1.614s] -- Up-to-date: /home/reefranger/Desktop/ReefRanger/robot/robot/install/godown_interface/lib/libgodown_interface__rosidl_typesupport_cpp.so
[1.614s] -- Up-to-date: /home/reefranger/Desktop/ReefRanger/robot/robot/install/godown_interface/share/godown_interface/environment/pythonpath.sh
[1.614s] -- Up-to-date: /home/reefranger/Desktop/ReefRanger/robot/robot/install/godown_interface/share/godown_interface/environment/pythonpath.dsv
[1.615s] -- Up-to-date: /home/reefranger/Desktop/ReefRanger/robot/robot/install/godown_interface/local/lib/python3.10/dist-packages/godown_interface-0.0.0-py3.10.egg-info
[1.615s] -- Installing: /home/reefranger/Desktop/ReefRanger/robot/robot/install/godown_interface/local/lib/python3.10/dist-packages/godown_interface-0.0.0-py3.10.egg-info/dependency_links.txt
[1.615s] -- Installing: /home/reefranger/Desktop/ReefRanger/robot/robot/install/godown_interface/local/lib/python3.10/dist-packages/godown_interface-0.0.0-py3.10.egg-info/SOURCES.txt
[1.615s] -- Installing: /home/reefranger/Desktop/ReefRanger/robot/robot/install/godown_interface/local/lib/python3.10/dist-packages/godown_interface-0.0.0-py3.10.egg-info/PKG-INFO
[1.615s] -- Installing: /home/reefranger/Desktop/ReefRanger/robot/robot/install/godown_interface/local/lib/python3.10/dist-packages/godown_interface-0.0.0-py3.10.egg-info/top_level.txt
[1.615s] -- Up-to-date: /home/reefranger/Desktop/ReefRanger/robot/robot/install/godown_interface/local/lib/python3.10/dist-packages/godown_interface
[1.615s] -- Up-to-date: /home/reefranger/Desktop/ReefRanger/robot/robot/install/godown_interface/local/lib/python3.10/dist-packages/godown_interface/godown_interface_s__rosidl_typesupport_c.cpython-310-x86_64-linux-gnu.so
[1.615s] -- Up-to-date: /home/reefranger/Desktop/ReefRanger/robot/robot/install/godown_interface/local/lib/python3.10/dist-packages/godown_interface/_godown_interface_s.ep.rosidl_typesupport_c.c
[1.617s] -- Up-to-date: /home/reefranger/Desktop/ReefRanger/robot/robot/install/godown_interface/local/lib/python3.10/dist-packages/godown_interface/godown_interface_s__rosidl_typesupport_fastrtps_c.cpython-310-x86_64-linux-gnu.so
[1.618s] -- Up-to-date: /home/reefranger/Desktop/ReefRanger/robot/robot/install/godown_interface/local/lib/python3.10/dist-packages/godown_interface/_godown_interface_s.ep.rosidl_typesupport_introspection_c.c
[1.618s] -- Up-to-date: /home/reefranger/Desktop/ReefRanger/robot/robot/install/godown_interface/local/lib/python3.10/dist-packages/godown_interface/action
[1.618s] -- Up-to-date: /home/reefranger/Desktop/ReefRanger/robot/robot/install/godown_interface/local/lib/python3.10/dist-packages/godown_interface/action/_godownint_s.c
[1.618s] -- Up-to-date: /home/reefranger/Desktop/ReefRanger/robot/robot/install/godown_interface/local/lib/python3.10/dist-packages/godown_interface/action/_godownint.py
[1.621s] -- Up-to-date: /home/reefranger/Desktop/ReefRanger/robot/robot/install/godown_interface/local/lib/python3.10/dist-packages/godown_interface/action/__init__.py
[1.621s] -- Up-to-date: /home/reefranger/Desktop/ReefRanger/robot/robot/install/godown_interface/local/lib/python3.10/dist-packages/godown_interface/libgodown_interface__rosidl_generator_py.so
[1.621s] -- Up-to-date: /home/reefranger/Desktop/ReefRanger/robot/robot/install/godown_interface/local/lib/python3.10/dist-packages/godown_interface/godown_interface_s__rosidl_typesupport_introspection_c.cpython-310-x86_64-linux-gnu.so
[1.621s] -- Up-to-date: /home/reefranger/Desktop/ReefRanger/robot/robot/install/godown_interface/local/lib/python3.10/dist-packages/godown_interface/__init__.py
[1.622s] -- Up-to-date: /home/reefranger/Desktop/ReefRanger/robot/robot/install/godown_interface/local/lib/python3.10/dist-packages/godown_interface/_godown_interface_s.ep.rosidl_typesupport_fastrtps_c.c
[1.704s] Listing '/home/reefranger/Desktop/ReefRanger/robot/robot/install/godown_interface/local/lib/python3.10/dist-packages/godown_interface'...
[1.704s] Listing '/home/reefranger/Desktop/ReefRanger/robot/robot/install/godown_interface/local/lib/python3.10/dist-packages/godown_interface/action'...
[1.705s] -- Up-to-date: /home/reefranger/Desktop/ReefRanger/robot/robot/install/godown_interface/local/lib/python3.10/dist-packages/godown_interface/godown_interface_s__rosidl_typesupport_fastrtps_c.cpython-310-x86_64-linux-gnu.so
[1.705s] -- Up-to-date: /home/reefranger/Desktop/ReefRanger/robot/robot/install/godown_interface/local/lib/python3.10/dist-packages/godown_interface/godown_interface_s__rosidl_typesupport_introspection_c.cpython-310-x86_64-linux-gnu.so
[1.705s] -- Up-to-date: /home/reefranger/Desktop/ReefRanger/robot/robot/install/godown_interface/local/lib/python3.10/dist-packages/godown_interface/godown_interface_s__rosidl_typesupport_c.cpython-310-x86_64-linux-gnu.so
[1.705s] -- Up-to-date: /home/reefranger/Desktop/ReefRanger/robot/robot/install/godown_interface/lib/libgodown_interface__rosidl_generator_py.so
[1.705s] -- Up-to-date: /home/reefranger/Desktop/ReefRanger/robot/robot/install/godown_interface/share/godown_interface/action/Godownint.idl
[1.705s] -- Up-to-date: /home/reefranger/Desktop/ReefRanger/robot/robot/install/godown_interface/share/godown_interface/action/Godownint.action
[1.705s] -- Up-to-date: /home/reefranger/Desktop/ReefRanger/robot/robot/install/godown_interface/share/ament_index/resource_index/package_run_dependencies/godown_interface
[1.705s] -- Up-to-date: /home/reefranger/Desktop/ReefRanger/robot/robot/install/godown_interface/share/ament_index/resource_index/parent_prefix_path/godown_interface
[1.705s] -- Up-to-date: /home/reefranger/Desktop/ReefRanger/robot/robot/install/godown_interface/share/godown_interface/environment/ament_prefix_path.sh
[1.705s] -- Up-to-date: /home/reefranger/Desktop/ReefRanger/robot/robot/install/godown_interface/share/godown_interface/environment/ament_prefix_path.dsv
[1.705s] -- Up-to-date: /home/reefranger/Desktop/ReefRanger/robot/robot/install/godown_interface/share/godown_interface/environment/path.sh
[1.705s] -- Up-to-date: /home/reefranger/Desktop/ReefRanger/robot/robot/install/godown_interface/share/godown_interface/environment/path.dsv
[1.705s] -- Up-to-date: /home/reefranger/Desktop/ReefRanger/robot/robot/install/godown_interface/share/godown_interface/local_setup.bash
[1.706s] -- Up-to-date: /home/reefranger/Desktop/ReefRanger/robot/robot/install/godown_interface/share/godown_interface/local_setup.sh
[1.706s] -- Up-to-date: /home/reefranger/Desktop/ReefRanger/robot/robot/install/godown_interface/share/godown_interface/local_setup.zsh
[1.706s] -- Up-to-date: /home/reefranger/Desktop/ReefRanger/robot/robot/install/godown_interface/share/godown_interface/local_setup.dsv
[1.706s] -- Installing: /home/reefranger/Desktop/ReefRanger/robot/robot/install/godown_interface/share/godown_interface/package.dsv
[1.706s] -- Up-to-date: /home/reefranger/Desktop/ReefRanger/robot/robot/install/godown_interface/share/ament_index/resource_index/packages/godown_interface
[1.706s] -- Up-to-date: /home/reefranger/Desktop/ReefRanger/robot/robot/install/godown_interface/share/godown_interface/cmake/export_godown_interface__rosidl_generator_cExport.cmake
[1.706s] -- Up-to-date: /home/reefranger/Desktop/ReefRanger/robot/robot/install/godown_interface/share/godown_interface/cmake/export_godown_interface__rosidl_generator_cExport-noconfig.cmake
[1.706s] -- Up-to-date: /home/reefranger/Desktop/ReefRanger/robot/robot/install/godown_interface/share/godown_interface/cmake/export_godown_interface__rosidl_typesupport_fastrtps_cExport.cmake
[1.707s] -- Up-to-date: /home/reefranger/Desktop/ReefRanger/robot/robot/install/godown_interface/share/godown_interface/cmake/export_godown_interface__rosidl_typesupport_fastrtps_cExport-noconfig.cmake
[1.710s] -- Up-to-date: /home/reefranger/Desktop/ReefRanger/robot/robot/install/godown_interface/share/godown_interface/cmake/godown_interface__rosidl_typesupport_introspection_cExport.cmake
[1.710s] -- Up-to-date: /home/reefranger/Desktop/ReefRanger/robot/robot/install/godown_interface/share/godown_interface/cmake/godown_interface__rosidl_typesupport_introspection_cExport-noconfig.cmake
[1.710s] -- Up-to-date: /home/reefranger/Desktop/ReefRanger/robot/robot/install/godown_interface/share/godown_interface/cmake/godown_interface__rosidl_typesupport_cExport.cmake
[1.710s] -- Up-to-date: /home/reefranger/Desktop/ReefRanger/robot/robot/install/godown_interface/share/godown_interface/cmake/godown_interface__rosidl_typesupport_cExport-noconfig.cmake
[1.711s] -- Up-to-date: /home/reefranger/Desktop/ReefRanger/robot/robot/install/godown_interface/share/godown_interface/cmake/export_godown_interface__rosidl_generator_cppExport.cmake
[1.711s] -- Up-to-date: /home/reefranger/Desktop/ReefRanger/robot/robot/install/godown_interface/share/godown_interface/cmake/export_godown_interface__rosidl_typesupport_fastrtps_cppExport.cmake
[1.711s] -- Up-to-date: /home/reefranger/Desktop/ReefRanger/robot/robot/install/godown_interface/share/godown_interface/cmake/export_godown_interface__rosidl_typesupport_fastrtps_cppExport-noconfig.cmake
[1.711s] -- Up-to-date: /home/reefranger/Desktop/ReefRanger/robot/robot/install/godown_interface/share/godown_interface/cmake/godown_interface__rosidl_typesupport_introspection_cppExport.cmake
[1.711s] -- Up-to-date: /home/reefranger/Desktop/ReefRanger/robot/robot/install/godown_interface/share/godown_interface/cmake/godown_interface__rosidl_typesupport_introspection_cppExport-noconfig.cmake
[1.711s] -- Up-to-date: /home/reefranger/Desktop/ReefRanger/robot/robot/install/godown_interface/share/godown_interface/cmake/godown_interface__rosidl_typesupport_cppExport.cmake
[1.711s] -- Up-to-date: /home/reefranger/Desktop/ReefRanger/robot/robot/install/godown_interface/share/godown_interface/cmake/godown_interface__rosidl_typesupport_cppExport-noconfig.cmake
[1.711s] -- Up-to-date: /home/reefranger/Desktop/ReefRanger/robot/robot/install/godown_interface/share/godown_interface/cmake/export_godown_interface__rosidl_generator_pyExport.cmake
[1.711s] -- Up-to-date: /home/reefranger/Desktop/ReefRanger/robot/robot/install/godown_interface/share/godown_interface/cmake/export_godown_interface__rosidl_generator_pyExport-noconfig.cmake
[1.711s] -- Up-to-date: /home/reefranger/Desktop/ReefRanger/robot/robot/install/godown_interface/share/godown_interface/cmake/rosidl_cmake-extras.cmake
[1.712s] -- Up-to-date: /home/reefranger/Desktop/ReefRanger/robot/robot/install/godown_interface/share/godown_interface/cmake/ament_cmake_export_dependencies-extras.cmake
[1.712s] -- Up-to-date: /home/reefranger/Desktop/ReefRanger/robot/robot/install/godown_interface/share/godown_interface/cmake/ament_cmake_export_include_directories-extras.cmake
[1.712s] -- Up-to-date: /home/reefranger/Desktop/ReefRanger/robot/robot/install/godown_interface/share/godown_interface/cmake/ament_cmake_export_libraries-extras.cmake
[1.712s] -- Up-to-date: /home/reefranger/Desktop/ReefRanger/robot/robot/install/godown_interface/share/godown_interface/cmake/ament_cmake_export_targets-extras.cmake
[1.712s] -- Up-to-date: /home/reefranger/Desktop/ReefRanger/robot/robot/install/godown_interface/share/godown_interface/cmake/rosidl_cmake_export_typesupport_targets-extras.cmake
[1.712s] -- Up-to-date: /home/reefranger/Desktop/ReefRanger/robot/robot/install/godown_interface/share/godown_interface/cmake/rosidl_cmake_export_typesupport_libraries-extras.cmake
[1.712s] -- Up-to-date: /home/reefranger/Desktop/ReefRanger/robot/robot/install/godown_interface/share/godown_interface/cmake/godown_interfaceConfig.cmake
[1.712s] -- Up-to-date: /home/reefranger/Desktop/ReefRanger/robot/robot/install/godown_interface/share/godown_interface/cmake/godown_interfaceConfig-version.cmake
[1.712s] -- Up-to-date: /home/reefranger/Desktop/ReefRanger/robot/robot/install/godown_interface/share/godown_interface/package.xml
[1.736s] Invoked command in '/home/reefranger/Desktop/ReefRanger/robot/robot/build/godown_interface' returned '0': CMAKE_PREFIX_PATH=${CMAKE_PREFIX_PATH}:/home/reefranger/Desktop/ReefRanger/robot/robot/install/yolov8_ros:/home/reefranger/Desktop/ReefRanger/robot/robot/install/state_machine:/home/reefranger/Desktop/ReefRanger/robot/robot/install/save_detect:/home/reefranger/Desktop/ReefRanger/robot/robot/install/robotpub:/home/reefranger/Desktop/ReefRanger/robot/robot/install/pidtable:/home/reefranger/Desktop/ReefRanger/robot/robot/install/pathctrl:/home/reefranger/Desktop/ReefRanger/robot/robot/install/occupancy_grid:/home/reefranger/Desktop/ReefRanger/robot/robot/install/navigate_path:/home/reefranger/Desktop/ReefRanger/robot/robot/install/movetable:/home/reefranger/Desktop/ReefRanger/robot/robot/install/moveovertable:/home/reefranger/Desktop/ReefRanger/robot/robot/install/mccontroller:/home/reefranger/Desktop/ReefRanger/robot/robot/install/ins:/home/reefranger/Desktop/ReefRanger/robot/robot/install/imu_publisher:/home/reefranger/Desktop/ReefRanger/robot/robot/install/imagepub:/home/reefranger/Desktop/ReefRanger/robot/robot/install/gototable:/home/reefranger/Desktop/ReefRanger/robot/robot/install/commander:/home/reefranger/Desktop/ReefRanger/robot/robot/install/bcudriver:/opt/ros/humble /usr/bin/cmake --install /home/reefranger/Desktop/ReefRanger/robot/robot/build/godown_interface
