[2.112s] Invoking command in '/home/reefranger/Desktop/ReefRanger/robot/robot/src/gototable': PYTHONPATH=/home/reefranger/Desktop/ReefRanger/robot/robot/build/gototable/prefix_override:/usr/lib/python3/dist-packages/colcon_core/task/python/colcon_distutils_commands:/home/reefranger/Desktop/ReefRanger/robot/robot/install/gototable/lib/python3.10/site-packages:${PYTHONPATH} /usr/bin/python3 -W ignore:setup.py install is deprecated setup.py egg_info --egg-base ../../build/gototable build --build-base /home/reefranger/Desktop/ReefRanger/robot/robot/build/gototable/build install --record /home/reefranger/Desktop/ReefRanger/robot/robot/build/gototable/install.log --single-version-externally-managed install_data
[2.476s] running egg_info
[2.506s] writing ../../build/gototable/gototable.egg-info/PKG-INFO
[2.506s] writing dependency_links to ../../build/gototable/gototable.egg-info/dependency_links.txt
[2.507s] writing entry points to ../../build/gototable/gototable.egg-info/entry_points.txt
[2.508s] writing requirements to ../../build/gototable/gototable.egg-info/requires.txt
[2.508s] writing top-level names to ../../build/gototable/gototable.egg-info/top_level.txt
[2.569s] reading manifest file '../../build/gototable/gototable.egg-info/SOURCES.txt'
[2.570s] adding license file 'LICENSE'
[2.571s] writing manifest file '../../build/gototable/gototable.egg-info/SOURCES.txt'
[2.571s] running build
[2.571s] running build_py
[2.571s] copying gototable/gototable.py -> /home/reefranger/Desktop/ReefRanger/robot/robot/build/gototable/build/lib/gototable
[2.574s] copying gototable/__init__.py -> /home/reefranger/Desktop/ReefRanger/robot/robot/build/gototable/build/lib/gototable
[2.574s] running install
[2.579s] running install_lib
[2.613s] running install_data
[2.613s] copying resource/gototable -> /home/reefranger/Desktop/ReefRanger/robot/robot/install/gototable/share/ament_index/resource_index/packages
[2.613s] copying package.xml -> /home/reefranger/Desktop/ReefRanger/robot/robot/install/gototable/share/gototable
[2.613s] running install_egg_info
[2.648s] removing '/home/reefranger/Desktop/ReefRanger/robot/robot/install/gototable/lib/python3.10/site-packages/gototable-0.0.0-py3.10.egg-info' (and everything under it)
[2.649s] Copying ../../build/gototable/gototable.egg-info to /home/reefranger/Desktop/ReefRanger/robot/robot/install/gototable/lib/python3.10/site-packages/gototable-0.0.0-py3.10.egg-info
[2.650s] running install_scripts
[2.895s] Installing gototable script to /home/reefranger/Desktop/ReefRanger/robot/robot/install/gototable/lib/gototable
[2.896s] writing list of installed files to '/home/reefranger/Desktop/ReefRanger/robot/robot/build/gototable/install.log'
[2.974s] Invoked command in '/home/reefranger/Desktop/ReefRanger/robot/robot/src/gototable' returned '0': PYTHONPATH=/home/reefranger/Desktop/ReefRanger/robot/robot/build/gototable/prefix_override:/usr/lib/python3/dist-packages/colcon_core/task/python/colcon_distutils_commands:/home/reefranger/Desktop/ReefRanger/robot/robot/install/gototable/lib/python3.10/site-packages:${PYTHONPATH} /usr/bin/python3 -W ignore:setup.py install is deprecated setup.py egg_info --egg-base ../../build/gototable build --build-base /home/reefranger/Desktop/ReefRanger/robot/robot/build/gototable/build install --record /home/reefranger/Desktop/ReefRanger/robot/robot/build/gototable/install.log --single-version-externally-managed install_data
