[1.547s] Invoking command in '/home/reefranger/Desktop/ReefRanger/robot/robot/src/pathctrl': PYTHONPATH=/home/reefranger/Desktop/ReefRanger/robot/robot/build/pathctrl/prefix_override:/usr/lib/python3/dist-packages/colcon_core/task/python/colcon_distutils_commands:/home/reefranger/Desktop/ReefRanger/robot/robot/install/pathctrl/lib/python3.10/site-packages:${PYTHONPATH} /usr/bin/python3 -W ignore:setup.py install is deprecated setup.py egg_info --egg-base ../../build/pathctrl build --build-base /home/reefranger/Desktop/ReefRanger/robot/robot/build/pathctrl/build install --record /home/reefranger/Desktop/ReefRanger/robot/robot/build/pathctrl/install.log --single-version-externally-managed install_data
[1.790s] running egg_info
[1.805s] writing ../../build/pathctrl/pathctrl.egg-info/PKG-INFO
[1.806s] writing dependency_links to ../../build/pathctrl/pathctrl.egg-info/dependency_links.txt
[1.806s] writing entry points to ../../build/pathctrl/pathctrl.egg-info/entry_points.txt
[1.806s] writing requirements to ../../build/pathctrl/pathctrl.egg-info/requires.txt
[1.806s] writing top-level names to ../../build/pathctrl/pathctrl.egg-info/top_level.txt
[1.840s] reading manifest file '../../build/pathctrl/pathctrl.egg-info/SOURCES.txt'
[1.840s] adding license file 'LICENSE'
[1.841s] writing manifest file '../../build/pathctrl/pathctrl.egg-info/SOURCES.txt'
[1.841s] running build
[1.841s] running build_py
[1.841s] copying pathctrl/pathctrl_subscriper.py -> /home/reefranger/Desktop/ReefRanger/robot/robot/build/pathctrl/build/lib/pathctrl
[1.842s] copying pathctrl/pathctrl_1.py -> /home/reefranger/Desktop/ReefRanger/robot/robot/build/pathctrl/build/lib/pathctrl
[1.842s] copying pathctrl/pathctrl.py -> /home/reefranger/Desktop/ReefRanger/robot/robot/build/pathctrl/build/lib/pathctrl
[1.842s] copying pathctrl/__init__.py -> /home/reefranger/Desktop/ReefRanger/robot/robot/build/pathctrl/build/lib/pathctrl
[1.843s] copying pathctrl/pathctrl_2.py -> /home/reefranger/Desktop/ReefRanger/robot/robot/build/pathctrl/build/lib/pathctrl
[1.843s] copying pathctrl/pathctrl3.py -> /home/reefranger/Desktop/ReefRanger/robot/robot/build/pathctrl/build/lib/pathctrl
[1.843s] running install
[1.847s] running install_lib
[1.864s] byte-compiling /home/reefranger/Desktop/ReefRanger/robot/robot/install/pathctrl/lib/python3.10/site-packages/pathctrl/__init__.py to __init__.cpython-310.pyc
[1.864s] running install_data
[1.865s] copying resource/pathctrl -> /home/reefranger/Desktop/ReefRanger/robot/robot/install/pathctrl/share/ament_index/resource_index/packages
[1.865s] copying package.xml -> /home/reefranger/Desktop/ReefRanger/robot/robot/install/pathctrl/share/pathctrl
[1.865s] running install_egg_info
[1.882s] removing '/home/reefranger/Desktop/ReefRanger/robot/robot/install/pathctrl/lib/python3.10/site-packages/pathctrl-0.0.0-py3.10.egg-info' (and everything under it)
[1.882s] Copying ../../build/pathctrl/pathctrl.egg-info to /home/reefranger/Desktop/ReefRanger/robot/robot/install/pathctrl/lib/python3.10/site-packages/pathctrl-0.0.0-py3.10.egg-info
[1.883s] running install_scripts
[2.021s] Installing pathctrl script to /home/reefranger/Desktop/ReefRanger/robot/robot/install/pathctrl/lib/pathctrl
[2.022s] writing list of installed files to '/home/reefranger/Desktop/ReefRanger/robot/robot/build/pathctrl/install.log'
[2.044s] Invoked command in '/home/reefranger/Desktop/ReefRanger/robot/robot/src/pathctrl' returned '0': PYTHONPATH=/home/reefranger/Desktop/ReefRanger/robot/robot/build/pathctrl/prefix_override:/usr/lib/python3/dist-packages/colcon_core/task/python/colcon_distutils_commands:/home/reefranger/Desktop/ReefRanger/robot/robot/install/pathctrl/lib/python3.10/site-packages:${PYTHONPATH} /usr/bin/python3 -W ignore:setup.py install is deprecated setup.py egg_info --egg-base ../../build/pathctrl build --build-base /home/reefranger/Desktop/ReefRanger/robot/robot/build/pathctrl/build install --record /home/reefranger/Desktop/ReefRanger/robot/robot/build/pathctrl/install.log --single-version-externally-managed install_data
