[1.094s] Invoking command in '/home/reefranger/Desktop/ReefRanger/robot/robot/build/move_interface': CMAKE_PREFIX_PATH=/opt/ros/humble /usr/bin/cmake --build /home/reefranger/Desktop/ReefRanger/robot/robot/build/move_interface -- -j12 -l12
[1.129s] [  3%] Built target move_interface__cpp
[1.129s] [ 12%] Built target move_interface__rosidl_generator_c
[1.136s] [ 12%] Built target ament_cmake_python_copy_move_interface
[1.147s] [ 22%] Built target move_interface__rosidl_typesupport_cpp
[1.147s] [ 32%] Built target move_interface__rosidl_typesupport_fastrtps_cpp
[1.147s] [ 41%] Built target move_interface__rosidl_typesupport_introspection_cpp
[1.153s] [ 51%] Built target move_interface__rosidl_typesupport_introspection_c
[1.154s] [ 61%] Built target move_interface__rosidl_typesupport_fastrtps_c
[1.155s] [ 70%] Built target move_interface__rosidl_typesupport_c
[1.170s] [ 70%] Built target move_interface
[1.185s] [ 74%] Built target move_interface__py
[1.201s] [ 80%] Built target move_interface__rosidl_generator_py
[1.217s] [ 93%] Built target move_interface__rosidl_typesupport_fastrtps_c__pyext
[1.217s] [ 93%] Built target move_interface__rosidl_typesupport_introspection_c__pyext
[1.217s] [100%] Built target move_interface__rosidl_typesupport_c__pyext
[1.324s] running egg_info
[1.360s] writing move_interface.egg-info/PKG-INFO
[1.361s] writing dependency_links to move_interface.egg-info/dependency_links.txt
[1.361s] writing top-level names to move_interface.egg-info/top_level.txt
[1.450s] reading manifest file 'move_interface.egg-info/SOURCES.txt'
[1.454s] writing manifest file 'move_interface.egg-info/SOURCES.txt'
[1.487s] [100%] Built target ament_cmake_python_build_move_interface_egg
[1.509s] Invoked command in '/home/reefranger/Desktop/ReefRanger/robot/robot/build/move_interface' returned '0': CMAKE_PREFIX_PATH=/opt/ros/humble /usr/bin/cmake --build /home/reefranger/Desktop/ReefRanger/robot/robot/build/move_interface -- -j12 -l12
[1.600s] Invoking command in '/home/reefranger/Desktop/ReefRanger/robot/robot/build/move_interface': CMAKE_PREFIX_PATH=/opt/ros/humble /usr/bin/cmake --install /home/reefranger/Desktop/ReefRanger/robot/robot/build/move_interface
[1.896s] -- Install configuration: ""
[1.896s] -- Up-to-date: /home/reefranger/Desktop/ReefRanger/robot/robot/install/move_interface/share/ament_index/resource_index/rosidl_interfaces/move_interface
[1.896s] -- Up-to-date: /home/reefranger/Desktop/ReefRanger/robot/robot/install/move_interface/include/move_interface/move_interface
[1.897s] -- Up-to-date: /home/reefranger/Desktop/ReefRanger/robot/robot/install/move_interface/include/move_interface/move_interface/msg
[1.897s] -- Up-to-date: /home/reefranger/Desktop/ReefRanger/robot/robot/install/move_interface/include/move_interface/move_interface/msg/rosidl_generator_c__visibility_control.h
[1.897s] -- Up-to-date: /home/reefranger/Desktop/ReefRanger/robot/robot/install/move_interface/include/move_interface/move_interface/action
[1.897s] -- Up-to-date: /home/reefranger/Desktop/ReefRanger/robot/robot/install/move_interface/include/move_interface/move_interface/action/detail
[1.897s] -- Up-to-date: /home/reefranger/Desktop/ReefRanger/robot/robot/install/move_interface/include/move_interface/move_interface/action/detail/move__functions.h
[1.899s] -- Up-to-date: /home/reefranger/Desktop/ReefRanger/robot/robot/install/move_interface/include/move_interface/move_interface/action/detail/move__functions.c
[1.899s] -- Up-to-date: /home/reefranger/Desktop/ReefRanger/robot/robot/install/move_interface/include/move_interface/move_interface/action/detail/move__struct.h
[1.899s] -- Up-to-date: /home/reefranger/Desktop/ReefRanger/robot/robot/install/move_interface/include/move_interface/move_interface/action/detail/move__type_support.h
[1.900s] -- Up-to-date: /home/reefranger/Desktop/ReefRanger/robot/robot/install/move_interface/include/move_interface/move_interface/action/move.h
[1.900s] -- Up-to-date: /home/reefranger/Desktop/ReefRanger/robot/robot/install/move_interface/share/move_interface/environment/library_path.sh
[1.900s] -- Up-to-date: /home/reefranger/Desktop/ReefRanger/robot/robot/install/move_interface/share/move_interface/environment/library_path.dsv
[1.900s] -- Up-to-date: /home/reefranger/Desktop/ReefRanger/robot/robot/install/move_interface/lib/libmove_interface__rosidl_generator_c.so
[1.900s] -- Up-to-date: /home/reefranger/Desktop/ReefRanger/robot/robot/install/move_interface/include/move_interface/move_interface
[1.900s] -- Up-to-date: /home/reefranger/Desktop/ReefRanger/robot/robot/install/move_interface/include/move_interface/move_interface/msg
[1.900s] -- Up-to-date: /home/reefranger/Desktop/ReefRanger/robot/robot/install/move_interface/include/move_interface/move_interface/msg/rosidl_typesupport_fastrtps_c__visibility_control.h
[1.900s] -- Up-to-date: /home/reefranger/Desktop/ReefRanger/robot/robot/install/move_interface/include/move_interface/move_interface/action
[1.900s] -- Up-to-date: /home/reefranger/Desktop/ReefRanger/robot/robot/install/move_interface/include/move_interface/move_interface/action/detail
[1.900s] -- Up-to-date: /home/reefranger/Desktop/ReefRanger/robot/robot/install/move_interface/include/move_interface/move_interface/action/detail/move__rosidl_typesupport_fastrtps_c.h
[1.900s] -- Up-to-date: /home/reefranger/Desktop/ReefRanger/robot/robot/install/move_interface/lib/libmove_interface__rosidl_typesupport_fastrtps_c.so
[1.900s] -- Up-to-date: /home/reefranger/Desktop/ReefRanger/robot/robot/install/move_interface/include/move_interface/move_interface
[1.900s] -- Up-to-date: /home/reefranger/Desktop/ReefRanger/robot/robot/install/move_interface/include/move_interface/move_interface/msg
[1.900s] -- Up-to-date: /home/reefranger/Desktop/ReefRanger/robot/robot/install/move_interface/include/move_interface/move_interface/msg/rosidl_typesupport_introspection_c__visibility_control.h
[1.901s] -- Up-to-date: /home/reefranger/Desktop/ReefRanger/robot/robot/install/move_interface/include/move_interface/move_interface/action
[1.901s] -- Up-to-date: /home/reefranger/Desktop/ReefRanger/robot/robot/install/move_interface/include/move_interface/move_interface/action/detail
[1.901s] -- Up-to-date: /home/reefranger/Desktop/ReefRanger/robot/robot/install/move_interface/include/move_interface/move_interface/action/detail/move__rosidl_typesupport_introspection_c.h
[1.902s] -- Up-to-date: /home/reefranger/Desktop/ReefRanger/robot/robot/install/move_interface/include/move_interface/move_interface/action/detail/move__type_support.c
[1.902s] -- Up-to-date: /home/reefranger/Desktop/ReefRanger/robot/robot/install/move_interface/lib/libmove_interface__rosidl_typesupport_introspection_c.so
[1.902s] -- Up-to-date: /home/reefranger/Desktop/ReefRanger/robot/robot/install/move_interface/lib/libmove_interface__rosidl_typesupport_c.so
[1.902s] -- Up-to-date: /home/reefranger/Desktop/ReefRanger/robot/robot/install/move_interface/include/move_interface/move_interface
[1.902s] -- Up-to-date: /home/reefranger/Desktop/ReefRanger/robot/robot/install/move_interface/include/move_interface/move_interface/action
[1.902s] -- Up-to-date: /home/reefranger/Desktop/ReefRanger/robot/robot/install/move_interface/include/move_interface/move_interface/action/detail
[1.902s] -- Up-to-date: /home/reefranger/Desktop/ReefRanger/robot/robot/install/move_interface/include/move_interface/move_interface/action/detail/move__traits.hpp
[1.902s] -- Up-to-date: /home/reefranger/Desktop/ReefRanger/robot/robot/install/move_interface/include/move_interface/move_interface/action/detail/move__struct.hpp
[1.902s] -- Up-to-date: /home/reefranger/Desktop/ReefRanger/robot/robot/install/move_interface/include/move_interface/move_interface/action/detail/move__builder.hpp
[1.902s] -- Up-to-date: /home/reefranger/Desktop/ReefRanger/robot/robot/install/move_interface/include/move_interface/move_interface/action/move.hpp
[1.902s] -- Up-to-date: /home/reefranger/Desktop/ReefRanger/robot/robot/install/move_interface/include/move_interface/move_interface
[1.902s] -- Up-to-date: /home/reefranger/Desktop/ReefRanger/robot/robot/install/move_interface/include/move_interface/move_interface/msg
[1.903s] -- Up-to-date: /home/reefranger/Desktop/ReefRanger/robot/robot/install/move_interface/include/move_interface/move_interface/msg/rosidl_typesupport_fastrtps_cpp__visibility_control.h
[1.903s] -- Up-to-date: /home/reefranger/Desktop/ReefRanger/robot/robot/install/move_interface/include/move_interface/move_interface/action
[1.903s] -- Up-to-date: /home/reefranger/Desktop/ReefRanger/robot/robot/install/move_interface/include/move_interface/move_interface/action/detail
[1.903s] -- Up-to-date: /home/reefranger/Desktop/ReefRanger/robot/robot/install/move_interface/include/move_interface/move_interface/action/detail/dds_fastrtps
[1.903s] -- Up-to-date: /home/reefranger/Desktop/ReefRanger/robot/robot/install/move_interface/include/move_interface/move_interface/action/detail/move__rosidl_typesupport_fastrtps_cpp.hpp
[1.903s] -- Up-to-date: /home/reefranger/Desktop/ReefRanger/robot/robot/install/move_interface/lib/libmove_interface__rosidl_typesupport_fastrtps_cpp.so
[1.903s] -- Up-to-date: /home/reefranger/Desktop/ReefRanger/robot/robot/install/move_interface/include/move_interface/move_interface
[1.903s] -- Up-to-date: /home/reefranger/Desktop/ReefRanger/robot/robot/install/move_interface/include/move_interface/move_interface/action
[1.903s] -- Up-to-date: /home/reefranger/Desktop/ReefRanger/robot/robot/install/move_interface/include/move_interface/move_interface/action/detail
[1.903s] -- Up-to-date: /home/reefranger/Desktop/ReefRanger/robot/robot/install/move_interface/include/move_interface/move_interface/action/detail/move__type_support.cpp
[1.903s] -- Up-to-date: /home/reefranger/Desktop/ReefRanger/robot/robot/install/move_interface/include/move_interface/move_interface/action/detail/move__rosidl_typesupport_introspection_cpp.hpp
[1.903s] -- Up-to-date: /home/reefranger/Desktop/ReefRanger/robot/robot/install/move_interface/lib/libmove_interface__rosidl_typesupport_introspection_cpp.so
[1.903s] -- Up-to-date: /home/reefranger/Desktop/ReefRanger/robot/robot/install/move_interface/lib/libmove_interface__rosidl_typesupport_cpp.so
[1.903s] -- Up-to-date: /home/reefranger/Desktop/ReefRanger/robot/robot/install/move_interface/share/move_interface/environment/pythonpath.sh
[1.904s] -- Up-to-date: /home/reefranger/Desktop/ReefRanger/robot/robot/install/move_interface/share/move_interface/environment/pythonpath.dsv
[1.904s] -- Up-to-date: /home/reefranger/Desktop/ReefRanger/robot/robot/install/move_interface/local/lib/python3.10/dist-packages/move_interface-0.0.0-py3.10.egg-info
[1.904s] -- Installing: /home/reefranger/Desktop/ReefRanger/robot/robot/install/move_interface/local/lib/python3.10/dist-packages/move_interface-0.0.0-py3.10.egg-info/dependency_links.txt
[1.904s] -- Installing: /home/reefranger/Desktop/ReefRanger/robot/robot/install/move_interface/local/lib/python3.10/dist-packages/move_interface-0.0.0-py3.10.egg-info/SOURCES.txt
[1.904s] -- Installing: /home/reefranger/Desktop/ReefRanger/robot/robot/install/move_interface/local/lib/python3.10/dist-packages/move_interface-0.0.0-py3.10.egg-info/PKG-INFO
[1.904s] -- Installing: /home/reefranger/Desktop/ReefRanger/robot/robot/install/move_interface/local/lib/python3.10/dist-packages/move_interface-0.0.0-py3.10.egg-info/top_level.txt
[1.904s] -- Up-to-date: /home/reefranger/Desktop/ReefRanger/robot/robot/install/move_interface/local/lib/python3.10/dist-packages/move_interface
[1.904s] -- Up-to-date: /home/reefranger/Desktop/ReefRanger/robot/robot/install/move_interface/local/lib/python3.10/dist-packages/move_interface/move_interface_s__rosidl_typesupport_introspection_c.cpython-310-x86_64-linux-gnu.so
[1.904s] -- Up-to-date: /home/reefranger/Desktop/ReefRanger/robot/robot/install/move_interface/local/lib/python3.10/dist-packages/move_interface/_move_interface_s.ep.rosidl_typesupport_c.c
[1.904s] -- Up-to-date: /home/reefranger/Desktop/ReefRanger/robot/robot/install/move_interface/local/lib/python3.10/dist-packages/move_interface/action
[1.904s] -- Up-to-date: /home/reefranger/Desktop/ReefRanger/robot/robot/install/move_interface/local/lib/python3.10/dist-packages/move_interface/action/_move.py
[1.904s] -- Up-to-date: /home/reefranger/Desktop/ReefRanger/robot/robot/install/move_interface/local/lib/python3.10/dist-packages/move_interface/action/_move_s.c
[1.905s] -- Up-to-date: /home/reefranger/Desktop/ReefRanger/robot/robot/install/move_interface/local/lib/python3.10/dist-packages/move_interface/action/__init__.py
[1.905s] -- Up-to-date: /home/reefranger/Desktop/ReefRanger/robot/robot/install/move_interface/local/lib/python3.10/dist-packages/move_interface/move_interface_s__rosidl_typesupport_fastrtps_c.cpython-310-x86_64-linux-gnu.so
[1.905s] -- Up-to-date: /home/reefranger/Desktop/ReefRanger/robot/robot/install/move_interface/local/lib/python3.10/dist-packages/move_interface/move_interface_s__rosidl_typesupport_c.cpython-310-x86_64-linux-gnu.so
[1.905s] -- Up-to-date: /home/reefranger/Desktop/ReefRanger/robot/robot/install/move_interface/local/lib/python3.10/dist-packages/move_interface/_move_interface_s.ep.rosidl_typesupport_fastrtps_c.c
[1.905s] -- Up-to-date: /home/reefranger/Desktop/ReefRanger/robot/robot/install/move_interface/local/lib/python3.10/dist-packages/move_interface/__init__.py
[1.905s] -- Up-to-date: /home/reefranger/Desktop/ReefRanger/robot/robot/install/move_interface/local/lib/python3.10/dist-packages/move_interface/libmove_interface__rosidl_generator_py.so
[1.905s] -- Up-to-date: /home/reefranger/Desktop/ReefRanger/robot/robot/install/move_interface/local/lib/python3.10/dist-packages/move_interface/_move_interface_s.ep.rosidl_typesupport_introspection_c.c
[1.905s] Listing '/home/reefranger/Desktop/ReefRanger/robot/robot/install/move_interface/local/lib/python3.10/dist-packages/move_interface'...
[1.905s] Listing '/home/reefranger/Desktop/ReefRanger/robot/robot/install/move_interface/local/lib/python3.10/dist-packages/move_interface/action'...
[1.905s] -- Up-to-date: /home/reefranger/Desktop/ReefRanger/robot/robot/install/move_interface/local/lib/python3.10/dist-packages/move_interface/move_interface_s__rosidl_typesupport_fastrtps_c.cpython-310-x86_64-linux-gnu.so
[1.905s] -- Up-to-date: /home/reefranger/Desktop/ReefRanger/robot/robot/install/move_interface/local/lib/python3.10/dist-packages/move_interface/move_interface_s__rosidl_typesupport_introspection_c.cpython-310-x86_64-linux-gnu.so
[1.906s] -- Up-to-date: /home/reefranger/Desktop/ReefRanger/robot/robot/install/move_interface/local/lib/python3.10/dist-packages/move_interface/move_interface_s__rosidl_typesupport_c.cpython-310-x86_64-linux-gnu.so
[1.906s] -- Up-to-date: /home/reefranger/Desktop/ReefRanger/robot/robot/install/move_interface/lib/libmove_interface__rosidl_generator_py.so
[1.906s] -- Up-to-date: /home/reefranger/Desktop/ReefRanger/robot/robot/install/move_interface/share/move_interface/action/Move.idl
[1.906s] -- Up-to-date: /home/reefranger/Desktop/ReefRanger/robot/robot/install/move_interface/share/move_interface/action/Move.action
[1.906s] -- Up-to-date: /home/reefranger/Desktop/ReefRanger/robot/robot/install/move_interface/share/ament_index/resource_index/package_run_dependencies/move_interface
[1.906s] -- Up-to-date: /home/reefranger/Desktop/ReefRanger/robot/robot/install/move_interface/share/ament_index/resource_index/parent_prefix_path/move_interface
[1.906s] -- Up-to-date: /home/reefranger/Desktop/ReefRanger/robot/robot/install/move_interface/share/move_interface/environment/ament_prefix_path.sh
[1.906s] -- Up-to-date: /home/reefranger/Desktop/ReefRanger/robot/robot/install/move_interface/share/move_interface/environment/ament_prefix_path.dsv
[1.906s] -- Up-to-date: /home/reefranger/Desktop/ReefRanger/robot/robot/install/move_interface/share/move_interface/environment/path.sh
[1.906s] -- Up-to-date: /home/reefranger/Desktop/ReefRanger/robot/robot/install/move_interface/share/move_interface/environment/path.dsv
[1.906s] -- Up-to-date: /home/reefranger/Desktop/ReefRanger/robot/robot/install/move_interface/share/move_interface/local_setup.bash
[1.906s] -- Up-to-date: /home/reefranger/Desktop/ReefRanger/robot/robot/install/move_interface/share/move_interface/local_setup.sh
[1.906s] -- Up-to-date: /home/reefranger/Desktop/ReefRanger/robot/robot/install/move_interface/share/move_interface/local_setup.zsh
[1.907s] -- Up-to-date: /home/reefranger/Desktop/ReefRanger/robot/robot/install/move_interface/share/move_interface/local_setup.dsv
[1.907s] -- Installing: /home/reefranger/Desktop/ReefRanger/robot/robot/install/move_interface/share/move_interface/package.dsv
[1.907s] -- Up-to-date: /home/reefranger/Desktop/ReefRanger/robot/robot/install/move_interface/share/ament_index/resource_index/packages/move_interface
[1.907s] -- Up-to-date: /home/reefranger/Desktop/ReefRanger/robot/robot/install/move_interface/share/move_interface/cmake/export_move_interface__rosidl_generator_cExport.cmake
[1.907s] -- Up-to-date: /home/reefranger/Desktop/ReefRanger/robot/robot/install/move_interface/share/move_interface/cmake/export_move_interface__rosidl_generator_cExport-noconfig.cmake
[1.907s] -- Up-to-date: /home/reefranger/Desktop/ReefRanger/robot/robot/install/move_interface/share/move_interface/cmake/export_move_interface__rosidl_typesupport_fastrtps_cExport.cmake
[1.907s] -- Up-to-date: /home/reefranger/Desktop/ReefRanger/robot/robot/install/move_interface/share/move_interface/cmake/export_move_interface__rosidl_typesupport_fastrtps_cExport-noconfig.cmake
[1.907s] -- Up-to-date: /home/reefranger/Desktop/ReefRanger/robot/robot/install/move_interface/share/move_interface/cmake/move_interface__rosidl_typesupport_introspection_cExport.cmake
[1.907s] -- Up-to-date: /home/reefranger/Desktop/ReefRanger/robot/robot/install/move_interface/share/move_interface/cmake/move_interface__rosidl_typesupport_introspection_cExport-noconfig.cmake
[1.907s] -- Up-to-date: /home/reefranger/Desktop/ReefRanger/robot/robot/install/move_interface/share/move_interface/cmake/move_interface__rosidl_typesupport_cExport.cmake
[1.908s] -- Up-to-date: /home/reefranger/Desktop/ReefRanger/robot/robot/install/move_interface/share/move_interface/cmake/move_interface__rosidl_typesupport_cExport-noconfig.cmake
[1.908s] -- Up-to-date: /home/reefranger/Desktop/ReefRanger/robot/robot/install/move_interface/share/move_interface/cmake/export_move_interface__rosidl_generator_cppExport.cmake
[1.908s] -- Up-to-date: /home/reefranger/Desktop/ReefRanger/robot/robot/install/move_interface/share/move_interface/cmake/export_move_interface__rosidl_typesupport_fastrtps_cppExport.cmake
[1.908s] -- Up-to-date: /home/reefranger/Desktop/ReefRanger/robot/robot/install/move_interface/share/move_interface/cmake/export_move_interface__rosidl_typesupport_fastrtps_cppExport-noconfig.cmake
[1.908s] -- Up-to-date: /home/reefranger/Desktop/ReefRanger/robot/robot/install/move_interface/share/move_interface/cmake/move_interface__rosidl_typesupport_introspection_cppExport.cmake
[1.908s] -- Up-to-date: /home/reefranger/Desktop/ReefRanger/robot/robot/install/move_interface/share/move_interface/cmake/move_interface__rosidl_typesupport_introspection_cppExport-noconfig.cmake
[1.908s] -- Up-to-date: /home/reefranger/Desktop/ReefRanger/robot/robot/install/move_interface/share/move_interface/cmake/move_interface__rosidl_typesupport_cppExport.cmake
[1.908s] -- Up-to-date: /home/reefranger/Desktop/ReefRanger/robot/robot/install/move_interface/share/move_interface/cmake/move_interface__rosidl_typesupport_cppExport-noconfig.cmake
[1.908s] -- Up-to-date: /home/reefranger/Desktop/ReefRanger/robot/robot/install/move_interface/share/move_interface/cmake/export_move_interface__rosidl_generator_pyExport.cmake
[1.908s] -- Up-to-date: /home/reefranger/Desktop/ReefRanger/robot/robot/install/move_interface/share/move_interface/cmake/export_move_interface__rosidl_generator_pyExport-noconfig.cmake
[1.908s] -- Up-to-date: /home/reefranger/Desktop/ReefRanger/robot/robot/install/move_interface/share/move_interface/cmake/rosidl_cmake-extras.cmake
[1.908s] -- Up-to-date: /home/reefranger/Desktop/ReefRanger/robot/robot/install/move_interface/share/move_interface/cmake/ament_cmake_export_dependencies-extras.cmake
[1.908s] -- Up-to-date: /home/reefranger/Desktop/ReefRanger/robot/robot/install/move_interface/share/move_interface/cmake/ament_cmake_export_include_directories-extras.cmake
[1.908s] -- Up-to-date: /home/reefranger/Desktop/ReefRanger/robot/robot/install/move_interface/share/move_interface/cmake/ament_cmake_export_libraries-extras.cmake
[1.908s] -- Up-to-date: /home/reefranger/Desktop/ReefRanger/robot/robot/install/move_interface/share/move_interface/cmake/ament_cmake_export_targets-extras.cmake
[1.909s] -- Up-to-date: /home/reefranger/Desktop/ReefRanger/robot/robot/install/move_interface/share/move_interface/cmake/rosidl_cmake_export_typesupport_targets-extras.cmake
[1.909s] -- Up-to-date: /home/reefranger/Desktop/ReefRanger/robot/robot/install/move_interface/share/move_interface/cmake/rosidl_cmake_export_typesupport_libraries-extras.cmake
[1.909s] -- Up-to-date: /home/reefranger/Desktop/ReefRanger/robot/robot/install/move_interface/share/move_interface/cmake/move_interfaceConfig.cmake
[1.909s] -- Up-to-date: /home/reefranger/Desktop/ReefRanger/robot/robot/install/move_interface/share/move_interface/cmake/move_interfaceConfig-version.cmake
[1.909s] -- Up-to-date: /home/reefranger/Desktop/ReefRanger/robot/robot/install/move_interface/share/move_interface/package.xml
[2.105s] Invoked command in '/home/reefranger/Desktop/ReefRanger/robot/robot/build/move_interface' returned '0': CMAKE_PREFIX_PATH=/opt/ros/humble /usr/bin/cmake --install /home/reefranger/Desktop/ReefRanger/robot/robot/build/move_interface
