[1.353s] Invoking command in '/home/reefranger/Desktop/ReefRanger/robot/robot/src/robotpub': PYTHONPATH=/home/reefranger/Desktop/ReefRanger/robot/robot/build/robotpub/prefix_override:/usr/lib/python3/dist-packages/colcon_core/task/python/colcon_distutils_commands:/home/reefranger/Desktop/ReefRanger/robot/robot/install/robotpub/lib/python3.10/site-packages:${PYTHONPATH} /usr/bin/python3 -W ignore:setup.py install is deprecated setup.py egg_info --egg-base ../../build/robotpub build --build-base /home/reefranger/Desktop/ReefRanger/robot/robot/build/robotpub/build install --record /home/reefranger/Desktop/ReefRanger/robot/robot/build/robotpub/install.log --single-version-externally-managed install_data
[1.477s] /home/reefranger/.local/lib/python3.10/site-packages/setuptools/_distutils/dist.py:261: UserWarning: Unknown distribution option: 'tests_require'
[1.477s]   warnings.warn(msg)
[1.582s] running egg_info
[1.600s] writing ../../build/robotpub/robotpub.egg-info/PKG-INFO
[1.601s] writing dependency_links to ../../build/robotpub/robotpub.egg-info/dependency_links.txt
[1.601s] writing requirements to ../../build/robotpub/robotpub.egg-info/requires.txt
[1.601s] writing top-level names to ../../build/robotpub/robotpub.egg-info/top_level.txt
[1.641s] reading manifest file '../../build/robotpub/robotpub.egg-info/SOURCES.txt'
[1.641s] adding license file 'LICENSE'
[1.641s] writing manifest file '../../build/robotpub/robotpub.egg-info/SOURCES.txt'
[1.642s] running build
[1.642s] running build_py
[1.642s] copying robotpub/__init__.py -> /home/reefranger/Desktop/ReefRanger/robot/robot/build/robotpub/build/lib/robotpub
[1.642s] running install
[1.646s] running install_lib
[1.664s] running install_data
[1.664s] copying resource/robotpub -> /home/reefranger/Desktop/ReefRanger/robot/robot/install/robotpub/share/ament_index/resource_index/packages
[1.665s] copying package.xml -> /home/reefranger/Desktop/ReefRanger/robot/robot/install/robotpub/share/robotpub
[1.665s] running install_egg_info
[1.683s] removing '/home/reefranger/Desktop/ReefRanger/robot/robot/install/robotpub/lib/python3.10/site-packages/robotpub-0.0.0-py3.10.egg-info' (and everything under it)
[1.684s] Copying ../../build/robotpub/robotpub.egg-info to /home/reefranger/Desktop/ReefRanger/robot/robot/install/robotpub/lib/python3.10/site-packages/robotpub-0.0.0-py3.10.egg-info
[1.684s] running install_scripts
[1.824s] writing list of installed files to '/home/reefranger/Desktop/ReefRanger/robot/robot/build/robotpub/install.log'
[1.845s] Invoked command in '/home/reefranger/Desktop/ReefRanger/robot/robot/src/robotpub' returned '0': PYTHONPATH=/home/reefranger/Desktop/ReefRanger/robot/robot/build/robotpub/prefix_override:/usr/lib/python3/dist-packages/colcon_core/task/python/colcon_distutils_commands:/home/reefranger/Desktop/ReefRanger/robot/robot/install/robotpub/lib/python3.10/site-packages:${PYTHONPATH} /usr/bin/python3 -W ignore:setup.py install is deprecated setup.py egg_info --egg-base ../../build/robotpub build --build-base /home/reefranger/Desktop/ReefRanger/robot/robot/build/robotpub/build install --record /home/reefranger/Desktop/ReefRanger/robot/robot/build/robotpub/install.log --single-version-externally-managed install_data
