[1.091s] Invoking command in '/home/reefranger/Desktop/ReefRanger/robot/robot/build/move_interface': CMAKE_PREFIX_PATH=/opt/ros/humble /usr/bin/cmake --build /home/reefranger/Desktop/ReefRanger/robot/robot/build/move_interface -- -j12 -l12
[1.267s] [35m[1mConsolidate compiler generated dependencies of target move_interface__rosidl_generator_c[0m
[1.267s] [  3%] Built target move_interface__cpp
[1.267s] [ 12%] Built target move_interface__rosidl_generator_c
[1.267s] [35m[1mConsolidate compiler generated dependencies of target move_interface__rosidl_typesupport_cpp[0m
[1.267s] [35m[1mConsolidate compiler generated dependencies of target move_interface__rosidl_typesupport_introspection_cpp[0m
[1.267s] [ 12%] Built target ament_cmake_python_copy_move_interface
[1.267s] [35m[1mConsolidate compiler generated dependencies of target move_interface__rosidl_typesupport_fastrtps_cpp[0m
[1.267s] [35m[1mConsolidate compiler generated dependencies of target move_interface__rosidl_typesupport_c[0m
[1.267s] [35m[1mConsolidate compiler generated dependencies of target move_interface__rosidl_typesupport_introspection_c[0m
[1.267s] [35m[1mConsolidate compiler generated dependencies of target move_interface__rosidl_typesupport_fastrtps_c[0m
[1.267s] [ 22%] Built target move_interface__rosidl_typesupport_cpp
[1.267s] [ 32%] Built target move_interface__rosidl_typesupport_introspection_c
[1.267s] [ 41%] Built target move_interface__rosidl_typesupport_introspection_cpp
[1.267s] [ 51%] Built target move_interface__rosidl_typesupport_c
[1.267s] [ 61%] Built target move_interface__rosidl_typesupport_fastrtps_cpp
[1.267s] [ 70%] Built target move_interface__rosidl_typesupport_fastrtps_c
[1.267s] [ 70%] Built target move_interface
[1.267s] [ 74%] Built target move_interface__py
[1.267s] [35m[1mConsolidate compiler generated dependencies of target move_interface__rosidl_generator_py[0m
[1.268s] [ 80%] Built target move_interface__rosidl_generator_py
[1.268s] [35m[1mConsolidate compiler generated dependencies of target move_interface__rosidl_typesupport_introspection_c__pyext[0m
[1.268s] [35m[1mConsolidate compiler generated dependencies of target move_interface__rosidl_typesupport_c__pyext[0m
[1.268s] [35m[1mConsolidate compiler generated dependencies of target move_interface__rosidl_typesupport_fastrtps_c__pyext[0m
[1.268s] [100%] Built target move_interface__rosidl_typesupport_fastrtps_c__pyext
[1.268s] [100%] Built target move_interface__rosidl_typesupport_c__pyext
[1.268s] [100%] Built target move_interface__rosidl_typesupport_introspection_c__pyext
[1.314s] running egg_info
[1.328s] writing move_interface.egg-info/PKG-INFO
[1.329s] writing dependency_links to move_interface.egg-info/dependency_links.txt
[1.329s] writing top-level names to move_interface.egg-info/top_level.txt
[1.371s] reading manifest file 'move_interface.egg-info/SOURCES.txt'
[1.372s] writing manifest file 'move_interface.egg-info/SOURCES.txt'
[1.391s] [100%] Built target ament_cmake_python_build_move_interface_egg
[1.430s] Invoked command in '/home/reefranger/Desktop/ReefRanger/robot/robot/build/move_interface' returned '0': CMAKE_PREFIX_PATH=/opt/ros/humble /usr/bin/cmake --build /home/reefranger/Desktop/ReefRanger/robot/robot/build/move_interface -- -j12 -l12
[1.537s] Invoking command in '/home/reefranger/Desktop/ReefRanger/robot/robot/build/move_interface': CMAKE_PREFIX_PATH=/opt/ros/humble /usr/bin/cmake --install /home/reefranger/Desktop/ReefRanger/robot/robot/build/move_interface
[1.557s] -- Install configuration: ""
[1.562s] -- Up-to-date: /home/reefranger/Desktop/ReefRanger/robot/robot/install/move_interface/share/ament_index/resource_index/rosidl_interfaces/move_interface
[1.562s] -- Up-to-date: /home/reefranger/Desktop/ReefRanger/robot/robot/install/move_interface/include/move_interface/move_interface
[1.563s] -- Up-to-date: /home/reefranger/Desktop/ReefRanger/robot/robot/install/move_interface/include/move_interface/move_interface/msg
[1.564s] -- Up-to-date: /home/reefranger/Desktop/ReefRanger/robot/robot/install/move_interface/include/move_interface/move_interface/msg/rosidl_generator_c__visibility_control.h
[1.565s] -- Up-to-date: /home/reefranger/Desktop/ReefRanger/robot/robot/install/move_interface/include/move_interface/move_interface/action
[1.565s] -- Up-to-date: /home/reefranger/Desktop/ReefRanger/robot/robot/install/move_interface/include/move_interface/move_interface/action/detail
[1.566s] -- Up-to-date: /home/reefranger/Desktop/ReefRanger/robot/robot/install/move_interface/include/move_interface/move_interface/action/detail/move__functions.h
[1.566s] -- Up-to-date: /home/reefranger/Desktop/ReefRanger/robot/robot/install/move_interface/include/move_interface/move_interface/action/detail/move__functions.c
[1.569s] -- Up-to-date: /home/reefranger/Desktop/ReefRanger/robot/robot/install/move_interface/include/move_interface/move_interface/action/detail/move__struct.h
[1.569s] -- Up-to-date: /home/reefranger/Desktop/ReefRanger/robot/robot/install/move_interface/include/move_interface/move_interface/action/detail/move__type_support.h
[1.569s] -- Up-to-date: /home/reefranger/Desktop/ReefRanger/robot/robot/install/move_interface/include/move_interface/move_interface/action/move.h
[1.570s] -- Up-to-date: /home/reefranger/Desktop/ReefRanger/robot/robot/install/move_interface/share/move_interface/environment/library_path.sh
[1.570s] -- Up-to-date: /home/reefranger/Desktop/ReefRanger/robot/robot/install/move_interface/share/move_interface/environment/library_path.dsv
[1.570s] -- Up-to-date: /home/reefranger/Desktop/ReefRanger/robot/robot/install/move_interface/lib/libmove_interface__rosidl_generator_c.so
[1.570s] -- Up-to-date: /home/reefranger/Desktop/ReefRanger/robot/robot/install/move_interface/include/move_interface/move_interface
[1.570s] -- Up-to-date: /home/reefranger/Desktop/ReefRanger/robot/robot/install/move_interface/include/move_interface/move_interface/msg
[1.570s] -- Up-to-date: /home/reefranger/Desktop/ReefRanger/robot/robot/install/move_interface/include/move_interface/move_interface/msg/rosidl_typesupport_fastrtps_c__visibility_control.h
[1.570s] -- Up-to-date: /home/reefranger/Desktop/ReefRanger/robot/robot/install/move_interface/include/move_interface/move_interface/action
[1.571s] -- Up-to-date: /home/reefranger/Desktop/ReefRanger/robot/robot/install/move_interface/include/move_interface/move_interface/action/detail
[1.571s] -- Up-to-date: /home/reefranger/Desktop/ReefRanger/robot/robot/install/move_interface/include/move_interface/move_interface/action/detail/move__rosidl_typesupport_fastrtps_c.h
[1.574s] -- Up-to-date: /home/reefranger/Desktop/ReefRanger/robot/robot/install/move_interface/lib/libmove_interface__rosidl_typesupport_fastrtps_c.so
[1.574s] -- Up-to-date: /home/reefranger/Desktop/ReefRanger/robot/robot/install/move_interface/include/move_interface/move_interface
[1.574s] -- Up-to-date: /home/reefranger/Desktop/ReefRanger/robot/robot/install/move_interface/include/move_interface/move_interface/msg
[1.575s] -- Up-to-date: /home/reefranger/Desktop/ReefRanger/robot/robot/install/move_interface/include/move_interface/move_interface/msg/rosidl_typesupport_introspection_c__visibility_control.h
[1.575s] -- Up-to-date: /home/reefranger/Desktop/ReefRanger/robot/robot/install/move_interface/include/move_interface/move_interface/action
[1.575s] -- Up-to-date: /home/reefranger/Desktop/ReefRanger/robot/robot/install/move_interface/include/move_interface/move_interface/action/detail
[1.575s] -- Up-to-date: /home/reefranger/Desktop/ReefRanger/robot/robot/install/move_interface/include/move_interface/move_interface/action/detail/move__rosidl_typesupport_introspection_c.h
[1.575s] -- Up-to-date: /home/reefranger/Desktop/ReefRanger/robot/robot/install/move_interface/include/move_interface/move_interface/action/detail/move__type_support.c
[1.576s] -- Up-to-date: /home/reefranger/Desktop/ReefRanger/robot/robot/install/move_interface/lib/libmove_interface__rosidl_typesupport_introspection_c.so
[1.576s] -- Up-to-date: /home/reefranger/Desktop/ReefRanger/robot/robot/install/move_interface/lib/libmove_interface__rosidl_typesupport_c.so
[1.576s] -- Up-to-date: /home/reefranger/Desktop/ReefRanger/robot/robot/install/move_interface/include/move_interface/move_interface
[1.576s] -- Up-to-date: /home/reefranger/Desktop/ReefRanger/robot/robot/install/move_interface/include/move_interface/move_interface/action
[1.576s] -- Up-to-date: /home/reefranger/Desktop/ReefRanger/robot/robot/install/move_interface/include/move_interface/move_interface/action/detail
[1.576s] -- Up-to-date: /home/reefranger/Desktop/ReefRanger/robot/robot/install/move_interface/include/move_interface/move_interface/action/detail/move__traits.hpp
[1.577s] -- Up-to-date: /home/reefranger/Desktop/ReefRanger/robot/robot/install/move_interface/include/move_interface/move_interface/action/detail/move__struct.hpp
[1.577s] -- Up-to-date: /home/reefranger/Desktop/ReefRanger/robot/robot/install/move_interface/include/move_interface/move_interface/action/detail/move__builder.hpp
[1.577s] -- Up-to-date: /home/reefranger/Desktop/ReefRanger/robot/robot/install/move_interface/include/move_interface/move_interface/action/move.hpp
[1.577s] -- Up-to-date: /home/reefranger/Desktop/ReefRanger/robot/robot/install/move_interface/include/move_interface/move_interface
[1.577s] -- Up-to-date: /home/reefranger/Desktop/ReefRanger/robot/robot/install/move_interface/include/move_interface/move_interface/msg
[1.577s] -- Up-to-date: /home/reefranger/Desktop/ReefRanger/robot/robot/install/move_interface/include/move_interface/move_interface/msg/rosidl_typesupport_fastrtps_cpp__visibility_control.h
[1.577s] -- Up-to-date: /home/reefranger/Desktop/ReefRanger/robot/robot/install/move_interface/include/move_interface/move_interface/action
[1.577s] -- Up-to-date: /home/reefranger/Desktop/ReefRanger/robot/robot/install/move_interface/include/move_interface/move_interface/action/detail
[1.577s] -- Up-to-date: /home/reefranger/Desktop/ReefRanger/robot/robot/install/move_interface/include/move_interface/move_interface/action/detail/dds_fastrtps
[1.577s] -- Up-to-date: /home/reefranger/Desktop/ReefRanger/robot/robot/install/move_interface/include/move_interface/move_interface/action/detail/move__rosidl_typesupport_fastrtps_cpp.hpp
[1.577s] -- Up-to-date: /home/reefranger/Desktop/ReefRanger/robot/robot/install/move_interface/lib/libmove_interface__rosidl_typesupport_fastrtps_cpp.so
[1.578s] -- Up-to-date: /home/reefranger/Desktop/ReefRanger/robot/robot/install/move_interface/include/move_interface/move_interface
[1.578s] -- Up-to-date: /home/reefranger/Desktop/ReefRanger/robot/robot/install/move_interface/include/move_interface/move_interface/action
[1.578s] -- Up-to-date: /home/reefranger/Desktop/ReefRanger/robot/robot/install/move_interface/include/move_interface/move_interface/action/detail
[1.578s] -- Up-to-date: /home/reefranger/Desktop/ReefRanger/robot/robot/install/move_interface/include/move_interface/move_interface/action/detail/move__type_support.cpp
[1.578s] -- Up-to-date: /home/reefranger/Desktop/ReefRanger/robot/robot/install/move_interface/include/move_interface/move_interface/action/detail/move__rosidl_typesupport_introspection_cpp.hpp
[1.578s] -- Up-to-date: /home/reefranger/Desktop/ReefRanger/robot/robot/install/move_interface/lib/libmove_interface__rosidl_typesupport_introspection_cpp.so
[1.578s] -- Up-to-date: /home/reefranger/Desktop/ReefRanger/robot/robot/install/move_interface/lib/libmove_interface__rosidl_typesupport_cpp.so
[1.579s] -- Up-to-date: /home/reefranger/Desktop/ReefRanger/robot/robot/install/move_interface/share/move_interface/environment/pythonpath.sh
[1.579s] -- Up-to-date: /home/reefranger/Desktop/ReefRanger/robot/robot/install/move_interface/share/move_interface/environment/pythonpath.dsv
[1.579s] -- Up-to-date: /home/reefranger/Desktop/ReefRanger/robot/robot/install/move_interface/local/lib/python3.10/dist-packages/move_interface-0.0.0-py3.10.egg-info
[1.579s] -- Installing: /home/reefranger/Desktop/ReefRanger/robot/robot/install/move_interface/local/lib/python3.10/dist-packages/move_interface-0.0.0-py3.10.egg-info/dependency_links.txt
[1.579s] -- Installing: /home/reefranger/Desktop/ReefRanger/robot/robot/install/move_interface/local/lib/python3.10/dist-packages/move_interface-0.0.0-py3.10.egg-info/SOURCES.txt
[1.580s] -- Installing: /home/reefranger/Desktop/ReefRanger/robot/robot/install/move_interface/local/lib/python3.10/dist-packages/move_interface-0.0.0-py3.10.egg-info/PKG-INFO
[1.580s] -- Installing: /home/reefranger/Desktop/ReefRanger/robot/robot/install/move_interface/local/lib/python3.10/dist-packages/move_interface-0.0.0-py3.10.egg-info/top_level.txt
[1.580s] -- Up-to-date: /home/reefranger/Desktop/ReefRanger/robot/robot/install/move_interface/local/lib/python3.10/dist-packages/move_interface
[1.580s] -- Up-to-date: /home/reefranger/Desktop/ReefRanger/robot/robot/install/move_interface/local/lib/python3.10/dist-packages/move_interface/move_interface_s__rosidl_typesupport_introspection_c.cpython-310-x86_64-linux-gnu.so
[1.581s] -- Up-to-date: /home/reefranger/Desktop/ReefRanger/robot/robot/install/move_interface/local/lib/python3.10/dist-packages/move_interface/_move_interface_s.ep.rosidl_typesupport_c.c
[1.582s] -- Up-to-date: /home/reefranger/Desktop/ReefRanger/robot/robot/install/move_interface/local/lib/python3.10/dist-packages/move_interface/action
[1.585s] -- Up-to-date: /home/reefranger/Desktop/ReefRanger/robot/robot/install/move_interface/local/lib/python3.10/dist-packages/move_interface/action/_move.py
[1.585s] -- Up-to-date: /home/reefranger/Desktop/ReefRanger/robot/robot/install/move_interface/local/lib/python3.10/dist-packages/move_interface/action/_move_s.c
[1.585s] -- Up-to-date: /home/reefranger/Desktop/ReefRanger/robot/robot/install/move_interface/local/lib/python3.10/dist-packages/move_interface/action/__init__.py
[1.586s] -- Up-to-date: /home/reefranger/Desktop/ReefRanger/robot/robot/install/move_interface/local/lib/python3.10/dist-packages/move_interface/move_interface_s__rosidl_typesupport_fastrtps_c.cpython-310-x86_64-linux-gnu.so
[1.586s] -- Up-to-date: /home/reefranger/Desktop/ReefRanger/robot/robot/install/move_interface/local/lib/python3.10/dist-packages/move_interface/move_interface_s__rosidl_typesupport_c.cpython-310-x86_64-linux-gnu.so
[1.586s] -- Up-to-date: /home/reefranger/Desktop/ReefRanger/robot/robot/install/move_interface/local/lib/python3.10/dist-packages/move_interface/_move_interface_s.ep.rosidl_typesupport_fastrtps_c.c
[1.586s] -- Up-to-date: /home/reefranger/Desktop/ReefRanger/robot/robot/install/move_interface/local/lib/python3.10/dist-packages/move_interface/__init__.py
[1.586s] -- Up-to-date: /home/reefranger/Desktop/ReefRanger/robot/robot/install/move_interface/local/lib/python3.10/dist-packages/move_interface/libmove_interface__rosidl_generator_py.so
[1.586s] -- Up-to-date: /home/reefranger/Desktop/ReefRanger/robot/robot/install/move_interface/local/lib/python3.10/dist-packages/move_interface/_move_interface_s.ep.rosidl_typesupport_introspection_c.c
[1.636s] Listing '/home/reefranger/Desktop/ReefRanger/robot/robot/install/move_interface/local/lib/python3.10/dist-packages/move_interface'...
[1.636s] Listing '/home/reefranger/Desktop/ReefRanger/robot/robot/install/move_interface/local/lib/python3.10/dist-packages/move_interface/action'...
[1.642s] -- Up-to-date: /home/reefranger/Desktop/ReefRanger/robot/robot/install/move_interface/local/lib/python3.10/dist-packages/move_interface/move_interface_s__rosidl_typesupport_fastrtps_c.cpython-310-x86_64-linux-gnu.so
[1.646s] -- Up-to-date: /home/reefranger/Desktop/ReefRanger/robot/robot/install/move_interface/local/lib/python3.10/dist-packages/move_interface/move_interface_s__rosidl_typesupport_introspection_c.cpython-310-x86_64-linux-gnu.so
[1.646s] -- Up-to-date: /home/reefranger/Desktop/ReefRanger/robot/robot/install/move_interface/local/lib/python3.10/dist-packages/move_interface/move_interface_s__rosidl_typesupport_c.cpython-310-x86_64-linux-gnu.so
[1.649s] -- Up-to-date: /home/reefranger/Desktop/ReefRanger/robot/robot/install/move_interface/lib/libmove_interface__rosidl_generator_py.so
[1.649s] -- Up-to-date: /home/reefranger/Desktop/ReefRanger/robot/robot/install/move_interface/share/move_interface/action/Move.idl
[1.649s] -- Up-to-date: /home/reefranger/Desktop/ReefRanger/robot/robot/install/move_interface/share/move_interface/action/Move.action
[1.649s] -- Up-to-date: /home/reefranger/Desktop/ReefRanger/robot/robot/install/move_interface/share/ament_index/resource_index/package_run_dependencies/move_interface
[1.650s] -- Up-to-date: /home/reefranger/Desktop/ReefRanger/robot/robot/install/move_interface/share/ament_index/resource_index/parent_prefix_path/move_interface
[1.651s] -- Up-to-date: /home/reefranger/Desktop/ReefRanger/robot/robot/install/move_interface/share/move_interface/environment/ament_prefix_path.sh
[1.651s] -- Up-to-date: /home/reefranger/Desktop/ReefRanger/robot/robot/install/move_interface/share/move_interface/environment/ament_prefix_path.dsv
[1.652s] -- Up-to-date: /home/reefranger/Desktop/ReefRanger/robot/robot/install/move_interface/share/move_interface/environment/path.sh
[1.653s] -- Up-to-date: /home/reefranger/Desktop/ReefRanger/robot/robot/install/move_interface/share/move_interface/environment/path.dsv
[1.654s] -- Up-to-date: /home/reefranger/Desktop/ReefRanger/robot/robot/install/move_interface/share/move_interface/local_setup.bash
[1.654s] -- Up-to-date: /home/reefranger/Desktop/ReefRanger/robot/robot/install/move_interface/share/move_interface/local_setup.sh
[1.654s] -- Up-to-date: /home/reefranger/Desktop/ReefRanger/robot/robot/install/move_interface/share/move_interface/local_setup.zsh
[1.654s] -- Up-to-date: /home/reefranger/Desktop/ReefRanger/robot/robot/install/move_interface/share/move_interface/local_setup.dsv
[1.655s] -- Installing: /home/reefranger/Desktop/ReefRanger/robot/robot/install/move_interface/share/move_interface/package.dsv
[1.655s] -- Up-to-date: /home/reefranger/Desktop/ReefRanger/robot/robot/install/move_interface/share/ament_index/resource_index/packages/move_interface
[1.655s] -- Up-to-date: /home/reefranger/Desktop/ReefRanger/robot/robot/install/move_interface/share/move_interface/cmake/export_move_interface__rosidl_generator_cExport.cmake
[1.655s] -- Up-to-date: /home/reefranger/Desktop/ReefRanger/robot/robot/install/move_interface/share/move_interface/cmake/export_move_interface__rosidl_generator_cExport-noconfig.cmake
[1.656s] -- Up-to-date: /home/reefranger/Desktop/ReefRanger/robot/robot/install/move_interface/share/move_interface/cmake/export_move_interface__rosidl_typesupport_fastrtps_cExport.cmake
[1.656s] -- Up-to-date: /home/reefranger/Desktop/ReefRanger/robot/robot/install/move_interface/share/move_interface/cmake/export_move_interface__rosidl_typesupport_fastrtps_cExport-noconfig.cmake
[1.656s] -- Up-to-date: /home/reefranger/Desktop/ReefRanger/robot/robot/install/move_interface/share/move_interface/cmake/move_interface__rosidl_typesupport_introspection_cExport.cmake
[1.656s] -- Up-to-date: /home/reefranger/Desktop/ReefRanger/robot/robot/install/move_interface/share/move_interface/cmake/move_interface__rosidl_typesupport_introspection_cExport-noconfig.cmake
[1.657s] -- Up-to-date: /home/reefranger/Desktop/ReefRanger/robot/robot/install/move_interface/share/move_interface/cmake/move_interface__rosidl_typesupport_cExport.cmake
[1.657s] -- Up-to-date: /home/reefranger/Desktop/ReefRanger/robot/robot/install/move_interface/share/move_interface/cmake/move_interface__rosidl_typesupport_cExport-noconfig.cmake
[1.657s] -- Up-to-date: /home/reefranger/Desktop/ReefRanger/robot/robot/install/move_interface/share/move_interface/cmake/export_move_interface__rosidl_generator_cppExport.cmake
[1.657s] -- Up-to-date: /home/reefranger/Desktop/ReefRanger/robot/robot/install/move_interface/share/move_interface/cmake/export_move_interface__rosidl_typesupport_fastrtps_cppExport.cmake
[1.657s] -- Up-to-date: /home/reefranger/Desktop/ReefRanger/robot/robot/install/move_interface/share/move_interface/cmake/export_move_interface__rosidl_typesupport_fastrtps_cppExport-noconfig.cmake
[1.657s] -- Up-to-date: /home/reefranger/Desktop/ReefRanger/robot/robot/install/move_interface/share/move_interface/cmake/move_interface__rosidl_typesupport_introspection_cppExport.cmake
[1.657s] -- Up-to-date: /home/reefranger/Desktop/ReefRanger/robot/robot/install/move_interface/share/move_interface/cmake/move_interface__rosidl_typesupport_introspection_cppExport-noconfig.cmake
[1.657s] -- Up-to-date: /home/reefranger/Desktop/ReefRanger/robot/robot/install/move_interface/share/move_interface/cmake/move_interface__rosidl_typesupport_cppExport.cmake
[1.657s] -- Up-to-date: /home/reefranger/Desktop/ReefRanger/robot/robot/install/move_interface/share/move_interface/cmake/move_interface__rosidl_typesupport_cppExport-noconfig.cmake
[1.657s] -- Up-to-date: /home/reefranger/Desktop/ReefRanger/robot/robot/install/move_interface/share/move_interface/cmake/export_move_interface__rosidl_generator_pyExport.cmake
[1.657s] -- Up-to-date: /home/reefranger/Desktop/ReefRanger/robot/robot/install/move_interface/share/move_interface/cmake/export_move_interface__rosidl_generator_pyExport-noconfig.cmake
[1.658s] -- Up-to-date: /home/reefranger/Desktop/ReefRanger/robot/robot/install/move_interface/share/move_interface/cmake/rosidl_cmake-extras.cmake
[1.658s] -- Up-to-date: /home/reefranger/Desktop/ReefRanger/robot/robot/install/move_interface/share/move_interface/cmake/ament_cmake_export_dependencies-extras.cmake
[1.658s] -- Up-to-date: /home/reefranger/Desktop/ReefRanger/robot/robot/install/move_interface/share/move_interface/cmake/ament_cmake_export_include_directories-extras.cmake
[1.658s] -- Up-to-date: /home/reefranger/Desktop/ReefRanger/robot/robot/install/move_interface/share/move_interface/cmake/ament_cmake_export_libraries-extras.cmake
[1.658s] -- Up-to-date: /home/reefranger/Desktop/ReefRanger/robot/robot/install/move_interface/share/move_interface/cmake/ament_cmake_export_targets-extras.cmake
[1.658s] -- Up-to-date: /home/reefranger/Desktop/ReefRanger/robot/robot/install/move_interface/share/move_interface/cmake/rosidl_cmake_export_typesupport_targets-extras.cmake
[1.659s] -- Up-to-date: /home/reefranger/Desktop/ReefRanger/robot/robot/install/move_interface/share/move_interface/cmake/rosidl_cmake_export_typesupport_libraries-extras.cmake
[1.659s] -- Up-to-date: /home/reefranger/Desktop/ReefRanger/robot/robot/install/move_interface/share/move_interface/cmake/move_interfaceConfig.cmake
[1.659s] -- Up-to-date: /home/reefranger/Desktop/ReefRanger/robot/robot/install/move_interface/share/move_interface/cmake/move_interfaceConfig-version.cmake
[1.659s] -- Up-to-date: /home/reefranger/Desktop/ReefRanger/robot/robot/install/move_interface/share/move_interface/package.xml
[1.687s] Invoked command in '/home/reefranger/Desktop/ReefRanger/robot/robot/build/move_interface' returned '0': CMAKE_PREFIX_PATH=/opt/ros/humble /usr/bin/cmake --install /home/reefranger/Desktop/ReefRanger/robot/robot/build/move_interface
