running egg_info
writing ../../build/moveovertable/moveovertable.egg-info/PKG-INFO
writing dependency_links to ../../build/moveovertable/moveovertable.egg-info/dependency_links.txt
writing entry points to ../../build/moveovertable/moveovertable.egg-info/entry_points.txt
writing requirements to ../../build/moveovertable/moveovertable.egg-info/requires.txt
writing top-level names to ../../build/moveovertable/moveovertable.egg-info/top_level.txt
reading manifest file '../../build/moveovertable/moveovertable.egg-info/SOURCES.txt'
adding license file 'LICENSE'
writing manifest file '../../build/moveovertable/moveovertable.egg-info/SOURCES.txt'
running build
running build_py
copying moveovertable/__init__.py -> /home/reefranger/Desktop/ReefRanger/robot/robot/build/moveovertable/build/lib/moveovertable
copying moveovertable/moveovertable.py -> /home/reefranger/Desktop/ReefRanger/robot/robot/build/moveovertable/build/lib/moveovertable
running install
running install_lib
byte-compiling /home/reefranger/Desktop/ReefRanger/robot/robot/install/moveovertable/lib/python3.10/site-packages/moveovertable/__init__.py to __init__.cpython-310.pyc
running install_data
copying resource/moveovertable -> /home/reefranger/Desktop/ReefRanger/robot/robot/install/moveovertable/share/ament_index/resource_index/packages
copying package.xml -> /home/reefranger/Desktop/ReefRanger/robot/robot/install/moveovertable/share/moveovertable
running install_egg_info
removing '/home/reefranger/Desktop/ReefRanger/robot/robot/install/moveovertable/lib/python3.10/site-packages/moveovertable-0.0.0-py3.10.egg-info' (and everything under it)
Copying ../../build/moveovertable/moveovertable.egg-info to /home/reefranger/Desktop/ReefRanger/robot/robot/install/moveovertable/lib/python3.10/site-packages/moveovertable-0.0.0-py3.10.egg-info
running install_scripts
Installing moveovertable script to /home/reefranger/Desktop/ReefRanger/robot/robot/install/moveovertable/lib/moveovertable
writing list of installed files to '/home/reefranger/Desktop/ReefRanger/robot/robot/build/moveovertable/install.log'
