[2.431s] Invoking command in '/home/reefranger/Desktop/ReefRanger/robot/robot/src/imu_publisher': PYTHONPATH=/home/reefranger/Desktop/ReefRanger/robot/robot/build/imu_publisher/prefix_override:/usr/lib/python3/dist-packages/colcon_core/task/python/colcon_distutils_commands:/home/reefranger/Desktop/ReefRanger/robot/robot/install/imu_publisher/lib/python3.10/site-packages:${PYTHONPATH} /usr/bin/python3 -W ignore:setup.py install is deprecated setup.py egg_info --egg-base ../../build/imu_publisher build --build-base /home/reefranger/Desktop/ReefRanger/robot/robot/build/imu_publisher/build install --record /home/reefranger/Desktop/ReefRanger/robot/robot/build/imu_publisher/install.log --single-version-externally-managed install_data
[2.822s] running egg_info
[2.852s] writing ../../build/imu_publisher/imu_publisher.egg-info/PKG-INFO
[2.855s] writing dependency_links to ../../build/imu_publisher/imu_publisher.egg-info/dependency_links.txt
[2.856s] writing entry points to ../../build/imu_publisher/imu_publisher.egg-info/entry_points.txt
[2.856s] writing requirements to ../../build/imu_publisher/imu_publisher.egg-info/requires.txt
[2.856s] writing top-level names to ../../build/imu_publisher/imu_publisher.egg-info/top_level.txt
[2.917s] reading manifest file '../../build/imu_publisher/imu_publisher.egg-info/SOURCES.txt'
[2.919s] writing manifest file '../../build/imu_publisher/imu_publisher.egg-info/SOURCES.txt'
[2.920s] running build
[2.920s] running build_py
[2.920s] copying imu_publisher/imu_publisher.py -> /home/reefranger/Desktop/ReefRanger/robot/robot/build/imu_publisher/build/lib/imu_publisher
[2.923s] copying imu_publisher/__init__.py -> /home/reefranger/Desktop/ReefRanger/robot/robot/build/imu_publisher/build/lib/imu_publisher
[2.924s] running install
[2.929s] running install_lib
[2.959s] byte-compiling /home/reefranger/Desktop/ReefRanger/robot/robot/install/imu_publisher/lib/python3.10/site-packages/imu_publisher/__init__.py to __init__.cpython-310.pyc
[2.960s] running install_data
[2.960s] copying resource/imu_publisher -> /home/reefranger/Desktop/ReefRanger/robot/robot/install/imu_publisher/share/ament_index/resource_index/packages
[2.964s] copying package.xml -> /home/reefranger/Desktop/ReefRanger/robot/robot/install/imu_publisher/share/imu_publisher
[2.964s] running install_egg_info
[2.995s] removing '/home/reefranger/Desktop/ReefRanger/robot/robot/install/imu_publisher/lib/python3.10/site-packages/imu_publisher-0.0.0-py3.10.egg-info' (and everything under it)
[2.995s] Copying ../../build/imu_publisher/imu_publisher.egg-info to /home/reefranger/Desktop/ReefRanger/robot/robot/install/imu_publisher/lib/python3.10/site-packages/imu_publisher-0.0.0-py3.10.egg-info
[2.995s] running install_scripts
[3.263s] Installing imu_publisher script to /home/reefranger/Desktop/ReefRanger/robot/robot/install/imu_publisher/lib/imu_publisher
[3.267s] writing list of installed files to '/home/reefranger/Desktop/ReefRanger/robot/robot/build/imu_publisher/install.log'
[3.402s] Invoked command in '/home/reefranger/Desktop/ReefRanger/robot/robot/src/imu_publisher' returned '0': PYTHONPATH=/home/reefranger/Desktop/ReefRanger/robot/robot/build/imu_publisher/prefix_override:/usr/lib/python3/dist-packages/colcon_core/task/python/colcon_distutils_commands:/home/reefranger/Desktop/ReefRanger/robot/robot/install/imu_publisher/lib/python3.10/site-packages:${PYTHONPATH} /usr/bin/python3 -W ignore:setup.py install is deprecated setup.py egg_info --egg-base ../../build/imu_publisher build --build-base /home/reefranger/Desktop/ReefRanger/robot/robot/build/imu_publisher/build install --record /home/reefranger/Desktop/ReefRanger/robot/robot/build/imu_publisher/install.log --single-version-externally-managed install_data
