[1.479s] Invoking command in '/home/reefranger/Desktop/ReefRanger/robot/robot/src/save_detect': PYTHONPATH=/home/reefranger/Desktop/ReefRanger/robot/robot/build/save_detect/prefix_override:/usr/lib/python3/dist-packages/colcon_core/task/python/colcon_distutils_commands:/home/reefranger/Desktop/ReefRanger/robot/robot/install/save_detect/lib/python3.10/site-packages:${PYTHONPATH} /usr/bin/python3 -W ignore:setup.py install is deprecated setup.py egg_info --egg-base ../../build/save_detect build --build-base /home/reefranger/Desktop/ReefRanger/robot/robot/build/save_detect/build install --record /home/reefranger/Desktop/ReefRanger/robot/robot/build/save_detect/install.log --single-version-externally-managed install_data
[1.604s] /home/reefranger/.local/lib/python3.10/site-packages/setuptools/_distutils/dist.py:261: UserWarning: Unknown distribution option: 'tests_require'
[1.604s]   warnings.warn(msg)
[1.706s] running egg_info
[1.722s] writing ../../build/save_detect/save_detect.egg-info/PKG-INFO
[1.722s] writing dependency_links to ../../build/save_detect/save_detect.egg-info/dependency_links.txt
[1.722s] writing entry points to ../../build/save_detect/save_detect.egg-info/entry_points.txt
[1.722s] writing requirements to ../../build/save_detect/save_detect.egg-info/requires.txt
[1.722s] writing top-level names to ../../build/save_detect/save_detect.egg-info/top_level.txt
[1.755s] reading manifest file '../../build/save_detect/save_detect.egg-info/SOURCES.txt'
[1.755s] adding license file 'LICENSE'
[1.756s] writing manifest file '../../build/save_detect/save_detect.egg-info/SOURCES.txt'
[1.756s] running build
[1.756s] running build_py
[1.757s] copying save_detect/subscriber_detect.py -> /home/reefranger/Desktop/ReefRanger/robot/robot/build/save_detect/build/lib/save_detect
[1.757s] copying save_detect/save_detect (copy).py -> /home/reefranger/Desktop/ReefRanger/robot/robot/build/save_detect/build/lib/save_detect
[1.757s] copying save_detect/save_detect.py -> /home/reefranger/Desktop/ReefRanger/robot/robot/build/save_detect/build/lib/save_detect
[1.757s] copying save_detect/publisher_detect.py -> /home/reefranger/Desktop/ReefRanger/robot/robot/build/save_detect/build/lib/save_detect
[1.757s] copying save_detect/__init__.py -> /home/reefranger/Desktop/ReefRanger/robot/robot/build/save_detect/build/lib/save_detect
[1.758s] copying save_detect/save_detect_final.py -> /home/reefranger/Desktop/ReefRanger/robot/robot/build/save_detect/build/lib/save_detect
[1.758s] running install
[1.761s] running install_lib
[1.778s] byte-compiling /home/reefranger/Desktop/ReefRanger/robot/robot/install/save_detect/lib/python3.10/site-packages/save_detect/publisher_detect.py to publisher_detect.cpython-310.pyc
[1.778s] Sorry: TabError: inconsistent use of tabs and spaces in indentation (publisher_detect.py, line 35)
[1.778s] running install_data
[1.778s] copying resource/save_detect -> /home/reefranger/Desktop/ReefRanger/robot/robot/install/save_detect/share/ament_index/resource_index/packages
[1.778s] copying package.xml -> /home/reefranger/Desktop/ReefRanger/robot/robot/install/save_detect/share/save_detect
[1.779s] running install_egg_info
[1.795s] removing '/home/reefranger/Desktop/ReefRanger/robot/robot/install/save_detect/lib/python3.10/site-packages/save_detect-0.0.0-py3.10.egg-info' (and everything under it)
[1.795s] Copying ../../build/save_detect/save_detect.egg-info to /home/reefranger/Desktop/ReefRanger/robot/robot/install/save_detect/lib/python3.10/site-packages/save_detect-0.0.0-py3.10.egg-info
[1.796s] running install_scripts
[1.923s] Installing save_detect script to /home/reefranger/Desktop/ReefRanger/robot/robot/install/save_detect/lib/save_detect
[1.923s] writing list of installed files to '/home/reefranger/Desktop/ReefRanger/robot/robot/build/save_detect/install.log'
[1.942s] Invoked command in '/home/reefranger/Desktop/ReefRanger/robot/robot/src/save_detect' returned '0': PYTHONPATH=/home/reefranger/Desktop/ReefRanger/robot/robot/build/save_detect/prefix_override:/usr/lib/python3/dist-packages/colcon_core/task/python/colcon_distutils_commands:/home/reefranger/Desktop/ReefRanger/robot/robot/install/save_detect/lib/python3.10/site-packages:${PYTHONPATH} /usr/bin/python3 -W ignore:setup.py install is deprecated setup.py egg_info --egg-base ../../build/save_detect build --build-base /home/reefranger/Desktop/ReefRanger/robot/robot/build/save_detect/build install --record /home/reefranger/Desktop/ReefRanger/robot/robot/build/save_detect/install.log --single-version-externally-managed install_data
