[0.328s] Invoking command in '/home/reefranger/Desktop/ReefRanger/robot/robot/build/godown_interface': CMAKE_PREFIX_PATH=/opt/ros/humble /usr/bin/cmake --build /home/reefranger/Desktop/ReefRanger/robot/robot/build/godown_interface -- -j12 -l12
[1.284s] [35m[1mConsolidate compiler generated dependencies of target godown_interface__rosidl_generator_c[0m
[1.284s] [  3%] Built target godown_interface__cpp
[1.285s] [ 12%] Built target godown_interface__rosidl_generator_c
[1.285s] [ 12%] Built target ament_cmake_python_copy_godown_interface
[1.285s] [35m[1mConsolidate compiler generated dependencies of target godown_interface__rosidl_typesupport_cpp[0m
[1.285s] [35m[1mConsolidate compiler generated dependencies of target godown_interface__rosidl_typesupport_introspection_cpp[0m
[1.285s] [35m[1mConsolidate compiler generated dependencies of target godown_interface__rosidl_typesupport_fastrtps_cpp[0m
[1.285s] [35m[1mConsolidate compiler generated dependencies of target godown_interface__rosidl_typesupport_introspection_c[0m
[1.285s] [35m[1mConsolidate compiler generated dependencies of target godown_interface__rosidl_typesupport_fastrtps_c[0m
[1.285s] [35m[1mConsolidate compiler generated dependencies of target godown_interface__rosidl_typesupport_c[0m
[1.285s] [ 22%] Built target godown_interface__rosidl_typesupport_introspection_c
[1.285s] [ 32%] Built target godown_interface__rosidl_typesupport_cpp
[1.285s] [ 41%] Built target godown_interface__rosidl_typesupport_c
[1.285s] [ 51%] Built target godown_interface__rosidl_typesupport_fastrtps_c
[1.285s] [ 61%] Built target godown_interface__rosidl_typesupport_fastrtps_cpp
[1.285s] [ 70%] Built target godown_interface__rosidl_typesupport_introspection_cpp
[1.285s] [ 70%] Built target godown_interface
[1.285s] [ 74%] Built target godown_interface__py
[1.286s] [35m[1mConsolidate compiler generated dependencies of target godown_interface__rosidl_generator_py[0m
[1.286s] [ 80%] Built target godown_interface__rosidl_generator_py
[1.286s] [35m[1mConsolidate compiler generated dependencies of target godown_interface__rosidl_typesupport_fastrtps_c__pyext[0m
[1.286s] [35m[1mConsolidate compiler generated dependencies of target godown_interface__rosidl_typesupport_introspection_c__pyext[0m
[1.286s] [35m[1mConsolidate compiler generated dependencies of target godown_interface__rosidl_typesupport_c__pyext[0m
[1.286s] [100%] Built target godown_interface__rosidl_typesupport_fastrtps_c__pyext
[1.287s] [100%] Built target godown_interface__rosidl_typesupport_c__pyext
[1.287s] [100%] Built target godown_interface__rosidl_typesupport_introspection_c__pyext
[1.287s] running egg_info
[1.287s] writing godown_interface.egg-info/PKG-INFO
[1.287s] writing dependency_links to godown_interface.egg-info/dependency_links.txt
[1.287s] writing top-level names to godown_interface.egg-info/top_level.txt
[1.287s] reading manifest file 'godown_interface.egg-info/SOURCES.txt'
[1.287s] writing manifest file 'godown_interface.egg-info/SOURCES.txt'
[1.287s] [100%] Built target ament_cmake_python_build_godown_interface_egg
[1.436s] Invoked command in '/home/reefranger/Desktop/ReefRanger/robot/robot/build/godown_interface' returned '0': CMAKE_PREFIX_PATH=/opt/ros/humble /usr/bin/cmake --build /home/reefranger/Desktop/ReefRanger/robot/robot/build/godown_interface -- -j12 -l12
[1.553s] Invoking command in '/home/reefranger/Desktop/ReefRanger/robot/robot/build/godown_interface': CMAKE_PREFIX_PATH=/opt/ros/humble /usr/bin/cmake --install /home/reefranger/Desktop/ReefRanger/robot/robot/build/godown_interface
[1.569s] -- Install configuration: ""
[1.569s] -- Up-to-date: /home/reefranger/Desktop/ReefRanger/robot/robot/install/godown_interface/share/ament_index/resource_index/rosidl_interfaces/godown_interface
[1.570s] -- Up-to-date: /home/reefranger/Desktop/ReefRanger/robot/robot/install/godown_interface/include/godown_interface/godown_interface
[1.570s] -- Up-to-date: /home/reefranger/Desktop/ReefRanger/robot/robot/install/godown_interface/include/godown_interface/godown_interface/msg
[1.570s] -- Up-to-date: /home/reefranger/Desktop/ReefRanger/robot/robot/install/godown_interface/include/godown_interface/godown_interface/msg/rosidl_generator_c__visibility_control.h
[1.570s] -- Up-to-date: /home/reefranger/Desktop/ReefRanger/robot/robot/install/godown_interface/include/godown_interface/godown_interface/action
[1.574s] -- Up-to-date: /home/reefranger/Desktop/ReefRanger/robot/robot/install/godown_interface/include/godown_interface/godown_interface/action/detail
[1.575s] -- Up-to-date: /home/reefranger/Desktop/ReefRanger/robot/robot/install/godown_interface/include/godown_interface/godown_interface/action/detail/godownint__struct.h
[1.575s] -- Up-to-date: /home/reefranger/Desktop/ReefRanger/robot/robot/install/godown_interface/include/godown_interface/godown_interface/action/detail/godownint__functions.c
[1.575s] -- Up-to-date: /home/reefranger/Desktop/ReefRanger/robot/robot/install/godown_interface/include/godown_interface/godown_interface/action/detail/godownint__functions.h
[1.575s] -- Up-to-date: /home/reefranger/Desktop/ReefRanger/robot/robot/install/godown_interface/include/godown_interface/godown_interface/action/detail/godownint__type_support.h
[1.575s] -- Up-to-date: /home/reefranger/Desktop/ReefRanger/robot/robot/install/godown_interface/include/godown_interface/godown_interface/action/godownint.h
[1.575s] -- Up-to-date: /home/reefranger/Desktop/ReefRanger/robot/robot/install/godown_interface/share/godown_interface/environment/library_path.sh
[1.575s] -- Up-to-date: /home/reefranger/Desktop/ReefRanger/robot/robot/install/godown_interface/share/godown_interface/environment/library_path.dsv
[1.576s] -- Up-to-date: /home/reefranger/Desktop/ReefRanger/robot/robot/install/godown_interface/lib/libgodown_interface__rosidl_generator_c.so
[1.576s] -- Up-to-date: /home/reefranger/Desktop/ReefRanger/robot/robot/install/godown_interface/include/godown_interface/godown_interface
[1.576s] -- Up-to-date: /home/reefranger/Desktop/ReefRanger/robot/robot/install/godown_interface/include/godown_interface/godown_interface/msg
[1.576s] -- Up-to-date: /home/reefranger/Desktop/ReefRanger/robot/robot/install/godown_interface/include/godown_interface/godown_interface/msg/rosidl_typesupport_fastrtps_c__visibility_control.h
[1.576s] -- Up-to-date: /home/reefranger/Desktop/ReefRanger/robot/robot/install/godown_interface/include/godown_interface/godown_interface/action
[1.576s] -- Up-to-date: /home/reefranger/Desktop/ReefRanger/robot/robot/install/godown_interface/include/godown_interface/godown_interface/action/detail
[1.576s] -- Up-to-date: /home/reefranger/Desktop/ReefRanger/robot/robot/install/godown_interface/include/godown_interface/godown_interface/action/detail/godownint__rosidl_typesupport_fastrtps_c.h
[1.577s] -- Up-to-date: /home/reefranger/Desktop/ReefRanger/robot/robot/install/godown_interface/lib/libgodown_interface__rosidl_typesupport_fastrtps_c.so
[1.577s] -- Up-to-date: /home/reefranger/Desktop/ReefRanger/robot/robot/install/godown_interface/include/godown_interface/godown_interface
[1.577s] -- Up-to-date: /home/reefranger/Desktop/ReefRanger/robot/robot/install/godown_interface/include/godown_interface/godown_interface/msg
[1.577s] -- Up-to-date: /home/reefranger/Desktop/ReefRanger/robot/robot/install/godown_interface/include/godown_interface/godown_interface/msg/rosidl_typesupport_introspection_c__visibility_control.h
[1.577s] -- Up-to-date: /home/reefranger/Desktop/ReefRanger/robot/robot/install/godown_interface/include/godown_interface/godown_interface/action
[1.577s] -- Up-to-date: /home/reefranger/Desktop/ReefRanger/robot/robot/install/godown_interface/include/godown_interface/godown_interface/action/detail
[1.577s] -- Up-to-date: /home/reefranger/Desktop/ReefRanger/robot/robot/install/godown_interface/include/godown_interface/godown_interface/action/detail/godownint__rosidl_typesupport_introspection_c.h
[1.577s] -- Up-to-date: /home/reefranger/Desktop/ReefRanger/robot/robot/install/godown_interface/include/godown_interface/godown_interface/action/detail/godownint__type_support.c
[1.578s] -- Up-to-date: /home/reefranger/Desktop/ReefRanger/robot/robot/install/godown_interface/lib/libgodown_interface__rosidl_typesupport_introspection_c.so
[1.578s] -- Up-to-date: /home/reefranger/Desktop/ReefRanger/robot/robot/install/godown_interface/lib/libgodown_interface__rosidl_typesupport_c.so
[1.580s] -- Up-to-date: /home/reefranger/Desktop/ReefRanger/robot/robot/install/godown_interface/include/godown_interface/godown_interface
[1.581s] -- Up-to-date: /home/reefranger/Desktop/ReefRanger/robot/robot/install/godown_interface/include/godown_interface/godown_interface/action
[1.581s] -- Up-to-date: /home/reefranger/Desktop/ReefRanger/robot/robot/install/godown_interface/include/godown_interface/godown_interface/action/detail
[1.582s] -- Up-to-date: /home/reefranger/Desktop/ReefRanger/robot/robot/install/godown_interface/include/godown_interface/godown_interface/action/detail/godownint__struct.hpp
[1.582s] -- Up-to-date: /home/reefranger/Desktop/ReefRanger/robot/robot/install/godown_interface/include/godown_interface/godown_interface/action/detail/godownint__traits.hpp
[1.583s] -- Up-to-date: /home/reefranger/Desktop/ReefRanger/robot/robot/install/godown_interface/include/godown_interface/godown_interface/action/detail/godownint__builder.hpp
[1.583s] -- Up-to-date: /home/reefranger/Desktop/ReefRanger/robot/robot/install/godown_interface/include/godown_interface/godown_interface/action/godownint.hpp
[1.583s] -- Up-to-date: /home/reefranger/Desktop/ReefRanger/robot/robot/install/godown_interface/include/godown_interface/godown_interface
[1.583s] -- Up-to-date: /home/reefranger/Desktop/ReefRanger/robot/robot/install/godown_interface/include/godown_interface/godown_interface/msg
[1.583s] -- Up-to-date: /home/reefranger/Desktop/ReefRanger/robot/robot/install/godown_interface/include/godown_interface/godown_interface/msg/rosidl_typesupport_fastrtps_cpp__visibility_control.h
[1.583s] -- Up-to-date: /home/reefranger/Desktop/ReefRanger/robot/robot/install/godown_interface/include/godown_interface/godown_interface/action
[1.584s] -- Up-to-date: /home/reefranger/Desktop/ReefRanger/robot/robot/install/godown_interface/include/godown_interface/godown_interface/action/detail
[1.584s] -- Up-to-date: /home/reefranger/Desktop/ReefRanger/robot/robot/install/godown_interface/include/godown_interface/godown_interface/action/detail/dds_fastrtps
[1.584s] -- Up-to-date: /home/reefranger/Desktop/ReefRanger/robot/robot/install/godown_interface/include/godown_interface/godown_interface/action/detail/godownint__rosidl_typesupport_fastrtps_cpp.hpp
[1.585s] -- Up-to-date: /home/reefranger/Desktop/ReefRanger/robot/robot/install/godown_interface/lib/libgodown_interface__rosidl_typesupport_fastrtps_cpp.so
[1.585s] -- Up-to-date: /home/reefranger/Desktop/ReefRanger/robot/robot/install/godown_interface/include/godown_interface/godown_interface
[1.585s] -- Up-to-date: /home/reefranger/Desktop/ReefRanger/robot/robot/install/godown_interface/include/godown_interface/godown_interface/action
[1.585s] -- Up-to-date: /home/reefranger/Desktop/ReefRanger/robot/robot/install/godown_interface/include/godown_interface/godown_interface/action/detail
[1.585s] -- Up-to-date: /home/reefranger/Desktop/ReefRanger/robot/robot/install/godown_interface/include/godown_interface/godown_interface/action/detail/godownint__rosidl_typesupport_introspection_cpp.hpp
[1.586s] -- Up-to-date: /home/reefranger/Desktop/ReefRanger/robot/robot/install/godown_interface/include/godown_interface/godown_interface/action/detail/godownint__type_support.cpp
[1.587s] -- Up-to-date: /home/reefranger/Desktop/ReefRanger/robot/robot/install/godown_interface/lib/libgodown_interface__rosidl_typesupport_introspection_cpp.so
[1.592s] -- Up-to-date: /home/reefranger/Desktop/ReefRanger/robot/robot/install/godown_interface/lib/libgodown_interface__rosidl_typesupport_cpp.so
[1.592s] -- Up-to-date: /home/reefranger/Desktop/ReefRanger/robot/robot/install/godown_interface/share/godown_interface/environment/pythonpath.sh
[1.592s] -- Up-to-date: /home/reefranger/Desktop/ReefRanger/robot/robot/install/godown_interface/share/godown_interface/environment/pythonpath.dsv
[1.593s] -- Up-to-date: /home/reefranger/Desktop/ReefRanger/robot/robot/install/godown_interface/local/lib/python3.10/dist-packages/godown_interface-0.0.0-py3.10.egg-info
[1.593s] -- Installing: /home/reefranger/Desktop/ReefRanger/robot/robot/install/godown_interface/local/lib/python3.10/dist-packages/godown_interface-0.0.0-py3.10.egg-info/dependency_links.txt
[1.593s] -- Installing: /home/reefranger/Desktop/ReefRanger/robot/robot/install/godown_interface/local/lib/python3.10/dist-packages/godown_interface-0.0.0-py3.10.egg-info/SOURCES.txt
[1.593s] -- Installing: /home/reefranger/Desktop/ReefRanger/robot/robot/install/godown_interface/local/lib/python3.10/dist-packages/godown_interface-0.0.0-py3.10.egg-info/PKG-INFO
[1.593s] -- Installing: /home/reefranger/Desktop/ReefRanger/robot/robot/install/godown_interface/local/lib/python3.10/dist-packages/godown_interface-0.0.0-py3.10.egg-info/top_level.txt
[1.593s] -- Up-to-date: /home/reefranger/Desktop/ReefRanger/robot/robot/install/godown_interface/local/lib/python3.10/dist-packages/godown_interface
[1.597s] -- Up-to-date: /home/reefranger/Desktop/ReefRanger/robot/robot/install/godown_interface/local/lib/python3.10/dist-packages/godown_interface/godown_interface_s__rosidl_typesupport_c.cpython-310-x86_64-linux-gnu.so
[1.597s] -- Up-to-date: /home/reefranger/Desktop/ReefRanger/robot/robot/install/godown_interface/local/lib/python3.10/dist-packages/godown_interface/_godown_interface_s.ep.rosidl_typesupport_c.c
[1.597s] -- Up-to-date: /home/reefranger/Desktop/ReefRanger/robot/robot/install/godown_interface/local/lib/python3.10/dist-packages/godown_interface/godown_interface_s__rosidl_typesupport_fastrtps_c.cpython-310-x86_64-linux-gnu.so
[1.597s] -- Up-to-date: /home/reefranger/Desktop/ReefRanger/robot/robot/install/godown_interface/local/lib/python3.10/dist-packages/godown_interface/_godown_interface_s.ep.rosidl_typesupport_introspection_c.c
[1.597s] -- Up-to-date: /home/reefranger/Desktop/ReefRanger/robot/robot/install/godown_interface/local/lib/python3.10/dist-packages/godown_interface/action
[1.598s] -- Up-to-date: /home/reefranger/Desktop/ReefRanger/robot/robot/install/godown_interface/local/lib/python3.10/dist-packages/godown_interface/action/_godownint_s.c
[1.598s] -- Up-to-date: /home/reefranger/Desktop/ReefRanger/robot/robot/install/godown_interface/local/lib/python3.10/dist-packages/godown_interface/action/_godownint.py
[1.598s] -- Up-to-date: /home/reefranger/Desktop/ReefRanger/robot/robot/install/godown_interface/local/lib/python3.10/dist-packages/godown_interface/action/__init__.py
[1.598s] -- Up-to-date: /home/reefranger/Desktop/ReefRanger/robot/robot/install/godown_interface/local/lib/python3.10/dist-packages/godown_interface/libgodown_interface__rosidl_generator_py.so
[1.598s] -- Up-to-date: /home/reefranger/Desktop/ReefRanger/robot/robot/install/godown_interface/local/lib/python3.10/dist-packages/godown_interface/godown_interface_s__rosidl_typesupport_introspection_c.cpython-310-x86_64-linux-gnu.so
[1.598s] -- Up-to-date: /home/reefranger/Desktop/ReefRanger/robot/robot/install/godown_interface/local/lib/python3.10/dist-packages/godown_interface/__init__.py
[1.598s] -- Up-to-date: /home/reefranger/Desktop/ReefRanger/robot/robot/install/godown_interface/local/lib/python3.10/dist-packages/godown_interface/_godown_interface_s.ep.rosidl_typesupport_fastrtps_c.c
[1.636s] Listing '/home/reefranger/Desktop/ReefRanger/robot/robot/install/godown_interface/local/lib/python3.10/dist-packages/godown_interface'...
[1.636s] Listing '/home/reefranger/Desktop/ReefRanger/robot/robot/install/godown_interface/local/lib/python3.10/dist-packages/godown_interface/action'...
[1.642s] -- Up-to-date: /home/reefranger/Desktop/ReefRanger/robot/robot/install/godown_interface/local/lib/python3.10/dist-packages/godown_interface/godown_interface_s__rosidl_typesupport_fastrtps_c.cpython-310-x86_64-linux-gnu.so
[1.643s] -- Up-to-date: /home/reefranger/Desktop/ReefRanger/robot/robot/install/godown_interface/local/lib/python3.10/dist-packages/godown_interface/godown_interface_s__rosidl_typesupport_introspection_c.cpython-310-x86_64-linux-gnu.so
[1.645s] -- Up-to-date: /home/reefranger/Desktop/ReefRanger/robot/robot/install/godown_interface/local/lib/python3.10/dist-packages/godown_interface/godown_interface_s__rosidl_typesupport_c.cpython-310-x86_64-linux-gnu.so
[1.646s] -- Up-to-date: /home/reefranger/Desktop/ReefRanger/robot/robot/install/godown_interface/lib/libgodown_interface__rosidl_generator_py.so
[1.646s] -- Up-to-date: /home/reefranger/Desktop/ReefRanger/robot/robot/install/godown_interface/share/godown_interface/action/Godownint.idl
[1.647s] -- Up-to-date: /home/reefranger/Desktop/ReefRanger/robot/robot/install/godown_interface/share/godown_interface/action/Godownint.action
[1.648s] -- Up-to-date: /home/reefranger/Desktop/ReefRanger/robot/robot/install/godown_interface/share/ament_index/resource_index/package_run_dependencies/godown_interface
[1.648s] -- Up-to-date: /home/reefranger/Desktop/ReefRanger/robot/robot/install/godown_interface/share/ament_index/resource_index/parent_prefix_path/godown_interface
[1.649s] -- Up-to-date: /home/reefranger/Desktop/ReefRanger/robot/robot/install/godown_interface/share/godown_interface/environment/ament_prefix_path.sh
[1.649s] -- Up-to-date: /home/reefranger/Desktop/ReefRanger/robot/robot/install/godown_interface/share/godown_interface/environment/ament_prefix_path.dsv
[1.650s] -- Up-to-date: /home/reefranger/Desktop/ReefRanger/robot/robot/install/godown_interface/share/godown_interface/environment/path.sh
[1.650s] -- Up-to-date: /home/reefranger/Desktop/ReefRanger/robot/robot/install/godown_interface/share/godown_interface/environment/path.dsv
[1.650s] -- Up-to-date: /home/reefranger/Desktop/ReefRanger/robot/robot/install/godown_interface/share/godown_interface/local_setup.bash
[1.650s] -- Up-to-date: /home/reefranger/Desktop/ReefRanger/robot/robot/install/godown_interface/share/godown_interface/local_setup.sh
[1.652s] -- Up-to-date: /home/reefranger/Desktop/ReefRanger/robot/robot/install/godown_interface/share/godown_interface/local_setup.zsh
[1.652s] -- Up-to-date: /home/reefranger/Desktop/ReefRanger/robot/robot/install/godown_interface/share/godown_interface/local_setup.dsv
[1.652s] -- Installing: /home/reefranger/Desktop/ReefRanger/robot/robot/install/godown_interface/share/godown_interface/package.dsv
[1.655s] -- Up-to-date: /home/reefranger/Desktop/ReefRanger/robot/robot/install/godown_interface/share/ament_index/resource_index/packages/godown_interface
[1.656s] -- Up-to-date: /home/reefranger/Desktop/ReefRanger/robot/robot/install/godown_interface/share/godown_interface/cmake/export_godown_interface__rosidl_generator_cExport.cmake
[1.656s] -- Up-to-date: /home/reefranger/Desktop/ReefRanger/robot/robot/install/godown_interface/share/godown_interface/cmake/export_godown_interface__rosidl_generator_cExport-noconfig.cmake
[1.656s] -- Up-to-date: /home/reefranger/Desktop/ReefRanger/robot/robot/install/godown_interface/share/godown_interface/cmake/export_godown_interface__rosidl_typesupport_fastrtps_cExport.cmake
[1.656s] -- Up-to-date: /home/reefranger/Desktop/ReefRanger/robot/robot/install/godown_interface/share/godown_interface/cmake/export_godown_interface__rosidl_typesupport_fastrtps_cExport-noconfig.cmake
[1.658s] -- Up-to-date: /home/reefranger/Desktop/ReefRanger/robot/robot/install/godown_interface/share/godown_interface/cmake/godown_interface__rosidl_typesupport_introspection_cExport.cmake
[1.658s] -- Up-to-date: /home/reefranger/Desktop/ReefRanger/robot/robot/install/godown_interface/share/godown_interface/cmake/godown_interface__rosidl_typesupport_introspection_cExport-noconfig.cmake
[1.658s] -- Up-to-date: /home/reefranger/Desktop/ReefRanger/robot/robot/install/godown_interface/share/godown_interface/cmake/godown_interface__rosidl_typesupport_cExport.cmake
[1.658s] -- Up-to-date: /home/reefranger/Desktop/ReefRanger/robot/robot/install/godown_interface/share/godown_interface/cmake/godown_interface__rosidl_typesupport_cExport-noconfig.cmake
[1.660s] -- Up-to-date: /home/reefranger/Desktop/ReefRanger/robot/robot/install/godown_interface/share/godown_interface/cmake/export_godown_interface__rosidl_generator_cppExport.cmake
[1.660s] -- Up-to-date: /home/reefranger/Desktop/ReefRanger/robot/robot/install/godown_interface/share/godown_interface/cmake/export_godown_interface__rosidl_typesupport_fastrtps_cppExport.cmake
[1.661s] -- Up-to-date: /home/reefranger/Desktop/ReefRanger/robot/robot/install/godown_interface/share/godown_interface/cmake/export_godown_interface__rosidl_typesupport_fastrtps_cppExport-noconfig.cmake
[1.661s] -- Up-to-date: /home/reefranger/Desktop/ReefRanger/robot/robot/install/godown_interface/share/godown_interface/cmake/godown_interface__rosidl_typesupport_introspection_cppExport.cmake
[1.661s] -- Up-to-date: /home/reefranger/Desktop/ReefRanger/robot/robot/install/godown_interface/share/godown_interface/cmake/godown_interface__rosidl_typesupport_introspection_cppExport-noconfig.cmake
[1.662s] -- Up-to-date: /home/reefranger/Desktop/ReefRanger/robot/robot/install/godown_interface/share/godown_interface/cmake/godown_interface__rosidl_typesupport_cppExport.cmake
[1.663s] -- Up-to-date: /home/reefranger/Desktop/ReefRanger/robot/robot/install/godown_interface/share/godown_interface/cmake/godown_interface__rosidl_typesupport_cppExport-noconfig.cmake
[1.665s] -- Up-to-date: /home/reefranger/Desktop/ReefRanger/robot/robot/install/godown_interface/share/godown_interface/cmake/export_godown_interface__rosidl_generator_pyExport.cmake
[1.665s] -- Up-to-date: /home/reefranger/Desktop/ReefRanger/robot/robot/install/godown_interface/share/godown_interface/cmake/export_godown_interface__rosidl_generator_pyExport-noconfig.cmake
[1.665s] -- Up-to-date: /home/reefranger/Desktop/ReefRanger/robot/robot/install/godown_interface/share/godown_interface/cmake/rosidl_cmake-extras.cmake
[1.665s] -- Up-to-date: /home/reefranger/Desktop/ReefRanger/robot/robot/install/godown_interface/share/godown_interface/cmake/ament_cmake_export_dependencies-extras.cmake
[1.665s] -- Up-to-date: /home/reefranger/Desktop/ReefRanger/robot/robot/install/godown_interface/share/godown_interface/cmake/ament_cmake_export_include_directories-extras.cmake
[1.665s] -- Up-to-date: /home/reefranger/Desktop/ReefRanger/robot/robot/install/godown_interface/share/godown_interface/cmake/ament_cmake_export_libraries-extras.cmake
[1.666s] -- Up-to-date: /home/reefranger/Desktop/ReefRanger/robot/robot/install/godown_interface/share/godown_interface/cmake/ament_cmake_export_targets-extras.cmake
[1.666s] -- Up-to-date: /home/reefranger/Desktop/ReefRanger/robot/robot/install/godown_interface/share/godown_interface/cmake/rosidl_cmake_export_typesupport_targets-extras.cmake
[1.667s] -- Up-to-date: /home/reefranger/Desktop/ReefRanger/robot/robot/install/godown_interface/share/godown_interface/cmake/rosidl_cmake_export_typesupport_libraries-extras.cmake
[1.667s] -- Up-to-date: /home/reefranger/Desktop/ReefRanger/robot/robot/install/godown_interface/share/godown_interface/cmake/godown_interfaceConfig.cmake
[1.668s] -- Up-to-date: /home/reefranger/Desktop/ReefRanger/robot/robot/install/godown_interface/share/godown_interface/cmake/godown_interfaceConfig-version.cmake
[1.668s] -- Up-to-date: /home/reefranger/Desktop/ReefRanger/robot/robot/install/godown_interface/share/godown_interface/package.xml
[1.677s] Invoked command in '/home/reefranger/Desktop/ReefRanger/robot/robot/build/godown_interface' returned '0': CMAKE_PREFIX_PATH=/opt/ros/humble /usr/bin/cmake --install /home/reefranger/Desktop/ReefRanger/robot/robot/build/godown_interface
