[2.258s] Invoking command in '/home/reefranger/Desktop/ReefRanger/robot/robot/src/occupancy_grid': PYTHONPATH=/home/reefranger/Desktop/ReefRanger/robot/robot/build/occupancy_grid/prefix_override:/usr/lib/python3/dist-packages/colcon_core/task/python/colcon_distutils_commands:/home/reefranger/Desktop/ReefRanger/robot/robot/install/occupancy_grid/lib/python3.10/site-packages:${PYTHONPATH} /usr/bin/python3 -W ignore:setup.py install is deprecated setup.py egg_info --egg-base ../../build/occupancy_grid build --build-base /home/reefranger/Desktop/ReefRanger/robot/robot/build/occupancy_grid/build install --record /home/reefranger/Desktop/ReefRanger/robot/robot/build/occupancy_grid/install.log --single-version-externally-managed install_data
[2.764s] running egg_info
[2.795s] creating ../../build/occupancy_grid/occupancy_grid.egg-info
[2.795s] writing ../../build/occupancy_grid/occupancy_grid.egg-info/PKG-INFO
[2.795s] writing dependency_links to ../../build/occupancy_grid/occupancy_grid.egg-info/dependency_links.txt
[2.795s] writing entry points to ../../build/occupancy_grid/occupancy_grid.egg-info/entry_points.txt
[2.796s] writing requirements to ../../build/occupancy_grid/occupancy_grid.egg-info/requires.txt
[2.799s] writing top-level names to ../../build/occupancy_grid/occupancy_grid.egg-info/top_level.txt
[2.799s] writing manifest file '../../build/occupancy_grid/occupancy_grid.egg-info/SOURCES.txt'
[2.858s] reading manifest file '../../build/occupancy_grid/occupancy_grid.egg-info/SOURCES.txt'
[2.860s] writing manifest file '../../build/occupancy_grid/occupancy_grid.egg-info/SOURCES.txt'
[2.860s] running build
[2.860s] running build_py
[2.860s] creating /home/reefranger/Desktop/ReefRanger/robot/robot/build/occupancy_grid/build/lib/occupancy_grid
[2.861s] copying occupancy_grid/occupancy_grid12.py -> /home/reefranger/Desktop/ReefRanger/robot/robot/build/occupancy_grid/build/lib/occupancy_grid
[2.861s] copying occupancy_grid/own_grid.py -> /home/reefranger/Desktop/ReefRanger/robot/robot/build/occupancy_grid/build/lib/occupancy_grid
[2.861s] copying occupancy_grid/reset_cloudpoints.py -> /home/reefranger/Desktop/ReefRanger/robot/robot/build/occupancy_grid/build/lib/occupancy_grid
[2.862s] copying occupancy_grid/occupancy_grid.py -> /home/reefranger/Desktop/ReefRanger/robot/robot/build/occupancy_grid/build/lib/occupancy_grid
[2.862s] copying occupancy_grid/occupancy_grid_old.py -> /home/reefranger/Desktop/ReefRanger/robot/robot/build/occupancy_grid/build/lib/occupancy_grid
[2.862s] copying occupancy_grid/occupancy_grid_no.py -> /home/reefranger/Desktop/ReefRanger/robot/robot/build/occupancy_grid/build/lib/occupancy_grid
[2.862s] copying occupancy_grid/__init__.py -> /home/reefranger/Desktop/ReefRanger/robot/robot/build/occupancy_grid/build/lib/occupancy_grid
[2.863s] running install
[2.870s] running install_lib
[2.912s] creating /home/reefranger/Desktop/ReefRanger/robot/robot/install/occupancy_grid/lib/python3.10/site-packages/occupancy_grid
[2.912s] copying /home/reefranger/Desktop/ReefRanger/robot/robot/build/occupancy_grid/build/lib/occupancy_grid/occupancy_grid12.py -> /home/reefranger/Desktop/ReefRanger/robot/robot/install/occupancy_grid/lib/python3.10/site-packages/occupancy_grid
[2.912s] copying /home/reefranger/Desktop/ReefRanger/robot/robot/build/occupancy_grid/build/lib/occupancy_grid/own_grid.py -> /home/reefranger/Desktop/ReefRanger/robot/robot/install/occupancy_grid/lib/python3.10/site-packages/occupancy_grid
[2.912s] copying /home/reefranger/Desktop/ReefRanger/robot/robot/build/occupancy_grid/build/lib/occupancy_grid/reset_cloudpoints.py -> /home/reefranger/Desktop/ReefRanger/robot/robot/install/occupancy_grid/lib/python3.10/site-packages/occupancy_grid
[2.913s] copying /home/reefranger/Desktop/ReefRanger/robot/robot/build/occupancy_grid/build/lib/occupancy_grid/occupancy_grid.py -> /home/reefranger/Desktop/ReefRanger/robot/robot/install/occupancy_grid/lib/python3.10/site-packages/occupancy_grid
[2.916s] copying /home/reefranger/Desktop/ReefRanger/robot/robot/build/occupancy_grid/build/lib/occupancy_grid/occupancy_grid_old.py -> /home/reefranger/Desktop/ReefRanger/robot/robot/install/occupancy_grid/lib/python3.10/site-packages/occupancy_grid
[2.916s] copying /home/reefranger/Desktop/ReefRanger/robot/robot/build/occupancy_grid/build/lib/occupancy_grid/occupancy_grid_no.py -> /home/reefranger/Desktop/ReefRanger/robot/robot/install/occupancy_grid/lib/python3.10/site-packages/occupancy_grid
[2.916s] copying /home/reefranger/Desktop/ReefRanger/robot/robot/build/occupancy_grid/build/lib/occupancy_grid/__init__.py -> /home/reefranger/Desktop/ReefRanger/robot/robot/install/occupancy_grid/lib/python3.10/site-packages/occupancy_grid
[2.916s] byte-compiling /home/reefranger/Desktop/ReefRanger/robot/robot/install/occupancy_grid/lib/python3.10/site-packages/occupancy_grid/occupancy_grid12.py to occupancy_grid12.cpython-310.pyc
[2.916s] byte-compiling /home/reefranger/Desktop/ReefRanger/robot/robot/install/occupancy_grid/lib/python3.10/site-packages/occupancy_grid/own_grid.py to own_grid.cpython-310.pyc
[2.917s] byte-compiling /home/reefranger/Desktop/ReefRanger/robot/robot/install/occupancy_grid/lib/python3.10/site-packages/occupancy_grid/reset_cloudpoints.py to reset_cloudpoints.cpython-310.pyc
[2.917s] byte-compiling /home/reefranger/Desktop/ReefRanger/robot/robot/install/occupancy_grid/lib/python3.10/site-packages/occupancy_grid/occupancy_grid.py to occupancy_grid.cpython-310.pyc
[2.919s] byte-compiling /home/reefranger/Desktop/ReefRanger/robot/robot/install/occupancy_grid/lib/python3.10/site-packages/occupancy_grid/occupancy_grid_old.py to occupancy_grid_old.cpython-310.pyc
[2.920s] byte-compiling /home/reefranger/Desktop/ReefRanger/robot/robot/install/occupancy_grid/lib/python3.10/site-packages/occupancy_grid/occupancy_grid_no.py to occupancy_grid_no.cpython-310.pyc
[2.921s] byte-compiling /home/reefranger/Desktop/ReefRanger/robot/robot/install/occupancy_grid/lib/python3.10/site-packages/occupancy_grid/__init__.py to __init__.cpython-310.pyc
[2.921s] running install_data
[2.921s] creating /home/reefranger/Desktop/ReefRanger/robot/robot/install/occupancy_grid/share/ament_index/resource_index/packages
[2.921s] copying resource/occupancy_grid -> /home/reefranger/Desktop/ReefRanger/robot/robot/install/occupancy_grid/share/ament_index/resource_index/packages
[2.922s] copying package.xml -> /home/reefranger/Desktop/ReefRanger/robot/robot/install/occupancy_grid/share/occupancy_grid
[2.922s] creating /home/reefranger/Desktop/ReefRanger/robot/robot/install/occupancy_grid/share/occupancy_grid/launch
[2.922s] copying launch/slam.launch.py -> /home/reefranger/Desktop/ReefRanger/robot/robot/install/occupancy_grid/share/occupancy_grid/launch
[2.922s] running install_egg_info
[2.956s] Copying ../../build/occupancy_grid/occupancy_grid.egg-info to /home/reefranger/Desktop/ReefRanger/robot/robot/install/occupancy_grid/lib/python3.10/site-packages/occupancy_grid-0.0.0-py3.10.egg-info
[2.957s] running install_scripts
[3.183s] Installing occupancy_grid script to /home/reefranger/Desktop/ReefRanger/robot/robot/install/occupancy_grid/lib/occupancy_grid
[3.183s] Installing own_grid script to /home/reefranger/Desktop/ReefRanger/robot/robot/install/occupancy_grid/lib/occupancy_grid
[3.183s] Installing reset_cloudpoints script to /home/reefranger/Desktop/ReefRanger/robot/robot/install/occupancy_grid/lib/occupancy_grid
[3.183s] writing list of installed files to '/home/reefranger/Desktop/ReefRanger/robot/robot/build/occupancy_grid/install.log'
[3.208s] Invoked command in '/home/reefranger/Desktop/ReefRanger/robot/robot/src/occupancy_grid' returned '0': PYTHONPATH=/home/reefranger/Desktop/ReefRanger/robot/robot/build/occupancy_grid/prefix_override:/usr/lib/python3/dist-packages/colcon_core/task/python/colcon_distutils_commands:/home/reefranger/Desktop/ReefRanger/robot/robot/install/occupancy_grid/lib/python3.10/site-packages:${PYTHONPATH} /usr/bin/python3 -W ignore:setup.py install is deprecated setup.py egg_info --egg-base ../../build/occupancy_grid build --build-base /home/reefranger/Desktop/ReefRanger/robot/robot/build/occupancy_grid/build install --record /home/reefranger/Desktop/ReefRanger/robot/robot/build/occupancy_grid/install.log --single-version-externally-managed install_data
