running egg_info
creating ../../build/commander/commander.egg-info
writing ../../build/commander/commander.egg-info/PKG-INFO
writing dependency_links to ../../build/commander/commander.egg-info/dependency_links.txt
writing entry points to ../../build/commander/commander.egg-info/entry_points.txt
writing requirements to ../../build/commander/commander.egg-info/requires.txt
writing top-level names to ../../build/commander/commander.egg-info/top_level.txt
writing manifest file '../../build/commander/commander.egg-info/SOURCES.txt'
reading manifest file '../../build/commander/commander.egg-info/SOURCES.txt'
adding license file 'LICENSE'
writing manifest file '../../build/commander/commander.egg-info/SOURCES.txt'
running build
running build_py
creating /home/reefranger/Desktop/ReefRanger/robot/robot/build/commander/build/lib/commander
copying commander/commander copy.py -> /home/reefranger/Desktop/ReefRanger/robot/robot/build/commander/build/lib/commander
copying commander/commander.py -> /home/reefranger/Desktop/ReefRanger/robot/robot/build/commander/build/lib/commander
copying commander/__init__.py -> /home/reefranger/Desktop/ReefRanger/robot/robot/build/commander/build/lib/commander
running install
running install_lib
creating /home/reefranger/Desktop/ReefRanger/robot/robot/install/commander/lib/python3.10/site-packages/commander
copying /home/reefranger/Desktop/ReefRanger/robot/robot/build/commander/build/lib/commander/commander copy.py -> /home/reefranger/Desktop/ReefRanger/robot/robot/install/commander/lib/python3.10/site-packages/commander
copying /home/reefranger/Desktop/ReefRanger/robot/robot/build/commander/build/lib/commander/commander.py -> /home/reefranger/Desktop/ReefRanger/robot/robot/install/commander/lib/python3.10/site-packages/commander
copying /home/reefranger/Desktop/ReefRanger/robot/robot/build/commander/build/lib/commander/__init__.py -> /home/reefranger/Desktop/ReefRanger/robot/robot/install/commander/lib/python3.10/site-packages/commander
byte-compiling /home/reefranger/Desktop/ReefRanger/robot/robot/install/commander/lib/python3.10/site-packages/commander/commander copy.py to commander copy.cpython-310.pyc
byte-compiling /home/reefranger/Desktop/ReefRanger/robot/robot/install/commander/lib/python3.10/site-packages/commander/commander.py to commander.cpython-310.pyc
byte-compiling /home/reefranger/Desktop/ReefRanger/robot/robot/install/commander/lib/python3.10/site-packages/commander/__init__.py to __init__.cpython-310.pyc
running install_data
creating /home/reefranger/Desktop/ReefRanger/robot/robot/install/commander/share/ament_index/resource_index/packages
copying resource/commander -> /home/reefranger/Desktop/ReefRanger/robot/robot/install/commander/share/ament_index/resource_index/packages
copying package.xml -> /home/reefranger/Desktop/ReefRanger/robot/robot/install/commander/share/commander
running install_egg_info
Copying ../../build/commander/commander.egg-info to /home/reefranger/Desktop/ReefRanger/robot/robot/install/commander/lib/python3.10/site-packages/commander-0.0.0-py3.10.egg-info
running install_scripts
Installing commander script to /home/reefranger/Desktop/ReefRanger/robot/robot/install/commander/lib/commander
writing list of installed files to '/home/reefranger/Desktop/ReefRanger/robot/robot/build/commander/install.log'
