[1.403s] Invoking command in '/home/reefranger/Desktop/ReefRanger/robot/robot/src/navigate_path': PYTHONPATH=/home/reefranger/Desktop/ReefRanger/robot/robot/build/navigate_path/prefix_override:/usr/lib/python3/dist-packages/colcon_core/task/python/colcon_distutils_commands:/home/reefranger/Desktop/ReefRanger/robot/robot/install/navigate_path/lib/python3.10/site-packages:${PYTHONPATH} /usr/bin/python3 -W ignore:setup.py install is deprecated setup.py egg_info --egg-base ../../build/navigate_path build --build-base /home/reefranger/Desktop/ReefRanger/robot/robot/build/navigate_path/build install --record /home/reefranger/Desktop/ReefRanger/robot/robot/build/navigate_path/install.log --single-version-externally-managed install_data
[1.615s] running egg_info
[1.631s] writing ../../build/navigate_path/navigate_path.egg-info/PKG-INFO
[1.631s] writing dependency_links to ../../build/navigate_path/navigate_path.egg-info/dependency_links.txt
[1.632s] writing entry points to ../../build/navigate_path/navigate_path.egg-info/entry_points.txt
[1.632s] writing requirements to ../../build/navigate_path/navigate_path.egg-info/requires.txt
[1.632s] writing top-level names to ../../build/navigate_path/navigate_path.egg-info/top_level.txt
[1.663s] reading manifest file '../../build/navigate_path/navigate_path.egg-info/SOURCES.txt'
[1.663s] adding license file 'LICENSE'
[1.664s] writing manifest file '../../build/navigate_path/navigate_path.egg-info/SOURCES.txt'
[1.664s] running build
[1.664s] running build_py
[1.664s] copying navigate_path/navigate_path_old.py -> /home/reefranger/Desktop/ReefRanger/robot/robot/build/navigate_path/build/lib/navigate_path
[1.664s] copying navigate_path/navigate_path.py -> /home/reefranger/Desktop/ReefRanger/robot/robot/build/navigate_path/build/lib/navigate_path
[1.664s] copying navigate_path/__init__.py -> /home/reefranger/Desktop/ReefRanger/robot/robot/build/navigate_path/build/lib/navigate_path
[1.664s] running install
[1.667s] running install_lib
[1.683s] running install_data
[1.683s] copying resource/navigate_path -> /home/reefranger/Desktop/ReefRanger/robot/robot/install/navigate_path/share/ament_index/resource_index/packages
[1.684s] copying package.xml -> /home/reefranger/Desktop/ReefRanger/robot/robot/install/navigate_path/share/navigate_path
[1.684s] running install_egg_info
[1.699s] removing '/home/reefranger/Desktop/ReefRanger/robot/robot/install/navigate_path/lib/python3.10/site-packages/navigate_path-0.0.0-py3.10.egg-info' (and everything under it)
[1.699s] Copying ../../build/navigate_path/navigate_path.egg-info to /home/reefranger/Desktop/ReefRanger/robot/robot/install/navigate_path/lib/python3.10/site-packages/navigate_path-0.0.0-py3.10.egg-info
[1.700s] running install_scripts
[1.825s] Installing navigate_path script to /home/reefranger/Desktop/ReefRanger/robot/robot/install/navigate_path/lib/navigate_path
[1.826s] writing list of installed files to '/home/reefranger/Desktop/ReefRanger/robot/robot/build/navigate_path/install.log'
[2.228s] Invoked command in '/home/reefranger/Desktop/ReefRanger/robot/robot/src/navigate_path' returned '0': PYTHONPATH=/home/reefranger/Desktop/ReefRanger/robot/robot/build/navigate_path/prefix_override:/usr/lib/python3/dist-packages/colcon_core/task/python/colcon_distutils_commands:/home/reefranger/Desktop/ReefRanger/robot/robot/install/navigate_path/lib/python3.10/site-packages:${PYTHONPATH} /usr/bin/python3 -W ignore:setup.py install is deprecated setup.py egg_info --egg-base ../../build/navigate_path build --build-base /home/reefranger/Desktop/ReefRanger/robot/robot/build/navigate_path/build install --record /home/reefranger/Desktop/ReefRanger/robot/robot/build/navigate_path/install.log --single-version-externally-managed install_data
