[2.007s] Invoking command in '/home/reefranger/Desktop/ReefRanger/robot/robot/src/movetable': PYTHONPATH=/home/reefranger/Desktop/ReefRanger/robot/robot/build/movetable/prefix_override:/usr/lib/python3/dist-packages/colcon_core/task/python/colcon_distutils_commands:/home/reefranger/Desktop/ReefRanger/robot/robot/install/movetable/lib/python3.10/site-packages:${PYTHONPATH} /usr/bin/python3 -W ignore:setup.py install is deprecated setup.py egg_info --egg-base ../../build/movetable build --build-base /home/reefranger/Desktop/ReefRanger/robot/robot/build/movetable/build install --record /home/reefranger/Desktop/ReefRanger/robot/robot/build/movetable/install.log --single-version-externally-managed install_data
[2.231s] running egg_info
[2.249s] writing ../../build/movetable/movetable.egg-info/PKG-INFO
[2.249s] writing dependency_links to ../../build/movetable/movetable.egg-info/dependency_links.txt
[2.249s] writing entry points to ../../build/movetable/movetable.egg-info/entry_points.txt
[2.249s] writing requirements to ../../build/movetable/movetable.egg-info/requires.txt
[2.250s] writing top-level names to ../../build/movetable/movetable.egg-info/top_level.txt
[2.291s] reading manifest file '../../build/movetable/movetable.egg-info/SOURCES.txt'
[2.292s] writing manifest file '../../build/movetable/movetable.egg-info/SOURCES.txt'
[2.292s] running build
[2.292s] running build_py
[2.292s] copying movetable/movetable.py -> /home/reefranger/Desktop/ReefRanger/robot/robot/build/movetable/build/lib/movetable
[2.293s] copying movetable/__init__.py -> /home/reefranger/Desktop/ReefRanger/robot/robot/build/movetable/build/lib/movetable
[2.293s] running install
[2.297s] running install_lib
[2.317s] running install_data
[2.317s] copying resource/movetable -> /home/reefranger/Desktop/ReefRanger/robot/robot/install/movetable/share/ament_index/resource_index/packages
[2.317s] copying package.xml -> /home/reefranger/Desktop/ReefRanger/robot/robot/install/movetable/share/movetable
[2.317s] running install_egg_info
[2.337s] removing '/home/reefranger/Desktop/ReefRanger/robot/robot/install/movetable/lib/python3.10/site-packages/movetable-0.0.0-py3.10.egg-info' (and everything under it)
[2.338s] Copying ../../build/movetable/movetable.egg-info to /home/reefranger/Desktop/ReefRanger/robot/robot/install/movetable/lib/python3.10/site-packages/movetable-0.0.0-py3.10.egg-info
[2.338s] running install_scripts
[2.500s] Installing movetable script to /home/reefranger/Desktop/ReefRanger/robot/robot/install/movetable/lib/movetable
[2.500s] writing list of installed files to '/home/reefranger/Desktop/ReefRanger/robot/robot/build/movetable/install.log'
[2.977s] Invoked command in '/home/reefranger/Desktop/ReefRanger/robot/robot/src/movetable' returned '0': PYTHONPATH=/home/reefranger/Desktop/ReefRanger/robot/robot/build/movetable/prefix_override:/usr/lib/python3/dist-packages/colcon_core/task/python/colcon_distutils_commands:/home/reefranger/Desktop/ReefRanger/robot/robot/install/movetable/lib/python3.10/site-packages:${PYTHONPATH} /usr/bin/python3 -W ignore:setup.py install is deprecated setup.py egg_info --egg-base ../../build/movetable build --build-base /home/reefranger/Desktop/ReefRanger/robot/robot/build/movetable/build install --record /home/reefranger/Desktop/ReefRanger/robot/robot/build/movetable/install.log --single-version-externally-managed install_data
