[2.172s] Invoking command in '/home/reefranger/Desktop/ReefRanger/robot/robot/src/imagepub': PYTHONPATH=/home/reefranger/Desktop/ReefRanger/robot/robot/build/imagepub/prefix_override:/usr/lib/python3/dist-packages/colcon_core/task/python/colcon_distutils_commands:/home/reefranger/Desktop/ReefRanger/robot/robot/install/imagepub/lib/python3.10/site-packages:${PYTHONPATH} /usr/bin/python3 -W ignore:setup.py install is deprecated setup.py egg_info --egg-base ../../build/imagepub build --build-base /home/reefranger/Desktop/ReefRanger/robot/robot/build/imagepub/build install --record /home/reefranger/Desktop/ReefRanger/robot/robot/build/imagepub/install.log --single-version-externally-managed install_data
[2.544s] running egg_info
[2.575s] writing ../../build/imagepub/imagepub.egg-info/PKG-INFO
[2.576s] writing dependency_links to ../../build/imagepub/imagepub.egg-info/dependency_links.txt
[2.576s] writing entry points to ../../build/imagepub/imagepub.egg-info/entry_points.txt
[2.576s] writing requirements to ../../build/imagepub/imagepub.egg-info/requires.txt
[2.577s] writing top-level names to ../../build/imagepub/imagepub.egg-info/top_level.txt
[2.643s] reading manifest file '../../build/imagepub/imagepub.egg-info/SOURCES.txt'
[2.643s] adding license file 'LICENSE'
[2.646s] writing manifest file '../../build/imagepub/imagepub.egg-info/SOURCES.txt'
[2.646s] running build
[2.646s] running build_py
[2.646s] copying imagepub/imagepub.py -> /home/reefranger/Desktop/ReefRanger/robot/robot/build/imagepub/build/lib/imagepub
[2.646s] copying imagepub/imagepub_old.py -> /home/reefranger/Desktop/ReefRanger/robot/robot/build/imagepub/build/lib/imagepub
[2.646s] copying imagepub/__init__.py -> /home/reefranger/Desktop/ReefRanger/robot/robot/build/imagepub/build/lib/imagepub
[2.647s] running install
[2.656s] running install_lib
[2.683s] running install_data
[2.683s] copying resource/imagepub -> /home/reefranger/Desktop/ReefRanger/robot/robot/install/imagepub/share/ament_index/resource_index/packages
[2.686s] copying package.xml -> /home/reefranger/Desktop/ReefRanger/robot/robot/install/imagepub/share/imagepub
[2.686s] running install_egg_info
[2.718s] removing '/home/reefranger/Desktop/ReefRanger/robot/robot/install/imagepub/lib/python3.10/site-packages/imagepub-0.0.0-py3.10.egg-info' (and everything under it)
[2.718s] Copying ../../build/imagepub/imagepub.egg-info to /home/reefranger/Desktop/ReefRanger/robot/robot/install/imagepub/lib/python3.10/site-packages/imagepub-0.0.0-py3.10.egg-info
[2.719s] running install_scripts
[2.942s] Installing imagepub script to /home/reefranger/Desktop/ReefRanger/robot/robot/install/imagepub/lib/imagepub
[2.942s] writing list of installed files to '/home/reefranger/Desktop/ReefRanger/robot/robot/build/imagepub/install.log'
[3.017s] Invoked command in '/home/reefranger/Desktop/ReefRanger/robot/robot/src/imagepub' returned '0': PYTHONPATH=/home/reefranger/Desktop/ReefRanger/robot/robot/build/imagepub/prefix_override:/usr/lib/python3/dist-packages/colcon_core/task/python/colcon_distutils_commands:/home/reefranger/Desktop/ReefRanger/robot/robot/install/imagepub/lib/python3.10/site-packages:${PYTHONPATH} /usr/bin/python3 -W ignore:setup.py install is deprecated setup.py egg_info --egg-base ../../build/imagepub build --build-base /home/reefranger/Desktop/ReefRanger/robot/robot/build/imagepub/build install --record /home/reefranger/Desktop/ReefRanger/robot/robot/build/imagepub/install.log --single-version-externally-managed install_data
