/home/reefranger/.local/lib/python3.10/site-packages/setuptools/_distutils/dist.py:261: UserWarning: Unknown distribution option: 'tests_require'
  warnings.warn(msg)
running egg_info
writing ../../build/navigate_path/navigate_path.egg-info/PKG-INFO
writing dependency_links to ../../build/navigate_path/navigate_path.egg-info/dependency_links.txt
writing entry points to ../../build/navigate_path/navigate_path.egg-info/entry_points.txt
writing requirements to ../../build/navigate_path/navigate_path.egg-info/requires.txt
writing top-level names to ../../build/navigate_path/navigate_path.egg-info/top_level.txt
reading manifest file '../../build/navigate_path/navigate_path.egg-info/SOURCES.txt'
adding license file 'LICENSE'
writing manifest file '../../build/navigate_path/navigate_path.egg-info/SOURCES.txt'
running build
running build_py
copying navigate_path/navigate_path_old.py -> /home/reefranger/Desktop/ReefRanger/robot/robot/build/navigate_path/build/lib/navigate_path
copying navigate_path/navigate_path.py -> /home/reefranger/Desktop/ReefRanger/robot/robot/build/navigate_path/build/lib/navigate_path
copying navigate_path/__init__.py -> /home/reefranger/Desktop/ReefRanger/robot/robot/build/navigate_path/build/lib/navigate_path
running install
running install_lib
running install_data
copying resource/navigate_path -> /home/reefranger/Desktop/ReefRanger/robot/robot/install/navigate_path/share/ament_index/resource_index/packages
copying package.xml -> /home/reefranger/Desktop/ReefRanger/robot/robot/install/navigate_path/share/navigate_path
running install_egg_info
removing '/home/reefranger/Desktop/ReefRanger/robot/robot/install/navigate_path/lib/python3.10/site-packages/navigate_path-0.0.0-py3.10.egg-info' (and everything under it)
Copying ../../build/navigate_path/navigate_path.egg-info to /home/reefranger/Desktop/ReefRanger/robot/robot/install/navigate_path/lib/python3.10/site-packages/navigate_path-0.0.0-py3.10.egg-info
running install_scripts
Installing navigate_path script to /home/reefranger/Desktop/ReefRanger/robot/robot/install/navigate_path/lib/navigate_path
writing list of installed files to '/home/reefranger/Desktop/ReefRanger/robot/robot/build/navigate_path/install.log'
