[2.195s] Invoking command in '/home/reefranger/Desktop/ReefRanger/robot/robot/src/state_machine': PYTHONPATH=/home/reefranger/Desktop/ReefRanger/robot/robot/build/state_machine/prefix_override:/usr/lib/python3/dist-packages/colcon_core/task/python/colcon_distutils_commands:/home/reefranger/Desktop/ReefRanger/robot/robot/install/state_machine/lib/python3.10/site-packages:${PYTHONPATH} /usr/bin/python3 -W ignore:setup.py install is deprecated setup.py egg_info --egg-base ../../build/state_machine build --build-base /home/reefranger/Desktop/ReefRanger/robot/robot/build/state_machine/build install --record /home/reefranger/Desktop/ReefRanger/robot/robot/build/state_machine/install.log --single-version-externally-managed install_data
[2.545s] /home/reefranger/.local/lib/python3.10/site-packages/setuptools/_distutils/dist.py:261: UserWarning: Unknown distribution option: 'tests_require'
[2.545s]   warnings.warn(msg)
[2.712s] running egg_info
[2.751s] creating ../../build/state_machine/state_machine.egg-info
[2.752s] writing ../../build/state_machine/state_machine.egg-info/PKG-INFO
[2.758s] writing dependency_links to ../../build/state_machine/state_machine.egg-info/dependency_links.txt
[2.758s] writing entry points to ../../build/state_machine/state_machine.egg-info/entry_points.txt
[2.758s] writing requirements to ../../build/state_machine/state_machine.egg-info/requires.txt
[2.758s] writing top-level names to ../../build/state_machine/state_machine.egg-info/top_level.txt
[2.758s] writing manifest file '../../build/state_machine/state_machine.egg-info/SOURCES.txt'
[2.841s] reading manifest file '../../build/state_machine/state_machine.egg-info/SOURCES.txt'
[2.841s] adding license file 'LICENSE'
[2.841s] writing manifest file '../../build/state_machine/state_machine.egg-info/SOURCES.txt'
[2.842s] running build
[2.842s] running build_py
[2.842s] creating /home/reefranger/Desktop/ReefRanger/robot/robot/build/state_machine/build/lib/state_machine
[2.843s] copying state_machine/state_machine.py -> /home/reefranger/Desktop/ReefRanger/robot/robot/build/state_machine/build/lib/state_machine
[2.843s] copying state_machine/__init__.py -> /home/reefranger/Desktop/ReefRanger/robot/robot/build/state_machine/build/lib/state_machine
[2.844s] running install
[2.851s] running install_lib
[2.887s] creating /home/reefranger/Desktop/ReefRanger/robot/robot/install/state_machine/lib/python3.10/site-packages/state_machine
[2.887s] copying /home/reefranger/Desktop/ReefRanger/robot/robot/build/state_machine/build/lib/state_machine/state_machine.py -> /home/reefranger/Desktop/ReefRanger/robot/robot/install/state_machine/lib/python3.10/site-packages/state_machine
[2.887s] copying /home/reefranger/Desktop/ReefRanger/robot/robot/build/state_machine/build/lib/state_machine/__init__.py -> /home/reefranger/Desktop/ReefRanger/robot/robot/install/state_machine/lib/python3.10/site-packages/state_machine
[2.888s] byte-compiling /home/reefranger/Desktop/ReefRanger/robot/robot/install/state_machine/lib/python3.10/site-packages/state_machine/state_machine.py to state_machine.cpython-310.pyc
[2.889s] byte-compiling /home/reefranger/Desktop/ReefRanger/robot/robot/install/state_machine/lib/python3.10/site-packages/state_machine/__init__.py to __init__.cpython-310.pyc
[2.890s] running install_data
[2.890s] creating /home/reefranger/Desktop/ReefRanger/robot/robot/install/state_machine/share/ament_index/resource_index/packages
[2.890s] copying resource/state_machine -> /home/reefranger/Desktop/ReefRanger/robot/robot/install/state_machine/share/ament_index/resource_index/packages
[2.891s] copying package.xml -> /home/reefranger/Desktop/ReefRanger/robot/robot/install/state_machine/share/state_machine
[2.891s] running install_egg_info
[2.928s] Copying ../../build/state_machine/state_machine.egg-info to /home/reefranger/Desktop/ReefRanger/robot/robot/install/state_machine/lib/python3.10/site-packages/state_machine-0.0.0-py3.10.egg-info
[2.929s] running install_scripts
[3.189s] Installing state_machine script to /home/reefranger/Desktop/ReefRanger/robot/robot/install/state_machine/lib/state_machine
[3.190s] writing list of installed files to '/home/reefranger/Desktop/ReefRanger/robot/robot/build/state_machine/install.log'
[3.219s] Invoked command in '/home/reefranger/Desktop/ReefRanger/robot/robot/src/state_machine' returned '0': PYTHONPATH=/home/reefranger/Desktop/ReefRanger/robot/robot/build/state_machine/prefix_override:/usr/lib/python3/dist-packages/colcon_core/task/python/colcon_distutils_commands:/home/reefranger/Desktop/ReefRanger/robot/robot/install/state_machine/lib/python3.10/site-packages:${PYTHONPATH} /usr/bin/python3 -W ignore:setup.py install is deprecated setup.py egg_info --egg-base ../../build/state_machine build --build-base /home/reefranger/Desktop/ReefRanger/robot/robot/build/state_machine/build install --record /home/reefranger/Desktop/ReefRanger/robot/robot/build/state_machine/install.log --single-version-externally-managed install_data
