running egg_info
writing ../../build/save_detect/save_detect.egg-info/PKG-INFO
writing dependency_links to ../../build/save_detect/save_detect.egg-info/dependency_links.txt
writing entry points to ../../build/save_detect/save_detect.egg-info/entry_points.txt
writing requirements to ../../build/save_detect/save_detect.egg-info/requires.txt
writing top-level names to ../../build/save_detect/save_detect.egg-info/top_level.txt
reading manifest file '../../build/save_detect/save_detect.egg-info/SOURCES.txt'
adding license file 'LICENSE'
writing manifest file '../../build/save_detect/save_detect.egg-info/SOURCES.txt'
running build
running build_py
copying save_detect/subscriber_detect.py -> /home/reefranger/Desktop/ReefRanger/robot/robot/build/save_detect/build/lib/save_detect
copying save_detect/save_detect (copy).py -> /home/reefranger/Desktop/ReefRanger/robot/robot/build/save_detect/build/lib/save_detect
copying save_detect/save_detect.py -> /home/reefranger/Desktop/ReefRanger/robot/robot/build/save_detect/build/lib/save_detect
copying save_detect/publisher_detect.py -> /home/reefranger/Desktop/ReefRanger/robot/robot/build/save_detect/build/lib/save_detect
copying save_detect/__init__.py -> /home/reefranger/Desktop/ReefRanger/robot/robot/build/save_detect/build/lib/save_detect
copying save_detect/save_detect_final.py -> /home/reefranger/Desktop/ReefRanger/robot/robot/build/save_detect/build/lib/save_detect
running install
running install_lib
copying /home/reefranger/Desktop/ReefRanger/robot/robot/build/save_detect/build/lib/save_detect/publisher_detect.py -> /home/reefranger/Desktop/ReefRanger/robot/robot/install/save_detect/lib/python3.10/site-packages/save_detect
byte-compiling /home/reefranger/Desktop/ReefRanger/robot/robot/install/save_detect/lib/python3.10/site-packages/save_detect/publisher_detect.py to publisher_detect.cpython-310.pyc
running install_data
copying resource/save_detect -> /home/reefranger/Desktop/ReefRanger/robot/robot/install/save_detect/share/ament_index/resource_index/packages
copying package.xml -> /home/reefranger/Desktop/ReefRanger/robot/robot/install/save_detect/share/save_detect
running install_egg_info
removing '/home/reefranger/Desktop/ReefRanger/robot/robot/install/save_detect/lib/python3.10/site-packages/save_detect-0.0.0-py3.10.egg-info' (and everything under it)
Copying ../../build/save_detect/save_detect.egg-info to /home/reefranger/Desktop/ReefRanger/robot/robot/install/save_detect/lib/python3.10/site-packages/save_detect-0.0.0-py3.10.egg-info
running install_scripts
Installing save_detect script to /home/reefranger/Desktop/ReefRanger/robot/robot/install/save_detect/lib/save_detect
writing list of installed files to '/home/reefranger/Desktop/ReefRanger/robot/robot/build/save_detect/install.log'
