[1.412s] Invoking command in '/home/reefranger/Desktop/ReefRanger/robot/robot/src/save_detect': PYTHONPATH=/home/reefranger/Desktop/ReefRanger/robot/robot/build/save_detect/prefix_override:/usr/lib/python3/dist-packages/colcon_core/task/python/colcon_distutils_commands:/home/reefranger/Desktop/ReefRanger/robot/robot/install/save_detect/lib/python3.10/site-packages:${PYTHONPATH} /usr/bin/python3 -W ignore:setup.py install is deprecated setup.py egg_info --egg-base ../../build/save_detect build --build-base /home/reefranger/Desktop/ReefRanger/robot/robot/build/save_detect/build install --record /home/reefranger/Desktop/ReefRanger/robot/robot/build/save_detect/install.log --single-version-externally-managed install_data
[1.650s] running egg_info
[1.665s] writing ../../build/save_detect/save_detect.egg-info/PKG-INFO
[1.666s] writing dependency_links to ../../build/save_detect/save_detect.egg-info/dependency_links.txt
[1.666s] writing entry points to ../../build/save_detect/save_detect.egg-info/entry_points.txt
[1.666s] writing requirements to ../../build/save_detect/save_detect.egg-info/requires.txt
[1.666s] writing top-level names to ../../build/save_detect/save_detect.egg-info/top_level.txt
[1.698s] reading manifest file '../../build/save_detect/save_detect.egg-info/SOURCES.txt'
[1.699s] adding license file 'LICENSE'
[1.699s] writing manifest file '../../build/save_detect/save_detect.egg-info/SOURCES.txt'
[1.700s] running build
[1.700s] running build_py
[1.700s] copying save_detect/subscriber_detect.py -> /home/reefranger/Desktop/ReefRanger/robot/robot/build/save_detect/build/lib/save_detect
[1.700s] copying save_detect/save_detect (copy).py -> /home/reefranger/Desktop/ReefRanger/robot/robot/build/save_detect/build/lib/save_detect
[1.700s] copying save_detect/save_detect.py -> /home/reefranger/Desktop/ReefRanger/robot/robot/build/save_detect/build/lib/save_detect
[1.700s] copying save_detect/publisher_detect.py -> /home/reefranger/Desktop/ReefRanger/robot/robot/build/save_detect/build/lib/save_detect
[1.700s] copying save_detect/__init__.py -> /home/reefranger/Desktop/ReefRanger/robot/robot/build/save_detect/build/lib/save_detect
[1.701s] copying save_detect/save_detect_final.py -> /home/reefranger/Desktop/ReefRanger/robot/robot/build/save_detect/build/lib/save_detect
[1.701s] running install
[1.704s] running install_lib
[1.720s] copying /home/reefranger/Desktop/ReefRanger/robot/robot/build/save_detect/build/lib/save_detect/publisher_detect.py -> /home/reefranger/Desktop/ReefRanger/robot/robot/install/save_detect/lib/python3.10/site-packages/save_detect
[1.721s] byte-compiling /home/reefranger/Desktop/ReefRanger/robot/robot/install/save_detect/lib/python3.10/site-packages/save_detect/publisher_detect.py to publisher_detect.cpython-310.pyc
[1.721s] running install_data
[1.721s] copying resource/save_detect -> /home/reefranger/Desktop/ReefRanger/robot/robot/install/save_detect/share/ament_index/resource_index/packages
[1.721s] copying package.xml -> /home/reefranger/Desktop/ReefRanger/robot/robot/install/save_detect/share/save_detect
[1.722s] running install_egg_info
[1.739s] removing '/home/reefranger/Desktop/ReefRanger/robot/robot/install/save_detect/lib/python3.10/site-packages/save_detect-0.0.0-py3.10.egg-info' (and everything under it)
[1.739s] Copying ../../build/save_detect/save_detect.egg-info to /home/reefranger/Desktop/ReefRanger/robot/robot/install/save_detect/lib/python3.10/site-packages/save_detect-0.0.0-py3.10.egg-info
[1.740s] running install_scripts
[1.873s] Installing save_detect script to /home/reefranger/Desktop/ReefRanger/robot/robot/install/save_detect/lib/save_detect
[1.873s] writing list of installed files to '/home/reefranger/Desktop/ReefRanger/robot/robot/build/save_detect/install.log'
[1.889s] Invoked command in '/home/reefranger/Desktop/ReefRanger/robot/robot/src/save_detect' returned '0': PYTHONPATH=/home/reefranger/Desktop/ReefRanger/robot/robot/build/save_detect/prefix_override:/usr/lib/python3/dist-packages/colcon_core/task/python/colcon_distutils_commands:/home/reefranger/Desktop/ReefRanger/robot/robot/install/save_detect/lib/python3.10/site-packages:${PYTHONPATH} /usr/bin/python3 -W ignore:setup.py install is deprecated setup.py egg_info --egg-base ../../build/save_detect build --build-base /home/reefranger/Desktop/ReefRanger/robot/robot/build/save_detect/build install --record /home/reefranger/Desktop/ReefRanger/robot/robot/build/save_detect/install.log --single-version-externally-managed install_data
