[2.496s] Invoking command in '/home/reefranger/Desktop/ReefRanger/robot/robot/src/commander': PYTHONPATH=/home/reefranger/Desktop/ReefRanger/robot/robot/build/commander/prefix_override:/usr/lib/python3/dist-packages/colcon_core/task/python/colcon_distutils_commands:/home/reefranger/Desktop/ReefRanger/robot/robot/install/commander/lib/python3.10/site-packages:${PYTHONPATH} /usr/bin/python3 -W ignore:setup.py install is deprecated setup.py egg_info --egg-base ../../build/commander build --build-base /home/reefranger/Desktop/ReefRanger/robot/robot/build/commander/build install --record /home/reefranger/Desktop/ReefRanger/robot/robot/build/commander/install.log --single-version-externally-managed install_data
[2.926s] running egg_info
[2.958s] writing ../../build/commander/commander.egg-info/PKG-INFO
[2.959s] writing dependency_links to ../../build/commander/commander.egg-info/dependency_links.txt
[2.959s] writing entry points to ../../build/commander/commander.egg-info/entry_points.txt
[2.960s] writing requirements to ../../build/commander/commander.egg-info/requires.txt
[2.961s] writing top-level names to ../../build/commander/commander.egg-info/top_level.txt
[3.042s] reading manifest file '../../build/commander/commander.egg-info/SOURCES.txt'
[3.042s] adding license file 'LICENSE'
[3.042s] writing manifest file '../../build/commander/commander.egg-info/SOURCES.txt'
[3.042s] running build
[3.042s] running build_py
[3.042s] copying commander/commander copy.py -> /home/reefranger/Desktop/ReefRanger/robot/robot/build/commander/build/lib/commander
[3.042s] copying commander/commander.py -> /home/reefranger/Desktop/ReefRanger/robot/robot/build/commander/build/lib/commander
[3.042s] copying commander/__init__.py -> /home/reefranger/Desktop/ReefRanger/robot/robot/build/commander/build/lib/commander
[3.042s] running install
[3.044s] running install_lib
[3.078s] running install_data
[3.079s] copying resource/commander -> /home/reefranger/Desktop/ReefRanger/robot/robot/install/commander/share/ament_index/resource_index/packages
[3.079s] copying package.xml -> /home/reefranger/Desktop/ReefRanger/robot/robot/install/commander/share/commander
[3.079s] running install_egg_info
[3.115s] removing '/home/reefranger/Desktop/ReefRanger/robot/robot/install/commander/lib/python3.10/site-packages/commander-0.0.0-py3.10.egg-info' (and everything under it)
[3.116s] Copying ../../build/commander/commander.egg-info to /home/reefranger/Desktop/ReefRanger/robot/robot/install/commander/lib/python3.10/site-packages/commander-0.0.0-py3.10.egg-info
[3.117s] running install_scripts
[3.423s] Installing commander script to /home/reefranger/Desktop/ReefRanger/robot/robot/install/commander/lib/commander
[3.423s] writing list of installed files to '/home/reefranger/Desktop/ReefRanger/robot/robot/build/commander/install.log'
[3.668s] Invoked command in '/home/reefranger/Desktop/ReefRanger/robot/robot/src/commander' returned '0': PYTHONPATH=/home/reefranger/Desktop/ReefRanger/robot/robot/build/commander/prefix_override:/usr/lib/python3/dist-packages/colcon_core/task/python/colcon_distutils_commands:/home/reefranger/Desktop/ReefRanger/robot/robot/install/commander/lib/python3.10/site-packages:${PYTHONPATH} /usr/bin/python3 -W ignore:setup.py install is deprecated setup.py egg_info --egg-base ../../build/commander build --build-base /home/reefranger/Desktop/ReefRanger/robot/robot/build/commander/build install --record /home/reefranger/Desktop/ReefRanger/robot/robot/build/commander/install.log --single-version-externally-managed install_data
