[  3%] Built target gototable_interface__cpp
[ 12%] Built target gototable_interface__rosidl_generator_c
[ 12%] Built target ament_cmake_python_copy_gototable_interface
[ 22%] Built target gototable_interface__rosidl_typesupport_introspection_cpp
[ 32%] Built target gototable_interface__rosidl_typesupport_cpp
[ 41%] Built target gototable_interface__rosidl_typesupport_fastrtps_cpp
[ 51%] Built target gototable_interface__rosidl_typesupport_c
[ 61%] Built target gototable_interface__rosidl_typesupport_fastrtps_c
[ 70%] Built target gototable_interface__rosidl_typesupport_introspection_c
[ 70%] Built target gototable_interface
[ 74%] Built target gototable_interface__py
[ 80%] Built target gototable_interface__rosidl_generator_py
[100%] Built target gototable_interface__rosidl_typesupport_fastrtps_c__pyext
[100%] Built target gototable_interface__rosidl_typesupport_c__pyext
[100%] Built target gototable_interface__rosidl_typesupport_introspection_c__pyext
running egg_info
writing gototable_interface.egg-info/PKG-INFO
writing dependency_links to gototable_interface.egg-info/dependency_links.txt
writing top-level names to gototable_interface.egg-info/top_level.txt
reading manifest file 'gototable_interface.egg-info/SOURCES.txt'
writing manifest file 'gototable_interface.egg-info/SOURCES.txt'
[100%] Built target ament_cmake_python_build_gototable_interface_egg
-- Install configuration: ""
-- Up-to-date: /home/reefranger/Desktop/ReefRanger/robot/robot/install/gototable_interface/share/ament_index/resource_index/rosidl_interfaces/gototable_interface
-- Up-to-date: /home/reefranger/Desktop/ReefRanger/robot/robot/install/gototable_interface/include/gototable_interface/gototable_interface
-- Up-to-date: /home/reefranger/Desktop/ReefRanger/robot/robot/install/gototable_interface/include/gototable_interface/gototable_interface/msg
-- Up-to-date: /home/reefranger/Desktop/ReefRanger/robot/robot/install/gototable_interface/include/gototable_interface/gototable_interface/msg/rosidl_generator_c__visibility_control.h
-- Up-to-date: /home/reefranger/Desktop/ReefRanger/robot/robot/install/gototable_interface/include/gototable_interface/gototable_interface/action
-- Up-to-date: /home/reefranger/Desktop/ReefRanger/robot/robot/install/gototable_interface/include/gototable_interface/gototable_interface/action/detail
-- Up-to-date: /home/reefranger/Desktop/ReefRanger/robot/robot/install/gototable_interface/include/gototable_interface/gototable_interface/action/detail/go_table__type_support.h
-- Up-to-date: /home/reefranger/Desktop/ReefRanger/robot/robot/install/gototable_interface/include/gototable_interface/gototable_interface/action/detail/go_table__functions.h
-- Up-to-date: /home/reefranger/Desktop/ReefRanger/robot/robot/install/gototable_interface/include/gototable_interface/gototable_interface/action/detail/go_table__functions.c
-- Up-to-date: /home/reefranger/Desktop/ReefRanger/robot/robot/install/gototable_interface/include/gototable_interface/gototable_interface/action/detail/go_table__struct.h
-- Up-to-date: /home/reefranger/Desktop/ReefRanger/robot/robot/install/gototable_interface/include/gototable_interface/gototable_interface/action/go_table.h
-- Up-to-date: /home/reefranger/Desktop/ReefRanger/robot/robot/install/gototable_interface/share/gototable_interface/environment/library_path.sh
-- Up-to-date: /home/reefranger/Desktop/ReefRanger/robot/robot/install/gototable_interface/share/gototable_interface/environment/library_path.dsv
-- Up-to-date: /home/reefranger/Desktop/ReefRanger/robot/robot/install/gototable_interface/lib/libgototable_interface__rosidl_generator_c.so
-- Up-to-date: /home/reefranger/Desktop/ReefRanger/robot/robot/install/gototable_interface/include/gototable_interface/gototable_interface
-- Up-to-date: /home/reefranger/Desktop/ReefRanger/robot/robot/install/gototable_interface/include/gototable_interface/gototable_interface/msg
-- Up-to-date: /home/reefranger/Desktop/ReefRanger/robot/robot/install/gototable_interface/include/gototable_interface/gototable_interface/msg/rosidl_typesupport_fastrtps_c__visibility_control.h
-- Up-to-date: /home/reefranger/Desktop/ReefRanger/robot/robot/install/gototable_interface/include/gototable_interface/gototable_interface/action
-- Up-to-date: /home/reefranger/Desktop/ReefRanger/robot/robot/install/gototable_interface/include/gototable_interface/gototable_interface/action/detail
-- Up-to-date: /home/reefranger/Desktop/ReefRanger/robot/robot/install/gototable_interface/include/gototable_interface/gototable_interface/action/detail/go_table__rosidl_typesupport_fastrtps_c.h
-- Up-to-date: /home/reefranger/Desktop/ReefRanger/robot/robot/install/gototable_interface/lib/libgototable_interface__rosidl_typesupport_fastrtps_c.so
-- Up-to-date: /home/reefranger/Desktop/ReefRanger/robot/robot/install/gototable_interface/include/gototable_interface/gototable_interface
-- Up-to-date: /home/reefranger/Desktop/ReefRanger/robot/robot/install/gototable_interface/include/gototable_interface/gototable_interface/msg
-- Up-to-date: /home/reefranger/Desktop/ReefRanger/robot/robot/install/gototable_interface/include/gototable_interface/gototable_interface/msg/rosidl_typesupport_introspection_c__visibility_control.h
-- Up-to-date: /home/reefranger/Desktop/ReefRanger/robot/robot/install/gototable_interface/include/gototable_interface/gototable_interface/action
-- Up-to-date: /home/reefranger/Desktop/ReefRanger/robot/robot/install/gototable_interface/include/gototable_interface/gototable_interface/action/detail
-- Up-to-date: /home/reefranger/Desktop/ReefRanger/robot/robot/install/gototable_interface/include/gototable_interface/gototable_interface/action/detail/go_table__type_support.c
-- Up-to-date: /home/reefranger/Desktop/ReefRanger/robot/robot/install/gototable_interface/include/gototable_interface/gototable_interface/action/detail/go_table__rosidl_typesupport_introspection_c.h
-- Up-to-date: /home/reefranger/Desktop/ReefRanger/robot/robot/install/gototable_interface/lib/libgototable_interface__rosidl_typesupport_introspection_c.so
-- Up-to-date: /home/reefranger/Desktop/ReefRanger/robot/robot/install/gototable_interface/lib/libgototable_interface__rosidl_typesupport_c.so
-- Up-to-date: /home/reefranger/Desktop/ReefRanger/robot/robot/install/gototable_interface/include/gototable_interface/gototable_interface
-- Up-to-date: /home/reefranger/Desktop/ReefRanger/robot/robot/install/gototable_interface/include/gototable_interface/gototable_interface/action
-- Up-to-date: /home/reefranger/Desktop/ReefRanger/robot/robot/install/gototable_interface/include/gototable_interface/gototable_interface/action/detail
-- Up-to-date: /home/reefranger/Desktop/ReefRanger/robot/robot/install/gototable_interface/include/gototable_interface/gototable_interface/action/detail/go_table__builder.hpp
-- Up-to-date: /home/reefranger/Desktop/ReefRanger/robot/robot/install/gototable_interface/include/gototable_interface/gototable_interface/action/detail/go_table__struct.hpp
-- Up-to-date: /home/reefranger/Desktop/ReefRanger/robot/robot/install/gototable_interface/include/gototable_interface/gototable_interface/action/detail/go_table__traits.hpp
-- Up-to-date: /home/reefranger/Desktop/ReefRanger/robot/robot/install/gototable_interface/include/gototable_interface/gototable_interface/action/go_table.hpp
-- Up-to-date: /home/reefranger/Desktop/ReefRanger/robot/robot/install/gototable_interface/include/gototable_interface/gototable_interface
-- Up-to-date: /home/reefranger/Desktop/ReefRanger/robot/robot/install/gototable_interface/include/gototable_interface/gototable_interface/msg
-- Up-to-date: /home/reefranger/Desktop/ReefRanger/robot/robot/install/gototable_interface/include/gototable_interface/gototable_interface/msg/rosidl_typesupport_fastrtps_cpp__visibility_control.h
-- Up-to-date: /home/reefranger/Desktop/ReefRanger/robot/robot/install/gototable_interface/include/gototable_interface/gototable_interface/action
-- Up-to-date: /home/reefranger/Desktop/ReefRanger/robot/robot/install/gototable_interface/include/gototable_interface/gototable_interface/action/detail
-- Up-to-date: /home/reefranger/Desktop/ReefRanger/robot/robot/install/gototable_interface/include/gototable_interface/gototable_interface/action/detail/dds_fastrtps
-- Up-to-date: /home/reefranger/Desktop/ReefRanger/robot/robot/install/gototable_interface/include/gototable_interface/gototable_interface/action/detail/go_table__rosidl_typesupport_fastrtps_cpp.hpp
-- Up-to-date: /home/reefranger/Desktop/ReefRanger/robot/robot/install/gototable_interface/lib/libgototable_interface__rosidl_typesupport_fastrtps_cpp.so
-- Up-to-date: /home/reefranger/Desktop/ReefRanger/robot/robot/install/gototable_interface/include/gototable_interface/gototable_interface
-- Up-to-date: /home/reefranger/Desktop/ReefRanger/robot/robot/install/gototable_interface/include/gototable_interface/gototable_interface/action
-- Up-to-date: /home/reefranger/Desktop/ReefRanger/robot/robot/install/gototable_interface/include/gototable_interface/gototable_interface/action/detail
-- Up-to-date: /home/reefranger/Desktop/ReefRanger/robot/robot/install/gototable_interface/include/gototable_interface/gototable_interface/action/detail/go_table__rosidl_typesupport_introspection_cpp.hpp
-- Up-to-date: /home/reefranger/Desktop/ReefRanger/robot/robot/install/gototable_interface/include/gototable_interface/gototable_interface/action/detail/go_table__type_support.cpp
-- Up-to-date: /home/reefranger/Desktop/ReefRanger/robot/robot/install/gototable_interface/lib/libgototable_interface__rosidl_typesupport_introspection_cpp.so
-- Up-to-date: /home/reefranger/Desktop/ReefRanger/robot/robot/install/gototable_interface/lib/libgototable_interface__rosidl_typesupport_cpp.so
-- Up-to-date: /home/reefranger/Desktop/ReefRanger/robot/robot/install/gototable_interface/share/gototable_interface/environment/pythonpath.sh
-- Up-to-date: /home/reefranger/Desktop/ReefRanger/robot/robot/install/gototable_interface/share/gototable_interface/environment/pythonpath.dsv
-- Up-to-date: /home/reefranger/Desktop/ReefRanger/robot/robot/install/gototable_interface/local/lib/python3.10/dist-packages/gototable_interface-0.0.0-py3.10.egg-info
-- Installing: /home/reefranger/Desktop/ReefRanger/robot/robot/install/gototable_interface/local/lib/python3.10/dist-packages/gototable_interface-0.0.0-py3.10.egg-info/dependency_links.txt
-- Installing: /home/reefranger/Desktop/ReefRanger/robot/robot/install/gototable_interface/local/lib/python3.10/dist-packages/gototable_interface-0.0.0-py3.10.egg-info/SOURCES.txt
-- Installing: /home/reefranger/Desktop/ReefRanger/robot/robot/install/gototable_interface/local/lib/python3.10/dist-packages/gototable_interface-0.0.0-py3.10.egg-info/PKG-INFO
-- Installing: /home/reefranger/Desktop/ReefRanger/robot/robot/install/gototable_interface/local/lib/python3.10/dist-packages/gototable_interface-0.0.0-py3.10.egg-info/top_level.txt
-- Up-to-date: /home/reefranger/Desktop/ReefRanger/robot/robot/install/gototable_interface/local/lib/python3.10/dist-packages/gototable_interface
-- Up-to-date: /home/reefranger/Desktop/ReefRanger/robot/robot/install/gototable_interface/local/lib/python3.10/dist-packages/gototable_interface/gototable_interface_s__rosidl_typesupport_fastrtps_c.cpython-310-x86_64-linux-gnu.so
-- Up-to-date: /home/reefranger/Desktop/ReefRanger/robot/robot/install/gototable_interface/local/lib/python3.10/dist-packages/gototable_interface/gototable_interface_s__rosidl_typesupport_introspection_c.cpython-310-x86_64-linux-gnu.so
-- Up-to-date: /home/reefranger/Desktop/ReefRanger/robot/robot/install/gototable_interface/local/lib/python3.10/dist-packages/gototable_interface/libgototable_interface__rosidl_generator_py.so
-- Up-to-date: /home/reefranger/Desktop/ReefRanger/robot/robot/install/gototable_interface/local/lib/python3.10/dist-packages/gototable_interface/action
-- Up-to-date: /home/reefranger/Desktop/ReefRanger/robot/robot/install/gototable_interface/local/lib/python3.10/dist-packages/gototable_interface/action/_go_table_s.c
-- Up-to-date: /home/reefranger/Desktop/ReefRanger/robot/robot/install/gototable_interface/local/lib/python3.10/dist-packages/gototable_interface/action/_go_table.py
-- Up-to-date: /home/reefranger/Desktop/ReefRanger/robot/robot/install/gototable_interface/local/lib/python3.10/dist-packages/gototable_interface/action/__init__.py
-- Up-to-date: /home/reefranger/Desktop/ReefRanger/robot/robot/install/gototable_interface/local/lib/python3.10/dist-packages/gototable_interface/_gototable_interface_s.ep.rosidl_typesupport_fastrtps_c.c
-- Up-to-date: /home/reefranger/Desktop/ReefRanger/robot/robot/install/gototable_interface/local/lib/python3.10/dist-packages/gototable_interface/_gototable_interface_s.ep.rosidl_typesupport_c.c
-- Up-to-date: /home/reefranger/Desktop/ReefRanger/robot/robot/install/gototable_interface/local/lib/python3.10/dist-packages/gototable_interface/gototable_interface_s__rosidl_typesupport_c.cpython-310-x86_64-linux-gnu.so
-- Up-to-date: /home/reefranger/Desktop/ReefRanger/robot/robot/install/gototable_interface/local/lib/python3.10/dist-packages/gototable_interface/__init__.py
-- Up-to-date: /home/reefranger/Desktop/ReefRanger/robot/robot/install/gototable_interface/local/lib/python3.10/dist-packages/gototable_interface/_gototable_interface_s.ep.rosidl_typesupport_introspection_c.c
Listing '/home/reefranger/Desktop/ReefRanger/robot/robot/install/gototable_interface/local/lib/python3.10/dist-packages/gototable_interface'...
Listing '/home/reefranger/Desktop/ReefRanger/robot/robot/install/gototable_interface/local/lib/python3.10/dist-packages/gototable_interface/action'...
-- Up-to-date: /home/reefranger/Desktop/ReefRanger/robot/robot/install/gototable_interface/local/lib/python3.10/dist-packages/gototable_interface/gototable_interface_s__rosidl_typesupport_fastrtps_c.cpython-310-x86_64-linux-gnu.so
-- Up-to-date: /home/reefranger/Desktop/ReefRanger/robot/robot/install/gototable_interface/local/lib/python3.10/dist-packages/gototable_interface/gototable_interface_s__rosidl_typesupport_introspection_c.cpython-310-x86_64-linux-gnu.so
-- Up-to-date: /home/reefranger/Desktop/ReefRanger/robot/robot/install/gototable_interface/local/lib/python3.10/dist-packages/gototable_interface/gototable_interface_s__rosidl_typesupport_c.cpython-310-x86_64-linux-gnu.so
-- Up-to-date: /home/reefranger/Desktop/ReefRanger/robot/robot/install/gototable_interface/lib/libgototable_interface__rosidl_generator_py.so
-- Up-to-date: /home/reefranger/Desktop/ReefRanger/robot/robot/install/gototable_interface/share/gototable_interface/action/GoTable.idl
-- Up-to-date: /home/reefranger/Desktop/ReefRanger/robot/robot/install/gototable_interface/share/gototable_interface/action/GoTable.action
-- Up-to-date: /home/reefranger/Desktop/ReefRanger/robot/robot/install/gototable_interface/share/ament_index/resource_index/package_run_dependencies/gototable_interface
-- Up-to-date: /home/reefranger/Desktop/ReefRanger/robot/robot/install/gototable_interface/share/ament_index/resource_index/parent_prefix_path/gototable_interface
-- Up-to-date: /home/reefranger/Desktop/ReefRanger/robot/robot/install/gototable_interface/share/gototable_interface/environment/ament_prefix_path.sh
-- Up-to-date: /home/reefranger/Desktop/ReefRanger/robot/robot/install/gototable_interface/share/gototable_interface/environment/ament_prefix_path.dsv
-- Up-to-date: /home/reefranger/Desktop/ReefRanger/robot/robot/install/gototable_interface/share/gototable_interface/environment/path.sh
-- Up-to-date: /home/reefranger/Desktop/ReefRanger/robot/robot/install/gototable_interface/share/gototable_interface/environment/path.dsv
-- Up-to-date: /home/reefranger/Desktop/ReefRanger/robot/robot/install/gototable_interface/share/gototable_interface/local_setup.bash
-- Up-to-date: /home/reefranger/Desktop/ReefRanger/robot/robot/install/gototable_interface/share/gototable_interface/local_setup.sh
-- Up-to-date: /home/reefranger/Desktop/ReefRanger/robot/robot/install/gototable_interface/share/gototable_interface/local_setup.zsh
-- Up-to-date: /home/reefranger/Desktop/ReefRanger/robot/robot/install/gototable_interface/share/gototable_interface/local_setup.dsv
-- Installing: /home/reefranger/Desktop/ReefRanger/robot/robot/install/gototable_interface/share/gototable_interface/package.dsv
-- Up-to-date: /home/reefranger/Desktop/ReefRanger/robot/robot/install/gototable_interface/share/ament_index/resource_index/packages/gototable_interface
-- Up-to-date: /home/reefranger/Desktop/ReefRanger/robot/robot/install/gototable_interface/share/gototable_interface/cmake/export_gototable_interface__rosidl_generator_cExport.cmake
-- Up-to-date: /home/reefranger/Desktop/ReefRanger/robot/robot/install/gototable_interface/share/gototable_interface/cmake/export_gototable_interface__rosidl_generator_cExport-noconfig.cmake
-- Up-to-date: /home/reefranger/Desktop/ReefRanger/robot/robot/install/gototable_interface/share/gototable_interface/cmake/export_gototable_interface__rosidl_typesupport_fastrtps_cExport.cmake
-- Up-to-date: /home/reefranger/Desktop/ReefRanger/robot/robot/install/gototable_interface/share/gototable_interface/cmake/export_gototable_interface__rosidl_typesupport_fastrtps_cExport-noconfig.cmake
-- Up-to-date: /home/reefranger/Desktop/ReefRanger/robot/robot/install/gototable_interface/share/gototable_interface/cmake/gototable_interface__rosidl_typesupport_introspection_cExport.cmake
-- Up-to-date: /home/reefranger/Desktop/ReefRanger/robot/robot/install/gototable_interface/share/gototable_interface/cmake/gototable_interface__rosidl_typesupport_introspection_cExport-noconfig.cmake
-- Up-to-date: /home/reefranger/Desktop/ReefRanger/robot/robot/install/gototable_interface/share/gototable_interface/cmake/gototable_interface__rosidl_typesupport_cExport.cmake
-- Up-to-date: /home/reefranger/Desktop/ReefRanger/robot/robot/install/gototable_interface/share/gototable_interface/cmake/gototable_interface__rosidl_typesupport_cExport-noconfig.cmake
-- Up-to-date: /home/reefranger/Desktop/ReefRanger/robot/robot/install/gototable_interface/share/gototable_interface/cmake/export_gototable_interface__rosidl_generator_cppExport.cmake
-- Up-to-date: /home/reefranger/Desktop/ReefRanger/robot/robot/install/gototable_interface/share/gototable_interface/cmake/export_gototable_interface__rosidl_typesupport_fastrtps_cppExport.cmake
-- Up-to-date: /home/reefranger/Desktop/ReefRanger/robot/robot/install/gototable_interface/share/gototable_interface/cmake/export_gototable_interface__rosidl_typesupport_fastrtps_cppExport-noconfig.cmake
-- Up-to-date: /home/reefranger/Desktop/ReefRanger/robot/robot/install/gototable_interface/share/gototable_interface/cmake/gototable_interface__rosidl_typesupport_introspection_cppExport.cmake
-- Up-to-date: /home/reefranger/Desktop/ReefRanger/robot/robot/install/gototable_interface/share/gototable_interface/cmake/gototable_interface__rosidl_typesupport_introspection_cppExport-noconfig.cmake
-- Up-to-date: /home/reefranger/Desktop/ReefRanger/robot/robot/install/gototable_interface/share/gototable_interface/cmake/gototable_interface__rosidl_typesupport_cppExport.cmake
-- Up-to-date: /home/reefranger/Desktop/ReefRanger/robot/robot/install/gototable_interface/share/gototable_interface/cmake/gototable_interface__rosidl_typesupport_cppExport-noconfig.cmake
-- Up-to-date: /home/reefranger/Desktop/ReefRanger/robot/robot/install/gototable_interface/share/gototable_interface/cmake/export_gototable_interface__rosidl_generator_pyExport.cmake
-- Up-to-date: /home/reefranger/Desktop/ReefRanger/robot/robot/install/gototable_interface/share/gototable_interface/cmake/export_gototable_interface__rosidl_generator_pyExport-noconfig.cmake
-- Up-to-date: /home/reefranger/Desktop/ReefRanger/robot/robot/install/gototable_interface/share/gototable_interface/cmake/rosidl_cmake-extras.cmake
-- Up-to-date: /home/reefranger/Desktop/ReefRanger/robot/robot/install/gototable_interface/share/gototable_interface/cmake/ament_cmake_export_dependencies-extras.cmake
-- Up-to-date: /home/reefranger/Desktop/ReefRanger/robot/robot/install/gototable_interface/share/gototable_interface/cmake/ament_cmake_export_include_directories-extras.cmake
-- Up-to-date: /home/reefranger/Desktop/ReefRanger/robot/robot/install/gototable_interface/share/gototable_interface/cmake/ament_cmake_export_libraries-extras.cmake
-- Up-to-date: /home/reefranger/Desktop/ReefRanger/robot/robot/install/gototable_interface/share/gototable_interface/cmake/ament_cmake_export_targets-extras.cmake
-- Up-to-date: /home/reefranger/Desktop/ReefRanger/robot/robot/install/gototable_interface/share/gototable_interface/cmake/rosidl_cmake_export_typesupport_targets-extras.cmake
-- Up-to-date: /home/reefranger/Desktop/ReefRanger/robot/robot/install/gototable_interface/share/gototable_interface/cmake/rosidl_cmake_export_typesupport_libraries-extras.cmake
-- Up-to-date: /home/reefranger/Desktop/ReefRanger/robot/robot/install/gototable_interface/share/gototable_interface/cmake/gototable_interfaceConfig.cmake
-- Up-to-date: /home/reefranger/Desktop/ReefRanger/robot/robot/install/gototable_interface/share/gototable_interface/cmake/gototable_interfaceConfig-version.cmake
-- Up-to-date: /home/reefranger/Desktop/ReefRanger/robot/robot/install/gototable_interface/share/gototable_interface/package.xml
