[2.467s] Invoking command in '/home/reefranger/Desktop/ReefRanger/robot/robot/src/moveovertable': PYTHONPATH=/home/reefranger/Desktop/ReefRanger/robot/robot/build/moveovertable/prefix_override:/usr/lib/python3/dist-packages/colcon_core/task/python/colcon_distutils_commands:/home/reefranger/Desktop/ReefRanger/robot/robot/install/moveovertable/lib/python3.10/site-packages:${PYTHONPATH} /usr/bin/python3 -W ignore:setup.py install is deprecated setup.py egg_info --egg-base ../../build/moveovertable build --build-base /home/reefranger/Desktop/ReefRanger/robot/robot/build/moveovertable/build install --record /home/reefranger/Desktop/ReefRanger/robot/robot/build/moveovertable/install.log --single-version-externally-managed install_data
[2.918s] running egg_info
[2.951s] writing ../../build/moveovertable/moveovertable.egg-info/PKG-INFO
[2.952s] writing dependency_links to ../../build/moveovertable/moveovertable.egg-info/dependency_links.txt
[2.953s] writing entry points to ../../build/moveovertable/moveovertable.egg-info/entry_points.txt
[2.953s] writing requirements to ../../build/moveovertable/moveovertable.egg-info/requires.txt
[2.953s] writing top-level names to ../../build/moveovertable/moveovertable.egg-info/top_level.txt
[3.020s] reading manifest file '../../build/moveovertable/moveovertable.egg-info/SOURCES.txt'
[3.021s] adding license file 'LICENSE'
[3.025s] writing manifest file '../../build/moveovertable/moveovertable.egg-info/SOURCES.txt'
[3.025s] running build
[3.025s] running build_py
[3.025s] copying moveovertable/__init__.py -> /home/reefranger/Desktop/ReefRanger/robot/robot/build/moveovertable/build/lib/moveovertable
[3.025s] copying moveovertable/moveovertable.py -> /home/reefranger/Desktop/ReefRanger/robot/robot/build/moveovertable/build/lib/moveovertable
[3.025s] running install
[3.031s] running install_lib
[3.066s] running install_data
[3.066s] copying resource/moveovertable -> /home/reefranger/Desktop/ReefRanger/robot/robot/install/moveovertable/share/ament_index/resource_index/packages
[3.067s] copying package.xml -> /home/reefranger/Desktop/ReefRanger/robot/robot/install/moveovertable/share/moveovertable
[3.067s] running install_egg_info
[3.100s] removing '/home/reefranger/Desktop/ReefRanger/robot/robot/install/moveovertable/lib/python3.10/site-packages/moveovertable-0.0.0-py3.10.egg-info' (and everything under it)
[3.103s] Copying ../../build/moveovertable/moveovertable.egg-info to /home/reefranger/Desktop/ReefRanger/robot/robot/install/moveovertable/lib/python3.10/site-packages/moveovertable-0.0.0-py3.10.egg-info
[3.104s] running install_scripts
[3.379s] Installing moveovertable script to /home/reefranger/Desktop/ReefRanger/robot/robot/install/moveovertable/lib/moveovertable
[3.379s] writing list of installed files to '/home/reefranger/Desktop/ReefRanger/robot/robot/build/moveovertable/install.log'
[3.495s] Invoked command in '/home/reefranger/Desktop/ReefRanger/robot/robot/src/moveovertable' returned '0': PYTHONPATH=/home/reefranger/Desktop/ReefRanger/robot/robot/build/moveovertable/prefix_override:/usr/lib/python3/dist-packages/colcon_core/task/python/colcon_distutils_commands:/home/reefranger/Desktop/ReefRanger/robot/robot/install/moveovertable/lib/python3.10/site-packages:${PYTHONPATH} /usr/bin/python3 -W ignore:setup.py install is deprecated setup.py egg_info --egg-base ../../build/moveovertable build --build-base /home/reefranger/Desktop/ReefRanger/robot/robot/build/moveovertable/build install --record /home/reefranger/Desktop/ReefRanger/robot/robot/build/moveovertable/install.log --single-version-externally-managed install_data
