[1.192s] Invoking command in '/home/reefranger/Desktop/ReefRanger/robot/robot/build/usb_cam': CMAKE_PREFIX_PATH=/opt/ros/humble /usr/bin/cmake /home/reefranger/Desktop/ReefRanger/robot/robot/src/usb_cam -DCMAKE_INSTALL_PREFIX=/home/reefranger/Desktop/ReefRanger/robot/robot/install/usb_cam
[1.253s] -- The C compiler identification is GNU 11.4.0
[1.348s] -- The CXX compiler identification is GNU 11.4.0
[1.381s] -- Detecting C compiler ABI info
[1.585s] -- Detecting C compiler ABI info - done
[1.606s] -- Check for working C compiler: /usr/bin/cc - skipped
[1.606s] -- Detecting C compile features
[1.607s] -- Detecting C compile features - done
[1.620s] -- Detecting CXX compiler ABI info
[1.806s] -- Detecting CXX compiler ABI info - done
[1.829s] -- Check for working CXX compiler: /usr/bin/c++ - skipped
[1.835s] -- Detecting CXX compile features
[1.839s] -- Detecting CXX compile features - done
[1.845s] -- Found ament_cmake_auto: 1.3.10 (/opt/ros/humble/share/ament_cmake_auto/cmake)
[2.480s] -- Found Python3: /usr/bin/python3 (found version "3.10.12") found components: Interpreter 
[2.890s] -- Found rosidl_generator_c: 3.1.5 (/opt/ros/humble/share/rosidl_generator_c/cmake)
[2.900s] -- Found rosidl_adapter: 3.1.5 (/opt/ros/humble/share/rosidl_adapter/cmake)
[2.912s] -- Found rosidl_generator_cpp: 3.1.5 (/opt/ros/humble/share/rosidl_generator_cpp/cmake)
[2.929s] -- Using all available rosidl_typesupport_c: rosidl_typesupport_fastrtps_c;rosidl_typesupport_introspection_c
[2.951s] -- Using all available rosidl_typesupport_cpp: rosidl_typesupport_fastrtps_cpp;rosidl_typesupport_introspection_cpp
[3.020s] -- Found rmw_implementation_cmake: 6.1.2 (/opt/ros/humble/share/rmw_implementation_cmake/cmake)
[3.022s] -- Found rmw_fastrtps_cpp: 6.2.7 (/opt/ros/humble/share/rmw_fastrtps_cpp/cmake)
[3.135s] -- Found OpenSSL: /usr/local/lib/libcrypto.so (found version "1.1.1u")  
[3.162s] -- Found FastRTPS: /opt/ros/humble/include  
[3.202s] -- Using RMW implementation 'rmw_fastrtps_cpp' as default
[3.210s] -- Looking for pthread.h
[3.267s] -- Looking for pthread.h - found
[3.268s] -- Performing Test CMAKE_HAVE_LIBC_PTHREAD
[3.324s] -- Performing Test CMAKE_HAVE_LIBC_PTHREAD - Success
[3.325s] -- Found Threads: TRUE  
[3.508s] -- Found OpenCV: /usr/local (found version "4.6.0") 
[3.509s] -- Found PkgConfig: /usr/bin/pkg-config (found version "0.29.2") 
[3.510s] -- Checking for module 'libavcodec'
[3.542s] --   Found libavcodec, version 58.134.100
[3.624s] -- Checking for module 'libavutil'
[3.656s] --   Found libavutil, version 56.70.100
[3.727s] -- Checking for module 'libswscale'
[3.767s] --   Found libswscale, version 5.9.100
[3.872s] -- Found ament_lint_auto: 0.12.11 (/opt/ros/humble/share/ament_lint_auto/cmake)
[3.924s] -- Found gtest sources under '/opt/ros/humble/src/gtest_vendor': C++ tests using 'Google Test' will be built
[3.947s] -- Added test 'copyright' to check source files copyright and LICENSE
[3.994s] -- Added test 'cppcheck' to perform static code analysis on C / C++ code
[3.994s] -- Configured cppcheck include dirs: /home/reefranger/Desktop/ReefRanger/robot/robot/src/usb_cam/include
[3.994s] -- Configured cppcheck exclude dirs and/or files: 
[4.057s] -- Added test 'cpplint' to check C / C++ code against the Google style
[4.057s] -- Configured cpplint exclude dirs and/or files: 
[4.061s] -- Added test 'flake8' to check Python code syntax and style conventions
[4.080s] -- Added test 'lint_cmake' to check CMake code style
[4.088s] -- Added test 'pep257' to check Python code against some of the docstring style conventions in PEP 257
[4.149s] -- Added test 'uncrustify' to check C / C++ code style
[4.149s] -- Configured uncrustify additional arguments: 
[4.156s] -- Added test 'xmllint' to check XML markup files
[4.164s] -- Configuring done
[4.214s] -- Generating done
[4.218s] -- Build files have been written to: /home/reefranger/Desktop/ReefRanger/robot/robot/build/usb_cam
[4.245s] Invoked command in '/home/reefranger/Desktop/ReefRanger/robot/robot/build/usb_cam' returned '0': CMAKE_PREFIX_PATH=/opt/ros/humble /usr/bin/cmake /home/reefranger/Desktop/ReefRanger/robot/robot/src/usb_cam -DCMAKE_INSTALL_PREFIX=/home/reefranger/Desktop/ReefRanger/robot/robot/install/usb_cam
[4.246s] Invoking command in '/home/reefranger/Desktop/ReefRanger/robot/robot/build/usb_cam': CMAKE_PREFIX_PATH=/opt/ros/humble /usr/bin/cmake --build /home/reefranger/Desktop/ReefRanger/robot/robot/build/usb_cam -- -j12 -l12
[4.398s] [  7%] [32mBuilding CXX object CMakeFiles/usb_cam_node_exe.dir/rclcpp_components/node_main_usb_cam_node_exe.cpp.o[0m
[4.398s] [ 14%] [32mBuilding CXX object CMakeFiles/usb_cam.dir/src/usb_cam.cpp.o[0m
[4.398s] [ 21%] [32mBuilding CXX object gtest/CMakeFiles/gtest_main.dir/src/gtest_main.cc.o[0m
[4.404s] [ 28%] [32mBuilding CXX object gtest/CMakeFiles/gtest.dir/src/gtest-all.cc.o[0m
[6.242s] [ 35%] [32m[1mLinking CXX static library libgtest_main.a[0m
[6.349s] [ 35%] Built target gtest_main
[7.632s] [ 42%] [32m[1mLinking CXX shared library libusb_cam.so[0m
[8.166s] [ 42%] Built target usb_cam
[8.229s] [ 50%] [32mBuilding CXX object CMakeFiles/usb_cam_node.dir/src/ros2/usb_cam_node.cpp.o[0m
[9.413s] [ 57%] [32m[1mLinking CXX static library libgtest.a[0m
[9.545s] [ 64%] [32m[1mLinking CXX executable usb_cam_node_exe[0m
[9.608s] [ 64%] Built target gtest
[9.673s] [ 71%] [32mBuilding CXX object CMakeFiles/test_pixel_formats.dir/test/test_pixel_formats.cpp.o[0m
[9.673s] [ 78%] [32mBuilding CXX object CMakeFiles/test_usb_cam_utils.dir/test/test_usb_cam_utils.cpp.o[0m
[9.907s] [ 78%] Built target usb_cam_node_exe
[12.404s] [ 85%] [32m[1mLinking CXX executable test_usb_cam_utils[0m
[12.570s] [ 92%] [32m[1mLinking CXX executable test_pixel_formats[0m
[12.760s] [ 92%] Built target test_usb_cam_utils
[12.859s] [ 92%] Built target test_pixel_formats
[19.769s] [100%] [32m[1mLinking CXX shared library libusb_cam_node.so[0m
[20.739s] [100%] Built target usb_cam_node
[20.776s] Invoked command in '/home/reefranger/Desktop/ReefRanger/robot/robot/build/usb_cam' returned '0': CMAKE_PREFIX_PATH=/opt/ros/humble /usr/bin/cmake --build /home/reefranger/Desktop/ReefRanger/robot/robot/build/usb_cam -- -j12 -l12
[20.906s] Invoking command in '/home/reefranger/Desktop/ReefRanger/robot/robot/build/usb_cam': CMAKE_PREFIX_PATH=/opt/ros/humble /usr/bin/cmake --install /home/reefranger/Desktop/ReefRanger/robot/robot/build/usb_cam
[20.929s] -- Install configuration: ""
[20.933s] -- Installing: /home/reefranger/Desktop/ReefRanger/robot/robot/install/usb_cam/share/usb_cam/environment/library_path.sh
[20.933s] -- Installing: /home/reefranger/Desktop/ReefRanger/robot/robot/install/usb_cam/share/usb_cam/environment/library_path.dsv
[20.933s] -- Installing: /home/reefranger/Desktop/ReefRanger/robot/robot/install/usb_cam/lib/usb_cam/usb_cam_node_exe
[20.934s] -- Set runtime path of "/home/reefranger/Desktop/ReefRanger/robot/robot/install/usb_cam/lib/usb_cam/usb_cam_node_exe" to ""
[20.934s] -- Installing: /home/reefranger/Desktop/ReefRanger/robot/robot/install/usb_cam/lib/usb_cam/show_image.py
[20.935s] -- Installing: /home/reefranger/Desktop/ReefRanger/robot/robot/install/usb_cam/lib/libusb_cam.so
[20.941s] -- Set runtime path of "/home/reefranger/Desktop/ReefRanger/robot/robot/install/usb_cam/lib/libusb_cam.so" to ""
[20.941s] -- Installing: /home/reefranger/Desktop/ReefRanger/robot/robot/install/usb_cam/lib/libusb_cam_node.so
[20.956s] -- Set runtime path of "/home/reefranger/Desktop/ReefRanger/robot/robot/install/usb_cam/lib/libusb_cam_node.so" to ""
[20.956s] -- Installing: /home/reefranger/Desktop/ReefRanger/robot/robot/install/usb_cam/include
[20.956s] -- Installing: /home/reefranger/Desktop/ReefRanger/robot/robot/install/usb_cam/include/usb_cam
[20.957s] -- Installing: /home/reefranger/Desktop/ReefRanger/robot/robot/install/usb_cam/include/usb_cam/conversions.hpp
[20.957s] -- Installing: /home/reefranger/Desktop/ReefRanger/robot/robot/install/usb_cam/include/usb_cam/formats
[20.959s] -- Installing: /home/reefranger/Desktop/ReefRanger/robot/robot/install/usb_cam/include/usb_cam/formats/pixel_format_base.hpp
[20.959s] -- Installing: /home/reefranger/Desktop/ReefRanger/robot/robot/install/usb_cam/include/usb_cam/formats/m420.hpp
[20.961s] -- Installing: /home/reefranger/Desktop/ReefRanger/robot/robot/install/usb_cam/include/usb_cam/formats/yuyv.hpp
[20.961s] -- Installing: /home/reefranger/Desktop/ReefRanger/robot/robot/install/usb_cam/include/usb_cam/formats/rgb.hpp
[20.961s] -- Installing: /home/reefranger/Desktop/ReefRanger/robot/robot/install/usb_cam/include/usb_cam/formats/uyvy.hpp
[20.961s] -- Installing: /home/reefranger/Desktop/ReefRanger/robot/robot/install/usb_cam/include/usb_cam/formats/av_pixel_format_helper.hpp
[20.962s] -- Installing: /home/reefranger/Desktop/ReefRanger/robot/robot/install/usb_cam/include/usb_cam/formats/utils.hpp
[20.962s] -- Installing: /home/reefranger/Desktop/ReefRanger/robot/robot/install/usb_cam/include/usb_cam/formats/mono.hpp
[20.962s] -- Installing: /home/reefranger/Desktop/ReefRanger/robot/robot/install/usb_cam/include/usb_cam/formats/mjpeg.hpp
[20.963s] -- Installing: /home/reefranger/Desktop/ReefRanger/robot/robot/install/usb_cam/include/usb_cam/utils.hpp
[20.963s] -- Installing: /home/reefranger/Desktop/ReefRanger/robot/robot/install/usb_cam/include/usb_cam/usb_cam.hpp
[20.963s] -- Installing: /home/reefranger/Desktop/ReefRanger/robot/robot/install/usb_cam/include/usb_cam/constants.hpp
[20.964s] -- Installing: /home/reefranger/Desktop/ReefRanger/robot/robot/install/usb_cam/include/usb_cam/usb_cam_node.hpp
[20.967s] -- Up-to-date: /home/reefranger/Desktop/ReefRanger/robot/robot/install/usb_cam/lib/libusb_cam_node.so
[20.967s] -- Installing: /home/reefranger/Desktop/ReefRanger/robot/robot/install/usb_cam/share/usb_cam/launch
[20.967s] -- Installing: /home/reefranger/Desktop/ReefRanger/robot/robot/install/usb_cam/share/usb_cam/launch/camera_config.py
[20.968s] -- Installing: /home/reefranger/Desktop/ReefRanger/robot/robot/install/usb_cam/share/usb_cam/launch/camera_launch.py
[20.969s] -- Installing: /home/reefranger/Desktop/ReefRanger/robot/robot/install/usb_cam/share/usb_cam/launch/__init__.py
[20.969s] -- Installing: /home/reefranger/Desktop/ReefRanger/robot/robot/install/usb_cam/share/usb_cam/config
[20.969s] -- Installing: /home/reefranger/Desktop/ReefRanger/robot/robot/install/usb_cam/share/usb_cam/config/camera_info.yaml
[20.969s] -- Installing: /home/reefranger/Desktop/ReefRanger/robot/robot/install/usb_cam/share/usb_cam/config/params_1.yaml
[20.969s] -- Installing: /home/reefranger/Desktop/ReefRanger/robot/robot/install/usb_cam/share/usb_cam/config/params_2.yaml
[20.969s] -- Installing: /home/reefranger/Desktop/ReefRanger/robot/robot/install/usb_cam/share/ament_index/resource_index/package_run_dependencies/usb_cam
[20.973s] -- Installing: /home/reefranger/Desktop/ReefRanger/robot/robot/install/usb_cam/share/ament_index/resource_index/parent_prefix_path/usb_cam
[20.973s] -- Installing: /home/reefranger/Desktop/ReefRanger/robot/robot/install/usb_cam/share/usb_cam/environment/ament_prefix_path.sh
[20.977s] -- Installing: /home/reefranger/Desktop/ReefRanger/robot/robot/install/usb_cam/share/usb_cam/environment/ament_prefix_path.dsv
[20.977s] -- Installing: /home/reefranger/Desktop/ReefRanger/robot/robot/install/usb_cam/share/usb_cam/environment/path.sh
[20.977s] -- Installing: /home/reefranger/Desktop/ReefRanger/robot/robot/install/usb_cam/share/usb_cam/environment/path.dsv
[20.977s] -- Installing: /home/reefranger/Desktop/ReefRanger/robot/robot/install/usb_cam/share/usb_cam/local_setup.bash
[20.977s] -- Installing: /home/reefranger/Desktop/ReefRanger/robot/robot/install/usb_cam/share/usb_cam/local_setup.sh
[20.977s] -- Installing: /home/reefranger/Desktop/ReefRanger/robot/robot/install/usb_cam/share/usb_cam/local_setup.zsh
[20.977s] -- Installing: /home/reefranger/Desktop/ReefRanger/robot/robot/install/usb_cam/share/usb_cam/local_setup.dsv
[20.977s] -- Installing: /home/reefranger/Desktop/ReefRanger/robot/robot/install/usb_cam/share/usb_cam/package.dsv
[20.977s] -- Installing: /home/reefranger/Desktop/ReefRanger/robot/robot/install/usb_cam/share/ament_index/resource_index/packages/usb_cam
[20.977s] -- Installing: /home/reefranger/Desktop/ReefRanger/robot/robot/install/usb_cam/share/ament_index/resource_index/rclcpp_components/usb_cam
[20.977s] -- Installing: /home/reefranger/Desktop/ReefRanger/robot/robot/install/usb_cam/share/usb_cam/cmake/ament_cmake_export_libraries-extras.cmake
[20.979s] -- Installing: /home/reefranger/Desktop/ReefRanger/robot/robot/install/usb_cam/share/usb_cam/cmake/ament_cmake_export_dependencies-extras.cmake
[20.979s] -- Installing: /home/reefranger/Desktop/ReefRanger/robot/robot/install/usb_cam/share/usb_cam/cmake/ament_cmake_export_include_directories-extras.cmake
[20.979s] -- Installing: /home/reefranger/Desktop/ReefRanger/robot/robot/install/usb_cam/share/usb_cam/cmake/usb_camConfig.cmake
[20.979s] -- Installing: /home/reefranger/Desktop/ReefRanger/robot/robot/install/usb_cam/share/usb_cam/cmake/usb_camConfig-version.cmake
[20.979s] -- Installing: /home/reefranger/Desktop/ReefRanger/robot/robot/install/usb_cam/share/usb_cam/package.xml
[20.987s] Invoked command in '/home/reefranger/Desktop/ReefRanger/robot/robot/build/usb_cam' returned '0': CMAKE_PREFIX_PATH=/opt/ros/humble /usr/bin/cmake --install /home/reefranger/Desktop/ReefRanger/robot/robot/build/usb_cam
