[2.378s] Invoking command in '/home/reefranger/Desktop/ReefRanger/robot/robot/src/gototable': PYTHONPATH=/home/reefranger/Desktop/ReefRanger/robot/robot/build/gototable/prefix_override:/usr/lib/python3/dist-packages/colcon_core/task/python/colcon_distutils_commands:/home/reefranger/Desktop/ReefRanger/robot/robot/install/gototable/lib/python3.10/site-packages:${PYTHONPATH} /usr/bin/python3 -W ignore:setup.py install is deprecated setup.py egg_info --egg-base ../../build/gototable build --build-base /home/reefranger/Desktop/ReefRanger/robot/robot/build/gototable/build install --record /home/reefranger/Desktop/ReefRanger/robot/robot/build/gototable/install.log --single-version-externally-managed install_data
[2.783s] running egg_info
[2.814s] writing ../../build/gototable/gototable.egg-info/PKG-INFO
[2.814s] writing dependency_links to ../../build/gototable/gototable.egg-info/dependency_links.txt
[2.814s] writing entry points to ../../build/gototable/gototable.egg-info/entry_points.txt
[2.814s] writing requirements to ../../build/gototable/gototable.egg-info/requires.txt
[2.814s] writing top-level names to ../../build/gototable/gototable.egg-info/top_level.txt
[2.912s] reading manifest file '../../build/gototable/gototable.egg-info/SOURCES.txt'
[2.912s] adding license file 'LICENSE'
[2.913s] writing manifest file '../../build/gototable/gototable.egg-info/SOURCES.txt'
[2.913s] running build
[2.913s] running build_py
[2.913s] copying gototable/gototable.py -> /home/reefranger/Desktop/ReefRanger/robot/robot/build/gototable/build/lib/gototable
[2.917s] copying gototable/__init__.py -> /home/reefranger/Desktop/ReefRanger/robot/robot/build/gototable/build/lib/gototable
[2.917s] running install
[2.923s] running install_lib
[2.955s] running install_data
[2.956s] copying resource/gototable -> /home/reefranger/Desktop/ReefRanger/robot/robot/install/gototable/share/ament_index/resource_index/packages
[2.956s] copying package.xml -> /home/reefranger/Desktop/ReefRanger/robot/robot/install/gototable/share/gototable
[2.959s] running install_egg_info
[2.988s] removing '/home/reefranger/Desktop/ReefRanger/robot/robot/install/gototable/lib/python3.10/site-packages/gototable-0.0.0-py3.10.egg-info' (and everything under it)
[2.989s] Copying ../../build/gototable/gototable.egg-info to /home/reefranger/Desktop/ReefRanger/robot/robot/install/gototable/lib/python3.10/site-packages/gototable-0.0.0-py3.10.egg-info
[2.990s] running install_scripts
[3.265s] Installing gototable script to /home/reefranger/Desktop/ReefRanger/robot/robot/install/gototable/lib/gototable
[3.266s] writing list of installed files to '/home/reefranger/Desktop/ReefRanger/robot/robot/build/gototable/install.log'
[3.375s] Invoked command in '/home/reefranger/Desktop/ReefRanger/robot/robot/src/gototable' returned '0': PYTHONPATH=/home/reefranger/Desktop/ReefRanger/robot/robot/build/gototable/prefix_override:/usr/lib/python3/dist-packages/colcon_core/task/python/colcon_distutils_commands:/home/reefranger/Desktop/ReefRanger/robot/robot/install/gototable/lib/python3.10/site-packages:${PYTHONPATH} /usr/bin/python3 -W ignore:setup.py install is deprecated setup.py egg_info --egg-base ../../build/gototable build --build-base /home/reefranger/Desktop/ReefRanger/robot/robot/build/gototable/build install --record /home/reefranger/Desktop/ReefRanger/robot/robot/build/gototable/install.log --single-version-externally-managed install_data
