running egg_info
writing ../../build/movetable/movetable.egg-info/PKG-INFO
writing dependency_links to ../../build/movetable/movetable.egg-info/dependency_links.txt
writing entry points to ../../build/movetable/movetable.egg-info/entry_points.txt
writing requirements to ../../build/movetable/movetable.egg-info/requires.txt
writing top-level names to ../../build/movetable/movetable.egg-info/top_level.txt
reading manifest file '../../build/movetable/movetable.egg-info/SOURCES.txt'
writing manifest file '../../build/movetable/movetable.egg-info/SOURCES.txt'
running build
running build_py
copying movetable/movetable.py -> /home/reefranger/Desktop/ReefRanger/robot/robot/build/movetable/build/lib/movetable
copying movetable/__init__.py -> /home/reefranger/Desktop/ReefRanger/robot/robot/build/movetable/build/lib/movetable
running install
running install_lib
byte-compiling /home/reefranger/Desktop/ReefRanger/robot/robot/install/movetable/lib/python3.10/site-packages/movetable/__init__.py to __init__.cpython-310.pyc
running install_data
copying resource/movetable -> /home/reefranger/Desktop/ReefRanger/robot/robot/install/movetable/share/ament_index/resource_index/packages
copying package.xml -> /home/reefranger/Desktop/ReefRanger/robot/robot/install/movetable/share/movetable
running install_egg_info
removing '/home/reefranger/Desktop/ReefRanger/robot/robot/install/movetable/lib/python3.10/site-packages/movetable-0.0.0-py3.10.egg-info' (and everything under it)
Copying ../../build/movetable/movetable.egg-info to /home/reefranger/Desktop/ReefRanger/robot/robot/install/movetable/lib/python3.10/site-packages/movetable-0.0.0-py3.10.egg-info
running install_scripts
error: [Errno 2] No such file or directory: '/home/reefranger/Desktop/ReefRanger/robot/robot/install/navigate_path/lib/python3.10/site-packages/navigate_path-0.0.0-py3.10.egg-info/PKG-INFO'
