[2.364s] Invoking command in '/home/reefranger/Desktop/ReefRanger/robot/robot/src/ins': PYTHONPATH=/home/reefranger/Desktop/ReefRanger/robot/robot/build/ins/prefix_override:/usr/lib/python3/dist-packages/colcon_core/task/python/colcon_distutils_commands:/home/reefranger/Desktop/ReefRanger/robot/robot/install/ins/lib/python3.10/site-packages:${PYTHONPATH} /usr/bin/python3 -W ignore:setup.py install is deprecated setup.py egg_info --egg-base ../../build/ins build --build-base /home/reefranger/Desktop/ReefRanger/robot/robot/build/ins/build install --record /home/reefranger/Desktop/ReefRanger/robot/robot/build/ins/install.log --single-version-externally-managed install_data
[2.690s] /home/reefranger/.local/lib/python3.10/site-packages/setuptools/_distutils/dist.py:261: UserWarning: Unknown distribution option: 'tests_require'
[2.690s]   warnings.warn(msg)
[2.901s] running egg_info
[2.930s] creating ../../build/ins/ins.egg-info
[2.931s] writing ../../build/ins/ins.egg-info/PKG-INFO
[2.932s] writing dependency_links to ../../build/ins/ins.egg-info/dependency_links.txt
[2.934s] writing entry points to ../../build/ins/ins.egg-info/entry_points.txt
[2.934s] writing requirements to ../../build/ins/ins.egg-info/requires.txt
[2.934s] writing top-level names to ../../build/ins/ins.egg-info/top_level.txt
[2.934s] writing manifest file '../../build/ins/ins.egg-info/SOURCES.txt'
[3.016s] reading manifest file '../../build/ins/ins.egg-info/SOURCES.txt'
[3.016s] adding license file 'LICENSE'
[3.017s] writing manifest file '../../build/ins/ins.egg-info/SOURCES.txt'
[3.018s] running build
[3.018s] running build_py
[3.018s] creating /home/reefranger/Desktop/ReefRanger/robot/robot/build/ins/build/lib/ins
[3.020s] copying ins/ins.py -> /home/reefranger/Desktop/ReefRanger/robot/robot/build/ins/build/lib/ins
[3.020s] copying ins/__init__.py -> /home/reefranger/Desktop/ReefRanger/robot/robot/build/ins/build/lib/ins
[3.020s] running install
[3.025s] running install_lib
[3.087s] creating /home/reefranger/Desktop/ReefRanger/robot/robot/install/ins/lib/python3.10/site-packages/ins
[3.087s] copying /home/reefranger/Desktop/ReefRanger/robot/robot/build/ins/build/lib/ins/ins.py -> /home/reefranger/Desktop/ReefRanger/robot/robot/install/ins/lib/python3.10/site-packages/ins
[3.087s] copying /home/reefranger/Desktop/ReefRanger/robot/robot/build/ins/build/lib/ins/__init__.py -> /home/reefranger/Desktop/ReefRanger/robot/robot/install/ins/lib/python3.10/site-packages/ins
[3.088s] byte-compiling /home/reefranger/Desktop/ReefRanger/robot/robot/install/ins/lib/python3.10/site-packages/ins/ins.py to ins.cpython-310.pyc
[3.093s] byte-compiling /home/reefranger/Desktop/ReefRanger/robot/robot/install/ins/lib/python3.10/site-packages/ins/__init__.py to __init__.cpython-310.pyc
[3.093s] running install_data
[3.093s] creating /home/reefranger/Desktop/ReefRanger/robot/robot/install/ins/share/ament_index/resource_index/packages
[3.094s] copying resource/ins -> /home/reefranger/Desktop/ReefRanger/robot/robot/install/ins/share/ament_index/resource_index/packages
[3.094s] copying package.xml -> /home/reefranger/Desktop/ReefRanger/robot/robot/install/ins/share/ins
[3.094s] running install_egg_info
[3.161s] Copying ../../build/ins/ins.egg-info to /home/reefranger/Desktop/ReefRanger/robot/robot/install/ins/lib/python3.10/site-packages/ins-0.0.0-py3.10.egg-info
[3.164s] running install_scripts
[3.652s] Installing ins script to /home/reefranger/Desktop/ReefRanger/robot/robot/install/ins/lib/ins
[3.653s] writing list of installed files to '/home/reefranger/Desktop/ReefRanger/robot/robot/build/ins/install.log'
[3.938s] Invoked command in '/home/reefranger/Desktop/ReefRanger/robot/robot/src/ins' returned '0': PYTHONPATH=/home/reefranger/Desktop/ReefRanger/robot/robot/build/ins/prefix_override:/usr/lib/python3/dist-packages/colcon_core/task/python/colcon_distutils_commands:/home/reefranger/Desktop/ReefRanger/robot/robot/install/ins/lib/python3.10/site-packages:${PYTHONPATH} /usr/bin/python3 -W ignore:setup.py install is deprecated setup.py egg_info --egg-base ../../build/ins build --build-base /home/reefranger/Desktop/ReefRanger/robot/robot/build/ins/build install --record /home/reefranger/Desktop/ReefRanger/robot/robot/build/ins/install.log --single-version-externally-managed install_data
