[1.599s] Invoking command in '/home/reefranger/Desktop/ReefRanger/robot/robot/src/pidtable': PYTHONPATH=/home/reefranger/Desktop/ReefRanger/robot/robot/build/pidtable/prefix_override:/usr/lib/python3/dist-packages/colcon_core/task/python/colcon_distutils_commands:/home/reefranger/Desktop/ReefRanger/robot/robot/install/pidtable/lib/python3.10/site-packages:${PYTHONPATH} /usr/bin/python3 -W ignore:setup.py install is deprecated setup.py egg_info --egg-base ../../build/pidtable build --build-base /home/reefranger/Desktop/ReefRanger/robot/robot/build/pidtable/build install --record /home/reefranger/Desktop/ReefRanger/robot/robot/build/pidtable/install.log --single-version-externally-managed install_data
[1.816s] running egg_info
[1.831s] writing ../../build/pidtable/pidtable.egg-info/PKG-INFO
[1.831s] writing dependency_links to ../../build/pidtable/pidtable.egg-info/dependency_links.txt
[1.831s] writing requirements to ../../build/pidtable/pidtable.egg-info/requires.txt
[1.831s] writing top-level names to ../../build/pidtable/pidtable.egg-info/top_level.txt
[1.863s] reading manifest file '../../build/pidtable/pidtable.egg-info/SOURCES.txt'
[1.864s] adding license file 'LICENSE'
[1.864s] writing manifest file '../../build/pidtable/pidtable.egg-info/SOURCES.txt'
[1.864s] running build
[1.865s] running build_py
[1.865s] copying pidtable/pidtable.py -> /home/reefranger/Desktop/ReefRanger/robot/robot/build/pidtable/build/lib/pidtable
[1.865s] copying pidtable/__init__.py -> /home/reefranger/Desktop/ReefRanger/robot/robot/build/pidtable/build/lib/pidtable
[1.865s] running install
[1.868s] running install_lib
[1.883s] running install_data
[1.884s] copying resource/pidtable -> /home/reefranger/Desktop/ReefRanger/robot/robot/install/pidtable/share/ament_index/resource_index/packages
[1.884s] copying package.xml -> /home/reefranger/Desktop/ReefRanger/robot/robot/install/pidtable/share/pidtable
[1.884s] running install_egg_info
[1.900s] removing '/home/reefranger/Desktop/ReefRanger/robot/robot/install/pidtable/lib/python3.10/site-packages/pidtable-0.0.0-py3.10.egg-info' (and everything under it)
[1.901s] Copying ../../build/pidtable/pidtable.egg-info to /home/reefranger/Desktop/ReefRanger/robot/robot/install/pidtable/lib/python3.10/site-packages/pidtable-0.0.0-py3.10.egg-info
[1.901s] running install_scripts
[2.022s] writing list of installed files to '/home/reefranger/Desktop/ReefRanger/robot/robot/build/pidtable/install.log'
[2.037s] Invoked command in '/home/reefranger/Desktop/ReefRanger/robot/robot/src/pidtable' returned '0': PYTHONPATH=/home/reefranger/Desktop/ReefRanger/robot/robot/build/pidtable/prefix_override:/usr/lib/python3/dist-packages/colcon_core/task/python/colcon_distutils_commands:/home/reefranger/Desktop/ReefRanger/robot/robot/install/pidtable/lib/python3.10/site-packages:${PYTHONPATH} /usr/bin/python3 -W ignore:setup.py install is deprecated setup.py egg_info --egg-base ../../build/pidtable build --build-base /home/reefranger/Desktop/ReefRanger/robot/robot/build/pidtable/build install --record /home/reefranger/Desktop/ReefRanger/robot/robot/build/pidtable/install.log --single-version-externally-managed install_data
