[1.728s] Invoking command in '/home/reefranger/Desktop/ReefRanger/robot/robot/src/save_detect': PYTHONPATH=/home/reefranger/Desktop/ReefRanger/robot/robot/build/save_detect/prefix_override:/usr/lib/python3/dist-packages/colcon_core/task/python/colcon_distutils_commands:/home/reefranger/Desktop/ReefRanger/robot/robot/install/save_detect/lib/python3.10/site-packages:${PYTHONPATH} /usr/bin/python3 -W ignore:setup.py install is deprecated setup.py egg_info --egg-base ../../build/save_detect build --build-base /home/reefranger/Desktop/ReefRanger/robot/robot/build/save_detect/build install --record /home/reefranger/Desktop/ReefRanger/robot/robot/build/save_detect/install.log --single-version-externally-managed install_data
[1.963s] running egg_info
[1.978s] writing ../../build/save_detect/save_detect.egg-info/PKG-INFO
[1.979s] writing dependency_links to ../../build/save_detect/save_detect.egg-info/dependency_links.txt
[1.979s] writing entry points to ../../build/save_detect/save_detect.egg-info/entry_points.txt
[1.979s] writing requirements to ../../build/save_detect/save_detect.egg-info/requires.txt
[1.979s] writing top-level names to ../../build/save_detect/save_detect.egg-info/top_level.txt
[2.016s] reading manifest file '../../build/save_detect/save_detect.egg-info/SOURCES.txt'
[2.016s] adding license file 'LICENSE'
[2.017s] writing manifest file '../../build/save_detect/save_detect.egg-info/SOURCES.txt'
[2.017s] running build
[2.017s] running build_py
[2.017s] copying save_detect/subscriber_detect.py -> /home/reefranger/Desktop/ReefRanger/robot/robot/build/save_detect/build/lib/save_detect
[2.017s] copying save_detect/save_detect (copy).py -> /home/reefranger/Desktop/ReefRanger/robot/robot/build/save_detect/build/lib/save_detect
[2.018s] copying save_detect/save_detect.py -> /home/reefranger/Desktop/ReefRanger/robot/robot/build/save_detect/build/lib/save_detect
[2.018s] copying save_detect/publisher_detect.py -> /home/reefranger/Desktop/ReefRanger/robot/robot/build/save_detect/build/lib/save_detect
[2.018s] copying save_detect/__init__.py -> /home/reefranger/Desktop/ReefRanger/robot/robot/build/save_detect/build/lib/save_detect
[2.018s] copying save_detect/save_detect_final.py -> /home/reefranger/Desktop/ReefRanger/robot/robot/build/save_detect/build/lib/save_detect
[2.019s] running install
[2.023s] running install_lib
[2.039s] byte-compiling /home/reefranger/Desktop/ReefRanger/robot/robot/install/save_detect/lib/python3.10/site-packages/save_detect/__init__.py to __init__.cpython-310.pyc
[2.039s] running install_data
[2.039s] copying resource/save_detect -> /home/reefranger/Desktop/ReefRanger/robot/robot/install/save_detect/share/ament_index/resource_index/packages
[2.039s] copying package.xml -> /home/reefranger/Desktop/ReefRanger/robot/robot/install/save_detect/share/save_detect
[2.040s] running install_egg_info
[2.055s] removing '/home/reefranger/Desktop/ReefRanger/robot/robot/install/save_detect/lib/python3.10/site-packages/save_detect-0.0.0-py3.10.egg-info' (and everything under it)
[2.055s] Copying ../../build/save_detect/save_detect.egg-info to /home/reefranger/Desktop/ReefRanger/robot/robot/install/save_detect/lib/python3.10/site-packages/save_detect-0.0.0-py3.10.egg-info
[2.055s] running install_scripts
[2.179s] Installing save_detect script to /home/reefranger/Desktop/ReefRanger/robot/robot/install/save_detect/lib/save_detect
[2.180s] writing list of installed files to '/home/reefranger/Desktop/ReefRanger/robot/robot/build/save_detect/install.log'
[2.196s] Invoked command in '/home/reefranger/Desktop/ReefRanger/robot/robot/src/save_detect' returned '0': PYTHONPATH=/home/reefranger/Desktop/ReefRanger/robot/robot/build/save_detect/prefix_override:/usr/lib/python3/dist-packages/colcon_core/task/python/colcon_distutils_commands:/home/reefranger/Desktop/ReefRanger/robot/robot/install/save_detect/lib/python3.10/site-packages:${PYTHONPATH} /usr/bin/python3 -W ignore:setup.py install is deprecated setup.py egg_info --egg-base ../../build/save_detect build --build-base /home/reefranger/Desktop/ReefRanger/robot/robot/build/save_detect/build install --record /home/reefranger/Desktop/ReefRanger/robot/robot/build/save_detect/install.log --single-version-externally-managed install_data
