running egg_info
writing ../../build/robotpub/robotpub.egg-info/PKG-INFO
writing dependency_links to ../../build/robotpub/robotpub.egg-info/dependency_links.txt
writing requirements to ../../build/robotpub/robotpub.egg-info/requires.txt
writing top-level names to ../../build/robotpub/robotpub.egg-info/top_level.txt
reading manifest file '../../build/robotpub/robotpub.egg-info/SOURCES.txt'
adding license file 'LICENSE'
writing manifest file '../../build/robotpub/robotpub.egg-info/SOURCES.txt'
running build
running build_py
copying robotpub/__init__.py -> /home/reefranger/Desktop/ReefRanger/robot/robot/build/robotpub/build/lib/robotpub
running install
running install_lib
byte-compiling /home/reefranger/Desktop/ReefRanger/robot/robot/install/robotpub/lib/python3.10/site-packages/robotpub/__init__.py to __init__.cpython-310.pyc
running install_data
copying resource/robotpub -> /home/reefranger/Desktop/ReefRanger/robot/robot/install/robotpub/share/ament_index/resource_index/packages
copying package.xml -> /home/reefranger/Desktop/ReefRanger/robot/robot/install/robotpub/share/robotpub
running install_egg_info
removing '/home/reefranger/Desktop/ReefRanger/robot/robot/install/robotpub/lib/python3.10/site-packages/robotpub-0.0.0-py3.10.egg-info' (and everything under it)
Copying ../../build/robotpub/robotpub.egg-info to /home/reefranger/Desktop/ReefRanger/robot/robot/install/robotpub/lib/python3.10/site-packages/robotpub-0.0.0-py3.10.egg-info
running install_scripts
writing list of installed files to '/home/reefranger/Desktop/ReefRanger/robot/robot/build/robotpub/install.log'
