[1.734s] Invoking command in '/home/reefranger/Desktop/ReefRanger/robot/robot/src/robotpub': PYTHONPATH=/home/reefranger/Desktop/ReefRanger/robot/robot/build/robotpub/prefix_override:/usr/lib/python3/dist-packages/colcon_core/task/python/colcon_distutils_commands:/home/reefranger/Desktop/ReefRanger/robot/robot/install/robotpub/lib/python3.10/site-packages:${PYTHONPATH} /usr/bin/python3 -W ignore:setup.py install is deprecated setup.py egg_info --egg-base ../../build/robotpub build --build-base /home/reefranger/Desktop/ReefRanger/robot/robot/build/robotpub/build install --record /home/reefranger/Desktop/ReefRanger/robot/robot/build/robotpub/install.log --single-version-externally-managed install_data
[1.973s] running egg_info
[1.989s] writing ../../build/robotpub/robotpub.egg-info/PKG-INFO
[1.989s] writing dependency_links to ../../build/robotpub/robotpub.egg-info/dependency_links.txt
[1.989s] writing requirements to ../../build/robotpub/robotpub.egg-info/requires.txt
[1.989s] writing top-level names to ../../build/robotpub/robotpub.egg-info/top_level.txt
[2.024s] reading manifest file '../../build/robotpub/robotpub.egg-info/SOURCES.txt'
[2.024s] adding license file 'LICENSE'
[2.025s] writing manifest file '../../build/robotpub/robotpub.egg-info/SOURCES.txt'
[2.025s] running build
[2.025s] running build_py
[2.025s] copying robotpub/__init__.py -> /home/reefranger/Desktop/ReefRanger/robot/robot/build/robotpub/build/lib/robotpub
[2.025s] running install
[2.029s] running install_lib
[2.046s] byte-compiling /home/reefranger/Desktop/ReefRanger/robot/robot/install/robotpub/lib/python3.10/site-packages/robotpub/__init__.py to __init__.cpython-310.pyc
[2.046s] running install_data
[2.046s] copying resource/robotpub -> /home/reefranger/Desktop/ReefRanger/robot/robot/install/robotpub/share/ament_index/resource_index/packages
[2.046s] copying package.xml -> /home/reefranger/Desktop/ReefRanger/robot/robot/install/robotpub/share/robotpub
[2.046s] running install_egg_info
[2.063s] removing '/home/reefranger/Desktop/ReefRanger/robot/robot/install/robotpub/lib/python3.10/site-packages/robotpub-0.0.0-py3.10.egg-info' (and everything under it)
[2.063s] Copying ../../build/robotpub/robotpub.egg-info to /home/reefranger/Desktop/ReefRanger/robot/robot/install/robotpub/lib/python3.10/site-packages/robotpub-0.0.0-py3.10.egg-info
[2.064s] running install_scripts
[2.189s] writing list of installed files to '/home/reefranger/Desktop/ReefRanger/robot/robot/build/robotpub/install.log'
[2.211s] Invoked command in '/home/reefranger/Desktop/ReefRanger/robot/robot/src/robotpub' returned '0': PYTHONPATH=/home/reefranger/Desktop/ReefRanger/robot/robot/build/robotpub/prefix_override:/usr/lib/python3/dist-packages/colcon_core/task/python/colcon_distutils_commands:/home/reefranger/Desktop/ReefRanger/robot/robot/install/robotpub/lib/python3.10/site-packages:${PYTHONPATH} /usr/bin/python3 -W ignore:setup.py install is deprecated setup.py egg_info --egg-base ../../build/robotpub build --build-base /home/reefranger/Desktop/ReefRanger/robot/robot/build/robotpub/build install --record /home/reefranger/Desktop/ReefRanger/robot/robot/build/robotpub/install.log --single-version-externally-managed install_data
