-- The C compiler identification is GNU 11.4.0
-- The CXX compiler identification is GNU 11.4.0
-- Detecting C compiler ABI info
-- Detecting C compiler ABI info - done
-- Check for working C compiler: /usr/bin/cc - skipped
-- Detecting C compile features
-- Detecting C compile features - done
-- Detecting CXX compiler ABI info
-- Detecting CXX compiler ABI info - done
-- Check for working CXX compiler: /usr/bin/c++ - skipped
-- Detecting CXX compile features
-- Detecting CXX compile features - done
-- Performing Test COMPILER_SUPPORTS_CXX17
-- Performing Test COMPILER_SUPPORTS_CXX17 - Success
-- Using flag -std=c++17.
-- Found ament_cmake: 1.3.10 (/opt/ros/humble/share/ament_cmake/cmake)
-- Found Python3: /usr/bin/python3 (found version "3.10.12") found components: Interpreter 
-- Found rclcpp: 16.0.10 (/opt/ros/humble/share/rclcpp/cmake)
-- Found rosidl_generator_c: 3.1.5 (/opt/ros/humble/share/rosidl_generator_c/cmake)
-- Found rosidl_adapter: 3.1.5 (/opt/ros/humble/share/rosidl_adapter/cmake)
-- Found rosidl_generator_cpp: 3.1.5 (/opt/ros/humble/share/rosidl_generator_cpp/cmake)
-- Using all available rosidl_typesupport_c: rosidl_typesupport_fastrtps_c;rosidl_typesupport_introspection_c
-- Using all available rosidl_typesupport_cpp: rosidl_typesupport_fastrtps_cpp;rosidl_typesupport_introspection_cpp
-- Found rmw_implementation_cmake: 6.1.2 (/opt/ros/humble/share/rmw_implementation_cmake/cmake)
-- Found rmw_fastrtps_cpp: 6.2.7 (/opt/ros/humble/share/rmw_fastrtps_cpp/cmake)
-- Found OpenSSL: /usr/local/lib/libcrypto.so (found version "1.1.1u")  
-- Found FastRTPS: /opt/ros/humble/include  
-- Using RMW implementation 'rmw_fastrtps_cpp' as default
-- Looking for pthread.h
-- Looking for pthread.h - found
-- Performing Test CMAKE_HAVE_LIBC_PTHREAD
-- Performing Test CMAKE_HAVE_LIBC_PTHREAD - Success
-- Found Threads: TRUE  
-- Found rclpy: 3.3.14 (/opt/ros/humble/share/rclpy/cmake)
-- Found sensor_msgs: 4.2.4 (/opt/ros/humble/share/sensor_msgs/cmake)
-- Found cv_bridge: 3.2.1 (/opt/ros/humble/share/cv_bridge/cmake)
-- Found OpenCV: /usr/local (found suitable version "4.6.0", minimum required is "4.2") 
-- Found OpenGL: /usr/lib/x86_64-linux-gnu/libOpenGL.so  found components: OpenGL 
-- Found image_transport: 3.1.9 (/opt/ros/humble/share/image_transport/cmake)
-- Found tf2_ros: 0.25.8 (/opt/ros/humble/share/tf2_ros/cmake)
-- Found tf2_geometry_msgs: 0.25.8 (/opt/ros/humble/share/tf2_geometry_msgs/cmake)
-- Found eigen3_cmake_module: 0.1.1 (/opt/ros/humble/share/eigen3_cmake_module/cmake)
-- Found Eigen3: TRUE (found version "3.4.0") 
-- Ensuring Eigen3 include directory is part of orocos-kdl CMake target
-- Found nav_msgs: 4.2.4 (/opt/ros/humble/share/nav_msgs/cmake)
-- Configuring done
-- Generating done
-- Build files have been written to: /home/reefranger/Desktop/ReefRanger/robot/robot/build/ros2_orb_slam3
[  6%] [32mBuilding CXX object CMakeFiles/orb_slam3_lib.dir/orb_slam3/src/Tracking.cc.o[0m
[  6%] [32mBuilding CXX object CMakeFiles/orb_slam3_lib.dir/orb_slam3/src/System.cc.o[0m
[  9%] [32mBuilding CXX object CMakeFiles/orb_slam3_lib.dir/orb_slam3/src/LoopClosing.cc.o[0m
[ 15%] [32mBuilding CXX object CMakeFiles/orb_slam3_lib.dir/orb_slam3/src/LocalMapping.cc.o[0m
[ 12%] [32mBuilding CXX object CMakeFiles/orb_slam3_lib.dir/orb_slam3/src/ORBmatcher.cc.o[0m
[ 18%] [32mBuilding CXX object CMakeFiles/orb_slam3_lib.dir/orb_slam3/src/FrameDrawer.cc.o[0m
[ 21%] [32mBuilding CXX object CMakeFiles/orb_slam3_lib.dir/orb_slam3/src/MapPoint.cc.o[0m
[ 25%] [32mBuilding CXX object CMakeFiles/orb_slam3_lib.dir/orb_slam3/src/ORBextractor.cc.o[0m
[ 28%] [32mBuilding CXX object CMakeFiles/orb_slam3_lib.dir/orb_slam3/src/Converter.cc.o[0m
[ 28%] Built target ament_cmake_python_copy_ros2_orb_slam3
[ 31%] [32mBuilding CXX object CMakeFiles/orb_slam3_lib.dir/orb_slam3/src/KeyFrame.cc.o[0m
[ 34%] [32mBuilding CXX object CMakeFiles/orb_slam3_lib.dir/orb_slam3/src/Atlas.cc.o[0m
running egg_info
creating ros2_orb_slam3.egg-info
writing ros2_orb_slam3.egg-info/PKG-INFO
writing dependency_links to ros2_orb_slam3.egg-info/dependency_links.txt
writing top-level names to ros2_orb_slam3.egg-info/top_level.txt
writing manifest file 'ros2_orb_slam3.egg-info/SOURCES.txt'
reading manifest file 'ros2_orb_slam3.egg-info/SOURCES.txt'
writing manifest file 'ros2_orb_slam3.egg-info/SOURCES.txt'
[ 34%] Built target ament_cmake_python_build_ros2_orb_slam3_egg
[ 37%] [32mBuilding CXX object CMakeFiles/orb_slam3_lib.dir/orb_slam3/src/Map.cc.o[0m
[ 40%] [32mBuilding CXX object CMakeFiles/orb_slam3_lib.dir/orb_slam3/src/MapDrawer.cc.o[0m
[ 43%] [32mBuilding CXX object CMakeFiles/orb_slam3_lib.dir/orb_slam3/src/Optimizer.cc.o[0m
[ 46%] [32mBuilding CXX object CMakeFiles/orb_slam3_lib.dir/orb_slam3/src/Frame.cc.o[0m
[ 50%] [32mBuilding CXX object CMakeFiles/orb_slam3_lib.dir/orb_slam3/src/KeyFrameDatabase.cc.o[0m
[ 53%] [32mBuilding CXX object CMakeFiles/orb_slam3_lib.dir/orb_slam3/src/Sim3Solver.cc.o[0m
[ 56%] [32mBuilding CXX object CMakeFiles/orb_slam3_lib.dir/orb_slam3/src/Viewer.cc.o[0m
[ 59%] [32mBuilding CXX object CMakeFiles/orb_slam3_lib.dir/orb_slam3/src/ImuTypes.cc.o[0m
[ 62%] [32mBuilding CXX object CMakeFiles/orb_slam3_lib.dir/orb_slam3/src/G2oTypes.cc.o[0m
[ 65%] [32mBuilding CXX object CMakeFiles/orb_slam3_lib.dir/orb_slam3/src/CameraModels/Pinhole.cpp.o[0m
[ 68%] [32mBuilding CXX object CMakeFiles/orb_slam3_lib.dir/orb_slam3/src/CameraModels/KannalaBrandt8.cpp.o[0m
[ 71%] [32mBuilding CXX object CMakeFiles/orb_slam3_lib.dir/orb_slam3/src/OptimizableTypes.cpp.o[0m
[ 75%] [32mBuilding CXX object CMakeFiles/orb_slam3_lib.dir/orb_slam3/src/MLPnPsolver.cpp.o[0m
[ 78%] [32mBuilding CXX object CMakeFiles/orb_slam3_lib.dir/orb_slam3/src/GeometricTools.cc.o[0m
[ 81%] [32mBuilding CXX object CMakeFiles/orb_slam3_lib.dir/orb_slam3/src/TwoViewReconstruction.cc.o[0m
[ 84%] [32mBuilding CXX object CMakeFiles/orb_slam3_lib.dir/orb_slam3/src/Config.cc.o[0m
[ 87%] [32mBuilding CXX object CMakeFiles/orb_slam3_lib.dir/orb_slam3/src/Settings.cc.o[0m
[ 90%] [32m[1mLinking CXX shared library liborb_slam3_lib.so[0m
[ 90%] Built target orb_slam3_lib
[ 93%] [32mBuilding CXX object CMakeFiles/mono_node_cpp.dir/src/mono_example.cpp.o[0m
[ 96%] [32mBuilding CXX object CMakeFiles/mono_node_cpp.dir/src/common.cpp.o[0m
[100%] [32m[1mLinking CXX executable mono_node_cpp[0m
[100%] Built target mono_node_cpp
-- Install configuration: ""
-- Installing: /home/reefranger/Desktop/ReefRanger/robot/robot/install/ros2_orb_slam3/lib/libDBoW2.so
-- Installing: /home/reefranger/Desktop/ReefRanger/robot/robot/install/ros2_orb_slam3/lib/libg2o.so
-- Installing: /home/reefranger/Desktop/ReefRanger/robot/robot/install/ros2_orb_slam3/include
-- Installing: /home/reefranger/Desktop/ReefRanger/robot/robot/install/ros2_orb_slam3/include/ros2_orb_slam3
-- Installing: /home/reefranger/Desktop/ReefRanger/robot/robot/install/ros2_orb_slam3/include/ros2_orb_slam3/common.hpp
-- Installing: /home/reefranger/Desktop/ReefRanger/robot/robot/install/ros2_orb_slam3/lib/ros2_orb_slam3/mono_node_cpp
-- Set runtime path of "/home/reefranger/Desktop/ReefRanger/robot/robot/install/ros2_orb_slam3/lib/ros2_orb_slam3/mono_node_cpp" to ""
-- Installing: /home/reefranger/Desktop/ReefRanger/robot/robot/install/ros2_orb_slam3/lib/liborb_slam3_lib.so.
-- Set runtime path of "/home/reefranger/Desktop/ReefRanger/robot/robot/install/ros2_orb_slam3/lib/liborb_slam3_lib.so." to ""
-- Installing: /home/reefranger/Desktop/ReefRanger/robot/robot/install/ros2_orb_slam3/lib/liborb_slam3_lib.so
-- Installing: /home/reefranger/Desktop/ReefRanger/robot/robot/install/ros2_orb_slam3/share/ros2_orb_slam3/environment/pythonpath.sh
-- Installing: /home/reefranger/Desktop/ReefRanger/robot/robot/install/ros2_orb_slam3/share/ros2_orb_slam3/environment/pythonpath.dsv
-- Installing: /home/reefranger/Desktop/ReefRanger/robot/robot/install/ros2_orb_slam3/local/lib/python3.10/dist-packages/ros2_orb_slam3-1.0.0-py3.10.egg-info
-- Installing: /home/reefranger/Desktop/ReefRanger/robot/robot/install/ros2_orb_slam3/local/lib/python3.10/dist-packages/ros2_orb_slam3-1.0.0-py3.10.egg-info/dependency_links.txt
-- Installing: /home/reefranger/Desktop/ReefRanger/robot/robot/install/ros2_orb_slam3/local/lib/python3.10/dist-packages/ros2_orb_slam3-1.0.0-py3.10.egg-info/SOURCES.txt
-- Installing: /home/reefranger/Desktop/ReefRanger/robot/robot/install/ros2_orb_slam3/local/lib/python3.10/dist-packages/ros2_orb_slam3-1.0.0-py3.10.egg-info/PKG-INFO
-- Installing: /home/reefranger/Desktop/ReefRanger/robot/robot/install/ros2_orb_slam3/local/lib/python3.10/dist-packages/ros2_orb_slam3-1.0.0-py3.10.egg-info/top_level.txt
-- Installing: /home/reefranger/Desktop/ReefRanger/robot/robot/install/ros2_orb_slam3/local/lib/python3.10/dist-packages/ros2_orb_slam3
-- Installing: /home/reefranger/Desktop/ReefRanger/robot/robot/install/ros2_orb_slam3/local/lib/python3.10/dist-packages/ros2_orb_slam3/__init__.py
Listing '/home/reefranger/Desktop/ReefRanger/robot/robot/install/ros2_orb_slam3/local/lib/python3.10/dist-packages/ros2_orb_slam3'...
Compiling '/home/reefranger/Desktop/ReefRanger/robot/robot/install/ros2_orb_slam3/local/lib/python3.10/dist-packages/ros2_orb_slam3/__init__.py'...
-- Installing: /home/reefranger/Desktop/ReefRanger/robot/robot/install/ros2_orb_slam3/lib/ros2_orb_slam3/mono_driver_node.py
-- Installing: /home/reefranger/Desktop/ReefRanger/robot/robot/install/ros2_orb_slam3/share/ament_index/resource_index/package_run_dependencies/ros2_orb_slam3
-- Installing: /home/reefranger/Desktop/ReefRanger/robot/robot/install/ros2_orb_slam3/share/ament_index/resource_index/parent_prefix_path/ros2_orb_slam3
-- Installing: /home/reefranger/Desktop/ReefRanger/robot/robot/install/ros2_orb_slam3/share/ros2_orb_slam3/environment/ament_prefix_path.sh
-- Installing: /home/reefranger/Desktop/ReefRanger/robot/robot/install/ros2_orb_slam3/share/ros2_orb_slam3/environment/ament_prefix_path.dsv
-- Installing: /home/reefranger/Desktop/ReefRanger/robot/robot/install/ros2_orb_slam3/share/ros2_orb_slam3/environment/path.sh
-- Installing: /home/reefranger/Desktop/ReefRanger/robot/robot/install/ros2_orb_slam3/share/ros2_orb_slam3/environment/path.dsv
-- Installing: /home/reefranger/Desktop/ReefRanger/robot/robot/install/ros2_orb_slam3/share/ros2_orb_slam3/local_setup.bash
-- Installing: /home/reefranger/Desktop/ReefRanger/robot/robot/install/ros2_orb_slam3/share/ros2_orb_slam3/local_setup.sh
-- Installing: /home/reefranger/Desktop/ReefRanger/robot/robot/install/ros2_orb_slam3/share/ros2_orb_slam3/local_setup.zsh
-- Installing: /home/reefranger/Desktop/ReefRanger/robot/robot/install/ros2_orb_slam3/share/ros2_orb_slam3/local_setup.dsv
-- Installing: /home/reefranger/Desktop/ReefRanger/robot/robot/install/ros2_orb_slam3/share/ros2_orb_slam3/package.dsv
-- Installing: /home/reefranger/Desktop/ReefRanger/robot/robot/install/ros2_orb_slam3/share/ament_index/resource_index/packages/ros2_orb_slam3
-- Installing: /home/reefranger/Desktop/ReefRanger/robot/robot/install/ros2_orb_slam3/share/ros2_orb_slam3/cmake/ament_cmake_export_include_directories-extras.cmake
-- Installing: /home/reefranger/Desktop/ReefRanger/robot/robot/install/ros2_orb_slam3/share/ros2_orb_slam3/cmake/ament_cmake_export_dependencies-extras.cmake
-- Installing: /home/reefranger/Desktop/ReefRanger/robot/robot/install/ros2_orb_slam3/share/ros2_orb_slam3/cmake/ros2_orb_slam3Config.cmake
-- Installing: /home/reefranger/Desktop/ReefRanger/robot/robot/install/ros2_orb_slam3/share/ros2_orb_slam3/cmake/ros2_orb_slam3Config-version.cmake
-- Installing: /home/reefranger/Desktop/ReefRanger/robot/robot/install/ros2_orb_slam3/share/ros2_orb_slam3/package.xml
