[1.992s] Invoking command in '/home/reefranger/Desktop/ReefRanger/robot/robot/src/navigate_path': PYTHONPATH=/home/reefranger/Desktop/ReefRanger/robot/robot/build/navigate_path/prefix_override:/usr/lib/python3/dist-packages/colcon_core/task/python/colcon_distutils_commands:/home/reefranger/Desktop/ReefRanger/robot/robot/install/navigate_path/lib/python3.10/site-packages:${PYTHONPATH} /usr/bin/python3 -W ignore:setup.py install is deprecated setup.py egg_info --egg-base ../../build/navigate_path build --build-base /home/reefranger/Desktop/ReefRanger/robot/robot/build/navigate_path/build install --record /home/reefranger/Desktop/ReefRanger/robot/robot/build/navigate_path/install.log --single-version-externally-managed install_data
[2.215s] /home/reefranger/.local/lib/python3.10/site-packages/setuptools/_distutils/dist.py:261: UserWarning: Unknown distribution option: 'tests_require'
[2.215s]   warnings.warn(msg)
[2.403s] running egg_info
[2.432s] writing ../../build/navigate_path/navigate_path.egg-info/PKG-INFO
[2.432s] writing dependency_links to ../../build/navigate_path/navigate_path.egg-info/dependency_links.txt
[2.433s] writing entry points to ../../build/navigate_path/navigate_path.egg-info/entry_points.txt
[2.434s] writing requirements to ../../build/navigate_path/navigate_path.egg-info/requires.txt
[2.434s] writing top-level names to ../../build/navigate_path/navigate_path.egg-info/top_level.txt
[2.500s] reading manifest file '../../build/navigate_path/navigate_path.egg-info/SOURCES.txt'
[2.500s] adding license file 'LICENSE'
[2.502s] writing manifest file '../../build/navigate_path/navigate_path.egg-info/SOURCES.txt'
[2.502s] running build
[2.502s] running build_py
[2.502s] copying navigate_path/navigate_path_old.py -> /home/reefranger/Desktop/ReefRanger/robot/robot/build/navigate_path/build/lib/navigate_path
[2.503s] copying navigate_path/navigate_path.py -> /home/reefranger/Desktop/ReefRanger/robot/robot/build/navigate_path/build/lib/navigate_path
[2.503s] copying navigate_path/__init__.py -> /home/reefranger/Desktop/ReefRanger/robot/robot/build/navigate_path/build/lib/navigate_path
[2.503s] running install
[2.511s] running install_lib
[2.538s] running install_data
[2.539s] copying resource/navigate_path -> /home/reefranger/Desktop/ReefRanger/robot/robot/install/navigate_path/share/ament_index/resource_index/packages
[2.542s] copying package.xml -> /home/reefranger/Desktop/ReefRanger/robot/robot/install/navigate_path/share/navigate_path
[2.542s] running install_egg_info
[2.569s] removing '/home/reefranger/Desktop/ReefRanger/robot/robot/install/navigate_path/lib/python3.10/site-packages/navigate_path-0.0.0-py3.10.egg-info' (and everything under it)
[2.569s] Copying ../../build/navigate_path/navigate_path.egg-info to /home/reefranger/Desktop/ReefRanger/robot/robot/install/navigate_path/lib/python3.10/site-packages/navigate_path-0.0.0-py3.10.egg-info
[2.571s] running install_scripts
[2.942s] Installing navigate_path script to /home/reefranger/Desktop/ReefRanger/robot/robot/install/navigate_path/lib/navigate_path
[2.946s] writing list of installed files to '/home/reefranger/Desktop/ReefRanger/robot/robot/build/navigate_path/install.log'
[3.039s] Invoked command in '/home/reefranger/Desktop/ReefRanger/robot/robot/src/navigate_path' returned '0': PYTHONPATH=/home/reefranger/Desktop/ReefRanger/robot/robot/build/navigate_path/prefix_override:/usr/lib/python3/dist-packages/colcon_core/task/python/colcon_distutils_commands:/home/reefranger/Desktop/ReefRanger/robot/robot/install/navigate_path/lib/python3.10/site-packages:${PYTHONPATH} /usr/bin/python3 -W ignore:setup.py install is deprecated setup.py egg_info --egg-base ../../build/navigate_path build --build-base /home/reefranger/Desktop/ReefRanger/robot/robot/build/navigate_path/build install --record /home/reefranger/Desktop/ReefRanger/robot/robot/build/navigate_path/install.log --single-version-externally-managed install_data
