[2.461s] Invoking command in '/home/reefranger/Desktop/ReefRanger/robot/robot/src/moveovertable': PYTHONPATH=/home/reefranger/Desktop/ReefRanger/robot/robot/build/moveovertable/prefix_override:/usr/lib/python3/dist-packages/colcon_core/task/python/colcon_distutils_commands:/home/reefranger/Desktop/ReefRanger/robot/robot/install/moveovertable/lib/python3.10/site-packages:${PYTHONPATH} /usr/bin/python3 -W ignore:setup.py install is deprecated setup.py egg_info --egg-base ../../build/moveovertable build --build-base /home/reefranger/Desktop/ReefRanger/robot/robot/build/moveovertable/build install --record /home/reefranger/Desktop/ReefRanger/robot/robot/build/moveovertable/install.log --single-version-externally-managed install_data
[2.674s] /home/reefranger/.local/lib/python3.10/site-packages/setuptools/_distutils/dist.py:261: UserWarning: Unknown distribution option: 'tests_require'
[2.674s]   warnings.warn(msg)
[2.860s] running egg_info
[2.887s] writing ../../build/moveovertable/moveovertable.egg-info/PKG-INFO
[2.894s] writing dependency_links to ../../build/moveovertable/moveovertable.egg-info/dependency_links.txt
[2.895s] writing entry points to ../../build/moveovertable/moveovertable.egg-info/entry_points.txt
[2.895s] writing requirements to ../../build/moveovertable/moveovertable.egg-info/requires.txt
[2.895s] writing top-level names to ../../build/moveovertable/moveovertable.egg-info/top_level.txt
[2.954s] reading manifest file '../../build/moveovertable/moveovertable.egg-info/SOURCES.txt'
[2.955s] adding license file 'LICENSE'
[2.957s] writing manifest file '../../build/moveovertable/moveovertable.egg-info/SOURCES.txt'
[2.958s] running build
[2.958s] running build_py
[2.959s] copying moveovertable/__init__.py -> /home/reefranger/Desktop/ReefRanger/robot/robot/build/moveovertable/build/lib/moveovertable
[2.959s] copying moveovertable/moveovertable.py -> /home/reefranger/Desktop/ReefRanger/robot/robot/build/moveovertable/build/lib/moveovertable
[2.960s] running install
[2.969s] running install_lib
[2.994s] running install_data
[2.995s] copying resource/moveovertable -> /home/reefranger/Desktop/ReefRanger/robot/robot/install/moveovertable/share/ament_index/resource_index/packages
[2.998s] copying package.xml -> /home/reefranger/Desktop/ReefRanger/robot/robot/install/moveovertable/share/moveovertable
[2.998s] running install_egg_info
[3.025s] removing '/home/reefranger/Desktop/ReefRanger/robot/robot/install/moveovertable/lib/python3.10/site-packages/moveovertable-0.0.0-py3.10.egg-info' (and everything under it)
[3.025s] Copying ../../build/moveovertable/moveovertable.egg-info to /home/reefranger/Desktop/ReefRanger/robot/robot/install/moveovertable/lib/python3.10/site-packages/moveovertable-0.0.0-py3.10.egg-info
[3.027s] running install_scripts
[3.251s] Installing moveovertable script to /home/reefranger/Desktop/ReefRanger/robot/robot/install/moveovertable/lib/moveovertable
[3.252s] writing list of installed files to '/home/reefranger/Desktop/ReefRanger/robot/robot/build/moveovertable/install.log'
[3.334s] Invoked command in '/home/reefranger/Desktop/ReefRanger/robot/robot/src/moveovertable' returned '0': PYTHONPATH=/home/reefranger/Desktop/ReefRanger/robot/robot/build/moveovertable/prefix_override:/usr/lib/python3/dist-packages/colcon_core/task/python/colcon_distutils_commands:/home/reefranger/Desktop/ReefRanger/robot/robot/install/moveovertable/lib/python3.10/site-packages:${PYTHONPATH} /usr/bin/python3 -W ignore:setup.py install is deprecated setup.py egg_info --egg-base ../../build/moveovertable build --build-base /home/reefranger/Desktop/ReefRanger/robot/robot/build/moveovertable/build install --record /home/reefranger/Desktop/ReefRanger/robot/robot/build/moveovertable/install.log --single-version-externally-managed install_data
