[2.049s] Invoking command in '/home/reefranger/Desktop/ReefRanger/robot/robot/src/commander': PYTHONPATH=/home/reefranger/Desktop/ReefRanger/robot/robot/build/commander/prefix_override:/usr/lib/python3/dist-packages/colcon_core/task/python/colcon_distutils_commands:/home/reefranger/Desktop/ReefRanger/robot/robot/install/commander/lib/python3.10/site-packages:${PYTHONPATH} /usr/bin/python3 -W ignore:setup.py install is deprecated setup.py egg_info --egg-base ../../build/commander build --build-base /home/reefranger/Desktop/ReefRanger/robot/robot/build/commander/build install --record /home/reefranger/Desktop/ReefRanger/robot/robot/build/commander/install.log --single-version-externally-managed install_data
[2.437s] running egg_info
[2.461s] writing ../../build/commander/commander.egg-info/PKG-INFO
[2.462s] writing dependency_links to ../../build/commander/commander.egg-info/dependency_links.txt
[2.462s] writing entry points to ../../build/commander/commander.egg-info/entry_points.txt
[2.462s] writing requirements to ../../build/commander/commander.egg-info/requires.txt
[2.463s] writing top-level names to ../../build/commander/commander.egg-info/top_level.txt
[2.522s] reading manifest file '../../build/commander/commander.egg-info/SOURCES.txt'
[2.522s] adding license file 'LICENSE'
[2.524s] writing manifest file '../../build/commander/commander.egg-info/SOURCES.txt'
[2.524s] running build
[2.524s] running build_py
[2.524s] copying commander/commander copy.py -> /home/reefranger/Desktop/ReefRanger/robot/robot/build/commander/build/lib/commander
[2.525s] copying commander/commander.py -> /home/reefranger/Desktop/ReefRanger/robot/robot/build/commander/build/lib/commander
[2.526s] copying commander/__init__.py -> /home/reefranger/Desktop/ReefRanger/robot/robot/build/commander/build/lib/commander
[2.526s] running install
[2.533s] running install_lib
[2.566s] running install_data
[2.566s] copying resource/commander -> /home/reefranger/Desktop/ReefRanger/robot/robot/install/commander/share/ament_index/resource_index/packages
[2.568s] copying package.xml -> /home/reefranger/Desktop/ReefRanger/robot/robot/install/commander/share/commander
[2.568s] running install_egg_info
[2.599s] removing '/home/reefranger/Desktop/ReefRanger/robot/robot/install/commander/lib/python3.10/site-packages/commander-0.0.0-py3.10.egg-info' (and everything under it)
[2.599s] Copying ../../build/commander/commander.egg-info to /home/reefranger/Desktop/ReefRanger/robot/robot/install/commander/lib/python3.10/site-packages/commander-0.0.0-py3.10.egg-info
[2.600s] running install_scripts
[2.841s] Installing commander script to /home/reefranger/Desktop/ReefRanger/robot/robot/install/commander/lib/commander
[2.841s] writing list of installed files to '/home/reefranger/Desktop/ReefRanger/robot/robot/build/commander/install.log'
[2.951s] Invoked command in '/home/reefranger/Desktop/ReefRanger/robot/robot/src/commander' returned '0': PYTHONPATH=/home/reefranger/Desktop/ReefRanger/robot/robot/build/commander/prefix_override:/usr/lib/python3/dist-packages/colcon_core/task/python/colcon_distutils_commands:/home/reefranger/Desktop/ReefRanger/robot/robot/install/commander/lib/python3.10/site-packages:${PYTHONPATH} /usr/bin/python3 -W ignore:setup.py install is deprecated setup.py egg_info --egg-base ../../build/commander build --build-base /home/reefranger/Desktop/ReefRanger/robot/robot/build/commander/build install --record /home/reefranger/Desktop/ReefRanger/robot/robot/build/commander/install.log --single-version-externally-managed install_data
