[0.893s] Invoking command in '/home/reefranger/Desktop/ReefRanger/robot/robot/build/usb_cam': CMAKE_PREFIX_PATH=${CMAKE_PREFIX_PATH}:/home/reefranger/Desktop/ReefRanger/robot/robot/install/yolov8_ros:/home/reefranger/Desktop/ReefRanger/robot/robot/install/state_machine:/home/reefranger/Desktop/ReefRanger/robot/robot/install/save_detect:/home/reefranger/Desktop/ReefRanger/robot/robot/install/robotpub:/home/reefranger/Desktop/ReefRanger/robot/robot/install/pidtable:/home/reefranger/Desktop/ReefRanger/robot/robot/install/pathctrl:/home/reefranger/Desktop/ReefRanger/robot/robot/install/occupancy_grid:/home/reefranger/Desktop/ReefRanger/robot/robot/install/navigate_path:/home/reefranger/Desktop/ReefRanger/robot/robot/install/movetable:/home/reefranger/Desktop/ReefRanger/robot/robot/install/moveovertable:/home/reefranger/Desktop/ReefRanger/robot/robot/install/mccontroller:/home/reefranger/Desktop/ReefRanger/robot/robot/install/ins:/home/reefranger/Desktop/ReefRanger/robot/robot/install/imu_publisher:/home/reefranger/Desktop/ReefRanger/robot/robot/install/imagepub:/home/reefranger/Desktop/ReefRanger/robot/robot/install/gototable:/home/reefranger/Desktop/ReefRanger/robot/robot/install/commander:/home/reefranger/Desktop/ReefRanger/robot/robot/install/bcudriver:/opt/ros/humble /usr/bin/cmake --build /home/reefranger/Desktop/ReefRanger/robot/robot/build/usb_cam -- -j12 -l12
[0.957s] [ 35%] Built target usb_cam_node_exe
[0.957s] [ 35%] Built target gtest
[0.957s] [ 42%] Built target gtest_main
[0.957s] [ 57%] Built target usb_cam
[0.990s] [ 85%] Built target test_usb_cam_utils
[0.991s] [ 85%] Built target test_pixel_formats
[0.994s] [100%] Built target usb_cam_node
[1.011s] Invoked command in '/home/reefranger/Desktop/ReefRanger/robot/robot/build/usb_cam' returned '0': CMAKE_PREFIX_PATH=${CMAKE_PREFIX_PATH}:/home/reefranger/Desktop/ReefRanger/robot/robot/install/yolov8_ros:/home/reefranger/Desktop/ReefRanger/robot/robot/install/state_machine:/home/reefranger/Desktop/ReefRanger/robot/robot/install/save_detect:/home/reefranger/Desktop/ReefRanger/robot/robot/install/robotpub:/home/reefranger/Desktop/ReefRanger/robot/robot/install/pidtable:/home/reefranger/Desktop/ReefRanger/robot/robot/install/pathctrl:/home/reefranger/Desktop/ReefRanger/robot/robot/install/occupancy_grid:/home/reefranger/Desktop/ReefRanger/robot/robot/install/navigate_path:/home/reefranger/Desktop/ReefRanger/robot/robot/install/movetable:/home/reefranger/Desktop/ReefRanger/robot/robot/install/moveovertable:/home/reefranger/Desktop/ReefRanger/robot/robot/install/mccontroller:/home/reefranger/Desktop/ReefRanger/robot/robot/install/ins:/home/reefranger/Desktop/ReefRanger/robot/robot/install/imu_publisher:/home/reefranger/Desktop/ReefRanger/robot/robot/install/imagepub:/home/reefranger/Desktop/ReefRanger/robot/robot/install/gototable:/home/reefranger/Desktop/ReefRanger/robot/robot/install/commander:/home/reefranger/Desktop/ReefRanger/robot/robot/install/bcudriver:/opt/ros/humble /usr/bin/cmake --build /home/reefranger/Desktop/ReefRanger/robot/robot/build/usb_cam -- -j12 -l12
[1.074s] Invoking command in '/home/reefranger/Desktop/ReefRanger/robot/robot/build/usb_cam': CMAKE_PREFIX_PATH=${CMAKE_PREFIX_PATH}:/home/reefranger/Desktop/ReefRanger/robot/robot/install/yolov8_ros:/home/reefranger/Desktop/ReefRanger/robot/robot/install/state_machine:/home/reefranger/Desktop/ReefRanger/robot/robot/install/save_detect:/home/reefranger/Desktop/ReefRanger/robot/robot/install/robotpub:/home/reefranger/Desktop/ReefRanger/robot/robot/install/pidtable:/home/reefranger/Desktop/ReefRanger/robot/robot/install/pathctrl:/home/reefranger/Desktop/ReefRanger/robot/robot/install/occupancy_grid:/home/reefranger/Desktop/ReefRanger/robot/robot/install/navigate_path:/home/reefranger/Desktop/ReefRanger/robot/robot/install/movetable:/home/reefranger/Desktop/ReefRanger/robot/robot/install/moveovertable:/home/reefranger/Desktop/ReefRanger/robot/robot/install/mccontroller:/home/reefranger/Desktop/ReefRanger/robot/robot/install/ins:/home/reefranger/Desktop/ReefRanger/robot/robot/install/imu_publisher:/home/reefranger/Desktop/ReefRanger/robot/robot/install/imagepub:/home/reefranger/Desktop/ReefRanger/robot/robot/install/gototable:/home/reefranger/Desktop/ReefRanger/robot/robot/install/commander:/home/reefranger/Desktop/ReefRanger/robot/robot/install/bcudriver:/opt/ros/humble /usr/bin/cmake --install /home/reefranger/Desktop/ReefRanger/robot/robot/build/usb_cam
[1.085s] -- Install configuration: ""
[1.085s] -- Up-to-date: /home/reefranger/Desktop/ReefRanger/robot/robot/install/usb_cam/share/usb_cam/environment/library_path.sh
[1.085s] -- Up-to-date: /home/reefranger/Desktop/ReefRanger/robot/robot/install/usb_cam/share/usb_cam/environment/library_path.dsv
[1.086s] -- Up-to-date: /home/reefranger/Desktop/ReefRanger/robot/robot/install/usb_cam/lib/usb_cam/usb_cam_node_exe
[1.086s] -- Up-to-date: /home/reefranger/Desktop/ReefRanger/robot/robot/install/usb_cam/lib/usb_cam/show_image.py
[1.087s] -- Up-to-date: /home/reefranger/Desktop/ReefRanger/robot/robot/install/usb_cam/lib/libusb_cam.so
[1.088s] -- Up-to-date: /home/reefranger/Desktop/ReefRanger/robot/robot/install/usb_cam/lib/libusb_cam_node.so
[1.088s] -- Up-to-date: /home/reefranger/Desktop/ReefRanger/robot/robot/install/usb_cam/include
[1.088s] -- Up-to-date: /home/reefranger/Desktop/ReefRanger/robot/robot/install/usb_cam/include/usb_cam
[1.088s] -- Up-to-date: /home/reefranger/Desktop/ReefRanger/robot/robot/install/usb_cam/include/usb_cam/conversions.hpp
[1.089s] -- Up-to-date: /home/reefranger/Desktop/ReefRanger/robot/robot/install/usb_cam/include/usb_cam/formats
[1.089s] -- Up-to-date: /home/reefranger/Desktop/ReefRanger/robot/robot/install/usb_cam/include/usb_cam/formats/pixel_format_base.hpp
[1.089s] -- Up-to-date: /home/reefranger/Desktop/ReefRanger/robot/robot/install/usb_cam/include/usb_cam/formats/m420.hpp
[1.089s] -- Up-to-date: /home/reefranger/Desktop/ReefRanger/robot/robot/install/usb_cam/include/usb_cam/formats/yuyv.hpp
[1.089s] -- Up-to-date: /home/reefranger/Desktop/ReefRanger/robot/robot/install/usb_cam/include/usb_cam/formats/rgb.hpp
[1.089s] -- Up-to-date: /home/reefranger/Desktop/ReefRanger/robot/robot/install/usb_cam/include/usb_cam/formats/uyvy.hpp
[1.089s] -- Up-to-date: /home/reefranger/Desktop/ReefRanger/robot/robot/install/usb_cam/include/usb_cam/formats/av_pixel_format_helper.hpp
[1.090s] -- Up-to-date: /home/reefranger/Desktop/ReefRanger/robot/robot/install/usb_cam/include/usb_cam/formats/utils.hpp
[1.090s] -- Up-to-date: /home/reefranger/Desktop/ReefRanger/robot/robot/install/usb_cam/include/usb_cam/formats/mono.hpp
[1.090s] -- Up-to-date: /home/reefranger/Desktop/ReefRanger/robot/robot/install/usb_cam/include/usb_cam/formats/mjpeg.hpp
[1.090s] -- Up-to-date: /home/reefranger/Desktop/ReefRanger/robot/robot/install/usb_cam/include/usb_cam/utils.hpp
[1.090s] -- Up-to-date: /home/reefranger/Desktop/ReefRanger/robot/robot/install/usb_cam/include/usb_cam/usb_cam.hpp
[1.090s] -- Up-to-date: /home/reefranger/Desktop/ReefRanger/robot/robot/install/usb_cam/include/usb_cam/constants.hpp
[1.090s] -- Up-to-date: /home/reefranger/Desktop/ReefRanger/robot/robot/install/usb_cam/include/usb_cam/usb_cam_node.hpp
[1.091s] -- Up-to-date: /home/reefranger/Desktop/ReefRanger/robot/robot/install/usb_cam/lib/libusb_cam_node.so
[1.091s] -- Up-to-date: /home/reefranger/Desktop/ReefRanger/robot/robot/install/usb_cam/share/usb_cam/launch
[1.091s] -- Up-to-date: /home/reefranger/Desktop/ReefRanger/robot/robot/install/usb_cam/share/usb_cam/launch/camera_config.py
[1.091s] -- Up-to-date: /home/reefranger/Desktop/ReefRanger/robot/robot/install/usb_cam/share/usb_cam/launch/camera_launch.py
[1.091s] -- Up-to-date: /home/reefranger/Desktop/ReefRanger/robot/robot/install/usb_cam/share/usb_cam/launch/__init__.py
[1.091s] -- Up-to-date: /home/reefranger/Desktop/ReefRanger/robot/robot/install/usb_cam/share/usb_cam/config
[1.091s] -- Up-to-date: /home/reefranger/Desktop/ReefRanger/robot/robot/install/usb_cam/share/usb_cam/config/camera_info.yaml
[1.091s] -- Up-to-date: /home/reefranger/Desktop/ReefRanger/robot/robot/install/usb_cam/share/usb_cam/config/params_1.yaml
[1.092s] -- Up-to-date: /home/reefranger/Desktop/ReefRanger/robot/robot/install/usb_cam/share/usb_cam/config/params_2.yaml
[1.092s] -- Up-to-date: /home/reefranger/Desktop/ReefRanger/robot/robot/install/usb_cam/share/ament_index/resource_index/package_run_dependencies/usb_cam
[1.092s] -- Up-to-date: /home/reefranger/Desktop/ReefRanger/robot/robot/install/usb_cam/share/ament_index/resource_index/parent_prefix_path/usb_cam
[1.092s] -- Up-to-date: /home/reefranger/Desktop/ReefRanger/robot/robot/install/usb_cam/share/usb_cam/environment/ament_prefix_path.sh
[1.092s] -- Up-to-date: /home/reefranger/Desktop/ReefRanger/robot/robot/install/usb_cam/share/usb_cam/environment/ament_prefix_path.dsv
[1.092s] -- Up-to-date: /home/reefranger/Desktop/ReefRanger/robot/robot/install/usb_cam/share/usb_cam/environment/path.sh
[1.092s] -- Up-to-date: /home/reefranger/Desktop/ReefRanger/robot/robot/install/usb_cam/share/usb_cam/environment/path.dsv
[1.092s] -- Up-to-date: /home/reefranger/Desktop/ReefRanger/robot/robot/install/usb_cam/share/usb_cam/local_setup.bash
[1.092s] -- Up-to-date: /home/reefranger/Desktop/ReefRanger/robot/robot/install/usb_cam/share/usb_cam/local_setup.sh
[1.092s] -- Up-to-date: /home/reefranger/Desktop/ReefRanger/robot/robot/install/usb_cam/share/usb_cam/local_setup.zsh
[1.092s] -- Up-to-date: /home/reefranger/Desktop/ReefRanger/robot/robot/install/usb_cam/share/usb_cam/local_setup.dsv
[1.093s] -- Installing: /home/reefranger/Desktop/ReefRanger/robot/robot/install/usb_cam/share/usb_cam/package.dsv
[1.093s] -- Up-to-date: /home/reefranger/Desktop/ReefRanger/robot/robot/install/usb_cam/share/ament_index/resource_index/packages/usb_cam
[1.093s] -- Up-to-date: /home/reefranger/Desktop/ReefRanger/robot/robot/install/usb_cam/share/ament_index/resource_index/rclcpp_components/usb_cam
[1.093s] -- Up-to-date: /home/reefranger/Desktop/ReefRanger/robot/robot/install/usb_cam/share/usb_cam/cmake/ament_cmake_export_libraries-extras.cmake
[1.093s] -- Up-to-date: /home/reefranger/Desktop/ReefRanger/robot/robot/install/usb_cam/share/usb_cam/cmake/ament_cmake_export_dependencies-extras.cmake
[1.093s] -- Up-to-date: /home/reefranger/Desktop/ReefRanger/robot/robot/install/usb_cam/share/usb_cam/cmake/ament_cmake_export_include_directories-extras.cmake
[1.094s] -- Up-to-date: /home/reefranger/Desktop/ReefRanger/robot/robot/install/usb_cam/share/usb_cam/cmake/usb_camConfig.cmake
[1.094s] -- Up-to-date: /home/reefranger/Desktop/ReefRanger/robot/robot/install/usb_cam/share/usb_cam/cmake/usb_camConfig-version.cmake
[1.094s] -- Up-to-date: /home/reefranger/Desktop/ReefRanger/robot/robot/install/usb_cam/share/usb_cam/package.xml
[1.095s] Invoked command in '/home/reefranger/Desktop/ReefRanger/robot/robot/build/usb_cam' returned '0': CMAKE_PREFIX_PATH=${CMAKE_PREFIX_PATH}:/home/reefranger/Desktop/ReefRanger/robot/robot/install/yolov8_ros:/home/reefranger/Desktop/ReefRanger/robot/robot/install/state_machine:/home/reefranger/Desktop/ReefRanger/robot/robot/install/save_detect:/home/reefranger/Desktop/ReefRanger/robot/robot/install/robotpub:/home/reefranger/Desktop/ReefRanger/robot/robot/install/pidtable:/home/reefranger/Desktop/ReefRanger/robot/robot/install/pathctrl:/home/reefranger/Desktop/ReefRanger/robot/robot/install/occupancy_grid:/home/reefranger/Desktop/ReefRanger/robot/robot/install/navigate_path:/home/reefranger/Desktop/ReefRanger/robot/robot/install/movetable:/home/reefranger/Desktop/ReefRanger/robot/robot/install/moveovertable:/home/reefranger/Desktop/ReefRanger/robot/robot/install/mccontroller:/home/reefranger/Desktop/ReefRanger/robot/robot/install/ins:/home/reefranger/Desktop/ReefRanger/robot/robot/install/imu_publisher:/home/reefranger/Desktop/ReefRanger/robot/robot/install/imagepub:/home/reefranger/Desktop/ReefRanger/robot/robot/install/gototable:/home/reefranger/Desktop/ReefRanger/robot/robot/install/commander:/home/reefranger/Desktop/ReefRanger/robot/robot/install/bcudriver:/opt/ros/humble /usr/bin/cmake --install /home/reefranger/Desktop/ReefRanger/robot/robot/build/usb_cam
