[0.008s] Invoking command in '/home/reefranger/Desktop/ReefRanger/robot/robot/build/yolov8_bringup': AMENT_PREFIX_PATH=/home/reefranger/Desktop/ReefRanger/robot/robot/install/yolov8_ros:/home/reefranger/Desktop/ReefRanger/robot/robot/install/yolov8_msgs:${AMENT_PREFIX_PATH} CMAKE_PREFIX_PATH=/home/reefranger/Desktop/ReefRanger/robot/robot/install/yolov8_msgs:/opt/ros/humble LD_LIBRARY_PATH=/home/reefranger/Desktop/ReefRanger/robot/robot/install/yolov8_msgs/lib:${LD_LIBRARY_PATH} PYTHONPATH=/home/reefranger/Desktop/ReefRanger/robot/robot/install/yolov8_ros/lib/python3.10/site-packages:/home/reefranger/Desktop/ReefRanger/robot/robot/install/yolov8_msgs/local/lib/python3.10/dist-packages:${PYTHONPATH} /usr/bin/cmake /home/reefranger/Desktop/ReefRanger/robot/robot/src/yolo/yolov8_ros/yolov8_bringup -DCMAKE_INSTALL_PREFIX=/home/reefranger/Desktop/ReefRanger/robot/robot/install/yolov8_bringup
[0.050s] -- The C compiler identification is GNU 11.4.0
[0.089s] -- The CXX compiler identification is GNU 11.4.0
[0.095s] -- Detecting C compiler ABI info
[0.146s] -- Detecting C compiler ABI info - done
[0.151s] -- Check for working C compiler: /usr/bin/cc - skipped
[0.151s] -- Detecting C compile features
[0.151s] -- Detecting C compile features - done
[0.153s] -- Detecting CXX compiler ABI info
[0.211s] -- Detecting CXX compiler ABI info - done
[0.216s] -- Check for working CXX compiler: /usr/bin/c++ - skipped
[0.216s] -- Detecting CXX compile features
[0.216s] -- Detecting CXX compile features - done
[0.219s] -- Found ament_cmake: 1.3.10 (/opt/ros/humble/share/ament_cmake/cmake)
[0.456s] -- Found Python3: /usr/bin/python3 (found version "3.10.12") found components: Interpreter 
[0.581s] -- Configuring done
[0.584s] -- Generating done
[0.585s] -- Build files have been written to: /home/reefranger/Desktop/ReefRanger/robot/robot/build/yolov8_bringup
[0.590s] Invoked command in '/home/reefranger/Desktop/ReefRanger/robot/robot/build/yolov8_bringup' returned '0': AMENT_PREFIX_PATH=/home/reefranger/Desktop/ReefRanger/robot/robot/install/yolov8_ros:/home/reefranger/Desktop/ReefRanger/robot/robot/install/yolov8_msgs:${AMENT_PREFIX_PATH} CMAKE_PREFIX_PATH=/home/reefranger/Desktop/ReefRanger/robot/robot/install/yolov8_msgs:/opt/ros/humble LD_LIBRARY_PATH=/home/reefranger/Desktop/ReefRanger/robot/robot/install/yolov8_msgs/lib:${LD_LIBRARY_PATH} PYTHONPATH=/home/reefranger/Desktop/ReefRanger/robot/robot/install/yolov8_ros/lib/python3.10/site-packages:/home/reefranger/Desktop/ReefRanger/robot/robot/install/yolov8_msgs/local/lib/python3.10/dist-packages:${PYTHONPATH} /usr/bin/cmake /home/reefranger/Desktop/ReefRanger/robot/robot/src/yolo/yolov8_ros/yolov8_bringup -DCMAKE_INSTALL_PREFIX=/home/reefranger/Desktop/ReefRanger/robot/robot/install/yolov8_bringup
[0.591s] Invoking command in '/home/reefranger/Desktop/ReefRanger/robot/robot/build/yolov8_bringup': AMENT_PREFIX_PATH=/home/reefranger/Desktop/ReefRanger/robot/robot/install/yolov8_ros:/home/reefranger/Desktop/ReefRanger/robot/robot/install/yolov8_msgs:${AMENT_PREFIX_PATH} CMAKE_PREFIX_PATH=/home/reefranger/Desktop/ReefRanger/robot/robot/install/yolov8_msgs:/opt/ros/humble LD_LIBRARY_PATH=/home/reefranger/Desktop/ReefRanger/robot/robot/install/yolov8_msgs/lib:${LD_LIBRARY_PATH} PYTHONPATH=/home/reefranger/Desktop/ReefRanger/robot/robot/install/yolov8_ros/lib/python3.10/site-packages:/home/reefranger/Desktop/ReefRanger/robot/robot/install/yolov8_msgs/local/lib/python3.10/dist-packages:${PYTHONPATH} /usr/bin/cmake --build /home/reefranger/Desktop/ReefRanger/robot/robot/build/yolov8_bringup -- -j12 -l12
[0.620s] Invoked command in '/home/reefranger/Desktop/ReefRanger/robot/robot/build/yolov8_bringup' returned '0': AMENT_PREFIX_PATH=/home/reefranger/Desktop/ReefRanger/robot/robot/install/yolov8_ros:/home/reefranger/Desktop/ReefRanger/robot/robot/install/yolov8_msgs:${AMENT_PREFIX_PATH} CMAKE_PREFIX_PATH=/home/reefranger/Desktop/ReefRanger/robot/robot/install/yolov8_msgs:/opt/ros/humble LD_LIBRARY_PATH=/home/reefranger/Desktop/ReefRanger/robot/robot/install/yolov8_msgs/lib:${LD_LIBRARY_PATH} PYTHONPATH=/home/reefranger/Desktop/ReefRanger/robot/robot/install/yolov8_ros/lib/python3.10/site-packages:/home/reefranger/Desktop/ReefRanger/robot/robot/install/yolov8_msgs/local/lib/python3.10/dist-packages:${PYTHONPATH} /usr/bin/cmake --build /home/reefranger/Desktop/ReefRanger/robot/robot/build/yolov8_bringup -- -j12 -l12
[0.637s] Invoking command in '/home/reefranger/Desktop/ReefRanger/robot/robot/build/yolov8_bringup': AMENT_PREFIX_PATH=/home/reefranger/Desktop/ReefRanger/robot/robot/install/yolov8_ros:/home/reefranger/Desktop/ReefRanger/robot/robot/install/yolov8_msgs:${AMENT_PREFIX_PATH} CMAKE_PREFIX_PATH=/home/reefranger/Desktop/ReefRanger/robot/robot/install/yolov8_msgs:/opt/ros/humble LD_LIBRARY_PATH=/home/reefranger/Desktop/ReefRanger/robot/robot/install/yolov8_msgs/lib:${LD_LIBRARY_PATH} PYTHONPATH=/home/reefranger/Desktop/ReefRanger/robot/robot/install/yolov8_ros/lib/python3.10/site-packages:/home/reefranger/Desktop/ReefRanger/robot/robot/install/yolov8_msgs/local/lib/python3.10/dist-packages:${PYTHONPATH} /usr/bin/cmake --install /home/reefranger/Desktop/ReefRanger/robot/robot/build/yolov8_bringup
[0.642s] -- Install configuration: ""
[0.642s] -- Installing: /home/reefranger/Desktop/ReefRanger/robot/robot/install/yolov8_bringup/share/yolov8_bringup//launch
[0.642s] -- Installing: /home/reefranger/Desktop/ReefRanger/robot/robot/install/yolov8_bringup/share/yolov8_bringup//launch/yolocoral.launch.py
[0.642s] -- Installing: /home/reefranger/Desktop/ReefRanger/robot/robot/install/yolov8_bringup/share/yolov8_bringup//launch/yolo-nas.launch.py
[0.643s] -- Installing: /home/reefranger/Desktop/ReefRanger/robot/robot/install/yolov8_bringup/share/yolov8_bringup//launch/yolov11.launch.py
[0.643s] -- Installing: /home/reefranger/Desktop/ReefRanger/robot/robot/install/yolov8_bringup/share/yolov8_bringup//launch/yolov5.launch.py
[0.643s] -- Installing: /home/reefranger/Desktop/ReefRanger/robot/robot/install/yolov8_bringup/share/yolov8_bringup//launch/yolov9.launch.py
[0.643s] -- Installing: /home/reefranger/Desktop/ReefRanger/robot/robot/install/yolov8_bringup/share/yolov8_bringup//launch/yolov10.launch.py
[0.643s] -- Installing: /home/reefranger/Desktop/ReefRanger/robot/robot/install/yolov8_bringup/share/yolov8_bringup//launch/yolov8.launch.py
[0.643s] -- Installing: /home/reefranger/Desktop/ReefRanger/robot/robot/install/yolov8_bringup/share/yolov8_bringup//launch/yolov8_3d.launch.py
[0.643s] -- Installing: /home/reefranger/Desktop/ReefRanger/robot/robot/install/yolov8_bringup/share/ament_index/resource_index/package_run_dependencies/yolov8_bringup
[0.643s] -- Installing: /home/reefranger/Desktop/ReefRanger/robot/robot/install/yolov8_bringup/share/ament_index/resource_index/parent_prefix_path/yolov8_bringup
[0.644s] -- Installing: /home/reefranger/Desktop/ReefRanger/robot/robot/install/yolov8_bringup/share/yolov8_bringup/environment/ament_prefix_path.sh
[0.644s] -- Installing: /home/reefranger/Desktop/ReefRanger/robot/robot/install/yolov8_bringup/share/yolov8_bringup/environment/ament_prefix_path.dsv
[0.644s] -- Installing: /home/reefranger/Desktop/ReefRanger/robot/robot/install/yolov8_bringup/share/yolov8_bringup/environment/path.sh
[0.644s] -- Installing: /home/reefranger/Desktop/ReefRanger/robot/robot/install/yolov8_bringup/share/yolov8_bringup/environment/path.dsv
[0.644s] -- Installing: /home/reefranger/Desktop/ReefRanger/robot/robot/install/yolov8_bringup/share/yolov8_bringup/local_setup.bash
[0.644s] -- Installing: /home/reefranger/Desktop/ReefRanger/robot/robot/install/yolov8_bringup/share/yolov8_bringup/local_setup.sh
[0.644s] -- Installing: /home/reefranger/Desktop/ReefRanger/robot/robot/install/yolov8_bringup/share/yolov8_bringup/local_setup.zsh
[0.644s] -- Installing: /home/reefranger/Desktop/ReefRanger/robot/robot/install/yolov8_bringup/share/yolov8_bringup/local_setup.dsv
[0.644s] -- Installing: /home/reefranger/Desktop/ReefRanger/robot/robot/install/yolov8_bringup/share/yolov8_bringup/package.dsv
[0.645s] -- Installing: /home/reefranger/Desktop/ReefRanger/robot/robot/install/yolov8_bringup/share/ament_index/resource_index/packages/yolov8_bringup
[0.645s] -- Installing: /home/reefranger/Desktop/ReefRanger/robot/robot/install/yolov8_bringup/share/yolov8_bringup/cmake/yolov8_bringupConfig.cmake
[0.645s] -- Installing: /home/reefranger/Desktop/ReefRanger/robot/robot/install/yolov8_bringup/share/yolov8_bringup/cmake/yolov8_bringupConfig-version.cmake
[0.645s] -- Installing: /home/reefranger/Desktop/ReefRanger/robot/robot/install/yolov8_bringup/share/yolov8_bringup/package.xml
[0.647s] Invoked command in '/home/reefranger/Desktop/ReefRanger/robot/robot/build/yolov8_bringup' returned '0': AMENT_PREFIX_PATH=/home/reefranger/Desktop/ReefRanger/robot/robot/install/yolov8_ros:/home/reefranger/Desktop/ReefRanger/robot/robot/install/yolov8_msgs:${AMENT_PREFIX_PATH} CMAKE_PREFIX_PATH=/home/reefranger/Desktop/ReefRanger/robot/robot/install/yolov8_msgs:/opt/ros/humble LD_LIBRARY_PATH=/home/reefranger/Desktop/ReefRanger/robot/robot/install/yolov8_msgs/lib:${LD_LIBRARY_PATH} PYTHONPATH=/home/reefranger/Desktop/ReefRanger/robot/robot/install/yolov8_ros/lib/python3.10/site-packages:/home/reefranger/Desktop/ReefRanger/robot/robot/install/yolov8_msgs/local/lib/python3.10/dist-packages:${PYTHONPATH} /usr/bin/cmake --install /home/reefranger/Desktop/ReefRanger/robot/robot/build/yolov8_bringup
