[0.349s] Invoking command in '/home/reefranger/Desktop/ReefRanger/robot/robot/build/godown_interface': CMAKE_PREFIX_PATH=/opt/ros/humble /usr/bin/cmake --build /home/reefranger/Desktop/ReefRanger/robot/robot/build/godown_interface -- -j12 -l12
[1.125s] [  3%] Built target godown_interface__cpp
[1.125s] [ 12%] Built target godown_interface__rosidl_generator_c
[1.126s] [ 12%] Built target ament_cmake_python_copy_godown_interface
[1.126s] [ 22%] Built target godown_interface__rosidl_typesupport_cpp
[1.126s] [ 32%] Built target godown_interface__rosidl_typesupport_introspection_cpp
[1.126s] [ 41%] Built target godown_interface__rosidl_typesupport_fastrtps_cpp
[1.126s] [ 51%] Built target godown_interface__rosidl_typesupport_fastrtps_c
[1.126s] [ 61%] Built target godown_interface__rosidl_typesupport_introspection_c
[1.126s] [ 70%] Built target godown_interface__rosidl_typesupport_c
[1.126s] [ 70%] Built target godown_interface
[1.126s] [ 74%] Built target godown_interface__py
[1.126s] [ 80%] Built target godown_interface__rosidl_generator_py
[1.126s] [100%] Built target godown_interface__rosidl_typesupport_c__pyext
[1.126s] [100%] Built target godown_interface__rosidl_typesupport_fastrtps_c__pyext
[1.126s] [100%] Built target godown_interface__rosidl_typesupport_introspection_c__pyext
[1.127s] running egg_info
[1.127s] writing godown_interface.egg-info/PKG-INFO
[1.127s] writing dependency_links to godown_interface.egg-info/dependency_links.txt
[1.127s] writing top-level names to godown_interface.egg-info/top_level.txt
[1.127s] reading manifest file 'godown_interface.egg-info/SOURCES.txt'
[1.127s] writing manifest file 'godown_interface.egg-info/SOURCES.txt'
[1.127s] [100%] Built target ament_cmake_python_build_godown_interface_egg
[1.287s] Invoked command in '/home/reefranger/Desktop/ReefRanger/robot/robot/build/godown_interface' returned '0': CMAKE_PREFIX_PATH=/opt/ros/humble /usr/bin/cmake --build /home/reefranger/Desktop/ReefRanger/robot/robot/build/godown_interface -- -j12 -l12
[1.380s] Invoking command in '/home/reefranger/Desktop/ReefRanger/robot/robot/build/godown_interface': CMAKE_PREFIX_PATH=/opt/ros/humble /usr/bin/cmake --install /home/reefranger/Desktop/ReefRanger/robot/robot/build/godown_interface
[1.387s] -- Install configuration: ""
[1.388s] -- Up-to-date: /home/reefranger/Desktop/ReefRanger/robot/robot/install/godown_interface/share/ament_index/resource_index/rosidl_interfaces/godown_interface
[1.388s] -- Up-to-date: /home/reefranger/Desktop/ReefRanger/robot/robot/install/godown_interface/include/godown_interface/godown_interface
[1.388s] -- Up-to-date: /home/reefranger/Desktop/ReefRanger/robot/robot/install/godown_interface/include/godown_interface/godown_interface/msg
[1.388s] -- Up-to-date: /home/reefranger/Desktop/ReefRanger/robot/robot/install/godown_interface/include/godown_interface/godown_interface/msg/rosidl_generator_c__visibility_control.h
[1.388s] -- Up-to-date: /home/reefranger/Desktop/ReefRanger/robot/robot/install/godown_interface/include/godown_interface/godown_interface/action
[1.389s] -- Up-to-date: /home/reefranger/Desktop/ReefRanger/robot/robot/install/godown_interface/include/godown_interface/godown_interface/action/detail
[1.389s] -- Up-to-date: /home/reefranger/Desktop/ReefRanger/robot/robot/install/godown_interface/include/godown_interface/godown_interface/action/detail/godownint__struct.h
[1.389s] -- Up-to-date: /home/reefranger/Desktop/ReefRanger/robot/robot/install/godown_interface/include/godown_interface/godown_interface/action/detail/godownint__functions.c
[1.389s] -- Up-to-date: /home/reefranger/Desktop/ReefRanger/robot/robot/install/godown_interface/include/godown_interface/godown_interface/action/detail/godownint__functions.h
[1.390s] -- Up-to-date: /home/reefranger/Desktop/ReefRanger/robot/robot/install/godown_interface/include/godown_interface/godown_interface/action/detail/godownint__type_support.h
[1.390s] -- Up-to-date: /home/reefranger/Desktop/ReefRanger/robot/robot/install/godown_interface/include/godown_interface/godown_interface/action/godownint.h
[1.391s] -- Up-to-date: /home/reefranger/Desktop/ReefRanger/robot/robot/install/godown_interface/share/godown_interface/environment/library_path.sh
[1.391s] -- Up-to-date: /home/reefranger/Desktop/ReefRanger/robot/robot/install/godown_interface/share/godown_interface/environment/library_path.dsv
[1.391s] -- Up-to-date: /home/reefranger/Desktop/ReefRanger/robot/robot/install/godown_interface/lib/libgodown_interface__rosidl_generator_c.so
[1.392s] -- Up-to-date: /home/reefranger/Desktop/ReefRanger/robot/robot/install/godown_interface/include/godown_interface/godown_interface
[1.392s] -- Up-to-date: /home/reefranger/Desktop/ReefRanger/robot/robot/install/godown_interface/include/godown_interface/godown_interface/msg
[1.392s] -- Up-to-date: /home/reefranger/Desktop/ReefRanger/robot/robot/install/godown_interface/include/godown_interface/godown_interface/msg/rosidl_typesupport_fastrtps_c__visibility_control.h
[1.392s] -- Up-to-date: /home/reefranger/Desktop/ReefRanger/robot/robot/install/godown_interface/include/godown_interface/godown_interface/action
[1.392s] -- Up-to-date: /home/reefranger/Desktop/ReefRanger/robot/robot/install/godown_interface/include/godown_interface/godown_interface/action/detail
[1.393s] -- Up-to-date: /home/reefranger/Desktop/ReefRanger/robot/robot/install/godown_interface/include/godown_interface/godown_interface/action/detail/godownint__rosidl_typesupport_fastrtps_c.h
[1.393s] -- Up-to-date: /home/reefranger/Desktop/ReefRanger/robot/robot/install/godown_interface/lib/libgodown_interface__rosidl_typesupport_fastrtps_c.so
[1.393s] -- Up-to-date: /home/reefranger/Desktop/ReefRanger/robot/robot/install/godown_interface/include/godown_interface/godown_interface
[1.393s] -- Up-to-date: /home/reefranger/Desktop/ReefRanger/robot/robot/install/godown_interface/include/godown_interface/godown_interface/msg
[1.393s] -- Up-to-date: /home/reefranger/Desktop/ReefRanger/robot/robot/install/godown_interface/include/godown_interface/godown_interface/msg/rosidl_typesupport_introspection_c__visibility_control.h
[1.393s] -- Up-to-date: /home/reefranger/Desktop/ReefRanger/robot/robot/install/godown_interface/include/godown_interface/godown_interface/action
[1.393s] -- Up-to-date: /home/reefranger/Desktop/ReefRanger/robot/robot/install/godown_interface/include/godown_interface/godown_interface/action/detail
[1.393s] -- Up-to-date: /home/reefranger/Desktop/ReefRanger/robot/robot/install/godown_interface/include/godown_interface/godown_interface/action/detail/godownint__rosidl_typesupport_introspection_c.h
[1.393s] -- Up-to-date: /home/reefranger/Desktop/ReefRanger/robot/robot/install/godown_interface/include/godown_interface/godown_interface/action/detail/godownint__type_support.c
[1.393s] -- Up-to-date: /home/reefranger/Desktop/ReefRanger/robot/robot/install/godown_interface/lib/libgodown_interface__rosidl_typesupport_introspection_c.so
[1.401s] -- Up-to-date: /home/reefranger/Desktop/ReefRanger/robot/robot/install/godown_interface/lib/libgodown_interface__rosidl_typesupport_c.so
[1.401s] -- Up-to-date: /home/reefranger/Desktop/ReefRanger/robot/robot/install/godown_interface/include/godown_interface/godown_interface
[1.401s] -- Up-to-date: /home/reefranger/Desktop/ReefRanger/robot/robot/install/godown_interface/include/godown_interface/godown_interface/action
[1.401s] -- Up-to-date: /home/reefranger/Desktop/ReefRanger/robot/robot/install/godown_interface/include/godown_interface/godown_interface/action/detail
[1.401s] -- Up-to-date: /home/reefranger/Desktop/ReefRanger/robot/robot/install/godown_interface/include/godown_interface/godown_interface/action/detail/godownint__struct.hpp
[1.401s] -- Up-to-date: /home/reefranger/Desktop/ReefRanger/robot/robot/install/godown_interface/include/godown_interface/godown_interface/action/detail/godownint__traits.hpp
[1.401s] -- Up-to-date: /home/reefranger/Desktop/ReefRanger/robot/robot/install/godown_interface/include/godown_interface/godown_interface/action/detail/godownint__builder.hpp
[1.401s] -- Up-to-date: /home/reefranger/Desktop/ReefRanger/robot/robot/install/godown_interface/include/godown_interface/godown_interface/action/godownint.hpp
[1.401s] -- Up-to-date: /home/reefranger/Desktop/ReefRanger/robot/robot/install/godown_interface/include/godown_interface/godown_interface
[1.401s] -- Up-to-date: /home/reefranger/Desktop/ReefRanger/robot/robot/install/godown_interface/include/godown_interface/godown_interface/msg
[1.401s] -- Up-to-date: /home/reefranger/Desktop/ReefRanger/robot/robot/install/godown_interface/include/godown_interface/godown_interface/msg/rosidl_typesupport_fastrtps_cpp__visibility_control.h
[1.401s] -- Up-to-date: /home/reefranger/Desktop/ReefRanger/robot/robot/install/godown_interface/include/godown_interface/godown_interface/action
[1.401s] -- Up-to-date: /home/reefranger/Desktop/ReefRanger/robot/robot/install/godown_interface/include/godown_interface/godown_interface/action/detail
[1.402s] -- Up-to-date: /home/reefranger/Desktop/ReefRanger/robot/robot/install/godown_interface/include/godown_interface/godown_interface/action/detail/dds_fastrtps
[1.402s] -- Up-to-date: /home/reefranger/Desktop/ReefRanger/robot/robot/install/godown_interface/include/godown_interface/godown_interface/action/detail/godownint__rosidl_typesupport_fastrtps_cpp.hpp
[1.402s] -- Up-to-date: /home/reefranger/Desktop/ReefRanger/robot/robot/install/godown_interface/lib/libgodown_interface__rosidl_typesupport_fastrtps_cpp.so
[1.409s] -- Up-to-date: /home/reefranger/Desktop/ReefRanger/robot/robot/install/godown_interface/include/godown_interface/godown_interface
[1.409s] -- Up-to-date: /home/reefranger/Desktop/ReefRanger/robot/robot/install/godown_interface/include/godown_interface/godown_interface/action
[1.410s] -- Up-to-date: /home/reefranger/Desktop/ReefRanger/robot/robot/install/godown_interface/include/godown_interface/godown_interface/action/detail
[1.410s] -- Up-to-date: /home/reefranger/Desktop/ReefRanger/robot/robot/install/godown_interface/include/godown_interface/godown_interface/action/detail/godownint__rosidl_typesupport_introspection_cpp.hpp
[1.410s] -- Up-to-date: /home/reefranger/Desktop/ReefRanger/robot/robot/install/godown_interface/include/godown_interface/godown_interface/action/detail/godownint__type_support.cpp
[1.412s] -- Up-to-date: /home/reefranger/Desktop/ReefRanger/robot/robot/install/godown_interface/lib/libgodown_interface__rosidl_typesupport_introspection_cpp.so
[1.412s] -- Up-to-date: /home/reefranger/Desktop/ReefRanger/robot/robot/install/godown_interface/lib/libgodown_interface__rosidl_typesupport_cpp.so
[1.412s] -- Up-to-date: /home/reefranger/Desktop/ReefRanger/robot/robot/install/godown_interface/share/godown_interface/environment/pythonpath.sh
[1.412s] -- Up-to-date: /home/reefranger/Desktop/ReefRanger/robot/robot/install/godown_interface/share/godown_interface/environment/pythonpath.dsv
[1.412s] -- Up-to-date: /home/reefranger/Desktop/ReefRanger/robot/robot/install/godown_interface/local/lib/python3.10/dist-packages/godown_interface-0.0.0-py3.10.egg-info
[1.413s] -- Installing: /home/reefranger/Desktop/ReefRanger/robot/robot/install/godown_interface/local/lib/python3.10/dist-packages/godown_interface-0.0.0-py3.10.egg-info/dependency_links.txt
[1.413s] -- Installing: /home/reefranger/Desktop/ReefRanger/robot/robot/install/godown_interface/local/lib/python3.10/dist-packages/godown_interface-0.0.0-py3.10.egg-info/SOURCES.txt
[1.413s] -- Installing: /home/reefranger/Desktop/ReefRanger/robot/robot/install/godown_interface/local/lib/python3.10/dist-packages/godown_interface-0.0.0-py3.10.egg-info/PKG-INFO
[1.413s] -- Installing: /home/reefranger/Desktop/ReefRanger/robot/robot/install/godown_interface/local/lib/python3.10/dist-packages/godown_interface-0.0.0-py3.10.egg-info/top_level.txt
[1.413s] -- Up-to-date: /home/reefranger/Desktop/ReefRanger/robot/robot/install/godown_interface/local/lib/python3.10/dist-packages/godown_interface
[1.413s] -- Up-to-date: /home/reefranger/Desktop/ReefRanger/robot/robot/install/godown_interface/local/lib/python3.10/dist-packages/godown_interface/godown_interface_s__rosidl_typesupport_c.cpython-310-x86_64-linux-gnu.so
[1.413s] -- Up-to-date: /home/reefranger/Desktop/ReefRanger/robot/robot/install/godown_interface/local/lib/python3.10/dist-packages/godown_interface/_godown_interface_s.ep.rosidl_typesupport_c.c
[1.413s] -- Up-to-date: /home/reefranger/Desktop/ReefRanger/robot/robot/install/godown_interface/local/lib/python3.10/dist-packages/godown_interface/godown_interface_s__rosidl_typesupport_fastrtps_c.cpython-310-x86_64-linux-gnu.so
[1.413s] -- Up-to-date: /home/reefranger/Desktop/ReefRanger/robot/robot/install/godown_interface/local/lib/python3.10/dist-packages/godown_interface/_godown_interface_s.ep.rosidl_typesupport_introspection_c.c
[1.413s] -- Up-to-date: /home/reefranger/Desktop/ReefRanger/robot/robot/install/godown_interface/local/lib/python3.10/dist-packages/godown_interface/action
[1.414s] -- Up-to-date: /home/reefranger/Desktop/ReefRanger/robot/robot/install/godown_interface/local/lib/python3.10/dist-packages/godown_interface/action/_godownint_s.c
[1.414s] -- Up-to-date: /home/reefranger/Desktop/ReefRanger/robot/robot/install/godown_interface/local/lib/python3.10/dist-packages/godown_interface/action/_godownint.py
[1.414s] -- Up-to-date: /home/reefranger/Desktop/ReefRanger/robot/robot/install/godown_interface/local/lib/python3.10/dist-packages/godown_interface/action/__init__.py
[1.414s] -- Up-to-date: /home/reefranger/Desktop/ReefRanger/robot/robot/install/godown_interface/local/lib/python3.10/dist-packages/godown_interface/libgodown_interface__rosidl_generator_py.so
[1.414s] -- Up-to-date: /home/reefranger/Desktop/ReefRanger/robot/robot/install/godown_interface/local/lib/python3.10/dist-packages/godown_interface/godown_interface_s__rosidl_typesupport_introspection_c.cpython-310-x86_64-linux-gnu.so
[1.414s] -- Up-to-date: /home/reefranger/Desktop/ReefRanger/robot/robot/install/godown_interface/local/lib/python3.10/dist-packages/godown_interface/__init__.py
[1.414s] -- Up-to-date: /home/reefranger/Desktop/ReefRanger/robot/robot/install/godown_interface/local/lib/python3.10/dist-packages/godown_interface/_godown_interface_s.ep.rosidl_typesupport_fastrtps_c.c
[1.439s] Listing '/home/reefranger/Desktop/ReefRanger/robot/robot/install/godown_interface/local/lib/python3.10/dist-packages/godown_interface'...
[1.439s] Listing '/home/reefranger/Desktop/ReefRanger/robot/robot/install/godown_interface/local/lib/python3.10/dist-packages/godown_interface/action'...
[1.443s] -- Up-to-date: /home/reefranger/Desktop/ReefRanger/robot/robot/install/godown_interface/local/lib/python3.10/dist-packages/godown_interface/godown_interface_s__rosidl_typesupport_fastrtps_c.cpython-310-x86_64-linux-gnu.so
[1.445s] -- Up-to-date: /home/reefranger/Desktop/ReefRanger/robot/robot/install/godown_interface/local/lib/python3.10/dist-packages/godown_interface/godown_interface_s__rosidl_typesupport_introspection_c.cpython-310-x86_64-linux-gnu.so
[1.445s] -- Up-to-date: /home/reefranger/Desktop/ReefRanger/robot/robot/install/godown_interface/local/lib/python3.10/dist-packages/godown_interface/godown_interface_s__rosidl_typesupport_c.cpython-310-x86_64-linux-gnu.so
[1.448s] -- Up-to-date: /home/reefranger/Desktop/ReefRanger/robot/robot/install/godown_interface/lib/libgodown_interface__rosidl_generator_py.so
[1.449s] -- Up-to-date: /home/reefranger/Desktop/ReefRanger/robot/robot/install/godown_interface/share/godown_interface/action/Godownint.idl
[1.449s] -- Up-to-date: /home/reefranger/Desktop/ReefRanger/robot/robot/install/godown_interface/share/godown_interface/action/Godownint.action
[1.449s] -- Up-to-date: /home/reefranger/Desktop/ReefRanger/robot/robot/install/godown_interface/share/ament_index/resource_index/package_run_dependencies/godown_interface
[1.449s] -- Up-to-date: /home/reefranger/Desktop/ReefRanger/robot/robot/install/godown_interface/share/ament_index/resource_index/parent_prefix_path/godown_interface
[1.449s] -- Up-to-date: /home/reefranger/Desktop/ReefRanger/robot/robot/install/godown_interface/share/godown_interface/environment/ament_prefix_path.sh
[1.449s] -- Up-to-date: /home/reefranger/Desktop/ReefRanger/robot/robot/install/godown_interface/share/godown_interface/environment/ament_prefix_path.dsv
[1.450s] -- Up-to-date: /home/reefranger/Desktop/ReefRanger/robot/robot/install/godown_interface/share/godown_interface/environment/path.sh
[1.450s] -- Up-to-date: /home/reefranger/Desktop/ReefRanger/robot/robot/install/godown_interface/share/godown_interface/environment/path.dsv
[1.450s] -- Up-to-date: /home/reefranger/Desktop/ReefRanger/robot/robot/install/godown_interface/share/godown_interface/local_setup.bash
[1.450s] -- Up-to-date: /home/reefranger/Desktop/ReefRanger/robot/robot/install/godown_interface/share/godown_interface/local_setup.sh
[1.450s] -- Up-to-date: /home/reefranger/Desktop/ReefRanger/robot/robot/install/godown_interface/share/godown_interface/local_setup.zsh
[1.450s] -- Up-to-date: /home/reefranger/Desktop/ReefRanger/robot/robot/install/godown_interface/share/godown_interface/local_setup.dsv
[1.450s] -- Installing: /home/reefranger/Desktop/ReefRanger/robot/robot/install/godown_interface/share/godown_interface/package.dsv
[1.455s] -- Up-to-date: /home/reefranger/Desktop/ReefRanger/robot/robot/install/godown_interface/share/ament_index/resource_index/packages/godown_interface
[1.455s] -- Up-to-date: /home/reefranger/Desktop/ReefRanger/robot/robot/install/godown_interface/share/godown_interface/cmake/export_godown_interface__rosidl_generator_cExport.cmake
[1.455s] -- Up-to-date: /home/reefranger/Desktop/ReefRanger/robot/robot/install/godown_interface/share/godown_interface/cmake/export_godown_interface__rosidl_generator_cExport-noconfig.cmake
[1.456s] -- Up-to-date: /home/reefranger/Desktop/ReefRanger/robot/robot/install/godown_interface/share/godown_interface/cmake/export_godown_interface__rosidl_typesupport_fastrtps_cExport.cmake
[1.456s] -- Up-to-date: /home/reefranger/Desktop/ReefRanger/robot/robot/install/godown_interface/share/godown_interface/cmake/export_godown_interface__rosidl_typesupport_fastrtps_cExport-noconfig.cmake
[1.456s] -- Up-to-date: /home/reefranger/Desktop/ReefRanger/robot/robot/install/godown_interface/share/godown_interface/cmake/godown_interface__rosidl_typesupport_introspection_cExport.cmake
[1.456s] -- Up-to-date: /home/reefranger/Desktop/ReefRanger/robot/robot/install/godown_interface/share/godown_interface/cmake/godown_interface__rosidl_typesupport_introspection_cExport-noconfig.cmake
[1.456s] -- Up-to-date: /home/reefranger/Desktop/ReefRanger/robot/robot/install/godown_interface/share/godown_interface/cmake/godown_interface__rosidl_typesupport_cExport.cmake
[1.457s] -- Up-to-date: /home/reefranger/Desktop/ReefRanger/robot/robot/install/godown_interface/share/godown_interface/cmake/godown_interface__rosidl_typesupport_cExport-noconfig.cmake
[1.457s] -- Up-to-date: /home/reefranger/Desktop/ReefRanger/robot/robot/install/godown_interface/share/godown_interface/cmake/export_godown_interface__rosidl_generator_cppExport.cmake
[1.457s] -- Up-to-date: /home/reefranger/Desktop/ReefRanger/robot/robot/install/godown_interface/share/godown_interface/cmake/export_godown_interface__rosidl_typesupport_fastrtps_cppExport.cmake
[1.457s] -- Up-to-date: /home/reefranger/Desktop/ReefRanger/robot/robot/install/godown_interface/share/godown_interface/cmake/export_godown_interface__rosidl_typesupport_fastrtps_cppExport-noconfig.cmake
[1.457s] -- Up-to-date: /home/reefranger/Desktop/ReefRanger/robot/robot/install/godown_interface/share/godown_interface/cmake/godown_interface__rosidl_typesupport_introspection_cppExport.cmake
[1.457s] -- Up-to-date: /home/reefranger/Desktop/ReefRanger/robot/robot/install/godown_interface/share/godown_interface/cmake/godown_interface__rosidl_typesupport_introspection_cppExport-noconfig.cmake
[1.457s] -- Up-to-date: /home/reefranger/Desktop/ReefRanger/robot/robot/install/godown_interface/share/godown_interface/cmake/godown_interface__rosidl_typesupport_cppExport.cmake
[1.458s] -- Up-to-date: /home/reefranger/Desktop/ReefRanger/robot/robot/install/godown_interface/share/godown_interface/cmake/godown_interface__rosidl_typesupport_cppExport-noconfig.cmake
[1.458s] -- Up-to-date: /home/reefranger/Desktop/ReefRanger/robot/robot/install/godown_interface/share/godown_interface/cmake/export_godown_interface__rosidl_generator_pyExport.cmake
[1.458s] -- Up-to-date: /home/reefranger/Desktop/ReefRanger/robot/robot/install/godown_interface/share/godown_interface/cmake/export_godown_interface__rosidl_generator_pyExport-noconfig.cmake
[1.458s] -- Up-to-date: /home/reefranger/Desktop/ReefRanger/robot/robot/install/godown_interface/share/godown_interface/cmake/rosidl_cmake-extras.cmake
[1.458s] -- Up-to-date: /home/reefranger/Desktop/ReefRanger/robot/robot/install/godown_interface/share/godown_interface/cmake/ament_cmake_export_dependencies-extras.cmake
[1.458s] -- Up-to-date: /home/reefranger/Desktop/ReefRanger/robot/robot/install/godown_interface/share/godown_interface/cmake/ament_cmake_export_include_directories-extras.cmake
[1.458s] -- Up-to-date: /home/reefranger/Desktop/ReefRanger/robot/robot/install/godown_interface/share/godown_interface/cmake/ament_cmake_export_libraries-extras.cmake
[1.458s] -- Up-to-date: /home/reefranger/Desktop/ReefRanger/robot/robot/install/godown_interface/share/godown_interface/cmake/ament_cmake_export_targets-extras.cmake
[1.458s] -- Up-to-date: /home/reefranger/Desktop/ReefRanger/robot/robot/install/godown_interface/share/godown_interface/cmake/rosidl_cmake_export_typesupport_targets-extras.cmake
[1.458s] -- Up-to-date: /home/reefranger/Desktop/ReefRanger/robot/robot/install/godown_interface/share/godown_interface/cmake/rosidl_cmake_export_typesupport_libraries-extras.cmake
[1.458s] -- Up-to-date: /home/reefranger/Desktop/ReefRanger/robot/robot/install/godown_interface/share/godown_interface/cmake/godown_interfaceConfig.cmake
[1.458s] -- Up-to-date: /home/reefranger/Desktop/ReefRanger/robot/robot/install/godown_interface/share/godown_interface/cmake/godown_interfaceConfig-version.cmake
[1.458s] -- Up-to-date: /home/reefranger/Desktop/ReefRanger/robot/robot/install/godown_interface/share/godown_interface/package.xml
[1.458s] Invoked command in '/home/reefranger/Desktop/ReefRanger/robot/robot/build/godown_interface' returned '0': CMAKE_PREFIX_PATH=/opt/ros/humble /usr/bin/cmake --install /home/reefranger/Desktop/ReefRanger/robot/robot/build/godown_interface
