[1.778s] Invoking command in '/home/reefranger/Desktop/ReefRanger/robot/robot/src/pathctrl': PYTHONPATH=/home/reefranger/Desktop/ReefRanger/robot/robot/build/pathctrl/prefix_override:/usr/lib/python3/dist-packages/colcon_core/task/python/colcon_distutils_commands:/home/reefranger/Desktop/ReefRanger/robot/robot/install/pathctrl/lib/python3.10/site-packages:${PYTHONPATH} /usr/bin/python3 -W ignore:setup.py install is deprecated setup.py egg_info --egg-base ../../build/pathctrl build --build-base /home/reefranger/Desktop/ReefRanger/robot/robot/build/pathctrl/build install --record /home/reefranger/Desktop/ReefRanger/robot/robot/build/pathctrl/install.log --single-version-externally-managed install_data
[2.067s] running egg_info
[2.085s] writing ../../build/pathctrl/pathctrl.egg-info/PKG-INFO
[2.085s] writing dependency_links to ../../build/pathctrl/pathctrl.egg-info/dependency_links.txt
[2.086s] writing entry points to ../../build/pathctrl/pathctrl.egg-info/entry_points.txt
[2.086s] writing requirements to ../../build/pathctrl/pathctrl.egg-info/requires.txt
[2.086s] writing top-level names to ../../build/pathctrl/pathctrl.egg-info/top_level.txt
[2.123s] reading manifest file '../../build/pathctrl/pathctrl.egg-info/SOURCES.txt'
[2.124s] adding license file 'LICENSE'
[2.125s] writing manifest file '../../build/pathctrl/pathctrl.egg-info/SOURCES.txt'
[2.125s] running build
[2.125s] running build_py
[2.125s] copying pathctrl/pathctrl_subscriper.py -> /home/reefranger/Desktop/ReefRanger/robot/robot/build/pathctrl/build/lib/pathctrl
[2.125s] copying pathctrl/pathctrl_1.py -> /home/reefranger/Desktop/ReefRanger/robot/robot/build/pathctrl/build/lib/pathctrl
[2.126s] copying pathctrl/pathctrl.py -> /home/reefranger/Desktop/ReefRanger/robot/robot/build/pathctrl/build/lib/pathctrl
[2.126s] copying pathctrl/__init__.py -> /home/reefranger/Desktop/ReefRanger/robot/robot/build/pathctrl/build/lib/pathctrl
[2.126s] copying pathctrl/pathctrl_2.py -> /home/reefranger/Desktop/ReefRanger/robot/robot/build/pathctrl/build/lib/pathctrl
[2.126s] copying pathctrl/pathctrl3.py -> /home/reefranger/Desktop/ReefRanger/robot/robot/build/pathctrl/build/lib/pathctrl
[2.127s] running install
[2.132s] running install_lib
[2.151s] running install_data
[2.151s] copying resource/pathctrl -> /home/reefranger/Desktop/ReefRanger/robot/robot/install/pathctrl/share/ament_index/resource_index/packages
[2.151s] copying package.xml -> /home/reefranger/Desktop/ReefRanger/robot/robot/install/pathctrl/share/pathctrl
[2.151s] running install_egg_info
[2.171s] removing '/home/reefranger/Desktop/ReefRanger/robot/robot/install/pathctrl/lib/python3.10/site-packages/pathctrl-0.0.0-py3.10.egg-info' (and everything under it)
[2.172s] Copying ../../build/pathctrl/pathctrl.egg-info to /home/reefranger/Desktop/ReefRanger/robot/robot/install/pathctrl/lib/python3.10/site-packages/pathctrl-0.0.0-py3.10.egg-info
[2.173s] running install_scripts
[2.310s] Installing pathctrl script to /home/reefranger/Desktop/ReefRanger/robot/robot/install/pathctrl/lib/pathctrl
[2.311s] writing list of installed files to '/home/reefranger/Desktop/ReefRanger/robot/robot/build/pathctrl/install.log'
[2.328s] Invoked command in '/home/reefranger/Desktop/ReefRanger/robot/robot/src/pathctrl' returned '0': PYTHONPATH=/home/reefranger/Desktop/ReefRanger/robot/robot/build/pathctrl/prefix_override:/usr/lib/python3/dist-packages/colcon_core/task/python/colcon_distutils_commands:/home/reefranger/Desktop/ReefRanger/robot/robot/install/pathctrl/lib/python3.10/site-packages:${PYTHONPATH} /usr/bin/python3 -W ignore:setup.py install is deprecated setup.py egg_info --egg-base ../../build/pathctrl build --build-base /home/reefranger/Desktop/ReefRanger/robot/robot/build/pathctrl/build install --record /home/reefranger/Desktop/ReefRanger/robot/robot/build/pathctrl/install.log --single-version-externally-managed install_data
