running egg_info
writing ../../build/gototable/gototable.egg-info/PKG-INFO
writing dependency_links to ../../build/gototable/gototable.egg-info/dependency_links.txt
writing entry points to ../../build/gototable/gototable.egg-info/entry_points.txt
writing requirements to ../../build/gototable/gototable.egg-info/requires.txt
writing top-level names to ../../build/gototable/gototable.egg-info/top_level.txt
reading manifest file '../../build/gototable/gototable.egg-info/SOURCES.txt'
adding license file 'LICENSE'
writing manifest file '../../build/gototable/gototable.egg-info/SOURCES.txt'
running build
running build_py
copying gototable/gototable.py -> /home/reefranger/Desktop/ReefRanger/robot/robot/build/gototable/build/lib/gototable
copying gototable/__init__.py -> /home/reefranger/Desktop/ReefRanger/robot/robot/build/gototable/build/lib/gototable
running install
running install_lib
running install_data
copying resource/gototable -> /home/reefranger/Desktop/ReefRanger/robot/robot/install/gototable/share/ament_index/resource_index/packages
copying package.xml -> /home/reefranger/Desktop/ReefRanger/robot/robot/install/gototable/share/gototable
running install_egg_info
removing '/home/reefranger/Desktop/ReefRanger/robot/robot/install/gototable/lib/python3.10/site-packages/gototable-0.0.0-py3.10.egg-info' (and everything under it)
Copying ../../build/gototable/gototable.egg-info to /home/reefranger/Desktop/ReefRanger/robot/robot/install/gototable/lib/python3.10/site-packages/gototable-0.0.0-py3.10.egg-info
running install_scripts
Installing gototable script to /home/reefranger/Desktop/ReefRanger/robot/robot/install/gototable/lib/gototable
writing list of installed files to '/home/reefranger/Desktop/ReefRanger/robot/robot/build/gototable/install.log'
