[0.027s] Invoking command in '/home/reefranger/Desktop/ReefRanger/robot/robot/build/ros2_orb_slam3': CMAKE_PREFIX_PATH=/opt/ros/humble /usr/bin/cmake --build /home/reefranger/Desktop/ReefRanger/robot/robot/build/ros2_orb_slam3 -- -j12 -l12
[0.405s] [35m[1mConsolidate compiler generated dependencies of target orb_slam3_lib[0m
[0.405s] [  0%] Built target ament_cmake_python_copy_ros2_orb_slam3
[0.405s] [ 90%] Built target orb_slam3_lib
[0.405s] [35m[1mConsolidate compiler generated dependencies of target mono_node_cpp[0m
[0.406s] [100%] Built target mono_node_cpp
[0.406s] running egg_info
[0.414s] writing ros2_orb_slam3.egg-info/PKG-INFO
[0.414s] writing dependency_links to ros2_orb_slam3.egg-info/dependency_links.txt
[0.414s] writing top-level names to ros2_orb_slam3.egg-info/top_level.txt
[0.479s] reading manifest file 'ros2_orb_slam3.egg-info/SOURCES.txt'
[0.479s] writing manifest file 'ros2_orb_slam3.egg-info/SOURCES.txt'
[0.511s] [100%] Built target ament_cmake_python_build_ros2_orb_slam3_egg
[0.523s] Invoked command in '/home/reefranger/Desktop/ReefRanger/robot/robot/build/ros2_orb_slam3' returned '0': CMAKE_PREFIX_PATH=/opt/ros/humble /usr/bin/cmake --build /home/reefranger/Desktop/ReefRanger/robot/robot/build/ros2_orb_slam3 -- -j12 -l12
[0.615s] Invoking command in '/home/reefranger/Desktop/ReefRanger/robot/robot/build/ros2_orb_slam3': CMAKE_PREFIX_PATH=/opt/ros/humble /usr/bin/cmake --install /home/reefranger/Desktop/ReefRanger/robot/robot/build/ros2_orb_slam3
[0.623s] -- Install configuration: ""
[0.623s] -- Up-to-date: /home/reefranger/Desktop/ReefRanger/robot/robot/install/ros2_orb_slam3/lib/libDBoW2.so
[0.623s] -- Up-to-date: /home/reefranger/Desktop/ReefRanger/robot/robot/install/ros2_orb_slam3/lib/libg2o.so
[0.623s] -- Up-to-date: /home/reefranger/Desktop/ReefRanger/robot/robot/install/ros2_orb_slam3/include
[0.624s] -- Up-to-date: /home/reefranger/Desktop/ReefRanger/robot/robot/install/ros2_orb_slam3/include/ros2_orb_slam3
[0.624s] -- Up-to-date: /home/reefranger/Desktop/ReefRanger/robot/robot/install/ros2_orb_slam3/include/ros2_orb_slam3/common.hpp
[0.624s] -- Up-to-date: /home/reefranger/Desktop/ReefRanger/robot/robot/install/ros2_orb_slam3/lib/ros2_orb_slam3/mono_node_cpp
[0.624s] -- Up-to-date: /home/reefranger/Desktop/ReefRanger/robot/robot/install/ros2_orb_slam3/lib/liborb_slam3_lib.so.
[0.624s] -- Up-to-date: /home/reefranger/Desktop/ReefRanger/robot/robot/install/ros2_orb_slam3/lib/liborb_slam3_lib.so
[0.624s] -- Up-to-date: /home/reefranger/Desktop/ReefRanger/robot/robot/install/ros2_orb_slam3/share/ros2_orb_slam3/environment/pythonpath.sh
[0.625s] -- Up-to-date: /home/reefranger/Desktop/ReefRanger/robot/robot/install/ros2_orb_slam3/share/ros2_orb_slam3/environment/pythonpath.dsv
[0.626s] -- Up-to-date: /home/reefranger/Desktop/ReefRanger/robot/robot/install/ros2_orb_slam3/local/lib/python3.10/dist-packages/ros2_orb_slam3-1.0.0-py3.10.egg-info
[0.626s] -- Installing: /home/reefranger/Desktop/ReefRanger/robot/robot/install/ros2_orb_slam3/local/lib/python3.10/dist-packages/ros2_orb_slam3-1.0.0-py3.10.egg-info/dependency_links.txt
[0.626s] -- Installing: /home/reefranger/Desktop/ReefRanger/robot/robot/install/ros2_orb_slam3/local/lib/python3.10/dist-packages/ros2_orb_slam3-1.0.0-py3.10.egg-info/SOURCES.txt
[0.626s] -- Installing: /home/reefranger/Desktop/ReefRanger/robot/robot/install/ros2_orb_slam3/local/lib/python3.10/dist-packages/ros2_orb_slam3-1.0.0-py3.10.egg-info/PKG-INFO
[0.627s] -- Installing: /home/reefranger/Desktop/ReefRanger/robot/robot/install/ros2_orb_slam3/local/lib/python3.10/dist-packages/ros2_orb_slam3-1.0.0-py3.10.egg-info/top_level.txt
[0.627s] -- Up-to-date: /home/reefranger/Desktop/ReefRanger/robot/robot/install/ros2_orb_slam3/local/lib/python3.10/dist-packages/ros2_orb_slam3
[0.627s] -- Up-to-date: /home/reefranger/Desktop/ReefRanger/robot/robot/install/ros2_orb_slam3/local/lib/python3.10/dist-packages/ros2_orb_slam3/__init__.py
[0.649s] Listing '/home/reefranger/Desktop/ReefRanger/robot/robot/install/ros2_orb_slam3/local/lib/python3.10/dist-packages/ros2_orb_slam3'...
[0.654s] -- Up-to-date: /home/reefranger/Desktop/ReefRanger/robot/robot/install/ros2_orb_slam3/lib/ros2_orb_slam3/mono_driver_node.py
[0.654s] -- Up-to-date: /home/reefranger/Desktop/ReefRanger/robot/robot/install/ros2_orb_slam3/share/ament_index/resource_index/package_run_dependencies/ros2_orb_slam3
[0.655s] -- Up-to-date: /home/reefranger/Desktop/ReefRanger/robot/robot/install/ros2_orb_slam3/share/ament_index/resource_index/parent_prefix_path/ros2_orb_slam3
[0.655s] -- Up-to-date: /home/reefranger/Desktop/ReefRanger/robot/robot/install/ros2_orb_slam3/share/ros2_orb_slam3/environment/ament_prefix_path.sh
[0.655s] -- Up-to-date: /home/reefranger/Desktop/ReefRanger/robot/robot/install/ros2_orb_slam3/share/ros2_orb_slam3/environment/ament_prefix_path.dsv
[0.655s] -- Up-to-date: /home/reefranger/Desktop/ReefRanger/robot/robot/install/ros2_orb_slam3/share/ros2_orb_slam3/environment/path.sh
[0.655s] -- Up-to-date: /home/reefranger/Desktop/ReefRanger/robot/robot/install/ros2_orb_slam3/share/ros2_orb_slam3/environment/path.dsv
[0.655s] -- Up-to-date: /home/reefranger/Desktop/ReefRanger/robot/robot/install/ros2_orb_slam3/share/ros2_orb_slam3/local_setup.bash
[0.655s] -- Up-to-date: /home/reefranger/Desktop/ReefRanger/robot/robot/install/ros2_orb_slam3/share/ros2_orb_slam3/local_setup.sh
[0.656s] -- Up-to-date: /home/reefranger/Desktop/ReefRanger/robot/robot/install/ros2_orb_slam3/share/ros2_orb_slam3/local_setup.zsh
[0.656s] -- Up-to-date: /home/reefranger/Desktop/ReefRanger/robot/robot/install/ros2_orb_slam3/share/ros2_orb_slam3/local_setup.dsv
[0.656s] -- Installing: /home/reefranger/Desktop/ReefRanger/robot/robot/install/ros2_orb_slam3/share/ros2_orb_slam3/package.dsv
[0.656s] -- Up-to-date: /home/reefranger/Desktop/ReefRanger/robot/robot/install/ros2_orb_slam3/share/ament_index/resource_index/packages/ros2_orb_slam3
[0.656s] -- Up-to-date: /home/reefranger/Desktop/ReefRanger/robot/robot/install/ros2_orb_slam3/share/ros2_orb_slam3/cmake/ament_cmake_export_include_directories-extras.cmake
[0.657s] -- Up-to-date: /home/reefranger/Desktop/ReefRanger/robot/robot/install/ros2_orb_slam3/share/ros2_orb_slam3/cmake/ament_cmake_export_dependencies-extras.cmake
[0.657s] -- Up-to-date: /home/reefranger/Desktop/ReefRanger/robot/robot/install/ros2_orb_slam3/share/ros2_orb_slam3/cmake/ros2_orb_slam3Config.cmake
[0.657s] -- Up-to-date: /home/reefranger/Desktop/ReefRanger/robot/robot/install/ros2_orb_slam3/share/ros2_orb_slam3/cmake/ros2_orb_slam3Config-version.cmake
[0.657s] -- Up-to-date: /home/reefranger/Desktop/ReefRanger/robot/robot/install/ros2_orb_slam3/share/ros2_orb_slam3/package.xml
[0.657s] Invoked command in '/home/reefranger/Desktop/ReefRanger/robot/robot/build/ros2_orb_slam3' returned '0': CMAKE_PREFIX_PATH=/opt/ros/humble /usr/bin/cmake --install /home/reefranger/Desktop/ReefRanger/robot/robot/build/ros2_orb_slam3
