[2.160s] Invoking command in '/home/reefranger/Desktop/ReefRanger/robot/robot/src/imagepub': PYTHONPATH=/home/reefranger/Desktop/ReefRanger/robot/robot/build/imagepub/prefix_override:/usr/lib/python3/dist-packages/colcon_core/task/python/colcon_distutils_commands:/home/reefranger/Desktop/ReefRanger/robot/robot/install/imagepub/lib/python3.10/site-packages:${PYTHONPATH} /usr/bin/python3 -W ignore:setup.py install is deprecated setup.py egg_info --egg-base ../../build/imagepub build --build-base /home/reefranger/Desktop/ReefRanger/robot/robot/build/imagepub/build install --record /home/reefranger/Desktop/ReefRanger/robot/robot/build/imagepub/install.log --single-version-externally-managed install_data
[2.369s] /home/reefranger/.local/lib/python3.10/site-packages/setuptools/_distutils/dist.py:261: UserWarning: Unknown distribution option: 'tests_require'
[2.369s]   warnings.warn(msg)
[2.605s] running egg_info
[2.632s] writing ../../build/imagepub/imagepub.egg-info/PKG-INFO
[2.632s] writing dependency_links to ../../build/imagepub/imagepub.egg-info/dependency_links.txt
[2.633s] writing entry points to ../../build/imagepub/imagepub.egg-info/entry_points.txt
[2.633s] writing requirements to ../../build/imagepub/imagepub.egg-info/requires.txt
[2.633s] writing top-level names to ../../build/imagepub/imagepub.egg-info/top_level.txt
[2.695s] reading manifest file '../../build/imagepub/imagepub.egg-info/SOURCES.txt'
[2.695s] adding license file 'LICENSE'
[2.696s] writing manifest file '../../build/imagepub/imagepub.egg-info/SOURCES.txt'
[2.697s] running build
[2.697s] running build_py
[2.698s] copying imagepub/imagepub.py -> /home/reefranger/Desktop/ReefRanger/robot/robot/build/imagepub/build/lib/imagepub
[2.698s] copying imagepub/imagepub_old.py -> /home/reefranger/Desktop/ReefRanger/robot/robot/build/imagepub/build/lib/imagepub
[2.698s] copying imagepub/__init__.py -> /home/reefranger/Desktop/ReefRanger/robot/robot/build/imagepub/build/lib/imagepub
[2.699s] running install
[2.704s] running install_lib
[2.746s] running install_data
[2.746s] copying resource/imagepub -> /home/reefranger/Desktop/ReefRanger/robot/robot/install/imagepub/share/ament_index/resource_index/packages
[2.749s] copying package.xml -> /home/reefranger/Desktop/ReefRanger/robot/robot/install/imagepub/share/imagepub
[2.749s] running install_egg_info
[2.810s] removing '/home/reefranger/Desktop/ReefRanger/robot/robot/install/imagepub/lib/python3.10/site-packages/imagepub-0.0.0-py3.10.egg-info' (and everything under it)
[2.811s] Copying ../../build/imagepub/imagepub.egg-info to /home/reefranger/Desktop/ReefRanger/robot/robot/install/imagepub/lib/python3.10/site-packages/imagepub-0.0.0-py3.10.egg-info
[2.816s] running install_scripts
[3.082s] Installing imagepub script to /home/reefranger/Desktop/ReefRanger/robot/robot/install/imagepub/lib/imagepub
[3.082s] writing list of installed files to '/home/reefranger/Desktop/ReefRanger/robot/robot/build/imagepub/install.log'
[3.418s] Invoked command in '/home/reefranger/Desktop/ReefRanger/robot/robot/src/imagepub' returned '0': PYTHONPATH=/home/reefranger/Desktop/ReefRanger/robot/robot/build/imagepub/prefix_override:/usr/lib/python3/dist-packages/colcon_core/task/python/colcon_distutils_commands:/home/reefranger/Desktop/ReefRanger/robot/robot/install/imagepub/lib/python3.10/site-packages:${PYTHONPATH} /usr/bin/python3 -W ignore:setup.py install is deprecated setup.py egg_info --egg-base ../../build/imagepub build --build-base /home/reefranger/Desktop/ReefRanger/robot/robot/build/imagepub/build install --record /home/reefranger/Desktop/ReefRanger/robot/robot/build/imagepub/install.log --single-version-externally-managed install_data
