[2.408s] Invoking command in '/home/reefranger/Desktop/ReefRanger/robot/robot/src/gototable': PYTHONPATH=/home/reefranger/Desktop/ReefRanger/robot/robot/build/gototable/prefix_override:/usr/lib/python3/dist-packages/colcon_core/task/python/colcon_distutils_commands:/home/reefranger/Desktop/ReefRanger/robot/robot/install/gototable/lib/python3.10/site-packages:${PYTHONPATH} /usr/bin/python3 -W ignore:setup.py install is deprecated setup.py egg_info --egg-base ../../build/gototable build --build-base /home/reefranger/Desktop/ReefRanger/robot/robot/build/gototable/build install --record /home/reefranger/Desktop/ReefRanger/robot/robot/build/gototable/install.log --single-version-externally-managed install_data
[3.392s] running egg_info
[3.392s] creating ../../build/gototable/gototable.egg-info
[3.392s] writing ../../build/gototable/gototable.egg-info/PKG-INFO
[3.392s] writing dependency_links to ../../build/gototable/gototable.egg-info/dependency_links.txt
[3.392s] writing entry points to ../../build/gototable/gototable.egg-info/entry_points.txt
[3.392s] writing requirements to ../../build/gototable/gototable.egg-info/requires.txt
[3.392s] writing top-level names to ../../build/gototable/gototable.egg-info/top_level.txt
[3.393s] writing manifest file '../../build/gototable/gototable.egg-info/SOURCES.txt'
[3.393s] reading manifest file '../../build/gototable/gototable.egg-info/SOURCES.txt'
[3.393s] adding license file 'LICENSE'
[3.393s] writing manifest file '../../build/gototable/gototable.egg-info/SOURCES.txt'
[3.393s] running build
[3.393s] running build_py
[3.393s] creating /home/reefranger/Desktop/ReefRanger/robot/robot/build/gototable/build/lib/gototable
[3.393s] copying gototable/gototable.py -> /home/reefranger/Desktop/ReefRanger/robot/robot/build/gototable/build/lib/gototable
[3.393s] copying gototable/__init__.py -> /home/reefranger/Desktop/ReefRanger/robot/robot/build/gototable/build/lib/gototable
[3.393s] running install
[3.393s] running install_lib
[3.393s] creating /home/reefranger/Desktop/ReefRanger/robot/robot/install/gototable/lib/python3.10/site-packages/gototable
[3.393s] copying /home/reefranger/Desktop/ReefRanger/robot/robot/build/gototable/build/lib/gototable/gototable.py -> /home/reefranger/Desktop/ReefRanger/robot/robot/install/gototable/lib/python3.10/site-packages/gototable
[3.394s] copying /home/reefranger/Desktop/ReefRanger/robot/robot/build/gototable/build/lib/gototable/__init__.py -> /home/reefranger/Desktop/ReefRanger/robot/robot/install/gototable/lib/python3.10/site-packages/gototable
[3.394s] byte-compiling /home/reefranger/Desktop/ReefRanger/robot/robot/install/gototable/lib/python3.10/site-packages/gototable/gototable.py to gototable.cpython-310.pyc
[3.394s] byte-compiling /home/reefranger/Desktop/ReefRanger/robot/robot/install/gototable/lib/python3.10/site-packages/gototable/__init__.py to __init__.cpython-310.pyc
[3.394s] running install_data
[3.394s] creating /home/reefranger/Desktop/ReefRanger/robot/robot/install/gototable/share/ament_index/resource_index/packages
[3.394s] copying resource/gototable -> /home/reefranger/Desktop/ReefRanger/robot/robot/install/gototable/share/ament_index/resource_index/packages
[3.394s] copying package.xml -> /home/reefranger/Desktop/ReefRanger/robot/robot/install/gototable/share/gototable
[3.394s] running install_egg_info
[3.394s] Copying ../../build/gototable/gototable.egg-info to /home/reefranger/Desktop/ReefRanger/robot/robot/install/gototable/lib/python3.10/site-packages/gototable-0.0.0-py3.10.egg-info
[3.394s] running install_scripts
[3.404s] /home/reefranger/.local/lib/python3.10/site-packages/setuptools/_distutils/dist.py:261: UserWarning: Unknown distribution option: 'tests_require'
[3.404s]   warnings.warn(msg)
[3.569s] Installing gototable script to /home/reefranger/Desktop/ReefRanger/robot/robot/install/gototable/lib/gototable
[3.570s] writing list of installed files to '/home/reefranger/Desktop/ReefRanger/robot/robot/build/gototable/install.log'
[3.928s] Invoked command in '/home/reefranger/Desktop/ReefRanger/robot/robot/src/gototable' returned '0': PYTHONPATH=/home/reefranger/Desktop/ReefRanger/robot/robot/build/gototable/prefix_override:/usr/lib/python3/dist-packages/colcon_core/task/python/colcon_distutils_commands:/home/reefranger/Desktop/ReefRanger/robot/robot/install/gototable/lib/python3.10/site-packages:${PYTHONPATH} /usr/bin/python3 -W ignore:setup.py install is deprecated setup.py egg_info --egg-base ../../build/gototable build --build-base /home/reefranger/Desktop/ReefRanger/robot/robot/build/gototable/build install --record /home/reefranger/Desktop/ReefRanger/robot/robot/build/gototable/install.log --single-version-externally-managed install_data
