/home/reefranger/.local/lib/python3.10/site-packages/setuptools/_distutils/dist.py:261: UserWarning: Unknown distribution option: 'tests_require'
  warnings.warn(msg)
running egg_info
creating ../../build/robotpub/robotpub.egg-info
writing ../../build/robotpub/robotpub.egg-info/PKG-INFO
writing dependency_links to ../../build/robotpub/robotpub.egg-info/dependency_links.txt
writing requirements to ../../build/robotpub/robotpub.egg-info/requires.txt
writing top-level names to ../../build/robotpub/robotpub.egg-info/top_level.txt
writing manifest file '../../build/robotpub/robotpub.egg-info/SOURCES.txt'
reading manifest file '../../build/robotpub/robotpub.egg-info/SOURCES.txt'
adding license file 'LICENSE'
writing manifest file '../../build/robotpub/robotpub.egg-info/SOURCES.txt'
running build
running build_py
creating /home/reefranger/Desktop/ReefRanger/robot/robot/build/robotpub/build/lib/robotpub
copying robotpub/__init__.py -> /home/reefranger/Desktop/ReefRanger/robot/robot/build/robotpub/build/lib/robotpub
running install
running install_lib
creating /home/reefranger/Desktop/ReefRanger/robot/robot/install/robotpub/lib/python3.10/site-packages/robotpub
copying /home/reefranger/Desktop/ReefRanger/robot/robot/build/robotpub/build/lib/robotpub/__init__.py -> /home/reefranger/Desktop/ReefRanger/robot/robot/install/robotpub/lib/python3.10/site-packages/robotpub
byte-compiling /home/reefranger/Desktop/ReefRanger/robot/robot/install/robotpub/lib/python3.10/site-packages/robotpub/__init__.py to __init__.cpython-310.pyc
running install_data
creating /home/reefranger/Desktop/ReefRanger/robot/robot/install/robotpub/share/ament_index/resource_index/packages
copying resource/robotpub -> /home/reefranger/Desktop/ReefRanger/robot/robot/install/robotpub/share/ament_index/resource_index/packages
copying package.xml -> /home/reefranger/Desktop/ReefRanger/robot/robot/install/robotpub/share/robotpub
running install_egg_info
Copying ../../build/robotpub/robotpub.egg-info to /home/reefranger/Desktop/ReefRanger/robot/robot/install/robotpub/lib/python3.10/site-packages/robotpub-0.0.0-py3.10.egg-info
running install_scripts
writing list of installed files to '/home/reefranger/Desktop/ReefRanger/robot/robot/build/robotpub/install.log'
