[2.156s] Invoking command in '/home/reefranger/Desktop/ReefRanger/robot/robot/src/robotpub': PYTHONPATH=/home/reefranger/Desktop/ReefRanger/robot/robot/build/robotpub/prefix_override:/usr/lib/python3/dist-packages/colcon_core/task/python/colcon_distutils_commands:/home/reefranger/Desktop/ReefRanger/robot/robot/install/robotpub/lib/python3.10/site-packages:${PYTHONPATH} /usr/bin/python3 -W ignore:setup.py install is deprecated setup.py egg_info --egg-base ../../build/robotpub build --build-base /home/reefranger/Desktop/ReefRanger/robot/robot/build/robotpub/build install --record /home/reefranger/Desktop/ReefRanger/robot/robot/build/robotpub/install.log --single-version-externally-managed install_data
[2.417s] /home/reefranger/.local/lib/python3.10/site-packages/setuptools/_distutils/dist.py:261: UserWarning: Unknown distribution option: 'tests_require'
[2.417s]   warnings.warn(msg)
[2.604s] running egg_info
[2.633s] creating ../../build/robotpub/robotpub.egg-info
[2.633s] writing ../../build/robotpub/robotpub.egg-info/PKG-INFO
[2.635s] writing dependency_links to ../../build/robotpub/robotpub.egg-info/dependency_links.txt
[2.637s] writing requirements to ../../build/robotpub/robotpub.egg-info/requires.txt
[2.637s] writing top-level names to ../../build/robotpub/robotpub.egg-info/top_level.txt
[2.637s] writing manifest file '../../build/robotpub/robotpub.egg-info/SOURCES.txt'
[2.740s] reading manifest file '../../build/robotpub/robotpub.egg-info/SOURCES.txt'
[2.740s] adding license file 'LICENSE'
[2.742s] writing manifest file '../../build/robotpub/robotpub.egg-info/SOURCES.txt'
[2.742s] running build
[2.742s] running build_py
[2.743s] creating /home/reefranger/Desktop/ReefRanger/robot/robot/build/robotpub/build/lib/robotpub
[2.743s] copying robotpub/__init__.py -> /home/reefranger/Desktop/ReefRanger/robot/robot/build/robotpub/build/lib/robotpub
[2.744s] running install
[2.751s] running install_lib
[2.795s] creating /home/reefranger/Desktop/ReefRanger/robot/robot/install/robotpub/lib/python3.10/site-packages/robotpub
[2.795s] copying /home/reefranger/Desktop/ReefRanger/robot/robot/build/robotpub/build/lib/robotpub/__init__.py -> /home/reefranger/Desktop/ReefRanger/robot/robot/install/robotpub/lib/python3.10/site-packages/robotpub
[2.796s] byte-compiling /home/reefranger/Desktop/ReefRanger/robot/robot/install/robotpub/lib/python3.10/site-packages/robotpub/__init__.py to __init__.cpython-310.pyc
[2.796s] running install_data
[2.797s] creating /home/reefranger/Desktop/ReefRanger/robot/robot/install/robotpub/share/ament_index/resource_index/packages
[2.797s] copying resource/robotpub -> /home/reefranger/Desktop/ReefRanger/robot/robot/install/robotpub/share/ament_index/resource_index/packages
[2.798s] copying package.xml -> /home/reefranger/Desktop/ReefRanger/robot/robot/install/robotpub/share/robotpub
[2.798s] running install_egg_info
[2.826s] Copying ../../build/robotpub/robotpub.egg-info to /home/reefranger/Desktop/ReefRanger/robot/robot/install/robotpub/lib/python3.10/site-packages/robotpub-0.0.0-py3.10.egg-info
[2.827s] running install_scripts
[3.068s] writing list of installed files to '/home/reefranger/Desktop/ReefRanger/robot/robot/build/robotpub/install.log'
[3.105s] Invoked command in '/home/reefranger/Desktop/ReefRanger/robot/robot/src/robotpub' returned '0': PYTHONPATH=/home/reefranger/Desktop/ReefRanger/robot/robot/build/robotpub/prefix_override:/usr/lib/python3/dist-packages/colcon_core/task/python/colcon_distutils_commands:/home/reefranger/Desktop/ReefRanger/robot/robot/install/robotpub/lib/python3.10/site-packages:${PYTHONPATH} /usr/bin/python3 -W ignore:setup.py install is deprecated setup.py egg_info --egg-base ../../build/robotpub build --build-base /home/reefranger/Desktop/ReefRanger/robot/robot/build/robotpub/build install --record /home/reefranger/Desktop/ReefRanger/robot/robot/build/robotpub/install.log --single-version-externally-managed install_data
