[2.061s] Invoking command in '/home/reefranger/Desktop/ReefRanger/robot/robot/src/moveovertable': PYTHONPATH=/home/reefranger/Desktop/ReefRanger/robot/robot/build/moveovertable/prefix_override:/usr/lib/python3/dist-packages/colcon_core/task/python/colcon_distutils_commands:/home/reefranger/Desktop/ReefRanger/robot/robot/install/moveovertable/lib/python3.10/site-packages:${PYTHONPATH} /usr/bin/python3 -W ignore:setup.py install is deprecated setup.py egg_info --egg-base ../../build/moveovertable build --build-base /home/reefranger/Desktop/ReefRanger/robot/robot/build/moveovertable/build install --record /home/reefranger/Desktop/ReefRanger/robot/robot/build/moveovertable/install.log --single-version-externally-managed install_data
[2.268s] /home/reefranger/.local/lib/python3.10/site-packages/setuptools/_distutils/dist.py:261: UserWarning: Unknown distribution option: 'tests_require'
[2.268s]   warnings.warn(msg)
[2.455s] running egg_info
[2.487s] writing ../../build/moveovertable/moveovertable.egg-info/PKG-INFO
[2.487s] writing dependency_links to ../../build/moveovertable/moveovertable.egg-info/dependency_links.txt
[2.487s] writing entry points to ../../build/moveovertable/moveovertable.egg-info/entry_points.txt
[2.489s] writing requirements to ../../build/moveovertable/moveovertable.egg-info/requires.txt
[2.490s] writing top-level names to ../../build/moveovertable/moveovertable.egg-info/top_level.txt
[2.548s] reading manifest file '../../build/moveovertable/moveovertable.egg-info/SOURCES.txt'
[2.548s] adding license file 'LICENSE'
[2.550s] writing manifest file '../../build/moveovertable/moveovertable.egg-info/SOURCES.txt'
[2.550s] running build
[2.551s] running build_py
[2.552s] copying moveovertable/__init__.py -> /home/reefranger/Desktop/ReefRanger/robot/robot/build/moveovertable/build/lib/moveovertable
[2.552s] copying moveovertable/moveovertable.py -> /home/reefranger/Desktop/ReefRanger/robot/robot/build/moveovertable/build/lib/moveovertable
[2.552s] running install
[2.559s] running install_lib
[2.591s] running install_data
[2.591s] copying resource/moveovertable -> /home/reefranger/Desktop/ReefRanger/robot/robot/install/moveovertable/share/ament_index/resource_index/packages
[2.591s] copying package.xml -> /home/reefranger/Desktop/ReefRanger/robot/robot/install/moveovertable/share/moveovertable
[2.591s] running install_egg_info
[2.621s] removing '/home/reefranger/Desktop/ReefRanger/robot/robot/install/moveovertable/lib/python3.10/site-packages/moveovertable-0.0.0-py3.10.egg-info' (and everything under it)
[2.621s] Copying ../../build/moveovertable/moveovertable.egg-info to /home/reefranger/Desktop/ReefRanger/robot/robot/install/moveovertable/lib/python3.10/site-packages/moveovertable-0.0.0-py3.10.egg-info
[2.623s] running install_scripts
[2.861s] Installing moveovertable script to /home/reefranger/Desktop/ReefRanger/robot/robot/install/moveovertable/lib/moveovertable
[2.861s] writing list of installed files to '/home/reefranger/Desktop/ReefRanger/robot/robot/build/moveovertable/install.log'
[2.967s] Invoked command in '/home/reefranger/Desktop/ReefRanger/robot/robot/src/moveovertable' returned '0': PYTHONPATH=/home/reefranger/Desktop/ReefRanger/robot/robot/build/moveovertable/prefix_override:/usr/lib/python3/dist-packages/colcon_core/task/python/colcon_distutils_commands:/home/reefranger/Desktop/ReefRanger/robot/robot/install/moveovertable/lib/python3.10/site-packages:${PYTHONPATH} /usr/bin/python3 -W ignore:setup.py install is deprecated setup.py egg_info --egg-base ../../build/moveovertable build --build-base /home/reefranger/Desktop/ReefRanger/robot/robot/build/moveovertable/build install --record /home/reefranger/Desktop/ReefRanger/robot/robot/build/moveovertable/install.log --single-version-externally-managed install_data
