[1.362s] Invoking command in '/home/reefranger/Desktop/ReefRanger/robot/robot/src/movetable': PYTHONPATH=/home/reefranger/Desktop/ReefRanger/robot/robot/build/movetable/prefix_override:/usr/lib/python3/dist-packages/colcon_core/task/python/colcon_distutils_commands:/home/reefranger/Desktop/ReefRanger/robot/robot/install/movetable/lib/python3.10/site-packages:${PYTHONPATH} /usr/bin/python3 -W ignore:setup.py install is deprecated setup.py egg_info --egg-base ../../build/movetable build --build-base /home/reefranger/Desktop/ReefRanger/robot/robot/build/movetable/build install --record /home/reefranger/Desktop/ReefRanger/robot/robot/build/movetable/install.log --single-version-externally-managed install_data
[1.582s] running egg_info
[1.597s] writing ../../build/movetable/movetable.egg-info/PKG-INFO
[1.598s] writing dependency_links to ../../build/movetable/movetable.egg-info/dependency_links.txt
[1.598s] writing entry points to ../../build/movetable/movetable.egg-info/entry_points.txt
[1.598s] writing requirements to ../../build/movetable/movetable.egg-info/requires.txt
[1.598s] writing top-level names to ../../build/movetable/movetable.egg-info/top_level.txt
[1.631s] reading manifest file '../../build/movetable/movetable.egg-info/SOURCES.txt'
[1.632s] writing manifest file '../../build/movetable/movetable.egg-info/SOURCES.txt'
[1.632s] running build
[1.633s] running build_py
[1.633s] copying movetable/movetable.py -> /home/reefranger/Desktop/ReefRanger/robot/robot/build/movetable/build/lib/movetable
[1.633s] copying movetable/__init__.py -> /home/reefranger/Desktop/ReefRanger/robot/robot/build/movetable/build/lib/movetable
[1.633s] running install
[1.636s] running install_lib
[1.652s] running install_data
[1.652s] copying resource/movetable -> /home/reefranger/Desktop/ReefRanger/robot/robot/install/movetable/share/ament_index/resource_index/packages
[1.652s] copying package.xml -> /home/reefranger/Desktop/ReefRanger/robot/robot/install/movetable/share/movetable
[1.653s] running install_egg_info
[1.668s] removing '/home/reefranger/Desktop/ReefRanger/robot/robot/install/movetable/lib/python3.10/site-packages/movetable-0.0.0-py3.10.egg-info' (and everything under it)
[1.668s] Copying ../../build/movetable/movetable.egg-info to /home/reefranger/Desktop/ReefRanger/robot/robot/install/movetable/lib/python3.10/site-packages/movetable-0.0.0-py3.10.egg-info
[1.669s] running install_scripts
[1.796s] Installing movetable script to /home/reefranger/Desktop/ReefRanger/robot/robot/install/movetable/lib/movetable
[1.796s] writing list of installed files to '/home/reefranger/Desktop/ReefRanger/robot/robot/build/movetable/install.log'
[2.233s] Invoked command in '/home/reefranger/Desktop/ReefRanger/robot/robot/src/movetable' returned '0': PYTHONPATH=/home/reefranger/Desktop/ReefRanger/robot/robot/build/movetable/prefix_override:/usr/lib/python3/dist-packages/colcon_core/task/python/colcon_distutils_commands:/home/reefranger/Desktop/ReefRanger/robot/robot/install/movetable/lib/python3.10/site-packages:${PYTHONPATH} /usr/bin/python3 -W ignore:setup.py install is deprecated setup.py egg_info --egg-base ../../build/movetable build --build-base /home/reefranger/Desktop/ReefRanger/robot/robot/build/movetable/build install --record /home/reefranger/Desktop/ReefRanger/robot/robot/build/movetable/install.log --single-version-externally-managed install_data
