[1.561s] Invoking command in '/home/reefranger/Desktop/ReefRanger/robot/robot/src/pathctrl': PYTHONPATH=/home/reefranger/Desktop/ReefRanger/robot/robot/build/pathctrl/prefix_override:/usr/lib/python3/dist-packages/colcon_core/task/python/colcon_distutils_commands:/home/reefranger/Desktop/ReefRanger/robot/robot/install/pathctrl/lib/python3.10/site-packages:${PYTHONPATH} /usr/bin/python3 -W ignore:setup.py install is deprecated setup.py egg_info --egg-base ../../build/pathctrl build --build-base /home/reefranger/Desktop/ReefRanger/robot/robot/build/pathctrl/build install --record /home/reefranger/Desktop/ReefRanger/robot/robot/build/pathctrl/install.log --single-version-externally-managed install_data
[1.967s] /home/reefranger/.local/lib/python3.10/site-packages/setuptools/_distutils/dist.py:261: UserWarning: Unknown distribution option: 'tests_require'
[1.968s]   warnings.warn(msg)
[2.160s] running egg_info
[2.185s] writing ../../build/pathctrl/pathctrl.egg-info/PKG-INFO
[2.187s] writing dependency_links to ../../build/pathctrl/pathctrl.egg-info/dependency_links.txt
[2.188s] writing entry points to ../../build/pathctrl/pathctrl.egg-info/entry_points.txt
[2.188s] writing requirements to ../../build/pathctrl/pathctrl.egg-info/requires.txt
[2.191s] writing top-level names to ../../build/pathctrl/pathctrl.egg-info/top_level.txt
[2.296s] reading manifest file '../../build/pathctrl/pathctrl.egg-info/SOURCES.txt'
[2.303s] adding license file 'LICENSE'
[2.304s] writing manifest file '../../build/pathctrl/pathctrl.egg-info/SOURCES.txt'
[2.307s] running build
[2.307s] running build_py
[2.311s] copying pathctrl/pathctrl_subscriper.py -> /home/reefranger/Desktop/ReefRanger/robot/robot/build/pathctrl/build/lib/pathctrl
[2.312s] copying pathctrl/pathctrl_1.py -> /home/reefranger/Desktop/ReefRanger/robot/robot/build/pathctrl/build/lib/pathctrl
[2.312s] copying pathctrl/pathctrl.py -> /home/reefranger/Desktop/ReefRanger/robot/robot/build/pathctrl/build/lib/pathctrl
[2.312s] copying pathctrl/__init__.py -> /home/reefranger/Desktop/ReefRanger/robot/robot/build/pathctrl/build/lib/pathctrl
[2.312s] copying pathctrl/pathctrl_2.py -> /home/reefranger/Desktop/ReefRanger/robot/robot/build/pathctrl/build/lib/pathctrl
[2.312s] copying pathctrl/pathctrl3.py -> /home/reefranger/Desktop/ReefRanger/robot/robot/build/pathctrl/build/lib/pathctrl
[2.312s] running install
[2.328s] running install_lib
[2.394s] running install_data
[2.394s] copying resource/pathctrl -> /home/reefranger/Desktop/ReefRanger/robot/robot/install/pathctrl/share/ament_index/resource_index/packages
[2.395s] copying package.xml -> /home/reefranger/Desktop/ReefRanger/robot/robot/install/pathctrl/share/pathctrl
[2.395s] running install_egg_info
[2.427s] removing '/home/reefranger/Desktop/ReefRanger/robot/robot/install/pathctrl/lib/python3.10/site-packages/pathctrl-0.0.0-py3.10.egg-info' (and everything under it)
[2.430s] Copying ../../build/pathctrl/pathctrl.egg-info to /home/reefranger/Desktop/ReefRanger/robot/robot/install/pathctrl/lib/python3.10/site-packages/pathctrl-0.0.0-py3.10.egg-info
[2.433s] running install_scripts
[2.787s] Installing pathctrl script to /home/reefranger/Desktop/ReefRanger/robot/robot/install/pathctrl/lib/pathctrl
[2.788s] writing list of installed files to '/home/reefranger/Desktop/ReefRanger/robot/robot/build/pathctrl/install.log'
[2.822s] Invoked command in '/home/reefranger/Desktop/ReefRanger/robot/robot/src/pathctrl' returned '0': PYTHONPATH=/home/reefranger/Desktop/ReefRanger/robot/robot/build/pathctrl/prefix_override:/usr/lib/python3/dist-packages/colcon_core/task/python/colcon_distutils_commands:/home/reefranger/Desktop/ReefRanger/robot/robot/install/pathctrl/lib/python3.10/site-packages:${PYTHONPATH} /usr/bin/python3 -W ignore:setup.py install is deprecated setup.py egg_info --egg-base ../../build/pathctrl build --build-base /home/reefranger/Desktop/ReefRanger/robot/robot/build/pathctrl/build install --record /home/reefranger/Desktop/ReefRanger/robot/robot/build/pathctrl/install.log --single-version-externally-managed install_data
