[2.071s] Invoking command in '/home/reefranger/Desktop/ReefRanger/robot/robot/src/ins': PYTHONPATH=/home/reefranger/Desktop/ReefRanger/robot/robot/build/ins/prefix_override:/usr/lib/python3/dist-packages/colcon_core/task/python/colcon_distutils_commands:/home/reefranger/Desktop/ReefRanger/robot/robot/install/ins/lib/python3.10/site-packages:${PYTHONPATH} /usr/bin/python3 -W ignore:setup.py install is deprecated setup.py egg_info --egg-base ../../build/ins build --build-base /home/reefranger/Desktop/ReefRanger/robot/robot/build/ins/build install --record /home/reefranger/Desktop/ReefRanger/robot/robot/build/ins/install.log --single-version-externally-managed install_data
[2.493s] running egg_info
[2.521s] writing ../../build/ins/ins.egg-info/PKG-INFO
[2.522s] writing dependency_links to ../../build/ins/ins.egg-info/dependency_links.txt
[2.524s] writing entry points to ../../build/ins/ins.egg-info/entry_points.txt
[2.524s] writing requirements to ../../build/ins/ins.egg-info/requires.txt
[2.524s] writing top-level names to ../../build/ins/ins.egg-info/top_level.txt
[2.595s] reading manifest file '../../build/ins/ins.egg-info/SOURCES.txt'
[2.596s] adding license file 'LICENSE'
[2.597s] writing manifest file '../../build/ins/ins.egg-info/SOURCES.txt'
[2.597s] running build
[2.597s] running build_py
[2.598s] copying ins/ins.py -> /home/reefranger/Desktop/ReefRanger/robot/robot/build/ins/build/lib/ins
[2.598s] copying ins/__init__.py -> /home/reefranger/Desktop/ReefRanger/robot/robot/build/ins/build/lib/ins
[2.599s] running install
[2.609s] running install_lib
[2.646s] running install_data
[2.646s] copying resource/ins -> /home/reefranger/Desktop/ReefRanger/robot/robot/install/ins/share/ament_index/resource_index/packages
[2.646s] copying package.xml -> /home/reefranger/Desktop/ReefRanger/robot/robot/install/ins/share/ins
[2.646s] running install_egg_info
[2.678s] removing '/home/reefranger/Desktop/ReefRanger/robot/robot/install/ins/lib/python3.10/site-packages/ins-0.0.0-py3.10.egg-info' (and everything under it)
[2.678s] Copying ../../build/ins/ins.egg-info to /home/reefranger/Desktop/ReefRanger/robot/robot/install/ins/lib/python3.10/site-packages/ins-0.0.0-py3.10.egg-info
[2.683s] running install_scripts
[2.908s] Installing ins script to /home/reefranger/Desktop/ReefRanger/robot/robot/install/ins/lib/ins
[2.908s] writing list of installed files to '/home/reefranger/Desktop/ReefRanger/robot/robot/build/ins/install.log'
[3.458s] Invoked command in '/home/reefranger/Desktop/ReefRanger/robot/robot/src/ins' returned '0': PYTHONPATH=/home/reefranger/Desktop/ReefRanger/robot/robot/build/ins/prefix_override:/usr/lib/python3/dist-packages/colcon_core/task/python/colcon_distutils_commands:/home/reefranger/Desktop/ReefRanger/robot/robot/install/ins/lib/python3.10/site-packages:${PYTHONPATH} /usr/bin/python3 -W ignore:setup.py install is deprecated setup.py egg_info --egg-base ../../build/ins build --build-base /home/reefranger/Desktop/ReefRanger/robot/robot/build/ins/build install --record /home/reefranger/Desktop/ReefRanger/robot/robot/build/ins/install.log --single-version-externally-managed install_data
