/home/reefranger/.local/lib/python3.10/site-packages/setuptools/_distutils/dist.py:261: UserWarning: Unknown distribution option: 'tests_require'
  warnings.warn(msg)
running egg_info
creating ../../build/save_detect/save_detect.egg-info
writing ../../build/save_detect/save_detect.egg-info/PKG-INFO
writing dependency_links to ../../build/save_detect/save_detect.egg-info/dependency_links.txt
writing entry points to ../../build/save_detect/save_detect.egg-info/entry_points.txt
writing requirements to ../../build/save_detect/save_detect.egg-info/requires.txt
writing top-level names to ../../build/save_detect/save_detect.egg-info/top_level.txt
writing manifest file '../../build/save_detect/save_detect.egg-info/SOURCES.txt'
reading manifest file '../../build/save_detect/save_detect.egg-info/SOURCES.txt'
adding license file 'LICENSE'
writing manifest file '../../build/save_detect/save_detect.egg-info/SOURCES.txt'
running build
running build_py
creating /home/reefranger/Desktop/ReefRanger/robot/robot/build/save_detect/build/lib/save_detect
copying save_detect/subscriber_detect.py -> /home/reefranger/Desktop/ReefRanger/robot/robot/build/save_detect/build/lib/save_detect
copying save_detect/save_detect (copy).py -> /home/reefranger/Desktop/ReefRanger/robot/robot/build/save_detect/build/lib/save_detect
copying save_detect/save_detect.py -> /home/reefranger/Desktop/ReefRanger/robot/robot/build/save_detect/build/lib/save_detect
copying save_detect/publisher_detect.py -> /home/reefranger/Desktop/ReefRanger/robot/robot/build/save_detect/build/lib/save_detect
copying save_detect/__init__.py -> /home/reefranger/Desktop/ReefRanger/robot/robot/build/save_detect/build/lib/save_detect
copying save_detect/save_detect_final.py -> /home/reefranger/Desktop/ReefRanger/robot/robot/build/save_detect/build/lib/save_detect
running install
running install_lib
creating /home/reefranger/Desktop/ReefRanger/robot/robot/install/save_detect/lib/python3.10/site-packages/save_detect
copying /home/reefranger/Desktop/ReefRanger/robot/robot/build/save_detect/build/lib/save_detect/subscriber_detect.py -> /home/reefranger/Desktop/ReefRanger/robot/robot/install/save_detect/lib/python3.10/site-packages/save_detect
copying /home/reefranger/Desktop/ReefRanger/robot/robot/build/save_detect/build/lib/save_detect/save_detect (copy).py -> /home/reefranger/Desktop/ReefRanger/robot/robot/install/save_detect/lib/python3.10/site-packages/save_detect
copying /home/reefranger/Desktop/ReefRanger/robot/robot/build/save_detect/build/lib/save_detect/save_detect.py -> /home/reefranger/Desktop/ReefRanger/robot/robot/install/save_detect/lib/python3.10/site-packages/save_detect
copying /home/reefranger/Desktop/ReefRanger/robot/robot/build/save_detect/build/lib/save_detect/publisher_detect.py -> /home/reefranger/Desktop/ReefRanger/robot/robot/install/save_detect/lib/python3.10/site-packages/save_detect
copying /home/reefranger/Desktop/ReefRanger/robot/robot/build/save_detect/build/lib/save_detect/__init__.py -> /home/reefranger/Desktop/ReefRanger/robot/robot/install/save_detect/lib/python3.10/site-packages/save_detect
copying /home/reefranger/Desktop/ReefRanger/robot/robot/build/save_detect/build/lib/save_detect/save_detect_final.py -> /home/reefranger/Desktop/ReefRanger/robot/robot/install/save_detect/lib/python3.10/site-packages/save_detect
Sorry: TabError: inconsistent use of tabs and spaces in indentation (publisher_detect.py, line 35)
byte-compiling /home/reefranger/Desktop/ReefRanger/robot/robot/install/save_detect/lib/python3.10/site-packages/save_detect/subscriber_detect.py to subscriber_detect.cpython-310.pyc
byte-compiling /home/reefranger/Desktop/ReefRanger/robot/robot/install/save_detect/lib/python3.10/site-packages/save_detect/save_detect (copy).py to save_detect (copy).cpython-310.pyc
byte-compiling /home/reefranger/Desktop/ReefRanger/robot/robot/install/save_detect/lib/python3.10/site-packages/save_detect/save_detect.py to save_detect.cpython-310.pyc
byte-compiling /home/reefranger/Desktop/ReefRanger/robot/robot/install/save_detect/lib/python3.10/site-packages/save_detect/publisher_detect.py to publisher_detect.cpython-310.pyc
byte-compiling /home/reefranger/Desktop/ReefRanger/robot/robot/install/save_detect/lib/python3.10/site-packages/save_detect/__init__.py to __init__.cpython-310.pyc
byte-compiling /home/reefranger/Desktop/ReefRanger/robot/robot/install/save_detect/lib/python3.10/site-packages/save_detect/save_detect_final.py to save_detect_final.cpython-310.pyc
running install_data
creating /home/reefranger/Desktop/ReefRanger/robot/robot/install/save_detect/share/ament_index/resource_index/packages
copying resource/save_detect -> /home/reefranger/Desktop/ReefRanger/robot/robot/install/save_detect/share/ament_index/resource_index/packages
copying package.xml -> /home/reefranger/Desktop/ReefRanger/robot/robot/install/save_detect/share/save_detect
running install_egg_info
Copying ../../build/save_detect/save_detect.egg-info to /home/reefranger/Desktop/ReefRanger/robot/robot/install/save_detect/lib/python3.10/site-packages/save_detect-0.0.0-py3.10.egg-info
running install_scripts
Installing save_detect script to /home/reefranger/Desktop/ReefRanger/robot/robot/install/save_detect/lib/save_detect
writing list of installed files to '/home/reefranger/Desktop/ReefRanger/robot/robot/build/save_detect/install.log'
