[2.156s] Invoking command in '/home/reefranger/Desktop/ReefRanger/robot/robot/src/save_detect': PYTHONPATH=/home/reefranger/Desktop/ReefRanger/robot/robot/build/save_detect/prefix_override:/usr/lib/python3/dist-packages/colcon_core/task/python/colcon_distutils_commands:/home/reefranger/Desktop/ReefRanger/robot/robot/install/save_detect/lib/python3.10/site-packages:${PYTHONPATH} /usr/bin/python3 -W ignore:setup.py install is deprecated setup.py egg_info --egg-base ../../build/save_detect build --build-base /home/reefranger/Desktop/ReefRanger/robot/robot/build/save_detect/build install --record /home/reefranger/Desktop/ReefRanger/robot/robot/build/save_detect/install.log --single-version-externally-managed install_data
[2.425s] /home/reefranger/.local/lib/python3.10/site-packages/setuptools/_distutils/dist.py:261: UserWarning: Unknown distribution option: 'tests_require'
[2.425s]   warnings.warn(msg)
[2.632s] running egg_info
[2.663s] creating ../../build/save_detect/save_detect.egg-info
[2.664s] writing ../../build/save_detect/save_detect.egg-info/PKG-INFO
[2.665s] writing dependency_links to ../../build/save_detect/save_detect.egg-info/dependency_links.txt
[2.666s] writing entry points to ../../build/save_detect/save_detect.egg-info/entry_points.txt
[2.666s] writing requirements to ../../build/save_detect/save_detect.egg-info/requires.txt
[2.667s] writing top-level names to ../../build/save_detect/save_detect.egg-info/top_level.txt
[2.667s] writing manifest file '../../build/save_detect/save_detect.egg-info/SOURCES.txt'
[2.745s] reading manifest file '../../build/save_detect/save_detect.egg-info/SOURCES.txt'
[2.745s] adding license file 'LICENSE'
[2.746s] writing manifest file '../../build/save_detect/save_detect.egg-info/SOURCES.txt'
[2.746s] running build
[2.746s] running build_py
[2.746s] creating /home/reefranger/Desktop/ReefRanger/robot/robot/build/save_detect/build/lib/save_detect
[2.747s] copying save_detect/subscriber_detect.py -> /home/reefranger/Desktop/ReefRanger/robot/robot/build/save_detect/build/lib/save_detect
[2.747s] copying save_detect/save_detect (copy).py -> /home/reefranger/Desktop/ReefRanger/robot/robot/build/save_detect/build/lib/save_detect
[2.747s] copying save_detect/save_detect.py -> /home/reefranger/Desktop/ReefRanger/robot/robot/build/save_detect/build/lib/save_detect
[2.747s] copying save_detect/publisher_detect.py -> /home/reefranger/Desktop/ReefRanger/robot/robot/build/save_detect/build/lib/save_detect
[2.748s] copying save_detect/__init__.py -> /home/reefranger/Desktop/ReefRanger/robot/robot/build/save_detect/build/lib/save_detect
[2.748s] copying save_detect/save_detect_final.py -> /home/reefranger/Desktop/ReefRanger/robot/robot/build/save_detect/build/lib/save_detect
[2.748s] running install
[2.756s] running install_lib
[2.789s] creating /home/reefranger/Desktop/ReefRanger/robot/robot/install/save_detect/lib/python3.10/site-packages/save_detect
[2.789s] copying /home/reefranger/Desktop/ReefRanger/robot/robot/build/save_detect/build/lib/save_detect/subscriber_detect.py -> /home/reefranger/Desktop/ReefRanger/robot/robot/install/save_detect/lib/python3.10/site-packages/save_detect
[2.789s] copying /home/reefranger/Desktop/ReefRanger/robot/robot/build/save_detect/build/lib/save_detect/save_detect (copy).py -> /home/reefranger/Desktop/ReefRanger/robot/robot/install/save_detect/lib/python3.10/site-packages/save_detect
[2.789s] copying /home/reefranger/Desktop/ReefRanger/robot/robot/build/save_detect/build/lib/save_detect/save_detect.py -> /home/reefranger/Desktop/ReefRanger/robot/robot/install/save_detect/lib/python3.10/site-packages/save_detect
[2.790s] copying /home/reefranger/Desktop/ReefRanger/robot/robot/build/save_detect/build/lib/save_detect/publisher_detect.py -> /home/reefranger/Desktop/ReefRanger/robot/robot/install/save_detect/lib/python3.10/site-packages/save_detect
[2.790s] copying /home/reefranger/Desktop/ReefRanger/robot/robot/build/save_detect/build/lib/save_detect/__init__.py -> /home/reefranger/Desktop/ReefRanger/robot/robot/install/save_detect/lib/python3.10/site-packages/save_detect
[2.790s] copying /home/reefranger/Desktop/ReefRanger/robot/robot/build/save_detect/build/lib/save_detect/save_detect_final.py -> /home/reefranger/Desktop/ReefRanger/robot/robot/install/save_detect/lib/python3.10/site-packages/save_detect
[2.795s] Sorry: TabError: inconsistent use of tabs and spaces in indentation (publisher_detect.py, line 35)
[2.795s] byte-compiling /home/reefranger/Desktop/ReefRanger/robot/robot/install/save_detect/lib/python3.10/site-packages/save_detect/subscriber_detect.py to subscriber_detect.cpython-310.pyc
[2.795s] byte-compiling /home/reefranger/Desktop/ReefRanger/robot/robot/install/save_detect/lib/python3.10/site-packages/save_detect/save_detect (copy).py to save_detect (copy).cpython-310.pyc
[2.795s] byte-compiling /home/reefranger/Desktop/ReefRanger/robot/robot/install/save_detect/lib/python3.10/site-packages/save_detect/save_detect.py to save_detect.cpython-310.pyc
[2.795s] byte-compiling /home/reefranger/Desktop/ReefRanger/robot/robot/install/save_detect/lib/python3.10/site-packages/save_detect/publisher_detect.py to publisher_detect.cpython-310.pyc
[2.795s] byte-compiling /home/reefranger/Desktop/ReefRanger/robot/robot/install/save_detect/lib/python3.10/site-packages/save_detect/__init__.py to __init__.cpython-310.pyc
[2.795s] byte-compiling /home/reefranger/Desktop/ReefRanger/robot/robot/install/save_detect/lib/python3.10/site-packages/save_detect/save_detect_final.py to save_detect_final.cpython-310.pyc
[2.795s] running install_data
[2.795s] creating /home/reefranger/Desktop/ReefRanger/robot/robot/install/save_detect/share/ament_index/resource_index/packages
[2.795s] copying resource/save_detect -> /home/reefranger/Desktop/ReefRanger/robot/robot/install/save_detect/share/ament_index/resource_index/packages
[2.795s] copying package.xml -> /home/reefranger/Desktop/ReefRanger/robot/robot/install/save_detect/share/save_detect
[2.796s] running install_egg_info
[2.826s] Copying ../../build/save_detect/save_detect.egg-info to /home/reefranger/Desktop/ReefRanger/robot/robot/install/save_detect/lib/python3.10/site-packages/save_detect-0.0.0-py3.10.egg-info
[2.828s] running install_scripts
[3.061s] Installing save_detect script to /home/reefranger/Desktop/ReefRanger/robot/robot/install/save_detect/lib/save_detect
[3.063s] writing list of installed files to '/home/reefranger/Desktop/ReefRanger/robot/robot/build/save_detect/install.log'
[3.097s] Invoked command in '/home/reefranger/Desktop/ReefRanger/robot/robot/src/save_detect' returned '0': PYTHONPATH=/home/reefranger/Desktop/ReefRanger/robot/robot/build/save_detect/prefix_override:/usr/lib/python3/dist-packages/colcon_core/task/python/colcon_distutils_commands:/home/reefranger/Desktop/ReefRanger/robot/robot/install/save_detect/lib/python3.10/site-packages:${PYTHONPATH} /usr/bin/python3 -W ignore:setup.py install is deprecated setup.py egg_info --egg-base ../../build/save_detect build --build-base /home/reefranger/Desktop/ReefRanger/robot/robot/build/save_detect/build install --record /home/reefranger/Desktop/ReefRanger/robot/robot/build/save_detect/install.log --single-version-externally-managed install_data
