[1.519s] Invoking command in '/home/reefranger/Desktop/ReefRanger/robot/robot/src/state_machine': PYTHONPATH=/home/reefranger/Desktop/ReefRanger/robot/robot/build/state_machine/prefix_override:/usr/lib/python3/dist-packages/colcon_core/task/python/colcon_distutils_commands:/home/reefranger/Desktop/ReefRanger/robot/robot/install/state_machine/lib/python3.10/site-packages:${PYTHONPATH} /usr/bin/python3 -W ignore:setup.py install is deprecated setup.py egg_info --egg-base ../../build/state_machine build --build-base /home/reefranger/Desktop/ReefRanger/robot/robot/build/state_machine/build install --record /home/reefranger/Desktop/ReefRanger/robot/robot/build/state_machine/install.log --single-version-externally-managed install_data
[1.658s] /home/reefranger/.local/lib/python3.10/site-packages/setuptools/_distutils/dist.py:261: UserWarning: Unknown distribution option: 'tests_require'
[1.658s]   warnings.warn(msg)
[1.753s] running egg_info
[1.768s] writing ../../build/state_machine/state_machine.egg-info/PKG-INFO
[1.769s] writing dependency_links to ../../build/state_machine/state_machine.egg-info/dependency_links.txt
[1.769s] writing entry points to ../../build/state_machine/state_machine.egg-info/entry_points.txt
[1.769s] writing requirements to ../../build/state_machine/state_machine.egg-info/requires.txt
[1.769s] writing top-level names to ../../build/state_machine/state_machine.egg-info/top_level.txt
[1.801s] reading manifest file '../../build/state_machine/state_machine.egg-info/SOURCES.txt'
[1.801s] adding license file 'LICENSE'
[1.802s] writing manifest file '../../build/state_machine/state_machine.egg-info/SOURCES.txt'
[1.802s] running build
[1.802s] running build_py
[1.803s] copying state_machine/state_machine.py -> /home/reefranger/Desktop/ReefRanger/robot/robot/build/state_machine/build/lib/state_machine
[1.803s] copying state_machine/__init__.py -> /home/reefranger/Desktop/ReefRanger/robot/robot/build/state_machine/build/lib/state_machine
[1.803s] running install
[1.807s] running install_lib
[1.825s] running install_data
[1.826s] copying resource/state_machine -> /home/reefranger/Desktop/ReefRanger/robot/robot/install/state_machine/share/ament_index/resource_index/packages
[1.826s] copying package.xml -> /home/reefranger/Desktop/ReefRanger/robot/robot/install/state_machine/share/state_machine
[1.826s] running install_egg_info
[1.844s] removing '/home/reefranger/Desktop/ReefRanger/robot/robot/install/state_machine/lib/python3.10/site-packages/state_machine-0.0.0-py3.10.egg-info' (and everything under it)
[1.845s] Copying ../../build/state_machine/state_machine.egg-info to /home/reefranger/Desktop/ReefRanger/robot/robot/install/state_machine/lib/python3.10/site-packages/state_machine-0.0.0-py3.10.egg-info
[1.845s] running install_scripts
[1.965s] Installing state_machine script to /home/reefranger/Desktop/ReefRanger/robot/robot/install/state_machine/lib/state_machine
[1.965s] writing list of installed files to '/home/reefranger/Desktop/ReefRanger/robot/robot/build/state_machine/install.log'
[1.982s] Invoked command in '/home/reefranger/Desktop/ReefRanger/robot/robot/src/state_machine' returned '0': PYTHONPATH=/home/reefranger/Desktop/ReefRanger/robot/robot/build/state_machine/prefix_override:/usr/lib/python3/dist-packages/colcon_core/task/python/colcon_distutils_commands:/home/reefranger/Desktop/ReefRanger/robot/robot/install/state_machine/lib/python3.10/site-packages:${PYTHONPATH} /usr/bin/python3 -W ignore:setup.py install is deprecated setup.py egg_info --egg-base ../../build/state_machine build --build-base /home/reefranger/Desktop/ReefRanger/robot/robot/build/state_machine/build install --record /home/reefranger/Desktop/ReefRanger/robot/robot/build/state_machine/install.log --single-version-externally-managed install_data
