[2.419s] Invoking command in '/home/reefranger/Desktop/ReefRanger/robot/robot/src/mccontroller': PYTHONPATH=/home/reefranger/Desktop/ReefRanger/robot/robot/build/mccontroller/prefix_override:/usr/lib/python3/dist-packages/colcon_core/task/python/colcon_distutils_commands:/home/reefranger/Desktop/ReefRanger/robot/robot/install/mccontroller/lib/python3.10/site-packages:${PYTHONPATH} /usr/bin/python3 -W ignore:setup.py install is deprecated setup.py egg_info --egg-base ../../build/mccontroller build --build-base /home/reefranger/Desktop/ReefRanger/robot/robot/build/mccontroller/build install --record /home/reefranger/Desktop/ReefRanger/robot/robot/build/mccontroller/install.log --single-version-externally-managed install_data
[2.822s] running egg_info
[2.853s] writing ../../build/mccontroller/mccontroller.egg-info/PKG-INFO
[2.854s] writing dependency_links to ../../build/mccontroller/mccontroller.egg-info/dependency_links.txt
[2.854s] writing entry points to ../../build/mccontroller/mccontroller.egg-info/entry_points.txt
[2.854s] writing requirements to ../../build/mccontroller/mccontroller.egg-info/requires.txt
[2.854s] writing top-level names to ../../build/mccontroller/mccontroller.egg-info/top_level.txt
[2.919s] reading manifest file '../../build/mccontroller/mccontroller.egg-info/SOURCES.txt'
[2.920s] adding license file 'LICENSE'
[2.922s] writing manifest file '../../build/mccontroller/mccontroller.egg-info/SOURCES.txt'
[2.922s] running build
[2.923s] running build_py
[2.923s] copying mccontroller/mccontroller copy.py -> /home/reefranger/Desktop/ReefRanger/robot/robot/build/mccontroller/build/lib/mccontroller
[2.923s] copying mccontroller/mccontroller.py -> /home/reefranger/Desktop/ReefRanger/robot/robot/build/mccontroller/build/lib/mccontroller
[2.923s] copying mccontroller/__init__.py -> /home/reefranger/Desktop/ReefRanger/robot/robot/build/mccontroller/build/lib/mccontroller
[2.923s] running install
[2.932s] running install_lib
[2.968s] running install_data
[2.968s] copying resource/mccontroller -> /home/reefranger/Desktop/ReefRanger/robot/robot/install/mccontroller/share/ament_index/resource_index/packages
[2.968s] copying package.xml -> /home/reefranger/Desktop/ReefRanger/robot/robot/install/mccontroller/share/mccontroller
[2.968s] running install_egg_info
[3.002s] removing '/home/reefranger/Desktop/ReefRanger/robot/robot/install/mccontroller/lib/python3.10/site-packages/mccontroller-0.0.0-py3.10.egg-info' (and everything under it)
[3.003s] Copying ../../build/mccontroller/mccontroller.egg-info to /home/reefranger/Desktop/ReefRanger/robot/robot/install/mccontroller/lib/python3.10/site-packages/mccontroller-0.0.0-py3.10.egg-info
[3.004s] running install_scripts
[3.260s] Installing mccontroller script to /home/reefranger/Desktop/ReefRanger/robot/robot/install/mccontroller/lib/mccontroller
[3.260s] writing list of installed files to '/home/reefranger/Desktop/ReefRanger/robot/robot/build/mccontroller/install.log'
[3.363s] Invoked command in '/home/reefranger/Desktop/ReefRanger/robot/robot/src/mccontroller' returned '0': PYTHONPATH=/home/reefranger/Desktop/ReefRanger/robot/robot/build/mccontroller/prefix_override:/usr/lib/python3/dist-packages/colcon_core/task/python/colcon_distutils_commands:/home/reefranger/Desktop/ReefRanger/robot/robot/install/mccontroller/lib/python3.10/site-packages:${PYTHONPATH} /usr/bin/python3 -W ignore:setup.py install is deprecated setup.py egg_info --egg-base ../../build/mccontroller build --build-base /home/reefranger/Desktop/ReefRanger/robot/robot/build/mccontroller/build install --record /home/reefranger/Desktop/ReefRanger/robot/robot/build/mccontroller/install.log --single-version-externally-managed install_data
