running egg_info
creating ../../build/pidtable/pidtable.egg-info
writing ../../build/pidtable/pidtable.egg-info/PKG-INFO
writing dependency_links to ../../build/pidtable/pidtable.egg-info/dependency_links.txt
writing requirements to ../../build/pidtable/pidtable.egg-info/requires.txt
writing top-level names to ../../build/pidtable/pidtable.egg-info/top_level.txt
writing manifest file '../../build/pidtable/pidtable.egg-info/SOURCES.txt'
reading manifest file '../../build/pidtable/pidtable.egg-info/SOURCES.txt'
adding license file 'LICENSE'
writing manifest file '../../build/pidtable/pidtable.egg-info/SOURCES.txt'
running build
running build_py
creating /home/reefranger/Desktop/ReefRanger/robot/robot/build/pidtable/build/lib/pidtable
copying pidtable/pidtable.py -> /home/reefranger/Desktop/ReefRanger/robot/robot/build/pidtable/build/lib/pidtable
copying pidtable/__init__.py -> /home/reefranger/Desktop/ReefRanger/robot/robot/build/pidtable/build/lib/pidtable
running install
running install_lib
creating /home/reefranger/Desktop/ReefRanger/robot/robot/install/pidtable/lib/python3.10/site-packages/pidtable
copying /home/reefranger/Desktop/ReefRanger/robot/robot/build/pidtable/build/lib/pidtable/pidtable.py -> /home/reefranger/Desktop/ReefRanger/robot/robot/install/pidtable/lib/python3.10/site-packages/pidtable
copying /home/reefranger/Desktop/ReefRanger/robot/robot/build/pidtable/build/lib/pidtable/__init__.py -> /home/reefranger/Desktop/ReefRanger/robot/robot/install/pidtable/lib/python3.10/site-packages/pidtable
byte-compiling /home/reefranger/Desktop/ReefRanger/robot/robot/install/pidtable/lib/python3.10/site-packages/pidtable/pidtable.py to pidtable.cpython-310.pyc
byte-compiling /home/reefranger/Desktop/ReefRanger/robot/robot/install/pidtable/lib/python3.10/site-packages/pidtable/__init__.py to __init__.cpython-310.pyc
running install_data
creating /home/reefranger/Desktop/ReefRanger/robot/robot/install/pidtable/share/ament_index/resource_index/packages
copying resource/pidtable -> /home/reefranger/Desktop/ReefRanger/robot/robot/install/pidtable/share/ament_index/resource_index/packages
copying package.xml -> /home/reefranger/Desktop/ReefRanger/robot/robot/install/pidtable/share/pidtable
running install_egg_info
Copying ../../build/pidtable/pidtable.egg-info to /home/reefranger/Desktop/ReefRanger/robot/robot/install/pidtable/lib/python3.10/site-packages/pidtable-0.0.0-py3.10.egg-info
running install_scripts
writing list of installed files to '/home/reefranger/Desktop/ReefRanger/robot/robot/build/pidtable/install.log'
