[2.274s] Invoking command in '/home/reefranger/Desktop/ReefRanger/robot/robot/src/pidtable': PYTHONPATH=/home/reefranger/Desktop/ReefRanger/robot/robot/build/pidtable/prefix_override:/usr/lib/python3/dist-packages/colcon_core/task/python/colcon_distutils_commands:/home/reefranger/Desktop/ReefRanger/robot/robot/install/pidtable/lib/python3.10/site-packages:${PYTHONPATH} /usr/bin/python3 -W ignore:setup.py install is deprecated setup.py egg_info --egg-base ../../build/pidtable build --build-base /home/reefranger/Desktop/ReefRanger/robot/robot/build/pidtable/build install --record /home/reefranger/Desktop/ReefRanger/robot/robot/build/pidtable/install.log --single-version-externally-managed install_data
[3.110s] running egg_info
[3.110s] creating ../../build/pidtable/pidtable.egg-info
[3.110s] writing ../../build/pidtable/pidtable.egg-info/PKG-INFO
[3.111s] writing dependency_links to ../../build/pidtable/pidtable.egg-info/dependency_links.txt
[3.111s] writing requirements to ../../build/pidtable/pidtable.egg-info/requires.txt
[3.111s] writing top-level names to ../../build/pidtable/pidtable.egg-info/top_level.txt
[3.111s] writing manifest file '../../build/pidtable/pidtable.egg-info/SOURCES.txt'
[3.111s] reading manifest file '../../build/pidtable/pidtable.egg-info/SOURCES.txt'
[3.111s] adding license file 'LICENSE'
[3.111s] writing manifest file '../../build/pidtable/pidtable.egg-info/SOURCES.txt'
[3.111s] running build
[3.111s] running build_py
[3.111s] creating /home/reefranger/Desktop/ReefRanger/robot/robot/build/pidtable/build/lib/pidtable
[3.111s] copying pidtable/pidtable.py -> /home/reefranger/Desktop/ReefRanger/robot/robot/build/pidtable/build/lib/pidtable
[3.111s] copying pidtable/__init__.py -> /home/reefranger/Desktop/ReefRanger/robot/robot/build/pidtable/build/lib/pidtable
[3.111s] running install
[3.112s] running install_lib
[3.112s] creating /home/reefranger/Desktop/ReefRanger/robot/robot/install/pidtable/lib/python3.10/site-packages/pidtable
[3.112s] copying /home/reefranger/Desktop/ReefRanger/robot/robot/build/pidtable/build/lib/pidtable/pidtable.py -> /home/reefranger/Desktop/ReefRanger/robot/robot/install/pidtable/lib/python3.10/site-packages/pidtable
[3.112s] copying /home/reefranger/Desktop/ReefRanger/robot/robot/build/pidtable/build/lib/pidtable/__init__.py -> /home/reefranger/Desktop/ReefRanger/robot/robot/install/pidtable/lib/python3.10/site-packages/pidtable
[3.112s] byte-compiling /home/reefranger/Desktop/ReefRanger/robot/robot/install/pidtable/lib/python3.10/site-packages/pidtable/pidtable.py to pidtable.cpython-310.pyc
[3.112s] byte-compiling /home/reefranger/Desktop/ReefRanger/robot/robot/install/pidtable/lib/python3.10/site-packages/pidtable/__init__.py to __init__.cpython-310.pyc
[3.112s] running install_data
[3.112s] creating /home/reefranger/Desktop/ReefRanger/robot/robot/install/pidtable/share/ament_index/resource_index/packages
[3.112s] copying resource/pidtable -> /home/reefranger/Desktop/ReefRanger/robot/robot/install/pidtable/share/ament_index/resource_index/packages
[3.112s] copying package.xml -> /home/reefranger/Desktop/ReefRanger/robot/robot/install/pidtable/share/pidtable
[3.112s] running install_egg_info
[3.112s] Copying ../../build/pidtable/pidtable.egg-info to /home/reefranger/Desktop/ReefRanger/robot/robot/install/pidtable/lib/python3.10/site-packages/pidtable-0.0.0-py3.10.egg-info
[3.113s] running install_scripts
[3.114s] /home/reefranger/.local/lib/python3.10/site-packages/setuptools/_distutils/dist.py:261: UserWarning: Unknown distribution option: 'tests_require'
[3.115s]   warnings.warn(msg)
[3.173s] writing list of installed files to '/home/reefranger/Desktop/ReefRanger/robot/robot/build/pidtable/install.log'
[3.200s] Invoked command in '/home/reefranger/Desktop/ReefRanger/robot/robot/src/pidtable' returned '0': PYTHONPATH=/home/reefranger/Desktop/ReefRanger/robot/robot/build/pidtable/prefix_override:/usr/lib/python3/dist-packages/colcon_core/task/python/colcon_distutils_commands:/home/reefranger/Desktop/ReefRanger/robot/robot/install/pidtable/lib/python3.10/site-packages:${PYTHONPATH} /usr/bin/python3 -W ignore:setup.py install is deprecated setup.py egg_info --egg-base ../../build/pidtable build --build-base /home/reefranger/Desktop/ReefRanger/robot/robot/build/pidtable/build install --record /home/reefranger/Desktop/ReefRanger/robot/robot/build/pidtable/install.log --single-version-externally-managed install_data
